
 --- Table  1: Summary of nuclide data: 

 Data for 14 nuclides included in calculation:

 - 14 Transport nuclides
 - No dosimetry nuclides
 - No decay nuclides
 - 392 reaction channels
 - 110 special reactions
 - No transmutation reactions
 - No transmutation branch reactions
 - No decay reactions
 - No decay branch reactions
 - All reaction linked to target

 Columns:

  1. Index
  2. Level (first occurence in transmutation paths)
  3. Name (nuclide identifier data)
  4. Library ID
  5. Primary data type: TRA = transport
                        DOS = dosimetry
                        SAB = thermal scattering
                        DEC = only decay data
                        STR = only structural data (mass)
                        PHO = photon interaction data
  6. Z (atomic number)
  7. A (isotope number)
  8. I (isomeric state)
  9. Atomic weight
 10. Temperature (in Kelvin)
 11. Decay constant (1/s)
 12. Flags: I - nuclide is present in initial composition
            B - nuclide is involved in burnup calculation
            A - nuclide is produced as activation product
            D - nuclide is produced as decay product
            F - nuclide is produced as fission product
            B - nuclide is produced in decay or transmutation branching
            T - nuclide has neutron transport cross section data
            S - nuclide has S(a,b) data
            I - nuclide has isomeric branching reactions
            F - nuclide is fissile
            P - nuclide is a delayed neutron precursor
            D - nuclide has delayed neutron data
            U - nuclide has uses ures ptable data
            T - nuclide cross sections are adjusted by TMS
            D - nuclide has dosimetry cross section data
            R - nuclide has radioactive decay data
            N - nuclide has neutron-induced fission yield data
            S - nuclide has spontaneous fission yield data
            P - nuclide has photon transport cross section data
            T - nuclide has supplementary transmutation cross section data

    1   0  1001.09c      09c  TRA    1   1 0    1.00782   923.0          N/A  I-----T-------------  hydrogen (H-1)
    2   0  1002.09c      09c  TRA    1   2 0    2.01410   923.0          N/A  I-----T-------------  deuterium (H-2)
    3   0  3006.09c      09c  TRA    3   6 0    6.01507   923.0          N/A  I-----T-------------  lithium 6 (Li-6)
    4   0  3007.09c      09c  TRA    3   7 0    7.01600   923.0          N/A  I-----T-------------  lithium 7 (Li-7)
    5   0  6000.09c      09c  TRA    6   0 0   12.00110   923.0          N/A  I-----T-------------  natural carbon (C-nat)
    6   0  9019.09c      09c  TRA    9  19 0   18.99820   923.0          N/A  I-----T-------------  fluorine 19 (F-19)
    7   0  14000.09c     09c  TRA   14   0 0   28.08557   923.0          N/A  I-----T-------------  natural silicon (Si-nat)
    8   0  40090.09c     09c  TRA   40  90 0   89.90473   923.0          N/A  I-----T-------------  zirconium 90 (Zr-90)
    9   0  40091.09c     09c  TRA   40  91 0   90.90563   923.0          N/A  I-----T-------------  zirconium 91 (Zr-91)
   10   0  40092.09c     09c  TRA   40  92 0   91.90501   923.0          N/A  I-----T-------------  zirconium 92 (Zr-92)
   11   0  40094.09c     09c  TRA   40  94 0   93.90631   923.0          N/A  I-----T-------------  zirconium 94 (Zr-94)
   12   0  40096.09c     09c  TRA   40  96 0   95.90830   923.0          N/A  I-----T-------------  zirconium 96 (Zr-96)
   13   0  92235.09c     09c  TRA   92 235 0  235.04395   923.0          N/A  I-----T--F-D--------  uranium 235 (U-235)
   14   0  92238.09c     09c  TRA   92 238 0  238.05078   923.0          N/A  I-----T--F-D--------  uranium 238 (U-238)

 --- Table  2: Reaction and decay data: 

 Nuclide    1 / 14 : 1001.09c -- hydrogen (H-1)

 Pointers                     : 43603 4072430
 Primary type                 : Transport
 Nuclide ZAI                  : 10010
 Library ID                   : 09c
 Cross section data file      : /home/anshchaube/serpent_acelib/xsdata/endfb7/acedata/1001ENDF7.ace
 Atomic weight (AW)           : 1.00782
 Atomic weight ratio (AWR)    : 0.99917
 Temperature                  : 923.0 Kelvin
 XS temperature               : 923.0 Kelvin
 Minimum and maximum energy   : 1.00000E-11 2.00000E+01
 Half-life                    : N/A
 Specific ingestion toxicity  : N/A
 Specific inhalation toxicity : N/A

 - Nuclide is not involved in burnup calculation
 - Nuclide has neutron transport data
 - Nuclide has no photon transport data
 - Nuclide has no S(a,b) data
 - Nuclide has no isomeric branching data
 - Nuclide is not fissile
 - Nuclide is not a delayed neutron precursor
 - Nuclide has no delayed neutron data
 - Nuclide has no ures ptable data
 - Nuclide temperature is not adjusted with TMS
 - Nuclide has no dosimetry data
 - Nuclide has no decay data
 - Nuclide has no supplementary transmutation cross section data
 - Nuclide has no NFY data
 - Nuclide has no SFY data

 - 2 reaction channels
 - 1 special reactions
 - No transmutation reactions
 - No transmutation branch reactions
 - No decay reactions
 - No decay branch reactions
 - No transmutation paths

 2 reactions channel:

   1    MT =      2  Q =  0.00000E+00 MeV  Emin = 1.00000E-11 MeV  frac = 1.00000E+00  : elastic scattering
   2    MT =    102  Q =  2.22463E+00 MeV  Emin = 1.00000E-11 MeV  frac = 1.00000E+00  : (n,gamma)

 1 special reaction:

   1    MT =    204  Q =  0.00000E+00 MeV  Emin = 1.00000E-11 MeV  : total deuteron production

 Nuclide    2 / 14 : 1002.09c -- deuterium (H-2)

 Pointers                     : 43924 4077073
 Primary type                 : Transport
 Nuclide ZAI                  : 10020
 Library ID                   : 09c
 Cross section data file      : /home/anshchaube/serpent_acelib/xsdata/endfb7/acedata/1002ENDF7.ace
 Atomic weight (AW)           : 2.01410
 Atomic weight ratio (AWR)    : 1.99680
 Temperature                  : 923.0 Kelvin
 XS temperature               : 923.0 Kelvin
 Minimum and maximum energy   : 1.00000E-11 1.50000E+02
 Half-life                    : N/A
 Specific ingestion toxicity  : N/A
 Specific inhalation toxicity : N/A

 - Nuclide is not involved in burnup calculation
 - Nuclide has neutron transport data
 - Nuclide has no photon transport data
 - Nuclide has no S(a,b) data
 - Nuclide has no isomeric branching data
 - Nuclide is not fissile
 - Nuclide is not a delayed neutron precursor
 - Nuclide has no delayed neutron data
 - Nuclide has no ures ptable data
 - Nuclide temperature is not adjusted with TMS
 - Nuclide has no dosimetry data
 - Nuclide has no decay data
 - Nuclide has no supplementary transmutation cross section data
 - Nuclide has no NFY data
 - Nuclide has no SFY data

 - 3 reaction channels
 - 2 special reactions
 - No transmutation reactions
 - No transmutation branch reactions
 - No decay reactions
 - No decay branch reactions
 - No transmutation paths

 3 reactions channel:

   1    MT =      2  Q =  0.00000E+00 MeV  Emin = 1.00000E-11 MeV  frac = 1.00000E+00  : elastic scattering
   2    MT =     16  Q = -2.22500E+00 MeV  Emin = 3.33929E+00 MeV  frac = 1.00000E+00  : (n,2n)
   3    MT =    102  Q =  6.25740E+00 MeV  Emin = 1.00000E-11 MeV  frac = 1.00000E+00  : (n,gamma)

 2 special reactions:

   1    MT =    203  Q =  0.00000E+00 MeV  Emin = 3.33929E+00 MeV  : total proton production
   2    MT =    205  Q =  0.00000E+00 MeV  Emin = 1.00000E-11 MeV  : total triton production

 Nuclide    3 / 14 : 3006.09c -- lithium 6 (Li-6)

 Pointers                     : 12452 2185073
 Primary type                 : Transport
 Nuclide ZAI                  : 30060
 Library ID                   : 09c
 Cross section data file      : /home/anshchaube/serpent_acelib/xsdata/endfb7/acedata/3006ENDF7.ace
 Atomic weight (AW)           : 6.01507
 Atomic weight ratio (AWR)    : 5.96340
 Temperature                  : 923.0 Kelvin
 XS temperature               : 923.0 Kelvin
 Minimum and maximum energy   : 1.00000E-11 2.00000E+01
 Half-life                    : N/A
 Specific ingestion toxicity  : N/A
 Specific inhalation toxicity : N/A

 - Nuclide is not involved in burnup calculation
 - Nuclide has neutron transport data
 - Nuclide has no photon transport data
 - Nuclide has no S(a,b) data
 - Nuclide has no isomeric branching data
 - Nuclide is not fissile
 - Nuclide is not a delayed neutron precursor
 - Nuclide has no delayed neutron data
 - Nuclide has no ures ptable data
 - Nuclide temperature is not adjusted with TMS
 - Nuclide has no dosimetry data
 - Nuclide has no decay data
 - Nuclide has no supplementary transmutation cross section data
 - Nuclide has no NFY data
 - Nuclide has no SFY data

 - 36 reaction channels
 - 5 special reactions
 - No transmutation reactions
 - No transmutation branch reactions
 - No decay reactions
 - No decay branch reactions
 - No transmutation paths

 36 reactions channel:

   1    MT =      2  Q =  0.00000E+00 MeV  Emin = 1.00000E-11 MeV  frac = 1.00000E+00  : elastic scattering
   2    MT =     24  Q = -3.69800E+00 MeV  Emin = 4.31812E+00 MeV  frac = 1.00000E+00  : (n,2nalpha)
   3    MT =     51  Q = -1.50000E+00 MeV  Emin = 1.75154E+00 MeV  frac = 1.00000E+00  : inelastic scatt. to 1. excited state
   4    MT =     52  Q = -2.00000E+00 MeV  Emin = 2.33540E+00 MeV  frac = 1.00000E+00  : inelastic scatt. to 2. excited state
   5    MT =     53  Q = -2.18500E+00 MeV  Emin = 2.55140E+00 MeV  frac = 1.00000E+00  : inelastic scatt. to 3. excited state
   6    MT =     54  Q = -2.50000E+00 MeV  Emin = 2.91922E+00 MeV  frac = 1.00000E+00  : inelastic scatt. to 4. excited state
   7    MT =     55  Q = -3.00000E+00 MeV  Emin = 3.50310E+00 MeV  frac = 1.00000E+00  : inelastic scatt. to 5. excited state
   8    MT =     56  Q = -3.50000E+00 MeV  Emin = 4.08692E+00 MeV  frac = 1.00000E+00  : inelastic scatt. to 6. excited state
   9    MT =     57  Q = -3.56200E+00 MeV  Emin = 4.15931E+00 MeV  frac = 1.00000E+00  : inelastic scatt. to 7. excited state
  10    MT =     58  Q = -4.00000E+00 MeV  Emin = 4.67080E+00 MeV  frac = 1.00000E+00  : inelastic scatt. to 8. excited state
  11    MT =     59  Q = -4.50000E+00 MeV  Emin = 5.25460E+00 MeV  frac = 1.00000E+00  : inelastic scatt. to 9. excited state
  12    MT =     60  Q = -5.00000E+00 MeV  Emin = 5.83845E+00 MeV  frac = 1.00000E+00  : inelastic scatt. to 10. excited state
  13    MT =     61  Q = -5.50000E+00 MeV  Emin = 6.42230E+00 MeV  frac = 1.00000E+00  : inelastic scatt. to 11. excited state
  14    MT =     62  Q = -6.00000E+00 MeV  Emin = 7.00614E+00 MeV  frac = 1.00000E+00  : inelastic scatt. to 12. excited state
  15    MT =     63  Q = -6.50000E+00 MeV  Emin = 7.59000E+00 MeV  frac = 1.00000E+00  : inelastic scatt. to 13. excited state
  16    MT =     64  Q = -7.00000E+00 MeV  Emin = 8.17383E+00 MeV  frac = 1.00000E+00  : inelastic scatt. to 14. excited state
  17    MT =     65  Q = -7.50000E+00 MeV  Emin = 8.75770E+00 MeV  frac = 1.00000E+00  : inelastic scatt. to 15. excited state
  18    MT =     66  Q = -8.00000E+00 MeV  Emin = 9.34152E+00 MeV  frac = 1.00000E+00  : inelastic scatt. to 16. excited state
  19    MT =     67  Q = -8.50000E+00 MeV  Emin = 9.92536E+00 MeV  frac = 1.00000E+00  : inelastic scatt. to 17. excited state
  20    MT =     68  Q = -9.00000E+00 MeV  Emin = 1.05092E+01 MeV  frac = 1.00000E+00  : inelastic scatt. to 18. excited state
  21    MT =     69  Q = -9.50000E+00 MeV  Emin = 1.10931E+01 MeV  frac = 1.00000E+00  : inelastic scatt. to 19. excited state
  22    MT =     70  Q = -1.00000E+01 MeV  Emin = 1.16770E+01 MeV  frac = 1.00000E+00  : inelastic scatt. to 20. excited state
  23    MT =     71  Q = -1.05000E+01 MeV  Emin = 1.22610E+01 MeV  frac = 1.00000E+00  : inelastic scatt. to 21. excited state
  24    MT =     72  Q = -1.10000E+01 MeV  Emin = 1.28450E+01 MeV  frac = 1.00000E+00  : inelastic scatt. to 22. excited state
  25    MT =     73  Q = -1.15000E+01 MeV  Emin = 1.34284E+01 MeV  frac = 1.00000E+00  : inelastic scatt. to 23. excited state
  26    MT =     74  Q = -1.20000E+01 MeV  Emin = 1.40123E+01 MeV  frac = 1.00000E+00  : inelastic scatt. to 24. excited state
  27    MT =     75  Q = -1.25000E+01 MeV  Emin = 1.45961E+01 MeV  frac = 1.00000E+00  : inelastic scatt. to 25. excited state
  28    MT =     76  Q = -1.30000E+01 MeV  Emin = 1.51800E+01 MeV  frac = 1.00000E+00  : inelastic scatt. to 26. excited state
  29    MT =     77  Q = -1.35000E+01 MeV  Emin = 1.57640E+01 MeV  frac = 1.00000E+00  : inelastic scatt. to 27. excited state
  30    MT =     78  Q = -1.40000E+01 MeV  Emin = 1.63480E+01 MeV  frac = 1.00000E+00  : inelastic scatt. to 28. excited state
  31    MT =     79  Q = -1.45000E+01 MeV  Emin = 1.69315E+01 MeV  frac = 1.00000E+00  : inelastic scatt. to 29. excited state
  32    MT =     80  Q = -1.50000E+01 MeV  Emin = 1.75154E+01 MeV  frac = 1.00000E+00  : inelastic scatt. to 30. excited state
  33    MT =     81  Q = -1.55000E+01 MeV  Emin = 1.80992E+01 MeV  frac = 1.00000E+00  : inelastic scatt. to 31. excited state
  34    MT =    102  Q =  7.25060E+00 MeV  Emin = 1.00000E-11 MeV  frac = 1.00000E+00  : (n,gamma)
  35    MT =    103  Q = -2.72730E+00 MeV  Emin = 3.18464E+00 MeV  frac = 1.00000E+00  : (n,p)
  36    MT =    105  Q =  4.78380E+00 MeV  Emin = 1.00000E-11 MeV  frac = 1.00000E+00  : (n,t)

 5 special reactions:

   1    MT =    203  Q =  0.00000E+00 MeV  Emin = 3.18460E+00 MeV  : total proton production
   2    MT =    204  Q =  0.00000E+00 MeV  Emin = 1.75154E+00 MeV  : total deuteron production
   3    MT =    205  Q =  0.00000E+00 MeV  Emin = 1.00000E-11 MeV  : total triton production
   4    MT =    207  Q =  0.00000E+00 MeV  Emin = 1.00000E-11 MeV  : total alpha production
   5    MT =      4  Q =  0.00000E+00 MeV  Emin = 1.75154E+00 MeV  : total inelastic scattering

 Nuclide    4 / 14 : 3007.09c -- lithium 7 (Li-7)

 Pointers                     : 15514 2215831
 Primary type                 : Transport
 Nuclide ZAI                  : 30070
 Library ID                   : 09c
 Cross section data file      : /home/anshchaube/serpent_acelib/xsdata/endfb7/acedata/3007ENDF7.ace
 Atomic weight (AW)           : 7.01600
 Atomic weight ratio (AWR)    : 6.95573
 Temperature                  : 923.0 Kelvin
 XS temperature               : 923.0 Kelvin
 Minimum and maximum energy   : 1.00000E-11 2.00000E+01
 Half-life                    : N/A
 Specific ingestion toxicity  : N/A
 Specific inhalation toxicity : N/A

 - Nuclide is not involved in burnup calculation
 - Nuclide has neutron transport data
 - Nuclide has no photon transport data
 - Nuclide has no S(a,b) data
 - Nuclide has no isomeric branching data
 - Nuclide is not fissile
 - Nuclide is not a delayed neutron precursor
 - Nuclide has no delayed neutron data
 - Nuclide has no ures ptable data
 - Nuclide temperature is not adjusted with TMS
 - Nuclide has no dosimetry data
 - Nuclide has no decay data
 - Nuclide has no supplementary transmutation cross section data
 - Nuclide has no NFY data
 - Nuclide has no SFY data

 - 38 reaction channels
 - 5 special reactions
 - No transmutation reactions
 - No transmutation branch reactions
 - No decay reactions
 - No decay branch reactions
 - No transmutation paths

 38 reactions channel:

   1    MT =      2  Q =  0.00000E+00 MeV  Emin = 1.00000E-11 MeV  frac = 1.00000E+00  : elastic scattering
   2    MT =     16  Q = -7.25050E+00 MeV  Emin = 8.29288E+00 MeV  frac = 1.00000E+00  : (n,2n)
   3    MT =     24  Q = -8.72400E+00 MeV  Emin = 9.97823E+00 MeV  frac = 1.00000E+00  : (n,2nalpha)
   4    MT =     25  Q = -1.09486E+01 MeV  Emin = 1.25227E+01 MeV  frac = 1.00000E+00  : (n,3nalpha)
   5    MT =     51  Q = -4.77610E-01 MeV  Emin = 5.46277E-01 MeV  frac = 1.00000E+00  : inelastic scatt. to 1. excited state
   6    MT =     52  Q = -2.75000E+00 MeV  Emin = 3.14540E+00 MeV  frac = 1.00000E+00  : inelastic scatt. to 2. excited state
   7    MT =     53  Q = -3.25000E+00 MeV  Emin = 3.71724E+00 MeV  frac = 1.00000E+00  : inelastic scatt. to 3. excited state
   8    MT =     54  Q = -3.75000E+00 MeV  Emin = 4.28913E+00 MeV  frac = 1.00000E+00  : inelastic scatt. to 4. excited state
   9    MT =     55  Q = -4.25000E+00 MeV  Emin = 4.86101E+00 MeV  frac = 1.00000E+00  : inelastic scatt. to 5. excited state
  10    MT =     56  Q = -4.63000E+00 MeV  Emin = 5.29564E+00 MeV  frac = 1.00000E+00  : inelastic scatt. to 6. excited state
  11    MT =     57  Q = -4.75000E+00 MeV  Emin = 5.43290E+00 MeV  frac = 1.00000E+00  : inelastic scatt. to 7. excited state
  12    MT =     58  Q = -5.25000E+00 MeV  Emin = 6.00480E+00 MeV  frac = 1.00000E+00  : inelastic scatt. to 8. excited state
  13    MT =     59  Q = -5.75000E+00 MeV  Emin = 6.57670E+00 MeV  frac = 1.00000E+00  : inelastic scatt. to 9. excited state
  14    MT =     60  Q = -6.25000E+00 MeV  Emin = 7.14854E+00 MeV  frac = 1.00000E+00  : inelastic scatt. to 10. excited state
  15    MT =     61  Q = -6.75000E+00 MeV  Emin = 7.72042E+00 MeV  frac = 1.00000E+00  : inelastic scatt. to 11. excited state
  16    MT =     62  Q = -7.25000E+00 MeV  Emin = 8.29231E+00 MeV  frac = 1.00000E+00  : inelastic scatt. to 12. excited state
  17    MT =     63  Q = -7.75000E+00 MeV  Emin = 8.86420E+00 MeV  frac = 1.00000E+00  : inelastic scatt. to 13. excited state
  18    MT =     64  Q = -8.25000E+00 MeV  Emin = 9.43610E+00 MeV  frac = 1.00000E+00  : inelastic scatt. to 14. excited state
  19    MT =     65  Q = -8.75000E+00 MeV  Emin = 1.00080E+01 MeV  frac = 1.00000E+00  : inelastic scatt. to 15. excited state
  20    MT =     66  Q = -9.25000E+00 MeV  Emin = 1.05800E+01 MeV  frac = 1.00000E+00  : inelastic scatt. to 16. excited state
  21    MT =     67  Q = -9.75000E+00 MeV  Emin = 1.11520E+01 MeV  frac = 1.00000E+00  : inelastic scatt. to 17. excited state
  22    MT =     68  Q = -1.02500E+01 MeV  Emin = 1.17240E+01 MeV  frac = 1.00000E+00  : inelastic scatt. to 18. excited state
  23    MT =     69  Q = -1.07500E+01 MeV  Emin = 1.22955E+01 MeV  frac = 1.00000E+00  : inelastic scatt. to 19. excited state
  24    MT =     70  Q = -1.12500E+01 MeV  Emin = 1.28674E+01 MeV  frac = 1.00000E+00  : inelastic scatt. to 20. excited state
  25    MT =     71  Q = -1.17500E+01 MeV  Emin = 1.34393E+01 MeV  frac = 1.00000E+00  : inelastic scatt. to 21. excited state
  26    MT =     72  Q = -1.22500E+01 MeV  Emin = 1.40112E+01 MeV  frac = 1.00000E+00  : inelastic scatt. to 22. excited state
  27    MT =     73  Q = -1.27500E+01 MeV  Emin = 1.45830E+01 MeV  frac = 1.00000E+00  : inelastic scatt. to 23. excited state
  28    MT =     74  Q = -1.32500E+01 MeV  Emin = 1.51550E+01 MeV  frac = 1.00000E+00  : inelastic scatt. to 24. excited state
  29    MT =     75  Q = -1.37500E+01 MeV  Emin = 1.57270E+01 MeV  frac = 1.00000E+00  : inelastic scatt. to 25. excited state
  30    MT =     76  Q = -1.42500E+01 MeV  Emin = 1.62990E+01 MeV  frac = 1.00000E+00  : inelastic scatt. to 26. excited state
  31    MT =     77  Q = -1.47500E+01 MeV  Emin = 1.68710E+01 MeV  frac = 1.00000E+00  : inelastic scatt. to 27. excited state
  32    MT =     78  Q = -1.52500E+01 MeV  Emin = 1.74425E+01 MeV  frac = 1.00000E+00  : inelastic scatt. to 28. excited state
  33    MT =     79  Q = -1.57500E+01 MeV  Emin = 1.80143E+01 MeV  frac = 1.00000E+00  : inelastic scatt. to 29. excited state
  34    MT =     80  Q = -1.62500E+01 MeV  Emin = 1.85862E+01 MeV  frac = 1.00000E+00  : inelastic scatt. to 30. excited state
  35    MT =     81  Q = -1.67500E+01 MeV  Emin = 1.91581E+01 MeV  frac = 1.00000E+00  : inelastic scatt. to 31. excited state
  36    MT =     82  Q = -1.72500E+01 MeV  Emin = 1.97300E+01 MeV  frac = 1.00000E+00  : inelastic scatt. to 32. excited state
  37    MT =    102  Q =  2.03280E+00 MeV  Emin = 1.00000E-11 MeV  frac = 1.00000E+00  : (n,gamma)
  38    MT =    104  Q = -7.75320E+00 MeV  Emin = 8.86786E+00 MeV  frac = 1.00000E+00  : (n,d)

 5 special reactions:

   1    MT =    203  Q =  0.00000E+00 MeV  Emin = 1.25227E+01 MeV  : total proton production
   2    MT =    204  Q =  0.00000E+00 MeV  Emin = 8.86786E+00 MeV  : total deuteron production
   3    MT =    205  Q =  0.00000E+00 MeV  Emin = 3.14540E+00 MeV  : total triton production
   4    MT =    207  Q =  0.00000E+00 MeV  Emin = 3.14540E+00 MeV  : total alpha production
   5    MT =      4  Q =  0.00000E+00 MeV  Emin = 5.46277E-01 MeV  : total inelastic scattering

 Nuclide    5 / 14 : 6000.09c -- natural carbon (C-nat)

 Pointers                     : 48238 4169885
 Primary type                 : Transport
 Nuclide ZAI                  : 60000
 Library ID                   : 09c
 Cross section data file      : /home/anshchaube/serpent_acelib/xsdata/endfb7/acedata/6000ENDF7.ace
 Atomic weight (AW)           : 12.00110
 Atomic weight ratio (AWR)    : 11.89800
 Temperature                  : 923.0 Kelvin
 XS temperature               : 923.0 Kelvin
 Minimum and maximum energy   : 1.00000E-11 1.50000E+02
 Half-life                    : N/A
 Specific ingestion toxicity  : N/A
 Specific inhalation toxicity : N/A

 - Nuclide is not involved in burnup calculation
 - Nuclide has neutron transport data
 - Nuclide has no photon transport data
 - Nuclide has no S(a,b) data
 - Nuclide has no isomeric branching data
 - Nuclide is not fissile
 - Nuclide is not a delayed neutron precursor
 - Nuclide has no delayed neutron data
 - Nuclide has no ures ptable data
 - Nuclide temperature is not adjusted with TMS
 - Nuclide has no dosimetry data
 - Nuclide has no decay data
 - Nuclide has no supplementary transmutation cross section data
 - Nuclide has no NFY data
 - Nuclide has no SFY data

 - 20 reaction channels
 - 4 special reactions
 - No transmutation reactions
 - No transmutation branch reactions
 - No decay reactions
 - No decay branch reactions
 - No transmutation paths

 20 reactions channel:

   1    MT =      2  Q =  0.00000E+00 MeV  Emin = 1.00000E-11 MeV  frac = 1.00000E+00  : elastic scattering
   2    MT =      5  Q =  0.00000E+00 MeV  Emin = 2.00000E+01 MeV  frac = 1.00000E+00  : anything
   3    MT =     28  Q = -1.59570E+01 MeV  Emin = 1.72982E+01 MeV  frac = 1.00000E+00  : (n,np)
   4    MT =     51  Q = -4.43900E+00 MeV  Emin = 4.81209E+00 MeV  frac = 1.00000E+00  : inelastic scatt. to 1. excited state
   5    MT =     52  Q = -7.65300E+00 MeV  Emin = 8.29622E+00 MeV  frac = 1.00000E+00  : inelastic scatt. to 2. excited state
   6    MT =     53  Q = -9.63800E+00 MeV  Emin = 1.04481E+01 MeV  frac = 1.00000E+00  : inelastic scatt. to 3. excited state
   7    MT =     54  Q = -1.08000E+01 MeV  Emin = 1.17080E+01 MeV  frac = 1.00000E+00  : inelastic scatt. to 4. excited state
   8    MT =     55  Q = -1.18000E+01 MeV  Emin = 1.27920E+01 MeV  frac = 1.00000E+00  : inelastic scatt. to 5. excited state
   9    MT =     56  Q = -1.27000E+01 MeV  Emin = 1.37674E+01 MeV  frac = 1.00000E+00  : inelastic scatt. to 6. excited state
  10    MT =     57  Q = -1.33500E+01 MeV  Emin = 1.45000E+01 MeV  frac = 1.00000E+00  : inelastic scatt. to 7. excited state
  11    MT =     58  Q = -1.40800E+01 MeV  Emin = 1.52634E+01 MeV  frac = 1.00000E+00  : inelastic scatt. to 8. excited state
  12    MT =     59  Q = -1.50800E+01 MeV  Emin = 1.63474E+01 MeV  frac = 1.00000E+00  : inelastic scatt. to 9. excited state
  13    MT =     60  Q = -1.60800E+01 MeV  Emin = 1.74315E+01 MeV  frac = 1.00000E+00  : inelastic scatt. to 10. excited state
  14    MT =     61  Q = -1.70800E+01 MeV  Emin = 1.85160E+01 MeV  frac = 1.00000E+00  : inelastic scatt. to 11. excited state
  15    MT =     62  Q = -1.80800E+01 MeV  Emin = 1.96000E+01 MeV  frac = 1.00000E+00  : inelastic scatt. to 12. excited state
  16    MT =     91  Q = -7.27500E+00 MeV  Emin = 7.88645E+00 MeV  frac = 1.00000E+00  : inelastic scattering to continuum
  17    MT =    102  Q =  4.94700E+00 MeV  Emin = 1.00000E-11 MeV  frac = 1.00000E+00  : (n,gamma)
  18    MT =    103  Q = -1.25880E+01 MeV  Emin = 1.44720E+01 MeV  frac = 1.00000E+00  : (n,p)
  19    MT =    104  Q = -1.37330E+01 MeV  Emin = 1.52630E+01 MeV  frac = 1.00000E+00  : (n,d)
  20    MT =    107  Q = -5.70200E+00 MeV  Emin = 6.18124E+00 MeV  frac = 1.00000E+00  : (n,alpha)

 4 special reactions:

   1    MT =    203  Q =  0.00000E+00 MeV  Emin = 1.44190E+01 MeV  : total proton production
   2    MT =    204  Q =  0.00000E+00 MeV  Emin = 1.52630E+01 MeV  : total deuteron production
   3    MT =    207  Q =  0.00000E+00 MeV  Emin = 6.18124E+00 MeV  : total alpha production
   4    MT =      4  Q =  0.00000E+00 MeV  Emin = 4.81209E+00 MeV  : total inelastic scattering

 Nuclide    6 / 14 : 9019.09c -- fluorine 19 (F-19)

 Pointers                     : 18715 2232291
 Primary type                 : Transport
 Nuclide ZAI                  : 90190
 Library ID                   : 09c
 Cross section data file      : /home/anshchaube/serpent_acelib/xsdata/endfb7/acedata/9019ENDF7.ace
 Atomic weight (AW)           : 18.99820
 Atomic weight ratio (AWR)    : 18.83500
 Temperature                  : 923.0 Kelvin
 XS temperature               : 923.0 Kelvin
 Minimum and maximum energy   : 1.00000E-11 2.00000E+01
 Half-life                    : N/A
 Specific ingestion toxicity  : N/A
 Specific inhalation toxicity : N/A

 - Nuclide is not involved in burnup calculation
 - Nuclide has neutron transport data
 - Nuclide has no photon transport data
 - Nuclide has no S(a,b) data
 - Nuclide has no isomeric branching data
 - Nuclide is not fissile
 - Nuclide is not a delayed neutron precursor
 - Nuclide has no delayed neutron data
 - Nuclide has no ures ptable data
 - Nuclide temperature is not adjusted with TMS
 - Nuclide has no dosimetry data
 - Nuclide has no decay data
 - Nuclide has no supplementary transmutation cross section data
 - Nuclide has no NFY data
 - Nuclide has no SFY data

 - 31 reaction channels
 - 5 special reactions
 - No transmutation reactions
 - No transmutation branch reactions
 - No decay reactions
 - No decay branch reactions
 - No transmutation paths

 31 reactions channel:

   1    MT =      2  Q =  0.00000E+00 MeV  Emin = 1.00000E-11 MeV  frac = 1.00000E+00  : elastic scattering
   2    MT =     16  Q = -1.04310E+01 MeV  Emin = 1.10000E+01 MeV  frac = 1.00000E+00  : (n,2n)
   3    MT =     22  Q = -4.01290E+00 MeV  Emin = 4.22600E+00 MeV  frac = 1.00000E+00  : (n,nalpha)
   4    MT =     28  Q = -7.99300E+00 MeV  Emin = 8.41740E+00 MeV  frac = 1.00000E+00  : (n,np)
   5    MT =     51  Q = -1.09900E-01 MeV  Emin = 1.15840E-01 MeV  frac = 1.00000E+00  : inelastic scatt. to 1. excited state
   6    MT =     52  Q = -1.97000E-01 MeV  Emin = 2.07460E-01 MeV  frac = 1.00000E+00  : inelastic scatt. to 2. excited state
   7    MT =     53  Q = -1.34600E+00 MeV  Emin = 1.41750E+00 MeV  frac = 1.00000E+00  : inelastic scatt. to 3. excited state
   8    MT =     54  Q = -1.45900E+00 MeV  Emin = 1.53650E+00 MeV  frac = 1.00000E+00  : inelastic scatt. to 4. excited state
   9    MT =     55  Q = -1.55400E+00 MeV  Emin = 1.63651E+00 MeV  frac = 1.00000E+00  : inelastic scatt. to 5. excited state
  10    MT =     56  Q = -2.78000E+00 MeV  Emin = 2.92760E+00 MeV  frac = 1.00000E+00  : inelastic scatt. to 6. excited state
  11    MT =     57  Q = -3.90700E+00 MeV  Emin = 4.11443E+00 MeV  frac = 1.00000E+00  : inelastic scatt. to 7. excited state
  12    MT =     58  Q = -3.99900E+00 MeV  Emin = 4.21132E+00 MeV  frac = 1.00000E+00  : inelastic scatt. to 8. excited state
  13    MT =     59  Q = -4.03200E+00 MeV  Emin = 4.24610E+00 MeV  frac = 1.00000E+00  : inelastic scatt. to 9. excited state
  14    MT =     60  Q = -4.37800E+00 MeV  Emin = 4.61044E+00 MeV  frac = 1.00000E+00  : inelastic scatt. to 10. excited state
  15    MT =     61  Q = -4.54900E+00 MeV  Emin = 4.79052E+00 MeV  frac = 1.00000E+00  : inelastic scatt. to 11. excited state
  16    MT =     62  Q = -4.55800E+00 MeV  Emin = 4.80000E+00 MeV  frac = 1.00000E+00  : inelastic scatt. to 12. excited state
  17    MT =     63  Q = -4.64800E+00 MeV  Emin = 4.89480E+00 MeV  frac = 1.00000E+00  : inelastic scatt. to 13. excited state
  18    MT =     64  Q = -4.68300E+00 MeV  Emin = 4.93163E+00 MeV  frac = 1.00000E+00  : inelastic scatt. to 14. excited state
  19    MT =     65  Q = -5.10600E+00 MeV  Emin = 5.37710E+00 MeV  frac = 1.00000E+00  : inelastic scatt. to 15. excited state
  20    MT =     66  Q = -5.36600E+00 MeV  Emin = 5.65090E+00 MeV  frac = 1.00000E+00  : inelastic scatt. to 16. excited state
  21    MT =     67  Q = -5.43000E+00 MeV  Emin = 5.71830E+00 MeV  frac = 1.00000E+00  : inelastic scatt. to 17. excited state
  22    MT =     68  Q = -5.46400E+00 MeV  Emin = 5.75410E+00 MeV  frac = 1.00000E+00  : inelastic scatt. to 18. excited state
  23    MT =     69  Q = -5.49900E+00 MeV  Emin = 5.79100E+00 MeV  frac = 1.00000E+00  : inelastic scatt. to 19. excited state
  24    MT =     70  Q = -5.54000E+00 MeV  Emin = 5.83413E+00 MeV  frac = 1.00000E+00  : inelastic scatt. to 20. excited state
  25    MT =     71  Q = -5.62100E+00 MeV  Emin = 5.91944E+00 MeV  frac = 1.00000E+00  : inelastic scatt. to 21. excited state
  26    MT =     91  Q = -5.64000E+00 MeV  Emin = 5.93944E+00 MeV  frac = 1.00000E+00  : inelastic scattering to continuum
  27    MT =    102  Q =  6.60130E+00 MeV  Emin = 1.00000E-11 MeV  frac = 1.00000E+00  : (n,gamma)
  28    MT =    103  Q = -4.03600E+00 MeV  Emin = 4.25030E+00 MeV  frac = 1.00000E+00  : (n,p)
  29    MT =    104  Q = -5.76800E+00 MeV  Emin = 7.00000E+00 MeV  frac = 1.00000E+00  : (n,d)
  30    MT =    105  Q = -7.55700E+00 MeV  Emin = 9.50000E+00 MeV  frac = 1.00000E+00  : (n,t)
  31    MT =    107  Q = -1.52300E+00 MeV  Emin = 1.60390E+00 MeV  frac = 1.00000E+00  : (n,alpha)

 5 special reactions:

   1    MT =    203  Q =  0.00000E+00 MeV  Emin = 4.25030E+00 MeV  : total proton production
   2    MT =    204  Q =  0.00000E+00 MeV  Emin = 6.99870E+00 MeV  : total deuteron production
   3    MT =    205  Q =  0.00000E+00 MeV  Emin = 9.50000E+00 MeV  : total triton production
   4    MT =    207  Q =  0.00000E+00 MeV  Emin = 1.60390E+00 MeV  : total alpha production
   5    MT =      4  Q =  0.00000E+00 MeV  Emin = 1.15840E-01 MeV  : total inelastic scattering

 Nuclide    7 / 14 : 14000.09c -- natural silicon (Si-nat)

 Pointers                     : 44389 4084880
 Primary type                 : Transport
 Nuclide ZAI                  : 140000
 Library ID                   : 09c
 Cross section data file      : /home/anshchaube/serpent_acelib/xsdata/endfb7/acedata/14000JNDL32.ace
 Atomic weight (AW)           : 28.08557
 Atomic weight ratio (AWR)    : 27.84430
 Temperature                  : 923.0 Kelvin
 XS temperature               : 923.0 Kelvin
 Minimum and maximum energy   : 1.00000E-11 2.00000E+01
 Half-life                    : N/A
 Specific ingestion toxicity  : N/A
 Specific inhalation toxicity : N/A

 - Nuclide is not involved in burnup calculation
 - Nuclide has neutron transport data
 - Nuclide has no photon transport data
 - Nuclide has no S(a,b) data
 - Nuclide has no isomeric branching data
 - Nuclide is not fissile
 - Nuclide is not a delayed neutron precursor
 - Nuclide has no delayed neutron data
 - Nuclide has no ures ptable data
 - Nuclide temperature is not adjusted with TMS
 - Nuclide has no dosimetry data
 - Nuclide has no decay data
 - Nuclide has no supplementary transmutation cross section data
 - Nuclide has no NFY data
 - Nuclide has no SFY data

 - 49 reaction channels
 - 3 special reactions
 - No transmutation reactions
 - No transmutation branch reactions
 - No decay reactions
 - No decay branch reactions
 - No transmutation paths

 49 reactions channel:

   1    MT =      2  Q =  0.00000E+00 MeV  Emin = 1.00000E-11 MeV  frac = 1.00000E+00  : elastic scattering
   2    MT =     16  Q = -8.47388E+00 MeV  Emin = 9.00000E+00 MeV  frac = 1.00000E+00  : (n,2n)
   3    MT =     22  Q = -9.98605E+00 MeV  Emin = 1.03447E+01 MeV  frac = 1.00000E+00  : (n,nalpha)
   4    MT =     28  Q = -1.15869E+01 MeV  Emin = 1.20030E+01 MeV  frac = 1.00000E+00  : (n,np)
   5    MT =     51  Q = -1.27300E+00 MeV  Emin = 1.31872E+00 MeV  frac = 1.00000E+00  : inelastic scatt. to 1. excited state
   6    MT =     52  Q = -1.77908E+00 MeV  Emin = 1.84298E+00 MeV  frac = 1.00000E+00  : inelastic scatt. to 2. excited state
   7    MT =     53  Q = -2.23500E+00 MeV  Emin = 2.31527E+00 MeV  frac = 1.00000E+00  : inelastic scatt. to 3. excited state
   8    MT =     54  Q = -2.42500E+00 MeV  Emin = 2.51209E+00 MeV  frac = 1.00000E+00  : inelastic scatt. to 4. excited state
   9    MT =     55  Q = -3.62399E+00 MeV  Emin = 3.75415E+00 MeV  frac = 1.00000E+00  : inelastic scatt. to 5. excited state
  10    MT =     56  Q = -3.76959E+00 MeV  Emin = 3.90498E+00 MeV  frac = 1.00000E+00  : inelastic scatt. to 6. excited state
  11    MT =     57  Q = -4.61837E+00 MeV  Emin = 4.78425E+00 MeV  frac = 1.00000E+00  : inelastic scatt. to 7. excited state
  12    MT =     58  Q = -4.74099E+00 MeV  Emin = 4.91127E+00 MeV  frac = 1.00000E+00  : inelastic scatt. to 8. excited state
  13    MT =     59  Q = -4.80899E+00 MeV  Emin = 4.98171E+00 MeV  frac = 1.00000E+00  : inelastic scatt. to 9. excited state
  14    MT =     60  Q = -4.89499E+00 MeV  Emin = 5.07080E+00 MeV  frac = 1.00000E+00  : inelastic scatt. to 10. excited state
  15    MT =     61  Q = -4.97976E+00 MeV  Emin = 5.15861E+00 MeV  frac = 1.00000E+00  : inelastic scatt. to 11. excited state
  16    MT =     62  Q = -5.22999E+00 MeV  Emin = 5.41783E+00 MeV  frac = 1.00000E+00  : inelastic scatt. to 12. excited state
  17    MT =     63  Q = -5.25499E+00 MeV  Emin = 5.44373E+00 MeV  frac = 1.00000E+00  : inelastic scatt. to 13. excited state
  18    MT =     64  Q = -5.37199E+00 MeV  Emin = 5.56493E+00 MeV  frac = 1.00000E+00  : inelastic scatt. to 14. excited state
  19    MT =     65  Q = -5.61299E+00 MeV  Emin = 5.81459E+00 MeV  frac = 1.00000E+00  : inelastic scatt. to 15. excited state
  20    MT =     66  Q = -5.65199E+00 MeV  Emin = 5.85499E+00 MeV  frac = 1.00000E+00  : inelastic scatt. to 16. excited state
  21    MT =     67  Q = -5.94899E+00 MeV  Emin = 6.16265E+00 MeV  frac = 1.00000E+00  : inelastic scatt. to 17. excited state
  22    MT =     68  Q = -6.19199E+00 MeV  Emin = 6.41438E+00 MeV  frac = 1.00000E+00  : inelastic scatt. to 18. excited state
  23    MT =     69  Q = -6.27733E+00 MeV  Emin = 6.50279E+00 MeV  frac = 1.00000E+00  : inelastic scatt. to 19. excited state
  24    MT =     70  Q = -6.42299E+00 MeV  Emin = 6.65368E+00 MeV  frac = 1.00000E+00  : inelastic scatt. to 20. excited state
  25    MT =     71  Q = -6.50299E+00 MeV  Emin = 6.73655E+00 MeV  frac = 1.00000E+00  : inelastic scatt. to 21. excited state
  26    MT =     72  Q = -6.52199E+00 MeV  Emin = 6.75623E+00 MeV  frac = 1.00000E+00  : inelastic scatt. to 22. excited state
  27    MT =     73  Q = -6.63399E+00 MeV  Emin = 6.87225E+00 MeV  frac = 1.00000E+00  : inelastic scatt. to 23. excited state
  28    MT =     74  Q = -6.69229E+00 MeV  Emin = 6.93265E+00 MeV  frac = 1.00000E+00  : inelastic scatt. to 24. excited state
  29    MT =     75  Q = -6.69699E+00 MeV  Emin = 6.93752E+00 MeV  frac = 1.00000E+00  : inelastic scatt. to 25. excited state
  30    MT =     76  Q = -6.71499E+00 MeV  Emin = 6.95616E+00 MeV  frac = 1.00000E+00  : inelastic scatt. to 26. excited state
  31    MT =     77  Q = -6.74469E+00 MeV  Emin = 6.98693E+00 MeV  frac = 1.00000E+00  : inelastic scatt. to 27. excited state
  32    MT =     78  Q = -6.87931E+00 MeV  Emin = 7.12639E+00 MeV  frac = 1.00000E+00  : inelastic scatt. to 28. excited state
  33    MT =     79  Q = -6.88972E+00 MeV  Emin = 7.13717E+00 MeV  frac = 1.00000E+00  : inelastic scatt. to 29. excited state
  34    MT =     80  Q = -6.90699E+00 MeV  Emin = 7.15506E+00 MeV  frac = 1.00000E+00  : inelastic scatt. to 30. excited state
  35    MT =     81  Q = -6.91399E+00 MeV  Emin = 7.16231E+00 MeV  frac = 1.00000E+00  : inelastic scatt. to 31. excited state
  36    MT =     82  Q = -7.38168E+00 MeV  Emin = 7.64680E+00 MeV  frac = 1.00000E+00  : inelastic scatt. to 32. excited state
  37    MT =     83  Q = -7.41829E+00 MeV  Emin = 7.68472E+00 MeV  frac = 1.00000E+00  : inelastic scatt. to 33. excited state
  38    MT =     84  Q = -7.79984E+00 MeV  Emin = 8.07997E+00 MeV  frac = 1.00000E+00  : inelastic scatt. to 34. excited state
  39    MT =     85  Q = -7.93446E+00 MeV  Emin = 8.21943E+00 MeV  frac = 1.00000E+00  : inelastic scatt. to 35. excited state
  40    MT =     86  Q = -8.26011E+00 MeV  Emin = 8.55677E+00 MeV  frac = 1.00000E+00  : inelastic scatt. to 36. excited state
  41    MT =     87  Q = -8.32911E+00 MeV  Emin = 8.62825E+00 MeV  frac = 1.00000E+00  : inelastic scatt. to 37. excited state
  42    MT =     88  Q = -8.41442E+00 MeV  Emin = 8.71663E+00 MeV  frac = 1.00000E+00  : inelastic scatt. to 38. excited state
  43    MT =     89  Q = -8.54413E+00 MeV  Emin = 8.85100E+00 MeV  frac = 1.00000E+00  : inelastic scatt. to 39. excited state
  44    MT =     90  Q = -8.59014E+00 MeV  Emin = 8.89866E+00 MeV  frac = 1.00000E+00  : inelastic scatt. to 40. excited state
  45    MT =     91  Q = -6.99899E+00 MeV  Emin = 7.25036E+00 MeV  frac = 1.00000E+00  : inelastic scattering to continuum
  46    MT =    102  Q =  8.51547E+00 MeV  Emin = 1.00000E-11 MeV  frac = 1.00000E+00  : (n,gamma)
  47    MT =    103  Q = -2.89783E+00 MeV  Emin = 3.10000E+00 MeV  frac = 1.00000E+00  : (n,p)
  48    MT =    107  Q = -3.31499E-02 MeV  Emin = 4.00000E-02 MeV  frac = 1.00000E+00  : (n,alpha)
  49    MT =    111  Q = -1.33831E+01 MeV  Emin = 1.40000E+01 MeV  frac = 1.00000E+00  : (n,2p)

 3 special reactions:

   1    MT =    203  Q =  0.00000E+00 MeV  Emin = 3.10000E+00 MeV  : total proton production
   2    MT =    207  Q =  0.00000E+00 MeV  Emin = 4.00000E-02 MeV  : total alpha production
   3    MT =      4  Q =  0.00000E+00 MeV  Emin = 1.31872E+00 MeV  : total inelastic scattering

 Nuclide    8 / 14 : 40090.09c -- zirconium 90 (Zr-90)

 Pointers                     : 28534 3353041
 Primary type                 : Transport
 Nuclide ZAI                  : 400900
 Library ID                   : 09c
 Cross section data file      : /home/anshchaube/serpent_acelib/xsdata/endfb7/acedata/40090ENDF7.ace
 Atomic weight (AW)           : 89.90473
 Atomic weight ratio (AWR)    : 89.13240
 Temperature                  : 923.0 Kelvin
 XS temperature               : 923.0 Kelvin
 Minimum and maximum energy   : 1.00000E-11 2.00000E+01
 Half-life                    : N/A
 Specific ingestion toxicity  : N/A
 Specific inhalation toxicity : N/A

 - Nuclide is not involved in burnup calculation
 - Nuclide has neutron transport data
 - Nuclide has no photon transport data
 - Nuclide has no S(a,b) data
 - Nuclide has no isomeric branching data
 - Nuclide is not fissile
 - Nuclide is not a delayed neutron precursor
 - Nuclide has no delayed neutron data
 - Nuclide has ures ptable data but it is not used
 - Nuclide temperature is not adjusted with TMS
 - Nuclide has no dosimetry data
 - Nuclide has no decay data
 - Nuclide has no supplementary transmutation cross section data
 - Nuclide has no NFY data
 - Nuclide has no SFY data

 - 18 reaction channels
 - 62 special reactions
 - No transmutation reactions
 - No transmutation branch reactions
 - No decay reactions
 - No decay branch reactions
 - No transmutation paths

 18 reactions channel:

   1    MT =      2  Q =  0.00000E+00 MeV  Emin = 1.00000E-11 MeV  frac = 1.00000E+00  : elastic scattering
   2    MT =     16  Q = -1.19700E+01 MeV  Emin = 1.21043E+01 MeV  frac = 1.00000E+00  : (n,2n)
   3    MT =     22  Q = -6.67100E+00 MeV  Emin = 1.00000E+01 MeV  frac = 1.00000E+00  : (n,nalpha)
   4    MT =     28  Q = -8.35500E+00 MeV  Emin = 8.44874E+00 MeV  frac = 1.00000E+00  : (n,np)
   5    MT =     51  Q = -1.76071E+00 MeV  Emin = 1.78046E+00 MeV  frac = 1.00000E+00  : inelastic scatt. to 1. excited state
   6    MT =     52  Q = -2.18627E+00 MeV  Emin = 2.21080E+00 MeV  frac = 1.00000E+00  : inelastic scatt. to 2. excited state
   7    MT =     53  Q = -2.31900E+00 MeV  Emin = 2.34502E+00 MeV  frac = 1.00000E+00  : inelastic scatt. to 3. excited state
   8    MT =     54  Q = -2.73930E+00 MeV  Emin = 2.77003E+00 MeV  frac = 1.00000E+00  : inelastic scatt. to 4. excited state
   9    MT =     55  Q = -2.74788E+00 MeV  Emin = 2.77871E+00 MeV  frac = 1.00000E+00  : inelastic scatt. to 5. excited state
  10    MT =     56  Q = -3.07693E+00 MeV  Emin = 3.11145E+00 MeV  frac = 1.00000E+00  : inelastic scatt. to 6. excited state
  11    MT =     57  Q = -3.30880E+00 MeV  Emin = 3.34592E+00 MeV  frac = 1.00000E+00  : inelastic scatt. to 7. excited state
  12    MT =     58  Q = -3.44823E+00 MeV  Emin = 3.48692E+00 MeV  frac = 1.00000E+00  : inelastic scatt. to 8. excited state
  13    MT =     59  Q = -3.55700E+00 MeV  Emin = 3.59691E+00 MeV  frac = 1.00000E+00  : inelastic scatt. to 9. excited state
  14    MT =     60  Q = -3.58942E+00 MeV  Emin = 3.62969E+00 MeV  frac = 1.00000E+00  : inelastic scatt. to 10. excited state
  15    MT =     91  Q = -1.27272E+00 MeV  Emin = 1.28700E+00 MeV  frac = 1.00000E+00  : inelastic scattering to continuum
  16    MT =    102  Q =  7.19400E+00 MeV  Emin = 1.00000E-11 MeV  frac = 1.00000E+00  : (n,gamma)
  17    MT =    103  Q =  0.00000E+00 MeV  Emin = 2.75000E+00 MeV  frac = 1.00000E+00  : (n,p)
  18    MT =    107  Q =  0.00000E+00 MeV  Emin = 2.00000E+00 MeV  frac = 1.00000E+00  : (n,alpha)

 62 special reactions:

   1    MT =    203  Q =  0.00000E+00 MeV  Emin = 2.73999E+00 MeV  : total proton production
   2    MT =    207  Q =  0.00000E+00 MeV  Emin = 2.00000E+00 MeV  : total alpha production
   3    MT =    600  Q = -1.49800E+00 MeV  Emin = 2.75000E+00 MeV  : (n,p) to ground state
   4    MT =    601  Q = -1.70050E+00 MeV  Emin = 3.00000E+00 MeV  : (n,p1)
   5    MT =    602  Q = -2.17967E+00 MeV  Emin = 3.60000E+00 MeV  : (n,p2)
   6    MT =    603  Q = -2.27460E+00 MeV  Emin = 3.60000E+00 MeV  : (n,p3)
   7    MT =    604  Q = -2.45152E+00 MeV  Emin = 3.80000E+00 MeV  : (n,p4)
   8    MT =    605  Q = -2.54487E+00 MeV  Emin = 4.00000E+00 MeV  : (n,p5)
   9    MT =    606  Q = -2.68769E+00 MeV  Emin = 4.00000E+00 MeV  : (n,p6)
  10    MT =    607  Q = -2.70959E+00 MeV  Emin = 4.00000E+00 MeV  : (n,p7)
  11    MT =    608  Q = -2.79620E+00 MeV  Emin = 4.20000E+00 MeV  : (n,p8)
  12    MT =    609  Q = -2.86914E+00 MeV  Emin = 4.20000E+00 MeV  : (n,p9)
  13    MT =    610  Q = -2.91459E+00 MeV  Emin = 4.40000E+00 MeV  : (n,p10)
  14    MT =    611  Q = -3.05990E+00 MeV  Emin = 4.40000E+00 MeV  : (n,p11)
  15    MT =    612  Q = -3.06967E+00 MeV  Emin = 4.40000E+00 MeV  : (n,p12)
  16    MT =    613  Q = -3.13892E+00 MeV  Emin = 4.40000E+00 MeV  : (n,p13)
  17    MT =    614  Q = -3.25899E+00 MeV  Emin = 4.60000E+00 MeV  : (n,p14)
  18    MT =    615  Q = -3.30902E+00 MeV  Emin = 4.60000E+00 MeV  : (n,p15)
  19    MT =    616  Q = -3.31315E+00 MeV  Emin = 4.60000E+00 MeV  : (n,p16)
  20    MT =    649  Q = -3.31315E+00 MeV  Emin = 4.80000E+00 MeV  : (n,p) to continuum
  21    MT =    800  Q =  1.75600E+00 MeV  Emin = 2.00000E+00 MeV  : (n,alpha) to ground state
  22    MT =    801  Q =  1.36747E+00 MeV  Emin = 2.50000E+00 MeV  : (n,a1)
  23    MT =    802  Q =  8.82660E-01 MeV  Emin = 3.00000E+00 MeV  : (n,a2)
  24    MT =    803  Q =  5.27580E-01 MeV  Emin = 3.20000E+00 MeV  : (n,a3)
  25    MT =    804  Q =  5.02060E-01 MeV  Emin = 3.20000E+00 MeV  : (n,a4)
  26    MT =    805  Q =  1.60000E-02 MeV  Emin = 3.80000E+00 MeV  : (n,a5)
  27    MT =    806  Q =  1.40000E-02 MeV  Emin = 3.80000E+00 MeV  : (n,a6)
  28    MT =    807  Q = -1.44600E-02 MeV  Emin = 3.80000E+00 MeV  : (n,a7)
  29    MT =    808  Q = -1.64480E-01 MeV  Emin = 4.00000E+00 MeV  : (n,a8)
  30    MT =    809  Q = -3.54050E-01 MeV  Emin = 4.20000E+00 MeV  : (n,a9)
  31    MT =    810  Q = -3.97500E-01 MeV  Emin = 4.20000E+00 MeV  : (n,a10)
  32    MT =    811  Q = -4.13420E-01 MeV  Emin = 4.20000E+00 MeV  : (n,a11)
  33    MT =    812  Q = -4.79700E-01 MeV  Emin = 4.40000E+00 MeV  : (n,a12)
  34    MT =    813  Q = -5.06000E-01 MeV  Emin = 4.40000E+00 MeV  : (n,a13)
  35    MT =    814  Q = -6.58500E-01 MeV  Emin = 4.40000E+00 MeV  : (n,a14)
  36    MT =    815  Q = -6.64400E-01 MeV  Emin = 4.40000E+00 MeV  : (n,a15)
  37    MT =    816  Q = -7.32000E-01 MeV  Emin = 4.60000E+00 MeV  : (n,a16)
  38    MT =    817  Q = -7.76800E-01 MeV  Emin = 4.60000E+00 MeV  : (n,a17)
  39    MT =    818  Q = -7.80300E-01 MeV  Emin = 4.60000E+00 MeV  : (n,a18)
  40    MT =    819  Q = -7.83000E-01 MeV  Emin = 4.60000E+00 MeV  : (n,a19)
  41    MT =    820  Q = -7.94000E-01 MeV  Emin = 4.60000E+00 MeV  : (n,a20)
  42    MT =    821  Q = -7.99000E-01 MeV  Emin = 4.60000E+00 MeV  : (n,a21)
  43    MT =    822  Q = -8.40000E-01 MeV  Emin = 4.60000E+00 MeV  : (n,a22)
  44    MT =    823  Q = -8.75000E-01 MeV  Emin = 4.80000E+00 MeV  : (n,a23)
  45    MT =    824  Q = -9.00000E-01 MeV  Emin = 4.80000E+00 MeV  : (n,a24)
  46    MT =    825  Q = -9.20840E-01 MeV  Emin = 4.80000E+00 MeV  : (n,a25)
  47    MT =    826  Q = -9.23000E-01 MeV  Emin = 4.80000E+00 MeV  : (n,a26)
  48    MT =    827  Q = -9.26000E-01 MeV  Emin = 4.80000E+00 MeV  : (n,a27)
  49    MT =    828  Q = -9.51500E-01 MeV  Emin = 4.80000E+00 MeV  : (n,a28)
  50    MT =    829  Q = -1.04715E+00 MeV  Emin = 4.80000E+00 MeV  : (n,a29)
  51    MT =    830  Q = -1.06289E+00 MeV  Emin = 4.80000E+00 MeV  : (n,a30)
  52    MT =    831  Q = -1.06500E+00 MeV  Emin = 4.80000E+00 MeV  : (n,a31)
  53    MT =    832  Q = -1.07520E+00 MeV  Emin = 4.80000E+00 MeV  : (n,a32)
  54    MT =    833  Q = -1.09452E+00 MeV  Emin = 4.80000E+00 MeV  : (n,a33)
  55    MT =    834  Q = -1.13700E+00 MeV  Emin = 5.00000E+00 MeV  : (n,a34)
  56    MT =    835  Q = -1.14810E+00 MeV  Emin = 5.00000E+00 MeV  : (n,a35)
  57    MT =    836  Q = -1.16480E+00 MeV  Emin = 5.00000E+00 MeV  : (n,a36)
  58    MT =    837  Q = -1.16509E+00 MeV  Emin = 5.00000E+00 MeV  : (n,a37)
  59    MT =    838  Q = -1.18469E+00 MeV  Emin = 5.00000E+00 MeV  : (n,a38)
  60    MT =    839  Q = -1.22400E+00 MeV  Emin = 5.00000E+00 MeV  : (n,a39)
  61    MT =    849  Q = -1.22400E+00 MeV  Emin = 5.50000E+00 MeV  : (n,alpha) to continuum
  62    MT =      4  Q =  0.00000E+00 MeV  Emin = 1.28700E+00 MeV  : total inelastic scattering

 Nuclide    9 / 14 : 40091.09c -- zirconium 91 (Zr-91)

 Pointers                     : 34399 3533808
 Primary type                 : Transport
 Nuclide ZAI                  : 400910
 Library ID                   : 09c
 Cross section data file      : /home/anshchaube/serpent_acelib/xsdata/endfb7/acedata/40091ENDF7.ace
 Atomic weight (AW)           : 90.90563
 Atomic weight ratio (AWR)    : 90.12470
 Temperature                  : 923.0 Kelvin
 XS temperature               : 923.0 Kelvin
 Minimum and maximum energy   : 1.00000E-11 2.00000E+01
 Half-life                    : N/A
 Specific ingestion toxicity  : N/A
 Specific inhalation toxicity : N/A

 - Nuclide is not involved in burnup calculation
 - Nuclide has neutron transport data
 - Nuclide has no photon transport data
 - Nuclide has no S(a,b) data
 - Nuclide has no isomeric branching data
 - Nuclide is not fissile
 - Nuclide is not a delayed neutron precursor
 - Nuclide has no delayed neutron data
 - Nuclide has ures ptable data but it is not used
 - Nuclide temperature is not adjusted with TMS
 - Nuclide has no dosimetry data
 - Nuclide has no decay data
 - Nuclide has no supplementary transmutation cross section data
 - Nuclide has no NFY data
 - Nuclide has no SFY data

 - 27 reaction channels
 - 6 special reactions
 - No transmutation reactions
 - No transmutation branch reactions
 - No decay reactions
 - No decay branch reactions
 - No transmutation paths

 27 reactions channel:

   1    MT =      2  Q =  0.00000E+00 MeV  Emin = 1.00000E-11 MeV  frac = 1.00000E+00  : elastic scattering
   2    MT =     16  Q = -7.20258E+00 MeV  Emin = 7.28251E+00 MeV  frac = 1.00000E+00  : (n,2n)
   3    MT =     17  Q = -1.91859E+01 MeV  Emin = 1.93988E+01 MeV  frac = 1.00000E+00  : (n,3n)
   4    MT =     22  Q = -5.45233E+00 MeV  Emin = 8.00000E+00 MeV  frac = 1.00000E+00  : (n,nalpha)
   5    MT =     28  Q = -8.70881E+00 MeV  Emin = 9.00000E+00 MeV  frac = 1.00000E+00  : (n,np)
   6    MT =     32  Q = -1.33442E+01 MeV  Emin = 1.40000E+01 MeV  frac = 1.00000E+00  : (n,nd)
   7    MT =     51  Q = -1.20480E+00 MeV  Emin = 1.21817E+00 MeV  frac = 1.00000E+00  : inelastic scatt. to 1. excited state
   8    MT =     52  Q = -1.46630E+00 MeV  Emin = 1.48257E+00 MeV  frac = 1.00000E+00  : inelastic scatt. to 2. excited state
   9    MT =     53  Q = -1.88210E+00 MeV  Emin = 1.90298E+00 MeV  frac = 1.00000E+00  : inelastic scatt. to 3. excited state
  10    MT =     54  Q = -2.04220E+00 MeV  Emin = 2.06486E+00 MeV  frac = 1.00000E+00  : inelastic scatt. to 4. excited state
  11    MT =     55  Q = -2.13130E+00 MeV  Emin = 2.15495E+00 MeV  frac = 1.00000E+00  : inelastic scatt. to 5. excited state
  12    MT =     56  Q = -2.17000E+00 MeV  Emin = 2.19408E+00 MeV  frac = 1.00000E+00  : inelastic scatt. to 6. excited state
  13    MT =     57  Q = -2.18990E+00 MeV  Emin = 2.21420E+00 MeV  frac = 1.00000E+00  : inelastic scatt. to 7. excited state
  14    MT =     58  Q = -2.20070E+00 MeV  Emin = 2.22512E+00 MeV  frac = 1.00000E+00  : inelastic scatt. to 8. excited state
  15    MT =     59  Q = -2.25970E+00 MeV  Emin = 2.28477E+00 MeV  frac = 1.00000E+00  : inelastic scatt. to 9. excited state
  16    MT =     60  Q = -2.28760E+00 MeV  Emin = 2.31298E+00 MeV  frac = 1.00000E+00  : inelastic scatt. to 10. excited state
  17    MT =     61  Q = -2.32010E+00 MeV  Emin = 2.34584E+00 MeV  frac = 1.00000E+00  : inelastic scatt. to 11. excited state
  18    MT =     62  Q = -2.35580E+00 MeV  Emin = 2.38194E+00 MeV  frac = 1.00000E+00  : inelastic scatt. to 12. excited state
  19    MT =     63  Q = -2.36690E+00 MeV  Emin = 2.39316E+00 MeV  frac = 1.00000E+00  : inelastic scatt. to 13. excited state
  20    MT =     64  Q = -2.39490E+00 MeV  Emin = 2.42147E+00 MeV  frac = 1.00000E+00  : inelastic scatt. to 14. excited state
  21    MT =     91  Q = -2.39500E+00 MeV  Emin = 2.42157E+00 MeV  frac = 1.00000E+00  : inelastic scattering to continuum
  22    MT =    102  Q =  8.63509E+00 MeV  Emin = 1.00000E-11 MeV  frac = 1.00000E+00  : (n,gamma)
  23    MT =    103  Q = -7.60531E-01 MeV  Emin = 1.00000E+00 MeV  frac = 1.00000E+00  : (n,p)
  24    MT =    104  Q = -6.48420E+00 MeV  Emin = 6.55616E+00 MeV  frac = 1.00000E+00  : (n,d)
  25    MT =    105  Q = -7.08660E+00 MeV  Emin = 8.00000E+00 MeV  frac = 1.00000E+00  : (n,t)
  26    MT =    106  Q = -8.55750E+00 MeV  Emin = 1.00000E+01 MeV  frac = 1.00000E+00  : (n,He-3)
  27    MT =    107  Q =  5.67229E+00 MeV  Emin = 9.99999E-02 MeV  frac = 1.00000E+00  : (n,alpha)

 6 special reactions:

   1    MT =    203  Q =  0.00000E+00 MeV  Emin = 9.45670E-01 MeV  : total proton production
   2    MT =    204  Q =  0.00000E+00 MeV  Emin = 6.55616E+00 MeV  : total deuteron production
   3    MT =    205  Q =  0.00000E+00 MeV  Emin = 7.94003E+00 MeV  : total triton production
   4    MT =    206  Q =  0.00000E+00 MeV  Emin = 1.00000E+01 MeV  : total He-3 production
   5    MT =    207  Q =  0.00000E+00 MeV  Emin = 9.99999E-02 MeV  : total alpha production
   6    MT =      4  Q =  0.00000E+00 MeV  Emin = 1.21817E+00 MeV  : total inelastic scattering

 Nuclide   10 / 14 : 40092.09c -- zirconium 92 (Zr-92)

 Pointers                     : 36880 3663534
 Primary type                 : Transport
 Nuclide ZAI                  : 400920
 Library ID                   : 09c
 Cross section data file      : /home/anshchaube/serpent_acelib/xsdata/endfb7/acedata/40092ENDF7.ace
 Atomic weight (AW)           : 91.90501
 Atomic weight ratio (AWR)    : 91.11550
 Temperature                  : 923.0 Kelvin
 XS temperature               : 923.0 Kelvin
 Minimum and maximum energy   : 1.00000E-11 2.00000E+01
 Half-life                    : N/A
 Specific ingestion toxicity  : N/A
 Specific inhalation toxicity : N/A

 - Nuclide is not involved in burnup calculation
 - Nuclide has neutron transport data
 - Nuclide has no photon transport data
 - Nuclide has no S(a,b) data
 - Nuclide has no isomeric branching data
 - Nuclide is not fissile
 - Nuclide is not a delayed neutron precursor
 - Nuclide has no delayed neutron data
 - Nuclide has ures ptable data but it is not used
 - Nuclide temperature is not adjusted with TMS
 - Nuclide has no dosimetry data
 - Nuclide has no decay data
 - Nuclide has no supplementary transmutation cross section data
 - Nuclide has no NFY data
 - Nuclide has no SFY data

 - 30 reaction channels
 - 5 special reactions
 - No transmutation reactions
 - No transmutation branch reactions
 - No decay reactions
 - No decay branch reactions
 - No transmutation paths

 30 reactions channel:

   1    MT =      2  Q =  0.00000E+00 MeV  Emin = 1.00000E-11 MeV  frac = 1.00000E+00  : elastic scattering
   2    MT =     16  Q = -8.63508E+00 MeV  Emin = 8.72986E+00 MeV  frac = 1.00000E+00  : (n,2n)
   3    MT =     17  Q = -1.58377E+01 MeV  Emin = 1.60115E+01 MeV  frac = 1.00000E+00  : (n,3n)
   4    MT =     22  Q = -2.96741E+00 MeV  Emin = 3.00000E+00 MeV  frac = 1.00000E+00  : (n,nalpha)
   5    MT =     28  Q = -9.40023E+00 MeV  Emin = 1.00000E+01 MeV  frac = 1.00000E+00  : (n,np)
   6    MT =     32  Q = -1.50350E+01 MeV  Emin = 1.58838E+01 MeV  frac = 1.00000E+00  : (n,nd)
   7    MT =     33  Q = -1.57114E+01 MeV  Emin = 1.60176E+01 MeV  frac = 1.00000E+00  : (n,nt)
   8    MT =     51  Q = -9.34499E-01 MeV  Emin = 9.44756E-01 MeV  frac = 1.00000E+00  : inelastic scatt. to 1. excited state
   9    MT =     52  Q = -1.38280E+00 MeV  Emin = 1.39798E+00 MeV  frac = 1.00000E+00  : inelastic scatt. to 2. excited state
  10    MT =     53  Q = -1.49540E+00 MeV  Emin = 1.51181E+00 MeV  frac = 1.00000E+00  : inelastic scatt. to 3. excited state
  11    MT =     54  Q = -1.84730E+00 MeV  Emin = 1.86757E+00 MeV  frac = 1.00000E+00  : inelastic scatt. to 4. excited state
  12    MT =     55  Q = -2.06670E+00 MeV  Emin = 2.08938E+00 MeV  frac = 1.00000E+00  : inelastic scatt. to 5. excited state
  13    MT =     56  Q = -2.15000E+00 MeV  Emin = 2.17360E+00 MeV  frac = 1.00000E+00  : inelastic scatt. to 6. excited state
  14    MT =     57  Q = -2.33970E+00 MeV  Emin = 2.36538E+00 MeV  frac = 1.00000E+00  : inelastic scatt. to 7. excited state
  15    MT =     58  Q = -2.39830E+00 MeV  Emin = 2.42462E+00 MeV  frac = 1.00000E+00  : inelastic scatt. to 8. excited state
  16    MT =     59  Q = -2.48590E+00 MeV  Emin = 2.51318E+00 MeV  frac = 1.00000E+00  : inelastic scatt. to 9. excited state
  17    MT =     60  Q = -2.74350E+00 MeV  Emin = 2.77361E+00 MeV  frac = 1.00000E+00  : inelastic scatt. to 10. excited state
  18    MT =     61  Q = -2.81970E+00 MeV  Emin = 2.85065E+00 MeV  frac = 1.00000E+00  : inelastic scatt. to 11. excited state
  19    MT =     62  Q = -2.86400E+00 MeV  Emin = 2.89543E+00 MeV  frac = 1.00000E+00  : inelastic scatt. to 12. excited state
  20    MT =     63  Q = -2.90360E+00 MeV  Emin = 2.93547E+00 MeV  frac = 1.00000E+00  : inelastic scatt. to 13. excited state
  21    MT =     64  Q = -2.90950E+00 MeV  Emin = 2.94143E+00 MeV  frac = 1.00000E+00  : inelastic scatt. to 14. excited state
  22    MT =     65  Q = -2.95780E+00 MeV  Emin = 2.99026E+00 MeV  frac = 1.00000E+00  : inelastic scatt. to 15. excited state
  23    MT =     66  Q = -3.03970E+00 MeV  Emin = 3.07306E+00 MeV  frac = 1.00000E+00  : inelastic scatt. to 16. excited state
  24    MT =     67  Q = -3.05780E+00 MeV  Emin = 3.09136E+00 MeV  frac = 1.00000E+00  : inelastic scatt. to 17. excited state
  25    MT =     91  Q = -3.05800E+00 MeV  Emin = 3.09156E+00 MeV  frac = 1.00000E+00  : inelastic scattering to continuum
  26    MT =    102  Q =  6.73199E+00 MeV  Emin = 1.00000E-11 MeV  frac = 1.00000E+00  : (n,gamma)
  27    MT =    103  Q = -2.85164E+00 MeV  Emin = 3.00000E+00 MeV  frac = 1.00000E+00  : (n,p)
  28    MT =    104  Q = -7.09011E+00 MeV  Emin = 7.16794E+00 MeV  frac = 1.00000E+00  : (n,d)
  29    MT =    105  Q = -8.84985E+00 MeV  Emin = 9.50341E+00 MeV  frac = 1.00000E+00  : (n,t)
  30    MT =    107  Q =  3.40109E+00 MeV  Emin = 9.99999E-02 MeV  frac = 1.00000E+00  : (n,alpha)

 5 special reactions:

   1    MT =    203  Q =  0.00000E+00 MeV  Emin = 2.99997E+00 MeV  : total proton production
   2    MT =    204  Q =  0.00000E+00 MeV  Emin = 7.16794E+00 MeV  : total deuteron production
   3    MT =    205  Q =  0.00000E+00 MeV  Emin = 9.50341E+00 MeV  : total triton production
   4    MT =    207  Q =  0.00000E+00 MeV  Emin = 9.99999E-02 MeV  : total alpha production
   5    MT =      4  Q =  0.00000E+00 MeV  Emin = 9.44756E-01 MeV  : total inelastic scattering

 Nuclide   11 / 14 : 40094.09c -- zirconium 94 (Zr-94)

 Pointers                     : 39505 3817132
 Primary type                 : Transport
 Nuclide ZAI                  : 400940
 Library ID                   : 09c
 Cross section data file      : /home/anshchaube/serpent_acelib/xsdata/endfb7/acedata/40094ENDF7.ace
 Atomic weight (AW)           : 93.90631
 Atomic weight ratio (AWR)    : 93.09960
 Temperature                  : 923.0 Kelvin
 XS temperature               : 923.0 Kelvin
 Minimum and maximum energy   : 1.00000E-11 2.00000E+01
 Half-life                    : N/A
 Specific ingestion toxicity  : N/A
 Specific inhalation toxicity : N/A

 - Nuclide is not involved in burnup calculation
 - Nuclide has neutron transport data
 - Nuclide has no photon transport data
 - Nuclide has no S(a,b) data
 - Nuclide has no isomeric branching data
 - Nuclide is not fissile
 - Nuclide is not a delayed neutron precursor
 - Nuclide has no delayed neutron data
 - Nuclide has ures ptable data but it is not used
 - Nuclide temperature is not adjusted with TMS
 - Nuclide has no dosimetry data
 - Nuclide has no decay data
 - Nuclide has no supplementary transmutation cross section data
 - Nuclide has no NFY data
 - Nuclide has no SFY data

 - 26 reaction channels
 - 5 special reactions
 - No transmutation reactions
 - No transmutation branch reactions
 - No decay reactions
 - No decay branch reactions
 - No transmutation paths

 26 reactions channel:

   1    MT =      2  Q =  0.00000E+00 MeV  Emin = 1.00000E-11 MeV  frac = 1.00000E+00  : elastic scattering
   2    MT =     16  Q = -8.19108E+00 MeV  Emin = 8.27907E+00 MeV  frac = 1.00000E+00  : (n,2n)
   3    MT =     17  Q = -1.49496E+01 MeV  Emin = 1.51102E+01 MeV  frac = 1.00000E+00  : (n,3n)
   4    MT =     22  Q = -3.75108E+00 MeV  Emin = 4.14346E+00 MeV  frac = 1.00000E+00  : (n,nalpha)
   5    MT =     28  Q = -1.03305E+01 MeV  Emin = 1.10000E+01 MeV  frac = 1.00000E+00  : (n,np)
   6    MT =     32  Q = -1.55015E+01 MeV  Emin = 1.60354E+01 MeV  frac = 1.00000E+00  : (n,nd)
   7    MT =     51  Q = -9.18699E-01 MeV  Emin = 9.28568E-01 MeV  frac = 1.00000E+00  : inelastic scatt. to 1. excited state
   8    MT =     52  Q = -1.30020E+00 MeV  Emin = 1.31417E+00 MeV  frac = 1.00000E+00  : inelastic scatt. to 2. excited state
   9    MT =     53  Q = -1.46960E+00 MeV  Emin = 1.48539E+00 MeV  frac = 1.00000E+00  : inelastic scatt. to 3. excited state
  10    MT =     54  Q = -1.67140E+00 MeV  Emin = 1.68935E+00 MeV  frac = 1.00000E+00  : inelastic scatt. to 4. excited state
  11    MT =     55  Q = -2.05760E+00 MeV  Emin = 2.07970E+00 MeV  frac = 1.00000E+00  : inelastic scatt. to 5. excited state
  12    MT =     56  Q = -2.15130E+00 MeV  Emin = 2.17441E+00 MeV  frac = 1.00000E+00  : inelastic scatt. to 6. excited state
  13    MT =     57  Q = -2.33020E+00 MeV  Emin = 2.35523E+00 MeV  frac = 1.00000E+00  : inelastic scatt. to 7. excited state
  14    MT =     58  Q = -2.36610E+00 MeV  Emin = 2.39152E+00 MeV  frac = 1.00000E+00  : inelastic scatt. to 8. excited state
  15    MT =     59  Q = -2.50770E+00 MeV  Emin = 2.53464E+00 MeV  frac = 1.00000E+00  : inelastic scatt. to 9. excited state
  16    MT =     60  Q = -2.60450E+00 MeV  Emin = 2.63248E+00 MeV  frac = 1.00000E+00  : inelastic scatt. to 10. excited state
  17    MT =     61  Q = -2.69850E+00 MeV  Emin = 2.72749E+00 MeV  frac = 1.00000E+00  : inelastic scatt. to 11. excited state
  18    MT =     62  Q = -2.82600E+00 MeV  Emin = 2.85636E+00 MeV  frac = 1.00000E+00  : inelastic scatt. to 12. excited state
  19    MT =     63  Q = -2.84630E+00 MeV  Emin = 2.87687E+00 MeV  frac = 1.00000E+00  : inelastic scatt. to 13. excited state
  20    MT =     64  Q = -2.86060E+00 MeV  Emin = 2.89133E+00 MeV  frac = 1.00000E+00  : inelastic scatt. to 14. excited state
  21    MT =     91  Q = -2.86100E+00 MeV  Emin = 2.89173E+00 MeV  frac = 1.00000E+00  : inelastic scattering to continuum
  22    MT =    102  Q =  6.47089E+00 MeV  Emin = 1.00000E-11 MeV  frac = 1.00000E+00  : (n,gamma)
  23    MT =    103  Q = -4.09942E+00 MeV  Emin = 4.14346E+00 MeV  frac = 1.00000E+00  : (n,p)
  24    MT =    104  Q = -8.02041E+00 MeV  Emin = 8.31164E+00 MeV  frac = 1.00000E+00  : (n,d)
  25    MT =    105  Q = -9.31636E+00 MeV  Emin = 1.00000E+01 MeV  frac = 1.00000E+00  : (n,t)
  26    MT =    107  Q =  2.05631E+00 MeV  Emin = 9.99999E-02 MeV  frac = 1.00000E+00  : (n,alpha)

 5 special reactions:

   1    MT =    203  Q =  0.00000E+00 MeV  Emin = 4.14346E+00 MeV  : total proton production
   2    MT =    204  Q =  0.00000E+00 MeV  Emin = 8.31164E+00 MeV  : total deuteron production
   3    MT =    205  Q =  0.00000E+00 MeV  Emin = 9.98375E+00 MeV  : total triton production
   4    MT =    207  Q =  0.00000E+00 MeV  Emin = 9.99999E-02 MeV  : total alpha production
   5    MT =      4  Q =  0.00000E+00 MeV  Emin = 9.28568E-01 MeV  : total inelastic scattering

 Nuclide   12 / 14 : 40096.09c -- zirconium 96 (Zr-96)

 Pointers                     : 41842 3953454
 Primary type                 : Transport
 Nuclide ZAI                  : 400960
 Library ID                   : 09c
 Cross section data file      : /home/anshchaube/serpent_acelib/xsdata/endfb7/acedata/40096ENDF7.ace
 Atomic weight (AW)           : 95.90830
 Atomic weight ratio (AWR)    : 95.08440
 Temperature                  : 923.0 Kelvin
 XS temperature               : 923.0 Kelvin
 Minimum and maximum energy   : 1.00000E-11 2.00000E+01
 Half-life                    : N/A
 Specific ingestion toxicity  : N/A
 Specific inhalation toxicity : N/A

 - Nuclide is not involved in burnup calculation
 - Nuclide has neutron transport data
 - Nuclide has no photon transport data
 - Nuclide has no S(a,b) data
 - Nuclide has no isomeric branching data
 - Nuclide is not fissile
 - Nuclide is not a delayed neutron precursor
 - Nuclide has no delayed neutron data
 - Nuclide has no ures ptable data
 - Nuclide temperature is not adjusted with TMS
 - Nuclide has no dosimetry data
 - Nuclide has no decay data
 - Nuclide has no supplementary transmutation cross section data
 - Nuclide has no NFY data
 - Nuclide has no SFY data

 - 18 reaction channels
 - 5 special reactions
 - No transmutation reactions
 - No transmutation branch reactions
 - No decay reactions
 - No decay branch reactions
 - No transmutation paths

 18 reactions channel:

   1    MT =      2  Q =  0.00000E+00 MeV  Emin = 1.00000E-11 MeV  frac = 1.00000E+00  : elastic scattering
   2    MT =     16  Q = -7.83168E+00 MeV  Emin = 7.91406E+00 MeV  frac = 1.00000E+00  : (n,2n)
   3    MT =     17  Q = -1.43063E+01 MeV  Emin = 1.44568E+01 MeV  frac = 1.00000E+00  : (n,3n)
   4    MT =     22  Q = -4.97458E+00 MeV  Emin = 5.02691E+00 MeV  frac = 1.00000E+00  : (n,nalpha)
   5    MT =     28  Q = -1.15053E+01 MeV  Emin = 1.20000E+01 MeV  frac = 1.00000E+00  : (n,np)
   6    MT =     51  Q = -1.59400E+00 MeV  Emin = 1.61077E+00 MeV  frac = 1.00000E+00  : inelastic scatt. to 1. excited state
   7    MT =     52  Q = -1.75050E+00 MeV  Emin = 1.76891E+00 MeV  frac = 1.00000E+00  : inelastic scatt. to 2. excited state
   8    MT =     53  Q = -1.89710E+00 MeV  Emin = 1.91705E+00 MeV  frac = 1.00000E+00  : inelastic scatt. to 3. excited state
   9    MT =     54  Q = -2.22590E+00 MeV  Emin = 2.24931E+00 MeV  frac = 1.00000E+00  : inelastic scatt. to 4. excited state
  10    MT =     55  Q = -2.33000E+00 MeV  Emin = 2.35451E+00 MeV  frac = 1.00000E+00  : inelastic scatt. to 5. excited state
  11    MT =     56  Q = -2.44000E+00 MeV  Emin = 2.46566E+00 MeV  frac = 1.00000E+00  : inelastic scatt. to 6. excited state
  12    MT =     57  Q = -2.85740E+00 MeV  Emin = 2.88745E+00 MeV  frac = 1.00000E+00  : inelastic scatt. to 7. excited state
  13    MT =     91  Q = -2.85700E+00 MeV  Emin = 2.88705E+00 MeV  frac = 1.00000E+00  : inelastic scattering to continuum
  14    MT =    102  Q =  5.58089E+00 MeV  Emin = 1.00000E-11 MeV  frac = 1.00000E+00  : (n,gamma)
  15    MT =    103  Q = -6.23222E+00 MeV  Emin = 6.29777E+00 MeV  frac = 1.00000E+00  : (n,p)
  16    MT =    104  Q = -9.19521E+00 MeV  Emin = 1.00417E+01 MeV  frac = 1.00000E+00  : (n,d)
  17    MT =    105  Q = -9.93715E+00 MeV  Emin = 1.00417E+01 MeV  frac = 1.00000E+00  : (n,t)
  18    MT =    107  Q =  4.89512E-01 MeV  Emin = 9.99999E-02 MeV  frac = 1.00000E+00  : (n,alpha)

 5 special reactions:

   1    MT =    203  Q =  0.00000E+00 MeV  Emin = 6.29777E+00 MeV  : total proton production
   2    MT =    204  Q =  0.00000E+00 MeV  Emin = 1.00000E+01 MeV  : total deuteron production
   3    MT =    205  Q =  0.00000E+00 MeV  Emin = 1.00000E+01 MeV  : total triton production
   4    MT =    207  Q =  0.00000E+00 MeV  Emin = 9.99999E-02 MeV  : total alpha production
   5    MT =      4  Q =  0.00000E+00 MeV  Emin = 1.61077E+00 MeV  : total inelastic scattering

 Nuclide   13 / 14 : 92235.09c -- uranium 235 (U-235)

 Pointers                     : 21412 2350762
 Primary type                 : Transport
 Nuclide ZAI                  : 922350
 Library ID                   : 09c
 Cross section data file      : /home/anshchaube/serpent_acelib/xsdata/endfb7/acedata/92235ENDF7.ace
 Atomic weight (AW)           : 235.04395
 Atomic weight ratio (AWR)    : 233.02480
 Temperature                  : 923.0 Kelvin
 XS temperature               : 923.0 Kelvin
 Minimum and maximum energy   : 1.00000E-11 2.00000E+01
 Half-life                    : N/A
 Specific ingestion toxicity  : N/A
 Specific inhalation toxicity : N/A
 Energy deposited per fission : 202.27 MeV

 - Nuclide is not involved in burnup calculation
 - Nuclide has neutron transport data
 - Nuclide has no photon transport data
 - Nuclide has no S(a,b) data
 - Nuclide has no isomeric branching data
 - Nuclide is fissile
 - Nuclide is not a delayed neutron precursor
 - Nuclide has delayed neutron data in 6 precursor groups
 - Nuclide has ures ptable data but it is not used
 - Nuclide temperature is not adjusted with TMS
 - Nuclide has no dosimetry data
 - Nuclide has no decay data
 - Nuclide has no supplementary transmutation cross section data
 - Nuclide has no NFY data
 - Nuclide has no SFY data

 - 47 reaction channels
 - 1 special reactions
 - No transmutation reactions
 - No transmutation branch reactions
 - No decay reactions
 - No decay branch reactions
 - No transmutation paths

 47 reactions channel:

   1    MT =      2  Q =  0.00000E+00 MeV  Emin = 1.00000E-11 MeV  frac = 1.00000E+00  : elastic scattering
   2    MT =     16  Q = -5.29778E+00 MeV  Emin = 5.32052E+00 MeV  frac = 1.00000E+00  : (n,2n)
   3    MT =     17  Q = -1.21423E+01 MeV  Emin = 1.21944E+01 MeV  frac = 1.00000E+00  : (n,3n)
   4    MT =     18  Q =  1.93483E+02 MeV  Emin = 1.00000E-11 MeV  frac = 1.00000E+00  : total fission
   5    MT =     37  Q = -1.78856E+01 MeV  Emin = 1.79624E+01 MeV  frac = 1.00000E+00  : (n,4n)
   6    MT =     51  Q = -7.68000E-05 MeV  Emin = 2.25000E-03 MeV  frac = 1.00000E+00  : inelastic scatt. to 1. excited state
   7    MT =     52  Q = -1.30400E-02 MeV  Emin = 1.30960E-02 MeV  frac = 1.00000E+00  : inelastic scatt. to 2. excited state
   8    MT =     53  Q = -4.62000E-02 MeV  Emin = 4.63983E-02 MeV  frac = 1.00000E+00  : inelastic scatt. to 3. excited state
   9    MT =     54  Q = -5.13000E-02 MeV  Emin = 5.15202E-02 MeV  frac = 1.00000E+00  : inelastic scatt. to 4. excited state
  10    MT =     55  Q = -8.17000E-02 MeV  Emin = 8.20506E-02 MeV  frac = 1.00000E+00  : inelastic scatt. to 5. excited state
  11    MT =     56  Q = -1.03000E-01 MeV  Emin = 1.03442E-01 MeV  frac = 1.00000E+00  : inelastic scatt. to 6. excited state
  12    MT =     57  Q = -1.34000E-01 MeV  Emin = 1.34575E-01 MeV  frac = 1.00000E+00  : inelastic scatt. to 7. excited state
  13    MT =     58  Q = -1.70700E-01 MeV  Emin = 1.71433E-01 MeV  frac = 1.00000E+00  : inelastic scatt. to 8. excited state
  14    MT =     59  Q = -1.74500E-01 MeV  Emin = 1.75249E-01 MeV  frac = 1.00000E+00  : inelastic scatt. to 9. excited state
  15    MT =     60  Q = -2.49100E-01 MeV  Emin = 2.50169E-01 MeV  frac = 1.00000E+00  : inelastic scatt. to 10. excited state
  16    MT =     61  Q = -2.93000E-01 MeV  Emin = 2.94258E-01 MeV  frac = 1.00000E+00  : inelastic scatt. to 11. excited state
  17    MT =     62  Q = -3.34000E-01 MeV  Emin = 3.35433E-01 MeV  frac = 1.00000E+00  : inelastic scatt. to 12. excited state
  18    MT =     63  Q = -3.65000E-01 MeV  Emin = 3.66567E-01 MeV  frac = 1.00000E+00  : inelastic scatt. to 13. excited state
  19    MT =     64  Q = -3.98000E-01 MeV  Emin = 3.99708E-01 MeV  frac = 1.00000E+00  : inelastic scatt. to 14. excited state
  20    MT =     65  Q = -4.30000E-01 MeV  Emin = 4.31845E-01 MeV  frac = 1.00000E+00  : inelastic scatt. to 15. excited state
  21    MT =     66  Q = -4.48000E-01 MeV  Emin = 4.49923E-01 MeV  frac = 1.00000E+00  : inelastic scatt. to 16. excited state
  22    MT =     67  Q = -5.50000E-01 MeV  Emin = 5.52360E-01 MeV  frac = 1.00000E+00  : inelastic scatt. to 17. excited state
  23    MT =     68  Q = -6.50000E-01 MeV  Emin = 6.52790E-01 MeV  frac = 1.00000E+00  : inelastic scatt. to 18. excited state
  24    MT =     69  Q = -7.70000E-01 MeV  Emin = 7.73304E-01 MeV  frac = 1.00000E+00  : inelastic scatt. to 19. excited state
  25    MT =     70  Q = -9.00000E-01 MeV  Emin = 9.03862E-01 MeV  frac = 1.00000E+00  : inelastic scatt. to 20. excited state
  26    MT =     71  Q = -1.06250E+00 MeV  Emin = 1.06706E+00 MeV  frac = 1.00000E+00  : inelastic scatt. to 21. excited state
  27    MT =     72  Q = -1.17000E+00 MeV  Emin = 1.17502E+00 MeV  frac = 1.00000E+00  : inelastic scatt. to 22. excited state
  28    MT =     73  Q = -1.25000E+00 MeV  Emin = 1.25537E+00 MeV  frac = 1.00000E+00  : inelastic scatt. to 23. excited state
  29    MT =     74  Q = -1.44000E+00 MeV  Emin = 1.44618E+00 MeV  frac = 1.00000E+00  : inelastic scatt. to 24. excited state
  30    MT =     75  Q = -1.59000E+00 MeV  Emin = 1.59682E+00 MeV  frac = 1.00000E+00  : inelastic scatt. to 25. excited state
  31    MT =     76  Q = -1.75000E+00 MeV  Emin = 1.75751E+00 MeV  frac = 1.00000E+00  : inelastic scatt. to 26. excited state
  32    MT =     77  Q = -1.85000E+00 MeV  Emin = 1.85794E+00 MeV  frac = 1.00000E+00  : inelastic scatt. to 27. excited state
  33    MT =     78  Q = -1.95000E+00 MeV  Emin = 1.95837E+00 MeV  frac = 1.00000E+00  : inelastic scatt. to 28. excited state
  34    MT =     79  Q = -2.15000E+00 MeV  Emin = 2.15923E+00 MeV  frac = 1.00000E+00  : inelastic scatt. to 29. excited state
  35    MT =     80  Q = -2.30000E+00 MeV  Emin = 2.30987E+00 MeV  frac = 1.00000E+00  : inelastic scatt. to 30. excited state
  36    MT =     81  Q = -2.39000E+00 MeV  Emin = 2.40026E+00 MeV  frac = 1.00000E+00  : inelastic scatt. to 31. excited state
  37    MT =     82  Q = -2.49280E+00 MeV  Emin = 2.50350E+00 MeV  frac = 1.00000E+00  : inelastic scatt. to 32. excited state
  38    MT =     83  Q = -2.94000E+00 MeV  Emin = 2.95262E+00 MeV  frac = 1.00000E+00  : inelastic scatt. to 33. excited state
  39    MT =     84  Q = -3.18900E+00 MeV  Emin = 3.20269E+00 MeV  frac = 1.00000E+00  : inelastic scatt. to 34. excited state
  40    MT =     85  Q = -3.38800E+00 MeV  Emin = 3.40254E+00 MeV  frac = 1.00000E+00  : inelastic scatt. to 35. excited state
  41    MT =     86  Q = -3.53800E+00 MeV  Emin = 3.55318E+00 MeV  frac = 1.00000E+00  : inelastic scatt. to 36. excited state
  42    MT =     87  Q = -3.63700E+00 MeV  Emin = 3.65261E+00 MeV  frac = 1.00000E+00  : inelastic scatt. to 37. excited state
  43    MT =     88  Q = -3.73700E+00 MeV  Emin = 3.75304E+00 MeV  frac = 1.00000E+00  : inelastic scatt. to 38. excited state
  44    MT =     89  Q = -3.83700E+00 MeV  Emin = 3.85347E+00 MeV  frac = 1.00000E+00  : inelastic scatt. to 39. excited state
  45    MT =     90  Q = -3.90900E+00 MeV  Emin = 3.92578E+00 MeV  frac = 1.00000E+00  : inelastic scatt. to 40. excited state
  46    MT =     91  Q = -4.97864E-01 MeV  Emin = 5.00000E-01 MeV  frac = 1.00000E+00  : inelastic scattering to continuum
  47    MT =    102  Q =  6.54520E+00 MeV  Emin = 1.00000E-11 MeV  frac = 1.00000E+00  : (n,gamma)

 1 special reaction:

   1    MT =      4  Q =  0.00000E+00 MeV  Emin = 2.25000E-03 MeV  : total inelastic scattering

 Nuclide   14 / 14 : 92238.09c -- uranium 238 (U-238)

 Pointers                     : 24973 2698340
 Primary type                 : Transport
 Nuclide ZAI                  : 922380
 Library ID                   : 09c
 Cross section data file      : /home/anshchaube/serpent_acelib/xsdata/endfb7/acedata/92238ENDF7.ace
 Atomic weight (AW)           : 238.05078
 Atomic weight ratio (AWR)    : 236.00580
 Temperature                  : 923.0 Kelvin
 XS temperature               : 923.0 Kelvin
 Minimum and maximum energy   : 1.00000E-11 3.00000E+01
 Half-life                    : N/A
 Specific ingestion toxicity  : N/A
 Specific inhalation toxicity : N/A
 Energy deposited per fission : 207.03 MeV

 - Nuclide is not involved in burnup calculation
 - Nuclide has neutron transport data
 - Nuclide has no photon transport data
 - Nuclide has no S(a,b) data
 - Nuclide has no isomeric branching data
 - Nuclide is fissile
 - Nuclide is not a delayed neutron precursor
 - Nuclide has delayed neutron data in 6 precursor groups
 - Nuclide has ures ptable data but it is not used
 - Nuclide temperature is not adjusted with TMS
 - Nuclide has no dosimetry data
 - Nuclide has no decay data
 - Nuclide has no supplementary transmutation cross section data
 - Nuclide has no NFY data
 - Nuclide has no SFY data

 - 47 reaction channels
 - 1 special reactions
 - No transmutation reactions
 - No transmutation branch reactions
 - No decay reactions
 - No decay branch reactions
 - No transmutation paths

 47 reactions channel:

   1    MT =      2  Q =  0.00000E+00 MeV  Emin = 1.00000E-11 MeV  frac = 1.00000E+00  : elastic scattering
   2    MT =     16  Q = -6.15280E+00 MeV  Emin = 6.17887E+00 MeV  frac = 1.00000E+00  : (n,2n)
   3    MT =     17  Q = -1.12786E+01 MeV  Emin = 1.13264E+01 MeV  frac = 1.00000E+00  : (n,3n)
   4    MT =     18  Q =  1.98032E+02 MeV  Emin = 1.00000E-11 MeV  frac = 1.00000E+00  : total fission
   5    MT =     37  Q = -1.78237E+01 MeV  Emin = 1.78992E+01 MeV  frac = 1.00000E+00  : (n,4n)
   6    MT =     51  Q = -4.49000E-02 MeV  Emin = 4.50903E-02 MeV  frac = 1.00000E+00  : inelastic scatt. to 1. excited state
   7    MT =     52  Q = -1.48400E-01 MeV  Emin = 1.49029E-01 MeV  frac = 1.00000E+00  : inelastic scatt. to 2. excited state
   8    MT =     53  Q = -3.07200E-01 MeV  Emin = 3.08502E-01 MeV  frac = 1.00000E+00  : inelastic scatt. to 3. excited state
   9    MT =     54  Q = -5.18300E-01 MeV  Emin = 5.20496E-01 MeV  frac = 1.00000E+00  : inelastic scatt. to 4. excited state
  10    MT =     55  Q = -6.80100E-01 MeV  Emin = 6.82982E-01 MeV  frac = 1.00000E+00  : inelastic scatt. to 5. excited state
  11    MT =     56  Q = -7.31900E-01 MeV  Emin = 7.35001E-01 MeV  frac = 1.00000E+00  : inelastic scatt. to 6. excited state
  12    MT =     57  Q = -7.75700E-01 MeV  Emin = 7.78987E-01 MeV  frac = 1.00000E+00  : inelastic scatt. to 7. excited state
  13    MT =     58  Q = -8.26700E-01 MeV  Emin = 8.30203E-01 MeV  frac = 1.00000E+00  : inelastic scatt. to 8. excited state
  14    MT =     59  Q = -9.25700E-01 MeV  Emin = 9.29623E-01 MeV  frac = 1.00000E+00  : inelastic scatt. to 9. excited state
  15    MT =     60  Q = -9.30800E-01 MeV  Emin = 9.34744E-01 MeV  frac = 1.00000E+00  : inelastic scatt. to 10. excited state
  16    MT =     61  Q = -9.50200E-01 MeV  Emin = 9.54226E-01 MeV  frac = 1.00000E+00  : inelastic scatt. to 11. excited state
  17    MT =     62  Q = -9.66300E-01 MeV  Emin = 9.70395E-01 MeV  frac = 1.00000E+00  : inelastic scatt. to 12. excited state
  18    MT =     63  Q = -9.67300E-01 MeV  Emin = 9.71399E-01 MeV  frac = 1.00000E+00  : inelastic scatt. to 13. excited state
  19    MT =     64  Q = -9.93000E-01 MeV  Emin = 9.97208E-01 MeV  frac = 1.00000E+00  : inelastic scatt. to 14. excited state
  20    MT =     65  Q = -9.97500E-01 MeV  Emin = 1.00173E+00 MeV  frac = 1.00000E+00  : inelastic scatt. to 15. excited state
  21    MT =     66  Q = -1.03730E+00 MeV  Emin = 1.04170E+00 MeV  frac = 1.00000E+00  : inelastic scatt. to 16. excited state
  22    MT =     67  Q = -1.05660E+00 MeV  Emin = 1.06108E+00 MeV  frac = 1.00000E+00  : inelastic scatt. to 17. excited state
  23    MT =     68  Q = -1.05950E+00 MeV  Emin = 1.06399E+00 MeV  frac = 1.00000E+00  : inelastic scatt. to 18. excited state
  24    MT =     69  Q = -1.06030E+00 MeV  Emin = 1.06479E+00 MeV  frac = 1.00000E+00  : inelastic scatt. to 19. excited state
  25    MT =     70  Q = -1.07650E+00 MeV  Emin = 1.08106E+00 MeV  frac = 1.00000E+00  : inelastic scatt. to 20. excited state
  26    MT =     71  Q = -1.10570E+00 MeV  Emin = 1.11039E+00 MeV  frac = 1.00000E+00  : inelastic scatt. to 21. excited state
  27    MT =     72  Q = -1.17000E+00 MeV  Emin = 1.17496E+00 MeV  frac = 1.00000E+00  : inelastic scatt. to 22. excited state
  28    MT =     73  Q = -1.25000E+00 MeV  Emin = 1.25530E+00 MeV  frac = 1.00000E+00  : inelastic scatt. to 23. excited state
  29    MT =     74  Q = -1.44000E+00 MeV  Emin = 1.44610E+00 MeV  frac = 1.00000E+00  : inelastic scatt. to 24. excited state
  30    MT =     75  Q = -1.59000E+00 MeV  Emin = 1.59674E+00 MeV  frac = 1.00000E+00  : inelastic scatt. to 25. excited state
  31    MT =     76  Q = -1.75000E+00 MeV  Emin = 1.75742E+00 MeV  frac = 1.00000E+00  : inelastic scatt. to 26. excited state
  32    MT =     77  Q = -1.85000E+00 MeV  Emin = 1.85784E+00 MeV  frac = 1.00000E+00  : inelastic scatt. to 27. excited state
  33    MT =     78  Q = -1.95000E+00 MeV  Emin = 1.95826E+00 MeV  frac = 1.00000E+00  : inelastic scatt. to 28. excited state
  34    MT =     79  Q = -2.15000E+00 MeV  Emin = 2.15911E+00 MeV  frac = 1.00000E+00  : inelastic scatt. to 29. excited state
  35    MT =     80  Q = -2.30000E+00 MeV  Emin = 2.30975E+00 MeV  frac = 1.00000E+00  : inelastic scatt. to 30. excited state
  36    MT =     81  Q = -2.39000E+00 MeV  Emin = 2.40013E+00 MeV  frac = 1.00000E+00  : inelastic scatt. to 31. excited state
  37    MT =     82  Q = -2.49280E+00 MeV  Emin = 2.50336E+00 MeV  frac = 1.00000E+00  : inelastic scatt. to 32. excited state
  38    MT =     83  Q = -2.94000E+00 MeV  Emin = 2.95246E+00 MeV  frac = 1.00000E+00  : inelastic scatt. to 33. excited state
  39    MT =     84  Q = -3.18900E+00 MeV  Emin = 3.20251E+00 MeV  frac = 1.00000E+00  : inelastic scatt. to 34. excited state
  40    MT =     85  Q = -3.38800E+00 MeV  Emin = 3.40236E+00 MeV  frac = 1.00000E+00  : inelastic scatt. to 35. excited state
  41    MT =     86  Q = -3.53800E+00 MeV  Emin = 3.55299E+00 MeV  frac = 1.00000E+00  : inelastic scatt. to 36. excited state
  42    MT =     87  Q = -3.63700E+00 MeV  Emin = 3.65241E+00 MeV  frac = 1.00000E+00  : inelastic scatt. to 37. excited state
  43    MT =     88  Q = -3.73700E+00 MeV  Emin = 3.75284E+00 MeV  frac = 1.00000E+00  : inelastic scatt. to 38. excited state
  44    MT =     89  Q = -3.83700E+00 MeV  Emin = 3.85326E+00 MeV  frac = 1.00000E+00  : inelastic scatt. to 39. excited state
  45    MT =     90  Q = -3.90900E+00 MeV  Emin = 3.92556E+00 MeV  frac = 1.00000E+00  : inelastic scatt. to 40. excited state
  46    MT =     91  Q = -1.11260E+00 MeV  Emin = 1.11732E+00 MeV  frac = 1.00000E+00  : inelastic scattering to continuum
  47    MT =    102  Q =  4.80650E+00 MeV  Emin = 1.00000E-11 MeV  frac = 1.00000E+00  : (n,gamma)

 1 special reaction:

   1    MT =      4  Q =  0.00000E+00 MeV  Emin = 4.50903E-02 MeV  : total inelastic scattering

 --- Table  1: Summary of material compositions: 

 3 materials included in calculation


Material "fuel":

 - Material is included in majorant
 - Material is included in geometry
 - Atom density 8.1034E-02 1/barn*cm
 - Mass density 5.0100E+00 g/cm3
 - Volume 4.7520E+40 cm3
 - Mass 2.3808E+41 g
 - Photon emission rate 0.0000E+00 1/s
 - Neutron emission rate 0.0000E+00 1/s
 - 5 nuclides in composition
 - No nuclides associated with S(a,b) data
 - 5.46 Mb of memory allocated for data

Isotopic composition (non-zero densities):

-------------------------------------------------------------------
 Nuclide    a. weight   temp      a. dens      a. frac      m. frac
-------------------------------------------------------------------
  3006.09c    6.01507  923.0  1.21282E-06  1.49668E-05  2.41800E-06    
  3007.09c    7.01600  923.0  2.07950E-02  2.56620E-01  4.83578E-02    
  9019.09c   18.99820  923.0  5.23495E-02  6.46020E-01  3.29643E-01    
 92235.09c  235.04395  923.0  3.99200E-04  4.92634E-03  3.10998E-02    
 92238.09c  238.05078  923.0  7.48900E-03  9.24181E-02  5.90897E-01    
       sum                    8.10339E-02  1.00000E+00  1.00000E+00
-------------------------------------------------------------------

Material "zrh":

 - Material is included in majorant
 - Material is included in geometry
 - Atom density 9.7597E-02 1/barn*cm
 - Mass density 5.6600E+00 g/cm3
 - Volume 5.6172E+03 cm3
 - Mass 3.1794E+04 g
 - Photon emission rate 0.0000E+00 1/s
 - Neutron emission rate 0.0000E+00 1/s
 - 7 nuclides in composition
 - No nuclides associated with S(a,b) data
 - 3.12 Mb of memory allocated for data

Isotopic composition (non-zero densities):

-------------------------------------------------------------------
 Nuclide    a. weight   temp      a. dens      a. frac      m. frac
-------------------------------------------------------------------
 40090.09c   89.90473  923.0  1.88774E-02  1.93421E-01  4.97925E-01    
 40091.09c   90.90563  923.0  4.11688E-03  4.21823E-02  1.09799E-01    
 40092.09c   91.90501  923.0  6.29249E-03  6.44739E-02  1.69668E-01    
 40094.09c   93.90631  923.0  6.37689E-03  6.53387E-02  1.75688E-01    
 40096.09c   95.90830  923.0  1.02735E-03  1.05264E-02  2.89077E-02    
  1001.09c    1.00782  923.0  6.08993E-02  6.23986E-01  1.80068E-02    
  1002.09c    2.01410  923.0  7.00422E-06  7.17665E-05  4.13886E-06    
       sum                    9.75973E-02  1.00000E+00  1.00000E+00
-------------------------------------------------------------------

Material "sic":

 - Material is included in majorant
 - Material is included in geometry
 - Atom density 9.6443E-02 1/barn*cm
 - Mass density 3.2100E+00 g/cm3
 - Volume 1.0194E+03 cm3
 - Mass 3.2722E+03 g
 - Photon emission rate 0.0000E+00 1/s
 - Neutron emission rate 0.0000E+00 1/s
 - 2 nuclides in composition
 - No nuclides associated with S(a,b) data
 - 3.12 Mb of memory allocated for data

Isotopic composition (non-zero densities):

-------------------------------------------------------------------
 Nuclide    a. weight   temp      a. dens      a. frac      m. frac
-------------------------------------------------------------------
 14000.09c   28.08557  923.0  4.82236E-02  5.00021E-01  7.00639E-01    
  6000.09c   12.00110  923.0  4.82196E-02  4.99979E-01  2.99361E-01    
       sum                    9.64432E-02  1.00000E+00  1.00000E+00
-------------------------------------------------------------------
