
 --- Table  1: Summary of nuclide data: 

 Data for 13 nuclides included in calculation:

 - 13 Transport nuclides
 - No dosimetry nuclides
 - No decay nuclides
 - 476 reaction channels
 - 51 special reactions
 - No transmutation reactions
 - No transmutation branch reactions
 - No decay reactions
 - No decay branch reactions
 - All reaction linked to target

 Columns:

  1. Index
  2. Level (first occurence in transmutation paths)
  3. Name (nuclide identifier data)
  4. Library ID
  5. Primary data type: TRA = transport
                        DOS = dosimetry
                        SAB = thermal scattering
                        DEC = only decay data
                        STR = only structural data (mass)
                        PHO = photon interaction data
  6. Z (atomic number)
  7. A (isotope number)
  8. I (isomeric state)
  9. Atomic weight
 10. Temperature (in Kelvin)
 11. Decay constant (1/s)
 12. Flags: I - nuclide is present in initial composition
            B - nuclide is involved in burnup calculation
            A - nuclide is produced as activation product
            D - nuclide is produced as decay product
            F - nuclide is produced as fission product
            B - nuclide is produced in decay or transmutation branching
            T - nuclide has neutron transport cross section data
            S - nuclide has S(a,b) data
            I - nuclide has isomeric branching reactions
            F - nuclide is fissile
            P - nuclide is a delayed neutron precursor
            D - nuclide has delayed neutron data
            U - nuclide has uses ures ptable data
            T - nuclide cross sections are adjusted by TMS
            D - nuclide has dosimetry cross section data
            R - nuclide has radioactive decay data
            N - nuclide has neutron-induced fission yield data
            S - nuclide has spontaneous fission yield data
            P - nuclide has photon transport cross section data
            T - nuclide has supplementary transmutation cross section data

    1   0  3006.09c      09c  TRA    3   6 0    6.01507   900.0          N/A  IB----T-------------  lithium 6 (Li-6)
    2   0  3007.09c      09c  TRA    3   7 0    7.01600   900.0          N/A  IB----T-------------  lithium 7 (Li-7)
    3   0  4009.09c      09c  TRA    4   9 0    9.01220   900.0          N/A  IB----T-------------  beryllium 9 (Be-9)
    4   0  6012.09c      09c  TRA    6  12 0   11.99999   908.0          N/A  I-----T-------------  carbon 12 (C-12)
    5   0  6012.09s      09s  TRA    6  12 0   11.99999   908.0          N/A  I-----TS------------  carbon 12 (C-12)
    6   0  9019.09c      09c  TRA    9  19 0   18.99820   900.0          N/A  IB----T-------------  fluorine 19 (F-19)
    7   0  24000.06c     06c  TRA   24   0 0   51.99587   600.0          N/A  I-----T-------------  natural chromium (Cr-nat)
    8   0  26000.06c     06c  TRA   26   0 0   55.84675   600.0          N/A  I-----T-------------  natural iron (Fe-nat)
    9   0  28000.06c     06c  TRA   28   0 0   58.68796   600.0          N/A  I-----T-------------  natural nickel (Ni-nat)
   10   0  42000.06c     06c  TRA   42   0 0   95.94017   600.0          N/A  I-----T-------------  natural molybdenum (Mo-nat)
   11   0  90232.09c     09c  TRA   90 232 0  232.03833   900.0          N/A  IB----T--F-D--------  thorium 232 (Th-232)
   12   0  92233.09c     09c  TRA   92 233 0  233.03964   900.0          N/A  IB----T--F-D--------  uranium 233 (U-233)
   13   0  94239.09c     09c  TRA   94 239 0  239.05218   900.0          N/A  IB----T--F-D--------  plutonium 239 (Pu-239)

 --- Table  2: Reaction and decay data: 

 Nuclide    1 / 13 : 3006.09c -- lithium 6 (Li-6)

 Pointers                     : 424753 3218
 Primary type                 : Transport
 Nuclide ZAI                  : 30060
 Library ID                   : 09c
 Cross section data file      : /home/andrei2/serpent/xsdata/endfb7/acedata/3006ENDF7.ace
 Atomic weight (AW)           : 6.01507
 Atomic weight ratio (AWR)    : 5.96340
 Temperature                  : 900.0 Kelvin
 XS temperature               : 900.0 Kelvin
 Minimum and maximum energy   : 1.00000E-11 2.00000E+01
 Half-life                    : N/A
 Specific ingestion toxicity  : N/A
 Specific inhalation toxicity : N/A

 - Nuclide is present in initial composition
 - Nuclide is not produced in transmustation
 - Nuclide is not produced in decay
 - Nuclide is not produced in fission
 - Nuclide has neutron transport data
 - Nuclide has no photon transport data
 - Nuclide has no S(a,b) data
 - Nuclide has no isomeric branching data
 - Nuclide is not fissile
 - Nuclide is not a delayed neutron precursor
 - Nuclide has no delayed neutron data
 - Nuclide has no ures ptable data
 - Nuclide temperature is not adjusted with TMS
 - Nuclide has no dosimetry data
 - Nuclide has no decay data
 - Nuclide has no supplementary transmutation cross section data
 - Nuclide has no NFY data
 - Nuclide has no SFY data

 - 36 reaction channels
 - 5 special reactions
 - No transmutation reactions
 - No transmutation branch reactions
 - No decay reactions
 - No decay branch reactions
 - No transmutation paths

 36 reactions channel:

   1    MT =      2  Q =  0.00000E+00 MeV  Emin = 1.00000E-11 MeV  frac = 1.00000E+00  Product nuclide = self          : elastic scattering
   2    MT =     24  Q = -3.69800E+00 MeV  Emin = 4.31812E+00 MeV  frac = 1.00000E+00  Product nuclide = cut: H-1      : (n,2nalpha)
   3    MT =     51  Q = -1.50000E+00 MeV  Emin = 1.75154E+00 MeV  frac = 1.00000E+00  Product nuclide = self          : inelastic scatt. to 1. excited state
   4    MT =     52  Q = -2.00000E+00 MeV  Emin = 2.33540E+00 MeV  frac = 1.00000E+00  Product nuclide = self          : inelastic scatt. to 2. excited state
   5    MT =     53  Q = -2.18500E+00 MeV  Emin = 2.55140E+00 MeV  frac = 1.00000E+00  Product nuclide = self          : inelastic scatt. to 3. excited state
   6    MT =     54  Q = -2.50000E+00 MeV  Emin = 2.91922E+00 MeV  frac = 1.00000E+00  Product nuclide = self          : inelastic scatt. to 4. excited state
   7    MT =     55  Q = -3.00000E+00 MeV  Emin = 3.50310E+00 MeV  frac = 1.00000E+00  Product nuclide = self          : inelastic scatt. to 5. excited state
   8    MT =     56  Q = -3.50000E+00 MeV  Emin = 4.08692E+00 MeV  frac = 1.00000E+00  Product nuclide = self          : inelastic scatt. to 6. excited state
   9    MT =     57  Q = -3.56200E+00 MeV  Emin = 4.15931E+00 MeV  frac = 1.00000E+00  Product nuclide = self          : inelastic scatt. to 7. excited state
  10    MT =     58  Q = -4.00000E+00 MeV  Emin = 4.67080E+00 MeV  frac = 1.00000E+00  Product nuclide = self          : inelastic scatt. to 8. excited state
  11    MT =     59  Q = -4.50000E+00 MeV  Emin = 5.25460E+00 MeV  frac = 1.00000E+00  Product nuclide = self          : inelastic scatt. to 9. excited state
  12    MT =     60  Q = -5.00000E+00 MeV  Emin = 5.83845E+00 MeV  frac = 1.00000E+00  Product nuclide = self          : inelastic scatt. to 10. excited state
  13    MT =     61  Q = -5.50000E+00 MeV  Emin = 6.42230E+00 MeV  frac = 1.00000E+00  Product nuclide = self          : inelastic scatt. to 11. excited state
  14    MT =     62  Q = -6.00000E+00 MeV  Emin = 7.00614E+00 MeV  frac = 1.00000E+00  Product nuclide = self          : inelastic scatt. to 12. excited state
  15    MT =     63  Q = -6.50000E+00 MeV  Emin = 7.59000E+00 MeV  frac = 1.00000E+00  Product nuclide = self          : inelastic scatt. to 13. excited state
  16    MT =     64  Q = -7.00000E+00 MeV  Emin = 8.17383E+00 MeV  frac = 1.00000E+00  Product nuclide = self          : inelastic scatt. to 14. excited state
  17    MT =     65  Q = -7.50000E+00 MeV  Emin = 8.75770E+00 MeV  frac = 1.00000E+00  Product nuclide = self          : inelastic scatt. to 15. excited state
  18    MT =     66  Q = -8.00000E+00 MeV  Emin = 9.34152E+00 MeV  frac = 1.00000E+00  Product nuclide = self          : inelastic scatt. to 16. excited state
  19    MT =     67  Q = -8.50000E+00 MeV  Emin = 9.92536E+00 MeV  frac = 1.00000E+00  Product nuclide = self          : inelastic scatt. to 17. excited state
  20    MT =     68  Q = -9.00000E+00 MeV  Emin = 1.05092E+01 MeV  frac = 1.00000E+00  Product nuclide = self          : inelastic scatt. to 18. excited state
  21    MT =     69  Q = -9.50000E+00 MeV  Emin = 1.10931E+01 MeV  frac = 1.00000E+00  Product nuclide = self          : inelastic scatt. to 19. excited state
  22    MT =     70  Q = -1.00000E+01 MeV  Emin = 1.16770E+01 MeV  frac = 1.00000E+00  Product nuclide = self          : inelastic scatt. to 20. excited state
  23    MT =     71  Q = -1.05000E+01 MeV  Emin = 1.22610E+01 MeV  frac = 1.00000E+00  Product nuclide = self          : inelastic scatt. to 21. excited state
  24    MT =     72  Q = -1.10000E+01 MeV  Emin = 1.28450E+01 MeV  frac = 1.00000E+00  Product nuclide = self          : inelastic scatt. to 22. excited state
  25    MT =     73  Q = -1.15000E+01 MeV  Emin = 1.34284E+01 MeV  frac = 1.00000E+00  Product nuclide = self          : inelastic scatt. to 23. excited state
  26    MT =     74  Q = -1.20000E+01 MeV  Emin = 1.40123E+01 MeV  frac = 1.00000E+00  Product nuclide = self          : inelastic scatt. to 24. excited state
  27    MT =     75  Q = -1.25000E+01 MeV  Emin = 1.45961E+01 MeV  frac = 1.00000E+00  Product nuclide = self          : inelastic scatt. to 25. excited state
  28    MT =     76  Q = -1.30000E+01 MeV  Emin = 1.51800E+01 MeV  frac = 1.00000E+00  Product nuclide = self          : inelastic scatt. to 26. excited state
  29    MT =     77  Q = -1.35000E+01 MeV  Emin = 1.57640E+01 MeV  frac = 1.00000E+00  Product nuclide = self          : inelastic scatt. to 27. excited state
  30    MT =     78  Q = -1.40000E+01 MeV  Emin = 1.63480E+01 MeV  frac = 1.00000E+00  Product nuclide = self          : inelastic scatt. to 28. excited state
  31    MT =     79  Q = -1.45000E+01 MeV  Emin = 1.69315E+01 MeV  frac = 1.00000E+00  Product nuclide = self          : inelastic scatt. to 29. excited state
  32    MT =     80  Q = -1.50000E+01 MeV  Emin = 1.75154E+01 MeV  frac = 1.00000E+00  Product nuclide = self          : inelastic scatt. to 30. excited state
  33    MT =     81  Q = -1.55000E+01 MeV  Emin = 1.80992E+01 MeV  frac = 1.00000E+00  Product nuclide = self          : inelastic scatt. to 31. excited state
  34    MT =    102  Q =  7.25060E+00 MeV  Emin = 1.00000E-11 MeV  frac = 1.00000E+00  Product nuclide = cut: Li-7     : (n,gamma)
  35    MT =    103  Q = -2.72730E+00 MeV  Emin = 3.18464E+00 MeV  frac = 1.00000E+00  Product nuclide = cut: He-6     : (n,p)
  36    MT =    105  Q =  4.78380E+00 MeV  Emin = 1.00000E-11 MeV  frac = 1.00000E+00  Product nuclide = cut: He-4     : (n,t)

 5 special reactions:

   1    MT =    203  Q =  0.00000E+00 MeV  Emin = 3.18460E+00 MeV  : total proton production
   2    MT =    204  Q =  0.00000E+00 MeV  Emin = 1.75154E+00 MeV  : total deuteron production
   3    MT =    205  Q =  0.00000E+00 MeV  Emin = 1.00000E-11 MeV  : total triton production
   4    MT =    207  Q =  0.00000E+00 MeV  Emin = 1.00000E-11 MeV  : total alpha production
   5    MT =      4  Q =  0.00000E+00 MeV  Emin = 1.75154E+00 MeV  : total inelastic scattering

 Nuclide    2 / 13 : 3007.09c -- lithium 7 (Li-7)

 Pointers                     : 421550 3494
 Primary type                 : Transport
 Nuclide ZAI                  : 30070
 Library ID                   : 09c
 Cross section data file      : /home/andrei2/serpent/xsdata/endfb7/acedata/3007ENDF7.ace
 Atomic weight (AW)           : 7.01600
 Atomic weight ratio (AWR)    : 6.95573
 Temperature                  : 900.0 Kelvin
 XS temperature               : 900.0 Kelvin
 Minimum and maximum energy   : 1.00000E-11 2.00000E+01
 Half-life                    : N/A
 Specific ingestion toxicity  : N/A
 Specific inhalation toxicity : N/A

 - Nuclide is present in initial composition
 - Nuclide is not produced in transmustation
 - Nuclide is not produced in decay
 - Nuclide is not produced in fission
 - Nuclide has neutron transport data
 - Nuclide has no photon transport data
 - Nuclide has no S(a,b) data
 - Nuclide has no isomeric branching data
 - Nuclide is not fissile
 - Nuclide is not a delayed neutron precursor
 - Nuclide has no delayed neutron data
 - Nuclide has no ures ptable data
 - Nuclide temperature is not adjusted with TMS
 - Nuclide has no dosimetry data
 - Nuclide has no decay data
 - Nuclide has no supplementary transmutation cross section data
 - Nuclide has no NFY data
 - Nuclide has no SFY data

 - 38 reaction channels
 - 5 special reactions
 - No transmutation reactions
 - No transmutation branch reactions
 - No decay reactions
 - No decay branch reactions
 - No transmutation paths

 38 reactions channel:

   1    MT =      2  Q =  0.00000E+00 MeV  Emin = 1.00000E-11 MeV  frac = 1.00000E+00  Product nuclide = self          : elastic scattering
   2    MT =     16  Q = -7.25050E+00 MeV  Emin = 8.29288E+00 MeV  frac = 1.00000E+00  Product nuclide = cut: Li-6     : (n,2n)
   3    MT =     24  Q = -8.72400E+00 MeV  Emin = 9.97823E+00 MeV  frac = 1.00000E+00  Product nuclide = cut: H-2      : (n,2nalpha)
   4    MT =     25  Q = -1.09486E+01 MeV  Emin = 1.25227E+01 MeV  frac = 1.00000E+00  Product nuclide = cut: H-1      : (n,3nalpha)
   5    MT =     51  Q = -4.77610E-01 MeV  Emin = 5.46277E-01 MeV  frac = 1.00000E+00  Product nuclide = self          : inelastic scatt. to 1. excited state
   6    MT =     52  Q = -2.75000E+00 MeV  Emin = 3.14540E+00 MeV  frac = 1.00000E+00  Product nuclide = self          : inelastic scatt. to 2. excited state
   7    MT =     53  Q = -3.25000E+00 MeV  Emin = 3.71724E+00 MeV  frac = 1.00000E+00  Product nuclide = self          : inelastic scatt. to 3. excited state
   8    MT =     54  Q = -3.75000E+00 MeV  Emin = 4.28913E+00 MeV  frac = 1.00000E+00  Product nuclide = self          : inelastic scatt. to 4. excited state
   9    MT =     55  Q = -4.25000E+00 MeV  Emin = 4.86101E+00 MeV  frac = 1.00000E+00  Product nuclide = self          : inelastic scatt. to 5. excited state
  10    MT =     56  Q = -4.63000E+00 MeV  Emin = 5.29564E+00 MeV  frac = 1.00000E+00  Product nuclide = self          : inelastic scatt. to 6. excited state
  11    MT =     57  Q = -4.75000E+00 MeV  Emin = 5.43290E+00 MeV  frac = 1.00000E+00  Product nuclide = self          : inelastic scatt. to 7. excited state
  12    MT =     58  Q = -5.25000E+00 MeV  Emin = 6.00480E+00 MeV  frac = 1.00000E+00  Product nuclide = self          : inelastic scatt. to 8. excited state
  13    MT =     59  Q = -5.75000E+00 MeV  Emin = 6.57670E+00 MeV  frac = 1.00000E+00  Product nuclide = self          : inelastic scatt. to 9. excited state
  14    MT =     60  Q = -6.25000E+00 MeV  Emin = 7.14854E+00 MeV  frac = 1.00000E+00  Product nuclide = self          : inelastic scatt. to 10. excited state
  15    MT =     61  Q = -6.75000E+00 MeV  Emin = 7.72042E+00 MeV  frac = 1.00000E+00  Product nuclide = self          : inelastic scatt. to 11. excited state
  16    MT =     62  Q = -7.25000E+00 MeV  Emin = 8.29231E+00 MeV  frac = 1.00000E+00  Product nuclide = self          : inelastic scatt. to 12. excited state
  17    MT =     63  Q = -7.75000E+00 MeV  Emin = 8.86420E+00 MeV  frac = 1.00000E+00  Product nuclide = self          : inelastic scatt. to 13. excited state
  18    MT =     64  Q = -8.25000E+00 MeV  Emin = 9.43610E+00 MeV  frac = 1.00000E+00  Product nuclide = self          : inelastic scatt. to 14. excited state
  19    MT =     65  Q = -8.75000E+00 MeV  Emin = 1.00080E+01 MeV  frac = 1.00000E+00  Product nuclide = self          : inelastic scatt. to 15. excited state
  20    MT =     66  Q = -9.25000E+00 MeV  Emin = 1.05800E+01 MeV  frac = 1.00000E+00  Product nuclide = self          : inelastic scatt. to 16. excited state
  21    MT =     67  Q = -9.75000E+00 MeV  Emin = 1.11520E+01 MeV  frac = 1.00000E+00  Product nuclide = self          : inelastic scatt. to 17. excited state
  22    MT =     68  Q = -1.02500E+01 MeV  Emin = 1.17240E+01 MeV  frac = 1.00000E+00  Product nuclide = self          : inelastic scatt. to 18. excited state
  23    MT =     69  Q = -1.07500E+01 MeV  Emin = 1.22955E+01 MeV  frac = 1.00000E+00  Product nuclide = self          : inelastic scatt. to 19. excited state
  24    MT =     70  Q = -1.12500E+01 MeV  Emin = 1.28674E+01 MeV  frac = 1.00000E+00  Product nuclide = self          : inelastic scatt. to 20. excited state
  25    MT =     71  Q = -1.17500E+01 MeV  Emin = 1.34393E+01 MeV  frac = 1.00000E+00  Product nuclide = self          : inelastic scatt. to 21. excited state
  26    MT =     72  Q = -1.22500E+01 MeV  Emin = 1.40112E+01 MeV  frac = 1.00000E+00  Product nuclide = self          : inelastic scatt. to 22. excited state
  27    MT =     73  Q = -1.27500E+01 MeV  Emin = 1.45830E+01 MeV  frac = 1.00000E+00  Product nuclide = self          : inelastic scatt. to 23. excited state
  28    MT =     74  Q = -1.32500E+01 MeV  Emin = 1.51550E+01 MeV  frac = 1.00000E+00  Product nuclide = self          : inelastic scatt. to 24. excited state
  29    MT =     75  Q = -1.37500E+01 MeV  Emin = 1.57270E+01 MeV  frac = 1.00000E+00  Product nuclide = self          : inelastic scatt. to 25. excited state
  30    MT =     76  Q = -1.42500E+01 MeV  Emin = 1.62990E+01 MeV  frac = 1.00000E+00  Product nuclide = self          : inelastic scatt. to 26. excited state
  31    MT =     77  Q = -1.47500E+01 MeV  Emin = 1.68710E+01 MeV  frac = 1.00000E+00  Product nuclide = self          : inelastic scatt. to 27. excited state
  32    MT =     78  Q = -1.52500E+01 MeV  Emin = 1.74425E+01 MeV  frac = 1.00000E+00  Product nuclide = self          : inelastic scatt. to 28. excited state
  33    MT =     79  Q = -1.57500E+01 MeV  Emin = 1.80143E+01 MeV  frac = 1.00000E+00  Product nuclide = self          : inelastic scatt. to 29. excited state
  34    MT =     80  Q = -1.62500E+01 MeV  Emin = 1.85862E+01 MeV  frac = 1.00000E+00  Product nuclide = self          : inelastic scatt. to 30. excited state
  35    MT =     81  Q = -1.67500E+01 MeV  Emin = 1.91581E+01 MeV  frac = 1.00000E+00  Product nuclide = self          : inelastic scatt. to 31. excited state
  36    MT =     82  Q = -1.72500E+01 MeV  Emin = 1.97300E+01 MeV  frac = 1.00000E+00  Product nuclide = self          : inelastic scatt. to 32. excited state
  37    MT =    102  Q =  2.03280E+00 MeV  Emin = 1.00000E-11 MeV  frac = 1.00000E+00  Product nuclide = cut: Li-8     : (n,gamma)
  38    MT =    104  Q = -7.75320E+00 MeV  Emin = 8.86786E+00 MeV  frac = 1.00000E+00  Product nuclide = cut: He-6     : (n,d)

 5 special reactions:

   1    MT =    203  Q =  0.00000E+00 MeV  Emin = 1.25227E+01 MeV  : total proton production
   2    MT =    204  Q =  0.00000E+00 MeV  Emin = 8.86786E+00 MeV  : total deuteron production
   3    MT =    205  Q =  0.00000E+00 MeV  Emin = 3.14540E+00 MeV  : total triton production
   4    MT =    207  Q =  0.00000E+00 MeV  Emin = 3.14540E+00 MeV  : total alpha production
   5    MT =      4  Q =  0.00000E+00 MeV  Emin = 5.46277E-01 MeV  : total inelastic scattering

 Nuclide    3 / 13 : 4009.09c -- beryllium 9 (Be-9)

 Pointers                     : 430501 4046
 Primary type                 : Transport
 Nuclide ZAI                  : 40090
 Library ID                   : 09c
 Cross section data file      : /home/andrei2/serpent/xsdata/endfb7/acedata/4009ENDF7.ace
 Atomic weight (AW)           : 9.01220
 Atomic weight ratio (AWR)    : 8.93478
 Temperature                  : 900.0 Kelvin
 XS temperature               : 900.0 Kelvin
 Minimum and maximum energy   : 1.00000E-11 2.00000E+01
 Half-life                    : N/A
 Specific ingestion toxicity  : N/A
 Specific inhalation toxicity : N/A

 - Nuclide is present in initial composition
 - Nuclide is not produced in transmustation
 - Nuclide is not produced in decay
 - Nuclide is not produced in fission
 - Nuclide has neutron transport data
 - Nuclide has no photon transport data
 - Nuclide has no S(a,b) data
 - Nuclide has no isomeric branching data
 - Nuclide is not fissile
 - Nuclide is not a delayed neutron precursor
 - Nuclide has no delayed neutron data
 - Nuclide has no ures ptable data
 - Nuclide temperature is not adjusted with TMS
 - Nuclide has no dosimetry data
 - Nuclide has no decay data
 - Nuclide has no supplementary transmutation cross section data
 - Nuclide has no NFY data
 - Nuclide has no SFY data

 - 7 reaction channels
 - 9 special reactions
 - No transmutation reactions
 - No transmutation branch reactions
 - No decay reactions
 - No decay branch reactions
 - No transmutation paths

 7 reactions channel:

   1    MT =      2  Q =  0.00000E+00 MeV  Emin = 1.00000E-11 MeV  frac = 1.00000E+00  Product nuclide = self          : elastic scattering
   2    MT =     16  Q = -1.57280E+00 MeV  Emin = 1.74883E+00 MeV  frac = 1.00000E+00  Product nuclide = cut: Be-8     : (n,2n)
   3    MT =    102  Q =  6.81238E+00 MeV  Emin = 1.00000E-11 MeV  frac = 1.00000E+00  Product nuclide = cut: Be-10    : (n,gamma)
   4    MT =    103  Q = -1.28300E+01 MeV  Emin = 1.42660E+01 MeV  frac = 1.00000E+00  Product nuclide = cut: Li-9     : (n,p)
   5    MT =    104  Q = -1.46600E+01 MeV  Emin = 1.63008E+01 MeV  frac = 1.00000E+00  Product nuclide = cut: Li-8     : (n,d)
   6    MT =    105  Q = -1.04400E+01 MeV  Emin = 1.16085E+01 MeV  frac = 1.00000E+00  Product nuclide = cut: Li-7     : (n,t)
   7    MT =    107  Q = -6.00000E-01 MeV  Emin = 6.67153E-01 MeV  frac = 1.00000E+00  Product nuclide = cut: He-6     : (n,alpha)

 9 special reactions:

   1    MT =    203  Q =  0.00000E+00 MeV  Emin = 1.42660E+01 MeV  : total proton production
   2    MT =    204  Q =  0.00000E+00 MeV  Emin = 1.63008E+01 MeV  : total deuteron production
   3    MT =    205  Q =  0.00000E+00 MeV  Emin = 1.16085E+01 MeV  : total triton production
   4    MT =    207  Q =  0.00000E+00 MeV  Emin = 6.67153E-01 MeV  : total alpha production
   5    MT =    600  Q = -1.28300E+01 MeV  Emin = 1.42660E+01 MeV  : (n,p) to ground state
   6    MT =    650  Q = -1.46600E+01 MeV  Emin = 1.63008E+01 MeV  : (n,d) to ground state
   7    MT =    700  Q = -1.04400E+01 MeV  Emin = 1.16085E+01 MeV  : (n,t) to ground state
   8    MT =    701  Q = -1.09180E+01 MeV  Emin = 1.21400E+01 MeV  : (n,t1)
   9    MT =    800  Q = -6.00000E-01 MeV  Emin = 6.67153E-01 MeV  : (n,alpha) to ground state

 Nuclide    4 / 13 : 6012.09c -- carbon 12 (C-12)

 Pointers                     : 442933 4513621
 Primary type                 : Transport
 Nuclide ZAI                  : 60120
 Library ID                   : 09c
 Cross section data file      : /home/andrei2/serpent/xsdata/endfb7/acedata/6012JNDL32.ace
 Atomic weight (AW)           : 11.99999
 Atomic weight ratio (AWR)    : 11.89690
 Temperature                  : 908.0 Kelvin
 XS temperature               : 908.0 Kelvin
 Minimum and maximum energy   : 1.00000E-11 2.00000E+01
 Half-life                    : N/A
 Specific ingestion toxicity  : N/A
 Specific inhalation toxicity : N/A

 - Nuclide is not involved in burnup calculation
 - Nuclide has neutron transport data
 - Nuclide has no photon transport data
 - Nuclide has no S(a,b) data
 - Nuclide has no isomeric branching data
 - Nuclide is not fissile
 - Nuclide is not a delayed neutron precursor
 - Nuclide has no delayed neutron data
 - Nuclide has no ures ptable data
 - Nuclide temperature is not adjusted with TMS
 - Nuclide has no dosimetry data
 - Nuclide has no decay data
 - Nuclide has no supplementary transmutation cross section data
 - Nuclide has no NFY data
 - Nuclide has no SFY data

 - 31 reaction channels
 - 4 special reactions
 - No transmutation reactions
 - No transmutation branch reactions
 - No decay reactions
 - No decay branch reactions
 - No transmutation paths

 31 reactions channel:

   1    MT =      2  Q =  0.00000E+00 MeV  Emin = 1.00000E-11 MeV  frac = 1.00000E+00  : elastic scattering
   2    MT =     51  Q = -4.43909E+00 MeV  Emin = 4.81222E+00 MeV  frac = 1.00000E+00  : inelastic scatt. to 1. excited state
   3    MT =     52  Q = -7.49999E+00 MeV  Emin = 8.13041E+00 MeV  frac = 1.00000E+00  : inelastic scatt. to 2. excited state
   4    MT =     53  Q = -7.64999E+00 MeV  Emin = 8.29302E+00 MeV  frac = 1.00000E+00  : inelastic scatt. to 3. excited state
   5    MT =     54  Q = -7.99999E+00 MeV  Emin = 8.67244E+00 MeV  frac = 1.00000E+00  : inelastic scatt. to 4. excited state
   6    MT =     55  Q = -8.49999E+00 MeV  Emin = 9.21447E+00 MeV  frac = 1.00000E+00  : inelastic scatt. to 5. excited state
   7    MT =     56  Q = -8.99999E+00 MeV  Emin = 9.75650E+00 MeV  frac = 1.00000E+00  : inelastic scatt. to 6. excited state
   8    MT =     57  Q = -9.49999E+00 MeV  Emin = 1.02985E+01 MeV  frac = 1.00000E+00  : inelastic scatt. to 7. excited state
   9    MT =     58  Q = -9.63999E+00 MeV  Emin = 1.04503E+01 MeV  frac = 1.00000E+00  : inelastic scatt. to 8. excited state
  10    MT =     59  Q = -1.00000E+01 MeV  Emin = 1.08406E+01 MeV  frac = 1.00000E+00  : inelastic scatt. to 9. excited state
  11    MT =     60  Q = -1.05000E+01 MeV  Emin = 1.13826E+01 MeV  frac = 1.00000E+00  : inelastic scatt. to 10. excited state
  12    MT =     61  Q = -1.10000E+01 MeV  Emin = 1.19246E+01 MeV  frac = 1.00000E+00  : inelastic scatt. to 11. excited state
  13    MT =     62  Q = -1.15000E+01 MeV  Emin = 1.24666E+01 MeV  frac = 1.00000E+00  : inelastic scatt. to 12. excited state
  14    MT =     63  Q = -1.20000E+01 MeV  Emin = 1.30087E+01 MeV  frac = 1.00000E+00  : inelastic scatt. to 13. excited state
  15    MT =     64  Q = -1.25000E+01 MeV  Emin = 1.35507E+01 MeV  frac = 1.00000E+00  : inelastic scatt. to 14. excited state
  16    MT =     65  Q = -1.30000E+01 MeV  Emin = 1.40927E+01 MeV  frac = 1.00000E+00  : inelastic scatt. to 15. excited state
  17    MT =     66  Q = -1.35000E+01 MeV  Emin = 1.46348E+01 MeV  frac = 1.00000E+00  : inelastic scatt. to 16. excited state
  18    MT =     67  Q = -1.40000E+01 MeV  Emin = 1.51768E+01 MeV  frac = 1.00000E+00  : inelastic scatt. to 17. excited state
  19    MT =     68  Q = -1.45000E+01 MeV  Emin = 1.57188E+01 MeV  frac = 1.00000E+00  : inelastic scatt. to 18. excited state
  20    MT =     69  Q = -1.50000E+01 MeV  Emin = 1.62608E+01 MeV  frac = 1.00000E+00  : inelastic scatt. to 19. excited state
  21    MT =     70  Q = -1.55000E+01 MeV  Emin = 1.68029E+01 MeV  frac = 1.00000E+00  : inelastic scatt. to 20. excited state
  22    MT =     71  Q = -1.60000E+01 MeV  Emin = 1.73449E+01 MeV  frac = 1.00000E+00  : inelastic scatt. to 21. excited state
  23    MT =     72  Q = -1.65000E+01 MeV  Emin = 1.78869E+01 MeV  frac = 1.00000E+00  : inelastic scatt. to 22. excited state
  24    MT =     73  Q = -1.70000E+01 MeV  Emin = 1.84290E+01 MeV  frac = 1.00000E+00  : inelastic scatt. to 23. excited state
  25    MT =     74  Q = -1.75000E+01 MeV  Emin = 1.89710E+01 MeV  frac = 1.00000E+00  : inelastic scatt. to 24. excited state
  26    MT =     75  Q = -1.80000E+01 MeV  Emin = 1.95130E+01 MeV  frac = 1.00000E+00  : inelastic scatt. to 25. excited state
  27    MT =     91  Q = -7.27481E+00 MeV  Emin = 7.88700E+00 MeV  frac = 1.00000E+00  : inelastic scattering to continuum
  28    MT =    102  Q =  4.94638E+00 MeV  Emin = 1.00000E-11 MeV  frac = 1.00000E+00  : (n,gamma)
  29    MT =    103  Q = -1.25871E+01 MeV  Emin = 1.36451E+01 MeV  frac = 1.00000E+00  : (n,p)
  30    MT =    104  Q = -1.37323E+01 MeV  Emin = 1.48866E+01 MeV  frac = 1.00000E+00  : (n,d)
  31    MT =    107  Q = -5.70150E+00 MeV  Emin = 6.18075E+00 MeV  frac = 1.00000E+00  : (n,alpha)

 4 special reactions:

   1    MT =    203  Q =  0.00000E+00 MeV  Emin = 1.36451E+01 MeV  : total proton production
   2    MT =    204  Q =  0.00000E+00 MeV  Emin = 1.48866E+01 MeV  : total deuteron production
   3    MT =    207  Q =  0.00000E+00 MeV  Emin = 6.18075E+00 MeV  : total alpha production
   4    MT =      4  Q =  0.00000E+00 MeV  Emin = 4.81222E+00 MeV  : total inelastic scattering

 Nuclide    5 / 13 : 6012.09s -- carbon 12 (C-12)

 Pointers                     : 458320 4513621
 Primary type                 : Transport
 Nuclide ZAI                  : 60120
 Library ID                   : 09s
 Cross section data file      : /home/andrei2/serpent/xsdata/endfb7/acedata/6012JNDL32.ace
 Atomic weight (AW)           : 11.99999
 Atomic weight ratio (AWR)    : 11.89690
 Temperature                  : 908.0 Kelvin
 XS temperature               : 908.0 Kelvin
 Minimum and maximum energy   : 1.00000E-11 2.00000E+01
 Half-life                    : N/A
 Specific ingestion toxicity  : N/A
 Specific inhalation toxicity : N/A

 - Nuclide is not involved in burnup calculation
 - Nuclide has neutron transport data
 - Nuclide has no photon transport data
 - Nuclide has inelastic S(a,b) channel between 1.00E-11 and 3.75E-06 MeV
 - Nuclide has elastic S(a,b) channel between 1.82E-09 and 6.58E-07 MeV
 - Nuclide has no isomeric branching data
 - Nuclide is not fissile
 - Nuclide is not a delayed neutron precursor
 - Nuclide has no delayed neutron data
 - Nuclide has no ures ptable data
 - Nuclide temperature is not adjusted with TMS
 - Nuclide has no dosimetry data
 - Nuclide has no decay data
 - Nuclide has no supplementary transmutation cross section data
 - Nuclide has no NFY data
 - Nuclide has no SFY data

 - 33 reaction channels
 - 4 special reactions
 - No transmutation reactions
 - No transmutation branch reactions
 - No decay reactions
 - No decay branch reactions
 - No transmutation paths

 33 reactions channel:

   1    MT =      2  Q =  0.00000E+00 MeV  Emin = 1.00000E-11 MeV  frac = 1.00000E+00  : elastic scattering
   2    MT =     51  Q = -4.43909E+00 MeV  Emin = 4.81222E+00 MeV  frac = 1.00000E+00  : inelastic scatt. to 1. excited state
   3    MT =     52  Q = -7.49999E+00 MeV  Emin = 8.13041E+00 MeV  frac = 1.00000E+00  : inelastic scatt. to 2. excited state
   4    MT =     53  Q = -7.64999E+00 MeV  Emin = 8.29302E+00 MeV  frac = 1.00000E+00  : inelastic scatt. to 3. excited state
   5    MT =     54  Q = -7.99999E+00 MeV  Emin = 8.67244E+00 MeV  frac = 1.00000E+00  : inelastic scatt. to 4. excited state
   6    MT =     55  Q = -8.49999E+00 MeV  Emin = 9.21447E+00 MeV  frac = 1.00000E+00  : inelastic scatt. to 5. excited state
   7    MT =     56  Q = -8.99999E+00 MeV  Emin = 9.75650E+00 MeV  frac = 1.00000E+00  : inelastic scatt. to 6. excited state
   8    MT =     57  Q = -9.49999E+00 MeV  Emin = 1.02985E+01 MeV  frac = 1.00000E+00  : inelastic scatt. to 7. excited state
   9    MT =     58  Q = -9.63999E+00 MeV  Emin = 1.04503E+01 MeV  frac = 1.00000E+00  : inelastic scatt. to 8. excited state
  10    MT =     59  Q = -1.00000E+01 MeV  Emin = 1.08406E+01 MeV  frac = 1.00000E+00  : inelastic scatt. to 9. excited state
  11    MT =     60  Q = -1.05000E+01 MeV  Emin = 1.13826E+01 MeV  frac = 1.00000E+00  : inelastic scatt. to 10. excited state
  12    MT =     61  Q = -1.10000E+01 MeV  Emin = 1.19246E+01 MeV  frac = 1.00000E+00  : inelastic scatt. to 11. excited state
  13    MT =     62  Q = -1.15000E+01 MeV  Emin = 1.24666E+01 MeV  frac = 1.00000E+00  : inelastic scatt. to 12. excited state
  14    MT =     63  Q = -1.20000E+01 MeV  Emin = 1.30087E+01 MeV  frac = 1.00000E+00  : inelastic scatt. to 13. excited state
  15    MT =     64  Q = -1.25000E+01 MeV  Emin = 1.35507E+01 MeV  frac = 1.00000E+00  : inelastic scatt. to 14. excited state
  16    MT =     65  Q = -1.30000E+01 MeV  Emin = 1.40927E+01 MeV  frac = 1.00000E+00  : inelastic scatt. to 15. excited state
  17    MT =     66  Q = -1.35000E+01 MeV  Emin = 1.46348E+01 MeV  frac = 1.00000E+00  : inelastic scatt. to 16. excited state
  18    MT =     67  Q = -1.40000E+01 MeV  Emin = 1.51768E+01 MeV  frac = 1.00000E+00  : inelastic scatt. to 17. excited state
  19    MT =     68  Q = -1.45000E+01 MeV  Emin = 1.57188E+01 MeV  frac = 1.00000E+00  : inelastic scatt. to 18. excited state
  20    MT =     69  Q = -1.50000E+01 MeV  Emin = 1.62608E+01 MeV  frac = 1.00000E+00  : inelastic scatt. to 19. excited state
  21    MT =     70  Q = -1.55000E+01 MeV  Emin = 1.68029E+01 MeV  frac = 1.00000E+00  : inelastic scatt. to 20. excited state
  22    MT =     71  Q = -1.60000E+01 MeV  Emin = 1.73449E+01 MeV  frac = 1.00000E+00  : inelastic scatt. to 21. excited state
  23    MT =     72  Q = -1.65000E+01 MeV  Emin = 1.78869E+01 MeV  frac = 1.00000E+00  : inelastic scatt. to 22. excited state
  24    MT =     73  Q = -1.70000E+01 MeV  Emin = 1.84290E+01 MeV  frac = 1.00000E+00  : inelastic scatt. to 23. excited state
  25    MT =     74  Q = -1.75000E+01 MeV  Emin = 1.89710E+01 MeV  frac = 1.00000E+00  : inelastic scatt. to 24. excited state
  26    MT =     75  Q = -1.80000E+01 MeV  Emin = 1.95130E+01 MeV  frac = 1.00000E+00  : inelastic scatt. to 25. excited state
  27    MT =     91  Q = -7.27481E+00 MeV  Emin = 7.88700E+00 MeV  frac = 1.00000E+00  : inelastic scattering to continuum
  28    MT =    102  Q =  4.94638E+00 MeV  Emin = 1.00000E-11 MeV  frac = 1.00000E+00  : (n,gamma)
  29    MT =    103  Q = -1.25871E+01 MeV  Emin = 1.36451E+01 MeV  frac = 1.00000E+00  : (n,p)
  30    MT =    104  Q = -1.37323E+01 MeV  Emin = 1.48866E+01 MeV  frac = 1.00000E+00  : (n,d)
  31    MT =    107  Q = -5.70150E+00 MeV  Emin = 6.18075E+00 MeV  frac = 1.00000E+00  : (n,alpha)
  32    MT =   1004  Q =  0.00000E+00 MeV  Emin = 1.00000E-11 MeV  frac = 1.00000E+00  : S(a,b) inelastic scattering
  33    MT =   1002  Q =  0.00000E+00 MeV  Emin = 1.82233E-09 MeV  frac = 1.00000E+00  : S(a,b) elastic scattering

 4 special reactions:

   1    MT =    203  Q =  0.00000E+00 MeV  Emin = 1.36451E+01 MeV  : total proton production
   2    MT =    204  Q =  0.00000E+00 MeV  Emin = 1.48866E+01 MeV  : total deuteron production
   3    MT =    207  Q =  0.00000E+00 MeV  Emin = 6.18075E+00 MeV  : total alpha production
   4    MT =      4  Q =  0.00000E+00 MeV  Emin = 4.81222E+00 MeV  : total inelastic scattering

 Nuclide    6 / 13 : 9019.09c -- fluorine 19 (F-19)

 Pointers                     : 427807 6530
 Primary type                 : Transport
 Nuclide ZAI                  : 90190
 Library ID                   : 09c
 Cross section data file      : /home/andrei2/serpent/xsdata/endfb7/acedata/9019ENDF7.ace
 Atomic weight (AW)           : 18.99820
 Atomic weight ratio (AWR)    : 18.83500
 Temperature                  : 900.0 Kelvin
 XS temperature               : 900.0 Kelvin
 Minimum and maximum energy   : 1.00000E-11 2.00000E+01
 Half-life                    : N/A
 Specific ingestion toxicity  : N/A
 Specific inhalation toxicity : N/A

 - Nuclide is present in initial composition
 - Nuclide is not produced in transmustation
 - Nuclide is not produced in decay
 - Nuclide is not produced in fission
 - Nuclide has neutron transport data
 - Nuclide has no photon transport data
 - Nuclide has no S(a,b) data
 - Nuclide has no isomeric branching data
 - Nuclide is not fissile
 - Nuclide is not a delayed neutron precursor
 - Nuclide has no delayed neutron data
 - Nuclide has no ures ptable data
 - Nuclide temperature is not adjusted with TMS
 - Nuclide has no dosimetry data
 - Nuclide has no decay data
 - Nuclide has no supplementary transmutation cross section data
 - Nuclide has no NFY data
 - Nuclide has no SFY data

 - 31 reaction channels
 - 5 special reactions
 - No transmutation reactions
 - No transmutation branch reactions
 - No decay reactions
 - No decay branch reactions
 - No transmutation paths

 31 reactions channel:

   1    MT =      2  Q =  0.00000E+00 MeV  Emin = 1.00000E-11 MeV  frac = 1.00000E+00  Product nuclide = self          : elastic scattering
   2    MT =     16  Q = -1.04310E+01 MeV  Emin = 1.10000E+01 MeV  frac = 1.00000E+00  Product nuclide = cut: F-18     : (n,2n)
   3    MT =     22  Q = -4.01290E+00 MeV  Emin = 4.22600E+00 MeV  frac = 1.00000E+00  Product nuclide = cut: N-15     : (n,nalpha)
   4    MT =     28  Q = -7.99300E+00 MeV  Emin = 8.41740E+00 MeV  frac = 1.00000E+00  Product nuclide = cut: O-18     : (n,np)
   5    MT =     51  Q = -1.09900E-01 MeV  Emin = 1.15840E-01 MeV  frac = 1.00000E+00  Product nuclide = self          : inelastic scatt. to 1. excited state
   6    MT =     52  Q = -1.97000E-01 MeV  Emin = 2.07460E-01 MeV  frac = 1.00000E+00  Product nuclide = self          : inelastic scatt. to 2. excited state
   7    MT =     53  Q = -1.34600E+00 MeV  Emin = 1.41750E+00 MeV  frac = 1.00000E+00  Product nuclide = self          : inelastic scatt. to 3. excited state
   8    MT =     54  Q = -1.45900E+00 MeV  Emin = 1.53650E+00 MeV  frac = 1.00000E+00  Product nuclide = self          : inelastic scatt. to 4. excited state
   9    MT =     55  Q = -1.55400E+00 MeV  Emin = 1.63651E+00 MeV  frac = 1.00000E+00  Product nuclide = self          : inelastic scatt. to 5. excited state
  10    MT =     56  Q = -2.78000E+00 MeV  Emin = 2.92760E+00 MeV  frac = 1.00000E+00  Product nuclide = self          : inelastic scatt. to 6. excited state
  11    MT =     57  Q = -3.90700E+00 MeV  Emin = 4.11443E+00 MeV  frac = 1.00000E+00  Product nuclide = self          : inelastic scatt. to 7. excited state
  12    MT =     58  Q = -3.99900E+00 MeV  Emin = 4.21132E+00 MeV  frac = 1.00000E+00  Product nuclide = self          : inelastic scatt. to 8. excited state
  13    MT =     59  Q = -4.03200E+00 MeV  Emin = 4.24610E+00 MeV  frac = 1.00000E+00  Product nuclide = self          : inelastic scatt. to 9. excited state
  14    MT =     60  Q = -4.37800E+00 MeV  Emin = 4.61044E+00 MeV  frac = 1.00000E+00  Product nuclide = self          : inelastic scatt. to 10. excited state
  15    MT =     61  Q = -4.54900E+00 MeV  Emin = 4.79052E+00 MeV  frac = 1.00000E+00  Product nuclide = self          : inelastic scatt. to 11. excited state
  16    MT =     62  Q = -4.55800E+00 MeV  Emin = 4.80000E+00 MeV  frac = 1.00000E+00  Product nuclide = self          : inelastic scatt. to 12. excited state
  17    MT =     63  Q = -4.64800E+00 MeV  Emin = 4.89480E+00 MeV  frac = 1.00000E+00  Product nuclide = self          : inelastic scatt. to 13. excited state
  18    MT =     64  Q = -4.68300E+00 MeV  Emin = 4.93163E+00 MeV  frac = 1.00000E+00  Product nuclide = self          : inelastic scatt. to 14. excited state
  19    MT =     65  Q = -5.10600E+00 MeV  Emin = 5.37710E+00 MeV  frac = 1.00000E+00  Product nuclide = self          : inelastic scatt. to 15. excited state
  20    MT =     66  Q = -5.36600E+00 MeV  Emin = 5.65090E+00 MeV  frac = 1.00000E+00  Product nuclide = self          : inelastic scatt. to 16. excited state
  21    MT =     67  Q = -5.43000E+00 MeV  Emin = 5.71830E+00 MeV  frac = 1.00000E+00  Product nuclide = self          : inelastic scatt. to 17. excited state
  22    MT =     68  Q = -5.46400E+00 MeV  Emin = 5.75410E+00 MeV  frac = 1.00000E+00  Product nuclide = self          : inelastic scatt. to 18. excited state
  23    MT =     69  Q = -5.49900E+00 MeV  Emin = 5.79100E+00 MeV  frac = 1.00000E+00  Product nuclide = self          : inelastic scatt. to 19. excited state
  24    MT =     70  Q = -5.54000E+00 MeV  Emin = 5.83413E+00 MeV  frac = 1.00000E+00  Product nuclide = self          : inelastic scatt. to 20. excited state
  25    MT =     71  Q = -5.62100E+00 MeV  Emin = 5.91944E+00 MeV  frac = 1.00000E+00  Product nuclide = self          : inelastic scatt. to 21. excited state
  26    MT =     91  Q = -5.64000E+00 MeV  Emin = 5.93944E+00 MeV  frac = 1.00000E+00  Product nuclide = self          : inelastic scattering to continuum
  27    MT =    102  Q =  6.60130E+00 MeV  Emin = 1.00000E-11 MeV  frac = 1.00000E+00  Product nuclide = cut: F-20     : (n,gamma)
  28    MT =    103  Q = -4.03600E+00 MeV  Emin = 4.25030E+00 MeV  frac = 1.00000E+00  Product nuclide = cut: O-19     : (n,p)
  29    MT =    104  Q = -5.76800E+00 MeV  Emin = 7.00000E+00 MeV  frac = 1.00000E+00  Product nuclide = cut: O-18     : (n,d)
  30    MT =    105  Q = -7.55700E+00 MeV  Emin = 9.50000E+00 MeV  frac = 1.00000E+00  Product nuclide = cut: O-17     : (n,t)
  31    MT =    107  Q = -1.52300E+00 MeV  Emin = 1.60390E+00 MeV  frac = 1.00000E+00  Product nuclide = cut: N-16     : (n,alpha)

 5 special reactions:

   1    MT =    203  Q =  0.00000E+00 MeV  Emin = 4.25030E+00 MeV  : total proton production
   2    MT =    204  Q =  0.00000E+00 MeV  Emin = 6.99870E+00 MeV  : total deuteron production
   3    MT =    205  Q =  0.00000E+00 MeV  Emin = 9.50000E+00 MeV  : total triton production
   4    MT =    207  Q =  0.00000E+00 MeV  Emin = 1.60390E+00 MeV  : total alpha production
   5    MT =      4  Q =  0.00000E+00 MeV  Emin = 1.15840E-01 MeV  : total inelastic scattering

 Nuclide    7 / 13 : 24000.06c -- natural chromium (Cr-nat)

 Pointers                     : 450439 18628
 Primary type                 : Transport
 Nuclide ZAI                  : 240000
 Library ID                   : 06c
 Cross section data file      : /home/andrei2/serpent/xsdata/endfb7/acedata/24000JNDL32.ace
 Atomic weight (AW)           : 51.99587
 Atomic weight ratio (AWR)    : 51.54920
 Temperature                  : 600.0 Kelvin
 XS temperature               : 600.0 Kelvin
 Minimum and maximum energy   : 1.00000E-11 2.00000E+01
 Half-life                    : N/A
 Specific ingestion toxicity  : N/A
 Specific inhalation toxicity : N/A

 - Nuclide is not involved in burnup calculation
 - Nuclide has neutron transport data
 - Nuclide has no photon transport data
 - Nuclide has no S(a,b) data
 - Nuclide has no isomeric branching data
 - Nuclide is not fissile
 - Nuclide is not a delayed neutron precursor
 - Nuclide has no delayed neutron data
 - Nuclide has no ures ptable data
 - Nuclide temperature is not adjusted with TMS
 - Nuclide has no dosimetry data
 - Nuclide has no decay data
 - Nuclide has no supplementary transmutation cross section data
 - Nuclide has no NFY data
 - Nuclide has no SFY data

 - 48 reaction channels
 - 3 special reactions
 - No transmutation reactions
 - No transmutation branch reactions
 - No decay reactions
 - No decay branch reactions
 - No transmutation paths

 48 reactions channel:

   1    MT =      2  Q =  0.00000E+00 MeV  Emin = 1.00000E-11 MeV  frac = 1.00000E+00  : elastic scattering
   2    MT =     16  Q = -7.93778E+00 MeV  Emin = 8.09178E+00 MeV  frac = 1.00000E+00  : (n,2n)
   3    MT =     22  Q = -7.91819E+00 MeV  Emin = 8.07181E+00 MeV  frac = 1.00000E+00  : (n,nalpha)
   4    MT =     28  Q = -9.59630E+00 MeV  Emin = 9.78247E+00 MeV  frac = 1.00000E+00  : (n,np)
   5    MT =     51  Q = -5.63808E-01 MeV  Emin = 5.74746E-01 MeV  frac = 1.00000E+00  : inelastic scatt. to 1. excited state
   6    MT =     52  Q = -7.83882E-01 MeV  Emin = 7.99090E-01 MeV  frac = 1.00000E+00  : inelastic scatt. to 2. excited state
   7    MT =     53  Q = -8.34294E-01 MeV  Emin = 8.50480E-01 MeV  frac = 1.00000E+00  : inelastic scatt. to 3. excited state
   8    MT =     54  Q = -1.00595E+00 MeV  Emin = 1.02547E+00 MeV  frac = 1.00000E+00  : inelastic scatt. to 4. excited state
   9    MT =     55  Q = -1.28906E+00 MeV  Emin = 1.31407E+00 MeV  frac = 1.00000E+00  : inelastic scatt. to 5. excited state
  10    MT =     56  Q = -1.43398E+00 MeV  Emin = 1.46180E+00 MeV  frac = 1.00000E+00  : inelastic scatt. to 6. excited state
  11    MT =     57  Q = -1.53608E+00 MeV  Emin = 1.56588E+00 MeV  frac = 1.00000E+00  : inelastic scatt. to 7. excited state
  12    MT =     58  Q = -1.82235E+00 MeV  Emin = 1.85770E+00 MeV  frac = 1.00000E+00  : inelastic scatt. to 8. excited state
  13    MT =     59  Q = -1.88278E+00 MeV  Emin = 1.91931E+00 MeV  frac = 1.00000E+00  : inelastic scatt. to 9. excited state
  14    MT =     60  Q = -1.97283E+00 MeV  Emin = 2.01110E+00 MeV  frac = 1.00000E+00  : inelastic scatt. to 10. excited state
  15    MT =     61  Q = -2.17166E+00 MeV  Emin = 2.21379E+00 MeV  frac = 1.00000E+00  : inelastic scatt. to 11. excited state
  16    MT =     62  Q = -2.23224E+00 MeV  Emin = 2.27554E+00 MeV  frac = 1.00000E+00  : inelastic scatt. to 12. excited state
  17    MT =     63  Q = -2.32001E+00 MeV  Emin = 2.36502E+00 MeV  frac = 1.00000E+00  : inelastic scatt. to 13. excited state
  18    MT =     64  Q = -2.36953E+00 MeV  Emin = 2.41550E+00 MeV  frac = 1.00000E+00  : inelastic scatt. to 14. excited state
  19    MT =     65  Q = -2.45227E+00 MeV  Emin = 2.49984E+00 MeV  frac = 1.00000E+00  : inelastic scatt. to 15. excited state
  20    MT =     66  Q = -2.61771E+00 MeV  Emin = 2.66849E+00 MeV  frac = 1.00000E+00  : inelastic scatt. to 16. excited state
  21    MT =     67  Q = -2.64705E+00 MeV  Emin = 2.69840E+00 MeV  frac = 1.00000E+00  : inelastic scatt. to 17. excited state
  22    MT =     68  Q = -2.66859E+00 MeV  Emin = 2.72036E+00 MeV  frac = 1.00000E+00  : inelastic scatt. to 18. excited state
  23    MT =     69  Q = -2.76776E+00 MeV  Emin = 2.82145E+00 MeV  frac = 1.00000E+00  : inelastic scatt. to 19. excited state
  24    MT =     70  Q = -2.77105E+00 MeV  Emin = 2.82481E+00 MeV  frac = 1.00000E+00  : inelastic scatt. to 20. excited state
  25    MT =     71  Q = -2.82563E+00 MeV  Emin = 2.88045E+00 MeV  frac = 1.00000E+00  : inelastic scatt. to 21. excited state
  26    MT =     72  Q = -2.82735E+00 MeV  Emin = 2.88220E+00 MeV  frac = 1.00000E+00  : inelastic scatt. to 22. excited state
  27    MT =     73  Q = -2.92672E+00 MeV  Emin = 2.98350E+00 MeV  frac = 1.00000E+00  : inelastic scatt. to 23. excited state
  28    MT =     74  Q = -2.96479E+00 MeV  Emin = 3.02230E+00 MeV  frac = 1.00000E+00  : inelastic scatt. to 24. excited state
  29    MT =     75  Q = -2.99198E+00 MeV  Emin = 3.05002E+00 MeV  frac = 1.00000E+00  : inelastic scatt. to 25. excited state
  30    MT =     76  Q = -3.07171E+00 MeV  Emin = 3.13130E+00 MeV  frac = 1.00000E+00  : inelastic scatt. to 26. excited state
  31    MT =     77  Q = -3.11379E+00 MeV  Emin = 3.17420E+00 MeV  frac = 1.00000E+00  : inelastic scatt. to 27. excited state
  32    MT =     78  Q = -3.15774E+00 MeV  Emin = 3.21900E+00 MeV  frac = 1.00000E+00  : inelastic scatt. to 28. excited state
  33    MT =     79  Q = -3.16110E+00 MeV  Emin = 3.22242E+00 MeV  frac = 1.00000E+00  : inelastic scatt. to 29. excited state
  34    MT =     80  Q = -3.16167E+00 MeV  Emin = 3.22300E+00 MeV  frac = 1.00000E+00  : inelastic scatt. to 30. excited state
  35    MT =     81  Q = -3.32729E+00 MeV  Emin = 3.39184E+00 MeV  frac = 1.00000E+00  : inelastic scatt. to 31. excited state
  36    MT =     82  Q = -3.41526E+00 MeV  Emin = 3.48152E+00 MeV  frac = 1.00000E+00  : inelastic scatt. to 32. excited state
  37    MT =     83  Q = -3.47226E+00 MeV  Emin = 3.53963E+00 MeV  frac = 1.00000E+00  : inelastic scatt. to 33. excited state
  38    MT =     84  Q = -3.61586E+00 MeV  Emin = 3.68602E+00 MeV  frac = 1.00000E+00  : inelastic scatt. to 34. excited state
  39    MT =     85  Q = -3.70006E+00 MeV  Emin = 3.77185E+00 MeV  frac = 1.00000E+00  : inelastic scatt. to 35. excited state
  40    MT =     86  Q = -3.77176E+00 MeV  Emin = 3.84494E+00 MeV  frac = 1.00000E+00  : inelastic scatt. to 36. excited state
  41    MT =     87  Q = -3.94607E+00 MeV  Emin = 4.02263E+00 MeV  frac = 1.00000E+00  : inelastic scatt. to 37. excited state
  42    MT =     88  Q = -4.01547E+00 MeV  Emin = 4.09338E+00 MeV  frac = 1.00000E+00  : inelastic scatt. to 38. excited state
  43    MT =     89  Q = -4.56297E+00 MeV  Emin = 4.65150E+00 MeV  frac = 1.00000E+00  : inelastic scatt. to 39. excited state
  44    MT =     90  Q = -4.62708E+00 MeV  Emin = 4.71685E+00 MeV  frac = 1.00000E+00  : inelastic scatt. to 40. excited state
  45    MT =     91  Q = -3.04896E+00 MeV  Emin = 3.10811E+00 MeV  frac = 1.00000E+00  : inelastic scattering to continuum
  46    MT =    102  Q =  9.23569E+00 MeV  Emin = 1.00000E-11 MeV  frac = 1.00000E+00  : (n,gamma)
  47    MT =    103  Q = -2.56731E-01 MeV  Emin = 2.61711E-01 MeV  frac = 1.00000E+00  : (n,p)
  48    MT =    107  Q =  1.79655E+00 MeV  Emin = 1.57547E+00 MeV  frac = 1.00000E+00  : (n,alpha)

 3 special reactions:

   1    MT =    203  Q =  0.00000E+00 MeV  Emin = 2.61711E-01 MeV  : total proton production
   2    MT =    207  Q =  0.00000E+00 MeV  Emin = 1.57547E+00 MeV  : total alpha production
   3    MT =      4  Q =  0.00000E+00 MeV  Emin = 5.74746E-01 MeV  : total inelastic scattering

 Nuclide    8 / 13 : 26000.06c -- natural iron (Fe-nat)

 Pointers                     : 454213 20284
 Primary type                 : Transport
 Nuclide ZAI                  : 260000
 Library ID                   : 06c
 Cross section data file      : /home/andrei2/serpent/xsdata/endfb7/acedata/26000JNDL32.ace
 Atomic weight (AW)           : 55.84675
 Atomic weight ratio (AWR)    : 55.36700
 Temperature                  : 600.0 Kelvin
 XS temperature               : 600.0 Kelvin
 Minimum and maximum energy   : 1.00000E-11 2.00000E+01
 Half-life                    : N/A
 Specific ingestion toxicity  : N/A
 Specific inhalation toxicity : N/A

 - Nuclide is not involved in burnup calculation
 - Nuclide has neutron transport data
 - Nuclide has no photon transport data
 - Nuclide has no S(a,b) data
 - Nuclide has no isomeric branching data
 - Nuclide is not fissile
 - Nuclide is not a delayed neutron precursor
 - Nuclide has no delayed neutron data
 - Nuclide has no ures ptable data
 - Nuclide temperature is not adjusted with TMS
 - Nuclide has no dosimetry data
 - Nuclide has no decay data
 - Nuclide has no supplementary transmutation cross section data
 - Nuclide has no NFY data
 - Nuclide has no SFY data

 - 48 reaction channels
 - 4 special reactions
 - No transmutation reactions
 - No transmutation branch reactions
 - No decay reactions
 - No decay branch reactions
 - No transmutation paths

 48 reactions channel:

   1    MT =      2  Q =  0.00000E+00 MeV  Emin = 1.00000E-11 MeV  frac = 1.00000E+00  : elastic scattering
   2    MT =     16  Q = -7.64349E+00 MeV  Emin = 7.78155E+00 MeV  frac = 1.00000E+00  : (n,2n)
   3    MT =     22  Q = -7.32245E+00 MeV  Emin = 7.45471E+00 MeV  frac = 1.00000E+00  : (n,nalpha)
   4    MT =     28  Q = -8.85997E+00 MeV  Emin = 9.02000E+00 MeV  frac = 1.00000E+00  : (n,np)
   5    MT =     51  Q = -1.43951E-02 MeV  Emin = 1.46551E-02 MeV  frac = 1.00000E+00  : inelastic scatt. to 1. excited state
   6    MT =     52  Q = -1.36453E-01 MeV  Emin = 1.38918E-01 MeV  frac = 1.00000E+00  : inelastic scatt. to 2. excited state
   7    MT =     53  Q = -3.66674E-01 MeV  Emin = 3.73298E-01 MeV  frac = 1.00000E+00  : inelastic scatt. to 3. excited state
   8    MT =     54  Q = -7.06160E-01 MeV  Emin = 7.18915E-01 MeV  frac = 1.00000E+00  : inelastic scatt. to 4. excited state
   9    MT =     55  Q = -8.46775E-01 MeV  Emin = 8.62070E-01 MeV  frac = 1.00000E+00  : inelastic scatt. to 5. excited state
  10    MT =     56  Q = -1.00685E+00 MeV  Emin = 1.02504E+00 MeV  frac = 1.00000E+00  : inelastic scatt. to 6. excited state
  11    MT =     57  Q = -1.26497E+00 MeV  Emin = 1.28782E+00 MeV  frac = 1.00000E+00  : inelastic scatt. to 7. excited state
  12    MT =     58  Q = -1.40908E+00 MeV  Emin = 1.43453E+00 MeV  frac = 1.00000E+00  : inelastic scatt. to 8. excited state
  13    MT =     59  Q = -1.62675E+00 MeV  Emin = 1.65613E+00 MeV  frac = 1.00000E+00  : inelastic scatt. to 9. excited state
  14    MT =     60  Q = -1.98862E+00 MeV  Emin = 2.02454E+00 MeV  frac = 1.00000E+00  : inelastic scatt. to 10. excited state
  15    MT =     61  Q = -2.08504E+00 MeV  Emin = 2.12270E+00 MeV  frac = 1.00000E+00  : inelastic scatt. to 11. excited state
  16    MT =     62  Q = -2.11728E+00 MeV  Emin = 2.15552E+00 MeV  frac = 1.00000E+00  : inelastic scatt. to 12. excited state
  17    MT =     63  Q = -2.21815E+00 MeV  Emin = 2.25821E+00 MeV  frac = 1.00000E+00  : inelastic scatt. to 13. excited state
  18    MT =     64  Q = -2.45517E+00 MeV  Emin = 2.49952E+00 MeV  frac = 1.00000E+00  : inelastic scatt. to 14. excited state
  19    MT =     65  Q = -2.59874E+00 MeV  Emin = 2.64568E+00 MeV  frac = 1.00000E+00  : inelastic scatt. to 15. excited state
  20    MT =     66  Q = -2.65752E+00 MeV  Emin = 2.70552E+00 MeV  frac = 1.00000E+00  : inelastic scatt. to 16. excited state
  21    MT =     67  Q = -2.69649E+00 MeV  Emin = 2.83034E+00 MeV  frac = 1.00000E+00  : inelastic scatt. to 17. excited state
  22    MT =     68  Q = -2.94162E+00 MeV  Emin = 2.99475E+00 MeV  frac = 1.00000E+00  : inelastic scatt. to 18. excited state
  23    MT =     69  Q = -2.95175E+00 MeV  Emin = 3.00506E+00 MeV  frac = 1.00000E+00  : inelastic scatt. to 19. excited state
  24    MT =     70  Q = -2.95992E+00 MeV  Emin = 3.01338E+00 MeV  frac = 1.00000E+00  : inelastic scatt. to 20. excited state
  25    MT =     71  Q = -3.11991E+00 MeV  Emin = 3.17626E+00 MeV  frac = 1.00000E+00  : inelastic scatt. to 21. excited state
  26    MT =     72  Q = -3.13100E+00 MeV  Emin = 3.18755E+00 MeV  frac = 1.00000E+00  : inelastic scatt. to 22. excited state
  27    MT =     73  Q = -3.23093E+00 MeV  Emin = 3.35682E+00 MeV  frac = 1.00000E+00  : inelastic scatt. to 23. excited state
  28    MT =     74  Q = -3.37010E+00 MeV  Emin = 3.43097E+00 MeV  frac = 1.00000E+00  : inelastic scatt. to 24. excited state
  29    MT =     75  Q = -3.44529E+00 MeV  Emin = 3.50753E+00 MeV  frac = 1.00000E+00  : inelastic scatt. to 25. excited state
  30    MT =     76  Q = -3.60078E+00 MeV  Emin = 3.66583E+00 MeV  frac = 1.00000E+00  : inelastic scatt. to 26. excited state
  31    MT =     77  Q = -3.74789E+00 MeV  Emin = 3.81559E+00 MeV  frac = 1.00000E+00  : inelastic scatt. to 27. excited state
  32    MT =     78  Q = -3.83188E+00 MeV  Emin = 3.90110E+00 MeV  frac = 1.00000E+00  : inelastic scatt. to 28. excited state
  33    MT =     79  Q = -3.85638E+00 MeV  Emin = 3.92604E+00 MeV  frac = 1.00000E+00  : inelastic scatt. to 29. excited state
  34    MT =     80  Q = -4.03552E+00 MeV  Emin = 4.10842E+00 MeV  frac = 1.00000E+00  : inelastic scatt. to 30. excited state
  35    MT =     81  Q = -4.09388E+00 MeV  Emin = 4.16783E+00 MeV  frac = 1.00000E+00  : inelastic scatt. to 31. excited state
  36    MT =     82  Q = -4.10017E+00 MeV  Emin = 4.17424E+00 MeV  frac = 1.00000E+00  : inelastic scatt. to 32. excited state
  37    MT =     83  Q = -4.11988E+00 MeV  Emin = 4.19430E+00 MeV  frac = 1.00000E+00  : inelastic scatt. to 33. excited state
  38    MT =     84  Q = -4.29807E+00 MeV  Emin = 4.37571E+00 MeV  frac = 1.00000E+00  : inelastic scatt. to 34. excited state
  39    MT =     85  Q = -4.39486E+00 MeV  Emin = 4.47425E+00 MeV  frac = 1.00000E+00  : inelastic scatt. to 35. excited state
  40    MT =     86  Q = -4.40086E+00 MeV  Emin = 4.48036E+00 MeV  frac = 1.00000E+00  : inelastic scatt. to 36. excited state
  41    MT =     87  Q = -4.45827E+00 MeV  Emin = 4.53880E+00 MeV  frac = 1.00000E+00  : inelastic scatt. to 37. excited state
  42    MT =     88  Q = -4.50986E+00 MeV  Emin = 4.59133E+00 MeV  frac = 1.00000E+00  : inelastic scatt. to 38. excited state
  43    MT =     89  Q = -4.60087E+00 MeV  Emin = 4.68398E+00 MeV  frac = 1.00000E+00  : inelastic scatt. to 39. excited state
  44    MT =     90  Q = -4.78299E+00 MeV  Emin = 4.86939E+00 MeV  frac = 1.00000E+00  : inelastic scatt. to 40. excited state
  45    MT =     91  Q = -2.76000E+00 MeV  Emin = 2.80985E+00 MeV  frac = 1.00000E+00  : inelastic scattering to continuum
  46    MT =    102  Q =  7.79395E+00 MeV  Emin = 1.00000E-11 MeV  frac = 1.00000E+00  : (n,gamma)
  47    MT =    103  Q =  8.77699E-02 MeV  Emin = 1.00000E+00 MeV  frac = 1.00000E+00  : (n,p)
  48    MT =    107  Q =  2.39525E+00 MeV  Emin = 5.00000E-01 MeV  frac = 1.00000E+00  : (n,alpha)

 4 special reactions:

   1    MT =    203  Q =  0.00000E+00 MeV  Emin = 1.00000E+00 MeV  : total proton production
   2    MT =    207  Q =  0.00000E+00 MeV  Emin = 5.00000E-01 MeV  : total alpha production
   3    MT =      3  Q =  0.00000E+00 MeV  Emin = 1.00000E-11 MeV  : nonelastic
   4    MT =      4  Q =  0.00000E+00 MeV  Emin = 1.46551E-02 MeV  : total inelastic scattering

 Nuclide    9 / 13 : 28000.06c -- natural nickel (Ni-nat)

 Pointers                     : 445555 22492
 Primary type                 : Transport
 Nuclide ZAI                  : 280000
 Library ID                   : 06c
 Cross section data file      : /home/andrei2/serpent/xsdata/endfb7/acedata/28000JNDL32.ace
 Atomic weight (AW)           : 58.68796
 Atomic weight ratio (AWR)    : 58.18380
 Temperature                  : 600.0 Kelvin
 XS temperature               : 600.0 Kelvin
 Minimum and maximum energy   : 1.00000E-11 2.00000E+01
 Half-life                    : N/A
 Specific ingestion toxicity  : N/A
 Specific inhalation toxicity : N/A

 - Nuclide is not involved in burnup calculation
 - Nuclide has neutron transport data
 - Nuclide has no photon transport data
 - Nuclide has no S(a,b) data
 - Nuclide has no isomeric branching data
 - Nuclide is not fissile
 - Nuclide is not a delayed neutron precursor
 - Nuclide has no delayed neutron data
 - Nuclide has no ures ptable data
 - Nuclide temperature is not adjusted with TMS
 - Nuclide has no dosimetry data
 - Nuclide has no decay data
 - Nuclide has no supplementary transmutation cross section data
 - Nuclide has no NFY data
 - Nuclide has no SFY data

 - 53 reaction channels
 - 6 special reactions
 - No transmutation reactions
 - No transmutation branch reactions
 - No decay reactions
 - No decay branch reactions
 - No transmutation paths

 53 reactions channel:

   1    MT =      2  Q =  0.00000E+00 MeV  Emin = 1.00000E-11 MeV  frac = 1.00000E+00  : elastic scattering
   2    MT =     16  Q = -7.82014E+00 MeV  Emin = 8.00000E+00 MeV  frac = 1.00000E+00  : (n,2n)
   3    MT =     17  Q = -1.64818E+01 MeV  Emin = 1.67651E+01 MeV  frac = 1.00000E+00  : (n,3n)
   4    MT =     22  Q = -6.29252E+00 MeV  Emin = 6.56896E+00 MeV  frac = 1.00000E+00  : (n,nalpha)
   5    MT =     28  Q = -8.17901E+00 MeV  Emin = 9.00000E+00 MeV  frac = 1.00000E+00  : (n,np)
   6    MT =     51  Q = -6.73580E-02 MeV  Emin = 6.85158E-02 MeV  frac = 1.00000E+00  : inelastic scatt. to 1. excited state
   7    MT =     52  Q = -2.82824E-01 MeV  Emin = 2.87685E-01 MeV  frac = 1.00000E+00  : inelastic scatt. to 2. excited state
   8    MT =     53  Q = -6.55591E-01 MeV  Emin = 6.66860E-01 MeV  frac = 1.00000E+00  : inelastic scatt. to 3. excited state
   9    MT =     54  Q = -9.08233E-01 MeV  Emin = 9.23844E-01 MeV  frac = 1.00000E+00  : inelastic scatt. to 4. excited state
  10    MT =     55  Q = -1.01437E+00 MeV  Emin = 1.03181E+00 MeV  frac = 1.00000E+00  : inelastic scatt. to 5. excited state
  11    MT =     56  Q = -1.33204E+00 MeV  Emin = 1.35494E+00 MeV  frac = 1.00000E+00  : inelastic scatt. to 6. excited state
  12    MT =     57  Q = -1.34404E+00 MeV  Emin = 1.36714E+00 MeV  frac = 1.00000E+00  : inelastic scatt. to 7. excited state
  13    MT =     58  Q = -1.45482E+00 MeV  Emin = 1.47982E+00 MeV  frac = 1.00000E+00  : inelastic scatt. to 8. excited state
  14    MT =     59  Q = -1.45710E+00 MeV  Emin = 1.48214E+00 MeV  frac = 1.00000E+00  : inelastic scatt. to 9. excited state
  15    MT =     60  Q = -1.72873E+00 MeV  Emin = 1.75844E+00 MeV  frac = 1.00000E+00  : inelastic scatt. to 10. excited state
  16    MT =     61  Q = -1.97676E+00 MeV  Emin = 2.01074E+00 MeV  frac = 1.00000E+00  : inelastic scatt. to 11. excited state
  17    MT =     62  Q = -2.00175E+00 MeV  Emin = 2.03616E+00 MeV  frac = 1.00000E+00  : inelastic scatt. to 12. excited state
  18    MT =     63  Q = -2.15804E+00 MeV  Emin = 2.19513E+00 MeV  frac = 1.00000E+00  : inelastic scatt. to 13. excited state
  19    MT =     64  Q = -2.27185E+00 MeV  Emin = 2.31090E+00 MeV  frac = 1.00000E+00  : inelastic scatt. to 14. excited state
  20    MT =     65  Q = -2.28410E+00 MeV  Emin = 2.32336E+00 MeV  frac = 1.00000E+00  : inelastic scatt. to 15. excited state
  21    MT =     66  Q = -2.29976E+00 MeV  Emin = 2.33929E+00 MeV  frac = 1.00000E+00  : inelastic scatt. to 16. excited state
  22    MT =     67  Q = -2.45964E+00 MeV  Emin = 2.50191E+00 MeV  frac = 1.00000E+00  : inelastic scatt. to 17. excited state
  23    MT =     68  Q = -2.50492E+00 MeV  Emin = 2.54797E+00 MeV  frac = 1.00000E+00  : inelastic scatt. to 18. excited state
  24    MT =     69  Q = -2.62508E+00 MeV  Emin = 2.67020E+00 MeV  frac = 1.00000E+00  : inelastic scatt. to 19. excited state
  25    MT =     70  Q = -2.77611E+00 MeV  Emin = 2.82382E+00 MeV  frac = 1.00000E+00  : inelastic scatt. to 20. excited state
  26    MT =     71  Q = -2.86103E+00 MeV  Emin = 2.91020E+00 MeV  frac = 1.00000E+00  : inelastic scatt. to 21. excited state
  27    MT =     72  Q = -2.90243E+00 MeV  Emin = 2.95232E+00 MeV  frac = 1.00000E+00  : inelastic scatt. to 22. excited state
  28    MT =     73  Q = -2.96689E+00 MeV  Emin = 3.01788E+00 MeV  frac = 1.00000E+00  : inelastic scatt. to 23. excited state
  29    MT =     74  Q = -3.03827E+00 MeV  Emin = 3.09049E+00 MeV  frac = 1.00000E+00  : inelastic scatt. to 24. excited state
  30    MT =     75  Q = -3.11871E+00 MeV  Emin = 3.17231E+00 MeV  frac = 1.00000E+00  : inelastic scatt. to 25. excited state
  31    MT =     76  Q = -3.15521E+00 MeV  Emin = 3.20944E+00 MeV  frac = 1.00000E+00  : inelastic scatt. to 26. excited state
  32    MT =     77  Q = -3.18498E+00 MeV  Emin = 3.23972E+00 MeV  frac = 1.00000E+00  : inelastic scatt. to 27. excited state
  33    MT =     78  Q = -3.25482E+00 MeV  Emin = 3.31076E+00 MeV  frac = 1.00000E+00  : inelastic scatt. to 28. excited state
  34    MT =     79  Q = -3.26412E+00 MeV  Emin = 3.32022E+00 MeV  frac = 1.00000E+00  : inelastic scatt. to 29. excited state
  35    MT =     80  Q = -3.26701E+00 MeV  Emin = 3.32316E+00 MeV  frac = 1.00000E+00  : inelastic scatt. to 30. excited state
  36    MT =     81  Q = -3.42104E+00 MeV  Emin = 3.47985E+00 MeV  frac = 1.00000E+00  : inelastic scatt. to 31. excited state
  37    MT =     82  Q = -3.45420E+00 MeV  Emin = 3.51358E+00 MeV  frac = 1.00000E+00  : inelastic scatt. to 32. excited state
  38    MT =     83  Q = -3.52476E+00 MeV  Emin = 3.58535E+00 MeV  frac = 1.00000E+00  : inelastic scatt. to 33. excited state
  39    MT =     84  Q = -3.59418E+00 MeV  Emin = 3.65596E+00 MeV  frac = 1.00000E+00  : inelastic scatt. to 34. excited state
  40    MT =     85  Q = -3.64194E+00 MeV  Emin = 3.70454E+00 MeV  frac = 1.00000E+00  : inelastic scatt. to 35. excited state
  41    MT =     86  Q = -3.77521E+00 MeV  Emin = 3.84011E+00 MeV  frac = 1.00000E+00  : inelastic scatt. to 36. excited state
  42    MT =     87  Q = -3.80271E+00 MeV  Emin = 3.86808E+00 MeV  frac = 1.00000E+00  : inelastic scatt. to 37. excited state
  43    MT =     88  Q = -3.89914E+00 MeV  Emin = 3.96617E+00 MeV  frac = 1.00000E+00  : inelastic scatt. to 38. excited state
  44    MT =     89  Q = -4.03827E+00 MeV  Emin = 4.10769E+00 MeV  frac = 1.00000E+00  : inelastic scatt. to 39. excited state
  45    MT =     90  Q = -4.47628E+00 MeV  Emin = 4.55322E+00 MeV  frac = 1.00000E+00  : inelastic scatt. to 40. excited state
  46    MT =     91  Q = -2.52800E+00 MeV  Emin = 2.57145E+00 MeV  frac = 1.00000E+00  : inelastic scattering to continuum
  47    MT =    102  Q =  1.05980E+01 MeV  Emin = 1.00000E-11 MeV  frac = 1.00000E+00  : (n,gamma)
  48    MT =    103  Q =  4.02199E-01 MeV  Emin = 1.00000E-01 MeV  frac = 1.00000E+00  : (n,p)
  49    MT =    104  Q = -5.86376E+00 MeV  Emin = 7.34895E+00 MeV  frac = 1.00000E+00  : (n,d)
  50    MT =    105  Q = -8.86164E+00 MeV  Emin = 9.01395E+00 MeV  frac = 1.00000E+00  : (n,t)
  51    MT =    106  Q = -6.47745E+00 MeV  Emin = 1.10000E+01 MeV  frac = 1.00000E+00  : (n,He-3)
  52    MT =    107  Q =  3.58690E+00 MeV  Emin = 1.00000E-11 MeV  frac = 1.00000E+00  : (n,alpha)
  53    MT =    111  Q = -6.55791E+00 MeV  Emin = 1.05000E+01 MeV  frac = 1.00000E+00  : (n,2p)

 6 special reactions:

   1    MT =    203  Q =  0.00000E+00 MeV  Emin = 1.00000E-01 MeV  : total proton production
   2    MT =    204  Q =  0.00000E+00 MeV  Emin = 7.34055E+00 MeV  : total deuteron production
   3    MT =    205  Q =  0.00000E+00 MeV  Emin = 9.01395E+00 MeV  : total triton production
   4    MT =    206  Q =  0.00000E+00 MeV  Emin = 1.10000E+01 MeV  : total He-3 production
   5    MT =    207  Q =  0.00000E+00 MeV  Emin = 1.00000E-11 MeV  : total alpha production
   6    MT =      4  Q =  0.00000E+00 MeV  Emin = 6.85158E-02 MeV  : total inelastic scattering

 Nuclide   10 / 13 : 42000.06c -- natural molybdenum (Mo-nat)

 Pointers                     : 449905 39604
 Primary type                 : Transport
 Nuclide ZAI                  : 420000
 Library ID                   : 06c
 Cross section data file      : /home/andrei2/serpent/xsdata/endfb7/acedata/42000ENDF68.ace
 Atomic weight (AW)           : 95.94017
 Atomic weight ratio (AWR)    : 95.11600
 Temperature                  : 600.0 Kelvin
 XS temperature               : 600.0 Kelvin
 Minimum and maximum energy   : 1.00000E-11 2.00000E+01
 Half-life                    : N/A
 Specific ingestion toxicity  : N/A
 Specific inhalation toxicity : N/A

 - Nuclide is not involved in burnup calculation
 - Nuclide has neutron transport data
 - Nuclide has no photon transport data
 - Nuclide has no S(a,b) data
 - Nuclide has no isomeric branching data
 - Nuclide is not fissile
 - Nuclide is not a delayed neutron precursor
 - Nuclide has no delayed neutron data
 - Nuclide has ures ptable data but it is not used
 - Nuclide temperature is not adjusted with TMS
 - Nuclide has no dosimetry data
 - Nuclide has no decay data
 - Nuclide has no supplementary transmutation cross section data
 - Nuclide has no NFY data
 - Nuclide has no SFY data

 - 5 reaction channels
 - 1 special reactions
 - No transmutation reactions
 - No transmutation branch reactions
 - No decay reactions
 - No decay branch reactions
 - No transmutation paths

 5 reactions channel:

   1    MT =      2  Q =  0.00000E+00 MeV  Emin = 1.00000E-11 MeV  frac = 1.00000E+00  : elastic scattering
   2    MT =     16  Q = -7.91677E+00 MeV  Emin = 8.00000E+00 MeV  frac = 1.00000E+00  : (n,2n)
   3    MT =     17  Q = -1.48439E+01 MeV  Emin = 1.50000E+01 MeV  frac = 1.00000E+00  : (n,3n)
   4    MT =     91  Q = -2.47399E-01 MeV  Emin = 2.50000E-01 MeV  frac = 1.00000E+00  : inelastic scattering to continuum
   5    MT =    102  Q =  7.25000E+00 MeV  Emin = 1.00000E-11 MeV  frac = 1.00000E+00  : (n,gamma)

 1 special reaction:

   1    MT =      4  Q =  0.00000E+00 MeV  Emin = 2.50000E-01 MeV  : total inelastic scattering

 Nuclide   11 / 13 : 90232.09c -- thorium 232 (Th-232)

 Pointers                     : 431755 103958
 Primary type                 : Transport
 Nuclide ZAI                  : 902320
 Library ID                   : 09c
 Cross section data file      : /home/andrei2/serpent/xsdata/endfb7/acedata/90232ENDF7.ace
 Atomic weight (AW)           : 232.03833
 Atomic weight ratio (AWR)    : 230.04500
 Temperature                  : 900.0 Kelvin
 XS temperature               : 900.0 Kelvin
 Minimum and maximum energy   : 1.00000E-11 6.00000E+01
 Half-life                    : N/A
 Specific ingestion toxicity  : N/A
 Specific inhalation toxicity : N/A
 Energy deposited per fission : 196.79 MeV

 - Nuclide is present in initial composition
 - Nuclide is not produced in transmustation
 - Nuclide is not produced in decay
 - Nuclide is not produced in fission
 - Nuclide has neutron transport data
 - Nuclide has no photon transport data
 - Nuclide has no S(a,b) data
 - Nuclide has no isomeric branching data
 - Nuclide is fissile
 - Nuclide is not a delayed neutron precursor
 - Nuclide has delayed neutron data in 6 precursor groups
 - Nuclide has ures ptable data but it is not used
 - Nuclide temperature is not adjusted with TMS
 - Nuclide has no dosimetry data
 - Nuclide has no decay data
 - Nuclide has no supplementary transmutation cross section data
 - Nuclide has no NFY data
 - Nuclide has no SFY data

 - 54 reaction channels
 - 3 special reactions
 - No transmutation reactions
 - No transmutation branch reactions
 - No decay reactions
 - No decay branch reactions
 - No transmutation paths

 54 reactions channel:

   1    MT =      2  Q =  0.00000E+00 MeV  Emin = 1.00000E-11 MeV  frac = 1.00000E+00  Product nuclide = self          : elastic scattering
   2    MT =      5  Q =  1.40700E+00 MeV  Emin = 1.30000E+01 MeV  frac = 1.00000E+00  Product nuclide = self          : anything
   3    MT =     16  Q = -6.43700E+00 MeV  Emin = 6.46498E+00 MeV  frac = 1.00000E+00  Product nuclide = cut: Th-231   : (n,2n)
   4    MT =     17  Q = -1.15550E+01 MeV  Emin = 1.16052E+01 MeV  frac = 1.00000E+00  Product nuclide = cut: Th-230   : (n,3n)
   5    MT =     18  Q =  1.88470E+02 MeV  Emin = 3.98945E-03 MeV  frac = 1.00000E+00  Product nuclide = FP            : total fission
   6    MT =     22  Q =  4.08300E+00 MeV  Emin = 5.50000E+00 MeV  frac = 1.00000E+00  Product nuclide = cut: Ra-228   : (n,nalpha)
   7    MT =     24  Q = -2.22400E+00 MeV  Emin = 1.18000E+01 MeV  frac = 1.00000E+00  Product nuclide = cut: Ra-227   : (n,2nalpha)
   8    MT =     28  Q = -7.75500E+00 MeV  Emin = 1.05000E+01 MeV  frac = 1.00000E+00  Product nuclide = cut: Ac-231   : (n,np)
   9    MT =     41  Q = -1.34730E+01 MeV  Emin = 1.65000E+01 MeV  frac = 1.00000E+00  Product nuclide = cut: Ac-230   : (n,2np)
  10    MT =     51  Q = -4.93700E-02 MeV  Emin = 4.95846E-02 MeV  frac = 1.00000E+00  Product nuclide = self          : inelastic scatt. to 1. excited state
  11    MT =     52  Q = -1.62120E-01 MeV  Emin = 1.62825E-01 MeV  frac = 1.00000E+00  Product nuclide = self          : inelastic scatt. to 2. excited state
  12    MT =     53  Q = -3.33200E-01 MeV  Emin = 3.34649E-01 MeV  frac = 1.00000E+00  Product nuclide = self          : inelastic scatt. to 3. excited state
  13    MT =     54  Q = -5.56900E-01 MeV  Emin = 5.59321E-01 MeV  frac = 1.00000E+00  Product nuclide = self          : inelastic scatt. to 4. excited state
  14    MT =     55  Q = -7.14250E-01 MeV  Emin = 7.17355E-01 MeV  frac = 1.00000E+00  Product nuclide = self          : inelastic scatt. to 5. excited state
  15    MT =     56  Q = -7.30350E-01 MeV  Emin = 7.33525E-01 MeV  frac = 1.00000E+00  Product nuclide = self          : inelastic scatt. to 6. excited state
  16    MT =     57  Q = -7.74100E-01 MeV  Emin = 7.77465E-01 MeV  frac = 1.00000E+00  Product nuclide = self          : inelastic scatt. to 7. excited state
  17    MT =     58  Q = -7.74400E-01 MeV  Emin = 7.77766E-01 MeV  frac = 1.00000E+00  Product nuclide = self          : inelastic scatt. to 8. excited state
  18    MT =     59  Q = -7.85300E-01 MeV  Emin = 7.88714E-01 MeV  frac = 1.00000E+00  Product nuclide = self          : inelastic scatt. to 9. excited state
  19    MT =     60  Q = -8.27000E-01 MeV  Emin = 8.30595E-01 MeV  frac = 1.00000E+00  Product nuclide = self          : inelastic scatt. to 10. excited state
  20    MT =     61  Q = -8.29600E-01 MeV  Emin = 8.33206E-01 MeV  frac = 1.00000E+00  Product nuclide = self          : inelastic scatt. to 11. excited state
  21    MT =     62  Q = -8.73000E-01 MeV  Emin = 8.76795E-01 MeV  frac = 1.00000E+00  Product nuclide = self          : inelastic scatt. to 12. excited state
  22    MT =     63  Q = -8.83600E-01 MeV  Emin = 8.87441E-01 MeV  frac = 1.00000E+00  Product nuclide = self          : inelastic scatt. to 13. excited state
  23    MT =     64  Q = -8.90100E-01 MeV  Emin = 8.93969E-01 MeV  frac = 1.00000E+00  Product nuclide = self          : inelastic scatt. to 14. excited state
  24    MT =     65  Q = -9.60400E-01 MeV  Emin = 9.64575E-01 MeV  frac = 1.00000E+00  Product nuclide = self          : inelastic scatt. to 15. excited state
  25    MT =     66  Q = -1.02310E+00 MeV  Emin = 1.02755E+00 MeV  frac = 1.00000E+00  Product nuclide = self          : inelastic scatt. to 16. excited state
  26    MT =     67  Q = -1.04290E+00 MeV  Emin = 1.04743E+00 MeV  frac = 1.00000E+00  Product nuclide = self          : inelastic scatt. to 17. excited state
  27    MT =     68  Q = -1.04990E+00 MeV  Emin = 1.05446E+00 MeV  frac = 1.00000E+00  Product nuclide = self          : inelastic scatt. to 18. excited state
  28    MT =     69  Q = -1.05360E+00 MeV  Emin = 1.05818E+00 MeV  frac = 1.00000E+00  Product nuclide = self          : inelastic scatt. to 19. excited state
  29    MT =     70  Q = -1.07290E+00 MeV  Emin = 1.07757E+00 MeV  frac = 1.00000E+00  Product nuclide = self          : inelastic scatt. to 20. excited state
  30    MT =     71  Q = -1.07750E+00 MeV  Emin = 1.08218E+00 MeV  frac = 1.00000E+00  Product nuclide = self          : inelastic scatt. to 21. excited state
  31    MT =     72  Q = -1.07870E+00 MeV  Emin = 1.08339E+00 MeV  frac = 1.00000E+00  Product nuclide = self          : inelastic scatt. to 22. excited state
  32    MT =     73  Q = -1.09440E+00 MeV  Emin = 1.09916E+00 MeV  frac = 1.00000E+00  Product nuclide = self          : inelastic scatt. to 23. excited state
  33    MT =     74  Q = -1.10570E+00 MeV  Emin = 1.11051E+00 MeV  frac = 1.00000E+00  Product nuclide = self          : inelastic scatt. to 24. excited state
  34    MT =     75  Q = -1.12180E+00 MeV  Emin = 1.12668E+00 MeV  frac = 1.00000E+00  Product nuclide = self          : inelastic scatt. to 25. excited state
  35    MT =     76  Q = -1.13710E+00 MeV  Emin = 1.14204E+00 MeV  frac = 1.00000E+00  Product nuclide = self          : inelastic scatt. to 26. excited state
  36    MT =     77  Q = -1.14330E+00 MeV  Emin = 1.14827E+00 MeV  frac = 1.00000E+00  Product nuclide = self          : inelastic scatt. to 27. excited state
  37    MT =     78  Q = -1.14600E+00 MeV  Emin = 1.15098E+00 MeV  frac = 1.00000E+00  Product nuclide = self          : inelastic scatt. to 28. excited state
  38    MT =     79  Q = -1.14830E+00 MeV  Emin = 1.15329E+00 MeV  frac = 1.00000E+00  Product nuclide = self          : inelastic scatt. to 29. excited state
  39    MT =     80  Q = -1.18250E+00 MeV  Emin = 1.18764E+00 MeV  frac = 1.00000E+00  Product nuclide = self          : inelastic scatt. to 30. excited state
  40    MT =     81  Q = -1.20890E+00 MeV  Emin = 1.21416E+00 MeV  frac = 1.00000E+00  Product nuclide = self          : inelastic scatt. to 31. excited state
  41    MT =     82  Q = -1.21810E+00 MeV  Emin = 1.22340E+00 MeV  frac = 1.00000E+00  Product nuclide = self          : inelastic scatt. to 32. excited state
  42    MT =     83  Q = -1.22210E+00 MeV  Emin = 1.22741E+00 MeV  frac = 1.00000E+00  Product nuclide = self          : inelastic scatt. to 33. excited state
  43    MT =     84  Q = -1.24960E+00 MeV  Emin = 1.25503E+00 MeV  frac = 1.00000E+00  Product nuclide = self          : inelastic scatt. to 34. excited state
  44    MT =     85  Q = -1.25870E+00 MeV  Emin = 1.26417E+00 MeV  frac = 1.00000E+00  Product nuclide = self          : inelastic scatt. to 35. excited state
  45    MT =     86  Q = -1.29320E+00 MeV  Emin = 1.29882E+00 MeV  frac = 1.00000E+00  Product nuclide = self          : inelastic scatt. to 36. excited state
  46    MT =     87  Q = -1.32940E+00 MeV  Emin = 1.33518E+00 MeV  frac = 1.00000E+00  Product nuclide = self          : inelastic scatt. to 37. excited state
  47    MT =     88  Q = -1.37000E+00 MeV  Emin = 1.37596E+00 MeV  frac = 1.00000E+00  Product nuclide = self          : inelastic scatt. to 38. excited state
  48    MT =     89  Q = -1.38720E+00 MeV  Emin = 1.39323E+00 MeV  frac = 1.00000E+00  Product nuclide = self          : inelastic scatt. to 39. excited state
  49    MT =     91  Q = -4.43572E-01 MeV  Emin = 4.45500E-01 MeV  frac = 1.00000E+00  Product nuclide = self          : inelastic scattering to continuum
  50    MT =    102  Q =  4.78600E+00 MeV  Emin = 1.00000E-11 MeV  frac = 1.00000E+00  Product nuclide = cut: Th-233   : (n,gamma)
  51    MT =    600  Q = -2.91800E+00 MeV  Emin = 5.75000E+00 MeV  frac = 1.00000E+00  Product nuclide = cut: Ac-232   : (n,p) to ground state
  52    MT =    649  Q = -2.91800E+00 MeV  Emin = 5.75000E+00 MeV  frac = 1.00000E+00  Product nuclide = cut: Ac-232   : (n,p) to continuum
  53    MT =    800  Q =  8.65500E+00 MeV  Emin = 1.88000E+00 MeV  frac = 1.00000E+00  Product nuclide = cut: Ra-229   : (n,alpha) to ground state
  54    MT =    849  Q =  8.65500E+00 MeV  Emin = 1.88000E+00 MeV  frac = 1.00000E+00  Product nuclide = cut: Ra-229   : (n,alpha) to continuum

 3 special reactions:

   1    MT =    203  Q =  0.00000E+00 MeV  Emin = 5.75000E+00 MeV  : total proton production
   2    MT =    207  Q =  0.00000E+00 MeV  Emin = 1.88000E+00 MeV  : total alpha production
   3    MT =      4  Q =  0.00000E+00 MeV  Emin = 4.95846E-02 MeV  : total inelastic scattering

 Nuclide   12 / 13 : 92233.09c -- uranium 233 (U-233)

 Pointers                     : 435961 105890
 Primary type                 : Transport
 Nuclide ZAI                  : 922330
 Library ID                   : 09c
 Cross section data file      : /home/andrei2/serpent/xsdata/endfb7/acedata/92233ENDF7.ace
 Atomic weight (AW)           : 233.03964
 Atomic weight ratio (AWR)    : 231.03770
 Temperature                  : 900.0 Kelvin
 XS temperature               : 900.0 Kelvin
 Minimum and maximum energy   : 1.00000E-11 3.00000E+01
 Half-life                    : N/A
 Specific ingestion toxicity  : N/A
 Specific inhalation toxicity : N/A
 Energy deposited per fission : 199.47 MeV

 - Nuclide is present in initial composition
 - Nuclide is not produced in transmustation
 - Nuclide is not produced in decay
 - Nuclide is not produced in fission
 - Nuclide has neutron transport data
 - Nuclide has no photon transport data
 - Nuclide has no S(a,b) data
 - Nuclide has no isomeric branching data
 - Nuclide is fissile
 - Nuclide is not a delayed neutron precursor
 - Nuclide has delayed neutron data in 6 precursor groups
 - Nuclide has ures ptable data but it is not used
 - Nuclide temperature is not adjusted with TMS
 - Nuclide has no dosimetry data
 - Nuclide has no decay data
 - Nuclide has no supplementary transmutation cross section data
 - Nuclide has no NFY data
 - Nuclide has no SFY data

 - 45 reaction channels
 - 1 special reactions
 - No transmutation reactions
 - No transmutation branch reactions
 - No decay reactions
 - No decay branch reactions
 - No transmutation paths

 45 reactions channel:

   1    MT =      2  Q =  0.00000E+00 MeV  Emin = 1.00000E-11 MeV  frac = 1.00000E+00  Product nuclide = self          : elastic scattering
   2    MT =     16  Q = -5.75950E+00 MeV  Emin = 5.78443E+00 MeV  frac = 1.00000E+00  Product nuclide = cut: U-232    : (n,2n)
   3    MT =     17  Q = -1.30325E+01 MeV  Emin = 1.30889E+01 MeV  frac = 1.00000E+00  Product nuclide = cut: U-231    : (n,3n)
   4    MT =     18  Q =  1.91040E+02 MeV  Emin = 1.00000E-11 MeV  frac = 1.00000E+00  Product nuclide = FP            : total fission
   5    MT =     37  Q = -1.89039E+01 MeV  Emin = 1.89857E+01 MeV  frac = 1.00000E+00  Product nuclide = cut: U-230    : (n,4n)
   6    MT =     51  Q = -4.03500E-02 MeV  Emin = 4.05247E-02 MeV  frac = 1.00000E+00  Product nuclide = self          : inelastic scatt. to 1. excited state
   7    MT =     52  Q = -9.21900E-02 MeV  Emin = 9.25890E-02 MeV  frac = 1.00000E+00  Product nuclide = self          : inelastic scatt. to 2. excited state
   8    MT =     53  Q = -1.55270E-01 MeV  Emin = 1.55942E-01 MeV  frac = 1.00000E+00  Product nuclide = self          : inelastic scatt. to 3. excited state
   9    MT =     54  Q = -1.97000E-01 MeV  Emin = 1.97853E-01 MeV  frac = 1.00000E+00  Product nuclide = self          : inelastic scatt. to 4. excited state
  10    MT =     55  Q = -2.29400E-01 MeV  Emin = 2.30393E-01 MeV  frac = 1.00000E+00  Product nuclide = self          : inelastic scatt. to 5. excited state
  11    MT =     56  Q = -2.98900E-01 MeV  Emin = 3.00194E-01 MeV  frac = 1.00000E+00  Product nuclide = self          : inelastic scatt. to 6. excited state
  12    MT =     57  Q = -3.12200E-01 MeV  Emin = 3.13551E-01 MeV  frac = 1.00000E+00  Product nuclide = self          : inelastic scatt. to 7. excited state
  13    MT =     58  Q = -3.14700E-01 MeV  Emin = 3.16062E-01 MeV  frac = 1.00000E+00  Product nuclide = self          : inelastic scatt. to 8. excited state
  14    MT =     59  Q = -3.20750E-01 MeV  Emin = 3.22138E-01 MeV  frac = 1.00000E+00  Product nuclide = self          : inelastic scatt. to 9. excited state
  15    MT =     60  Q = -3.40700E-01 MeV  Emin = 3.42175E-01 MeV  frac = 1.00000E+00  Product nuclide = self          : inelastic scatt. to 10. excited state
  16    MT =     61  Q = -3.53800E-01 MeV  Emin = 3.55332E-01 MeV  frac = 1.00000E+00  Product nuclide = self          : inelastic scatt. to 11. excited state
  17    MT =     62  Q = -3.79000E-01 MeV  Emin = 3.80640E-01 MeV  frac = 1.00000E+00  Product nuclide = self          : inelastic scatt. to 12. excited state
  18    MT =     63  Q = -3.97600E-01 MeV  Emin = 3.99321E-01 MeV  frac = 1.00000E+00  Product nuclide = self          : inelastic scatt. to 13. excited state
  19    MT =     64  Q = -3.98600E-01 MeV  Emin = 4.00325E-01 MeV  frac = 1.00000E+00  Product nuclide = self          : inelastic scatt. to 14. excited state
  20    MT =     65  Q = -4.11100E-01 MeV  Emin = 4.12880E-01 MeV  frac = 1.00000E+00  Product nuclide = self          : inelastic scatt. to 15. excited state
  21    MT =     66  Q = -4.15800E-01 MeV  Emin = 4.17600E-01 MeV  frac = 1.00000E+00  Product nuclide = self          : inelastic scatt. to 16. excited state
  22    MT =     67  Q = -4.32000E-01 MeV  Emin = 4.33870E-01 MeV  frac = 1.00000E+00  Product nuclide = self          : inelastic scatt. to 17. excited state
  23    MT =     68  Q = -4.56000E-01 MeV  Emin = 4.57974E-01 MeV  frac = 1.00000E+00  Product nuclide = self          : inelastic scatt. to 18. excited state
  24    MT =     69  Q = -4.97000E-01 MeV  Emin = 4.99151E-01 MeV  frac = 1.00000E+00  Product nuclide = self          : inelastic scatt. to 19. excited state
  25    MT =     70  Q = -5.03800E-01 MeV  Emin = 5.05981E-01 MeV  frac = 1.00000E+00  Product nuclide = self          : inelastic scatt. to 20. excited state
  26    MT =     71  Q = -5.17700E-01 MeV  Emin = 5.19941E-01 MeV  frac = 1.00000E+00  Product nuclide = self          : inelastic scatt. to 21. excited state
  27    MT =     72  Q = -5.22000E-01 MeV  Emin = 5.24259E-01 MeV  frac = 1.00000E+00  Product nuclide = self          : inelastic scatt. to 22. excited state
  28    MT =     73  Q = -5.46600E-01 MeV  Emin = 5.48966E-01 MeV  frac = 1.00000E+00  Product nuclide = self          : inelastic scatt. to 23. excited state
  29    MT =     74  Q = -5.61500E-01 MeV  Emin = 5.63930E-01 MeV  frac = 1.00000E+00  Product nuclide = self          : inelastic scatt. to 24. excited state
  30    MT =     75  Q = -5.72000E-01 MeV  Emin = 5.74476E-01 MeV  frac = 1.00000E+00  Product nuclide = self          : inelastic scatt. to 25. excited state
  31    MT =     76  Q = -5.75000E-01 MeV  Emin = 5.77489E-01 MeV  frac = 1.00000E+00  Product nuclide = self          : inelastic scatt. to 26. excited state
  32    MT =     77  Q = -5.97200E-01 MeV  Emin = 5.99785E-01 MeV  frac = 1.00000E+00  Product nuclide = self          : inelastic scatt. to 27. excited state
  33    MT =     78  Q = -6.10000E-01 MeV  Emin = 6.12640E-01 MeV  frac = 1.00000E+00  Product nuclide = self          : inelastic scatt. to 28. excited state
  34    MT =     79  Q = -6.20000E-01 MeV  Emin = 6.22684E-01 MeV  frac = 1.00000E+00  Product nuclide = self          : inelastic scatt. to 29. excited state
  35    MT =     80  Q = -6.35200E-01 MeV  Emin = 6.37949E-01 MeV  frac = 1.00000E+00  Product nuclide = self          : inelastic scatt. to 30. excited state
  36    MT =     81  Q = -6.46000E-01 MeV  Emin = 6.48796E-01 MeV  frac = 1.00000E+00  Product nuclide = self          : inelastic scatt. to 31. excited state
  37    MT =     82  Q = -6.60000E-01 MeV  Emin = 6.62857E-01 MeV  frac = 1.00000E+00  Product nuclide = self          : inelastic scatt. to 32. excited state
  38    MT =     83  Q = -7.00000E-01 MeV  Emin = 7.03030E-01 MeV  frac = 1.00000E+00  Product nuclide = self          : inelastic scatt. to 33. excited state
  39    MT =     84  Q = -8.49000E-01 MeV  Emin = 8.52675E-01 MeV  frac = 1.00000E+00  Product nuclide = self          : inelastic scatt. to 34. excited state
  40    MT =     85  Q = -9.70000E-01 MeV  Emin = 9.74198E-01 MeV  frac = 1.00000E+00  Product nuclide = self          : inelastic scatt. to 35. excited state
  41    MT =     86  Q = -1.02380E+00 MeV  Emin = 1.02823E+00 MeV  frac = 1.00000E+00  Product nuclide = self          : inelastic scatt. to 36. excited state
  42    MT =     87  Q = -1.31220E+00 MeV  Emin = 1.31788E+00 MeV  frac = 1.00000E+00  Product nuclide = self          : inelastic scatt. to 37. excited state
  43    MT =     88  Q = -1.48620E+00 MeV  Emin = 1.49263E+00 MeV  frac = 1.00000E+00  Product nuclide = self          : inelastic scatt. to 38. excited state
  44    MT =     91  Q = -7.00000E-01 MeV  Emin = 7.03030E-01 MeV  frac = 1.00000E+00  Product nuclide = self          : inelastic scattering to continuum
  45    MT =    102  Q =  6.84420E+00 MeV  Emin = 1.00000E-11 MeV  frac = 1.00000E+00  Product nuclide = cut: U-234    : (n,gamma)

 1 special reaction:

   1    MT =      4  Q =  0.00000E+00 MeV  Emin = 4.05247E-02 MeV  : total inelastic scattering

 Nuclide   13 / 13 : 94239.09c -- plutonium 239 (Pu-239)

 Pointers                     : 439375 110582
 Primary type                 : Transport
 Nuclide ZAI                  : 942390
 Library ID                   : 09c
 Cross section data file      : /home/andrei2/serpent/xsdata/endfb7/acedata/94239ENDF7.ace
 Atomic weight (AW)           : 239.05218
 Atomic weight ratio (AWR)    : 236.99860
 Temperature                  : 900.0 Kelvin
 XS temperature               : 900.0 Kelvin
 Minimum and maximum energy   : 1.00000E-11 2.00000E+01
 Half-life                    : N/A
 Specific ingestion toxicity  : N/A
 Specific inhalation toxicity : N/A
 Energy deposited per fission : 207.62 MeV

 - Nuclide is present in initial composition
 - Nuclide is not produced in transmustation
 - Nuclide is not produced in decay
 - Nuclide is not produced in fission
 - Nuclide has neutron transport data
 - Nuclide has no photon transport data
 - Nuclide has no S(a,b) data
 - Nuclide has no isomeric branching data
 - Nuclide is fissile
 - Nuclide is not a delayed neutron precursor
 - Nuclide has delayed neutron data in 6 precursor groups
 - Nuclide has ures ptable data but it is not used
 - Nuclide temperature is not adjusted with TMS
 - Nuclide has no dosimetry data
 - Nuclide has no decay data
 - Nuclide has no supplementary transmutation cross section data
 - Nuclide has no NFY data
 - Nuclide has no SFY data

 - 47 reaction channels
 - 1 special reactions
 - No transmutation reactions
 - No transmutation branch reactions
 - No decay reactions
 - No decay branch reactions
 - No transmutation paths

 47 reactions channel:

   1    MT =      2  Q =  0.00000E+00 MeV  Emin = 1.00000E-11 MeV  frac = 1.00000E+00  Product nuclide = self          : elastic scattering
   2    MT =     16  Q = -5.64670E+00 MeV  Emin = 5.67053E+00 MeV  frac = 1.00000E+00  Product nuclide = cut: Pu-238   : (n,2n)
   3    MT =     17  Q = -1.26480E+01 MeV  Emin = 1.27014E+01 MeV  frac = 1.00000E+00  Product nuclide = cut: Pu-237   : (n,3n)
   4    MT =     18  Q =  1.98844E+02 MeV  Emin = 1.00000E-11 MeV  frac = 1.00000E+00  Product nuclide = FP            : total fission
   5    MT =     37  Q = -1.85083E+01 MeV  Emin = 1.85864E+01 MeV  frac = 1.00000E+00  Product nuclide = cut: Pu-236   : (n,4n)
   6    MT =     51  Q = -7.86100E-03 MeV  Emin = 7.89417E-03 MeV  frac = 1.00000E+00  Product nuclide = self          : inelastic scatt. to 1. excited state
   7    MT =     52  Q = -5.72760E-02 MeV  Emin = 5.75177E-02 MeV  frac = 1.00000E+00  Product nuclide = self          : inelastic scatt. to 2. excited state
   8    MT =     53  Q = -7.57060E-02 MeV  Emin = 7.60254E-02 MeV  frac = 1.00000E+00  Product nuclide = self          : inelastic scatt. to 3. excited state
   9    MT =     54  Q = -1.63760E-01 MeV  Emin = 1.64451E-01 MeV  frac = 1.00000E+00  Product nuclide = self          : inelastic scatt. to 4. excited state
  10    MT =     55  Q = -1.92810E-01 MeV  Emin = 1.93624E-01 MeV  frac = 1.00000E+00  Product nuclide = self          : inelastic scatt. to 5. excited state
  11    MT =     56  Q = -2.85460E-01 MeV  Emin = 2.86665E-01 MeV  frac = 1.00000E+00  Product nuclide = self          : inelastic scatt. to 6. excited state
  12    MT =     57  Q = -3.18100E-01 MeV  Emin = 3.19442E-01 MeV  frac = 1.00000E+00  Product nuclide = self          : inelastic scatt. to 7. excited state
  13    MT =     58  Q = -3.45000E-01 MeV  Emin = 3.46456E-01 MeV  frac = 1.00000E+00  Product nuclide = self          : inelastic scatt. to 8. excited state
  14    MT =     59  Q = -3.89500E-01 MeV  Emin = 3.91144E-01 MeV  frac = 1.00000E+00  Product nuclide = self          : inelastic scatt. to 9. excited state
  15    MT =     60  Q = -4.31500E-01 MeV  Emin = 4.33321E-01 MeV  frac = 1.00000E+00  Product nuclide = self          : inelastic scatt. to 10. excited state
  16    MT =     61  Q = -4.57000E-01 MeV  Emin = 4.58928E-01 MeV  frac = 1.00000E+00  Product nuclide = self          : inelastic scatt. to 11. excited state
  17    MT =     62  Q = -4.76000E-01 MeV  Emin = 4.78009E-01 MeV  frac = 1.00000E+00  Product nuclide = self          : inelastic scatt. to 12. excited state
  18    MT =     63  Q = -4.90000E-01 MeV  Emin = 4.92068E-01 MeV  frac = 1.00000E+00  Product nuclide = self          : inelastic scatt. to 13. excited state
  19    MT =     64  Q = -5.05500E-01 MeV  Emin = 5.07633E-01 MeV  frac = 1.00000E+00  Product nuclide = self          : inelastic scatt. to 14. excited state
  20    MT =     65  Q = -5.25000E-01 MeV  Emin = 5.27215E-01 MeV  frac = 1.00000E+00  Product nuclide = self          : inelastic scatt. to 15. excited state
  21    MT =     66  Q = -5.56100E-01 MeV  Emin = 5.58450E-01 MeV  frac = 1.00000E+00  Product nuclide = self          : inelastic scatt. to 16. excited state
  22    MT =     67  Q = -5.74000E-01 MeV  Emin = 5.76422E-01 MeV  frac = 1.00000E+00  Product nuclide = self          : inelastic scatt. to 17. excited state
  23    MT =     68  Q = -6.27000E-01 MeV  Emin = 6.29646E-01 MeV  frac = 1.00000E+00  Product nuclide = self          : inelastic scatt. to 18. excited state
  24    MT =     69  Q = -9.39000E-01 MeV  Emin = 9.42962E-01 MeV  frac = 1.00000E+00  Product nuclide = self          : inelastic scatt. to 19. excited state
  25    MT =     70  Q = -1.00100E+00 MeV  Emin = 1.00523E+00 MeV  frac = 1.00000E+00  Product nuclide = self          : inelastic scatt. to 20. excited state
  26    MT =     71  Q = -1.13500E+00 MeV  Emin = 1.13979E+00 MeV  frac = 1.00000E+00  Product nuclide = self          : inelastic scatt. to 21. excited state
  27    MT =     72  Q = -1.17000E+00 MeV  Emin = 1.17494E+00 MeV  frac = 1.00000E+00  Product nuclide = self          : inelastic scatt. to 22. excited state
  28    MT =     73  Q = -1.25000E+00 MeV  Emin = 1.25527E+00 MeV  frac = 1.00000E+00  Product nuclide = self          : inelastic scatt. to 23. excited state
  29    MT =     74  Q = -1.44000E+00 MeV  Emin = 1.44608E+00 MeV  frac = 1.00000E+00  Product nuclide = self          : inelastic scatt. to 24. excited state
  30    MT =     75  Q = -1.59000E+00 MeV  Emin = 1.59671E+00 MeV  frac = 1.00000E+00  Product nuclide = self          : inelastic scatt. to 25. excited state
  31    MT =     76  Q = -1.75000E+00 MeV  Emin = 1.75738E+00 MeV  frac = 1.00000E+00  Product nuclide = self          : inelastic scatt. to 26. excited state
  32    MT =     77  Q = -1.85000E+00 MeV  Emin = 1.85781E+00 MeV  frac = 1.00000E+00  Product nuclide = self          : inelastic scatt. to 27. excited state
  33    MT =     78  Q = -1.95000E+00 MeV  Emin = 1.95823E+00 MeV  frac = 1.00000E+00  Product nuclide = self          : inelastic scatt. to 28. excited state
  34    MT =     79  Q = -2.15000E+00 MeV  Emin = 2.15907E+00 MeV  frac = 1.00000E+00  Product nuclide = self          : inelastic scatt. to 29. excited state
  35    MT =     80  Q = -2.30000E+00 MeV  Emin = 2.30971E+00 MeV  frac = 1.00000E+00  Product nuclide = self          : inelastic scatt. to 30. excited state
  36    MT =     81  Q = -2.39000E+00 MeV  Emin = 2.40008E+00 MeV  frac = 1.00000E+00  Product nuclide = self          : inelastic scatt. to 31. excited state
  37    MT =     82  Q = -2.49280E+00 MeV  Emin = 2.50332E+00 MeV  frac = 1.00000E+00  Product nuclide = self          : inelastic scatt. to 32. excited state
  38    MT =     83  Q = -2.94000E+00 MeV  Emin = 2.95241E+00 MeV  frac = 1.00000E+00  Product nuclide = self          : inelastic scatt. to 33. excited state
  39    MT =     84  Q = -3.18900E+00 MeV  Emin = 3.20246E+00 MeV  frac = 1.00000E+00  Product nuclide = self          : inelastic scatt. to 34. excited state
  40    MT =     85  Q = -3.38800E+00 MeV  Emin = 3.40230E+00 MeV  frac = 1.00000E+00  Product nuclide = self          : inelastic scatt. to 35. excited state
  41    MT =     86  Q = -3.53800E+00 MeV  Emin = 3.55293E+00 MeV  frac = 1.00000E+00  Product nuclide = self          : inelastic scatt. to 36. excited state
  42    MT =     87  Q = -3.63700E+00 MeV  Emin = 3.65235E+00 MeV  frac = 1.00000E+00  Product nuclide = self          : inelastic scatt. to 37. excited state
  43    MT =     88  Q = -3.73700E+00 MeV  Emin = 3.75277E+00 MeV  frac = 1.00000E+00  Product nuclide = self          : inelastic scatt. to 38. excited state
  44    MT =     89  Q = -3.83700E+00 MeV  Emin = 3.85319E+00 MeV  frac = 1.00000E+00  Product nuclide = self          : inelastic scatt. to 39. excited state
  45    MT =     90  Q = -3.90900E+00 MeV  Emin = 3.92550E+00 MeV  frac = 1.00000E+00  Product nuclide = self          : inelastic scatt. to 40. excited state
  46    MT =     91  Q = -6.34000E-01 MeV  Emin = 6.36680E-01 MeV  frac = 1.00000E+00  Product nuclide = self          : inelastic scattering to continuum
  47    MT =    102  Q =  6.53370E+00 MeV  Emin = 1.00000E-11 MeV  frac = 1.00000E+00  Product nuclide = cut: Pu-240   : (n,gamma)

 1 special reaction:

   1    MT =      4  Q =  0.00000E+00 MeV  Emin = 7.89417E-03 MeV  : total inelastic scattering

 --- Table  1: Summary of material compositions: 

 3 materials included in calculation


Material "fuel":

 - Material is included in majorant
 - Material is included in geometry
 - Atom density 7.9348E-02 1/barn*cm
 - Mass density 3.3304E+00 g/cm3
 - Volume 1.9506E+07 cm3
 - Mass 6.4962E+07 g
 - Photon emission rate 0.0000E+00 1/s
 - 7 nuclides in composition
 - No nuclides associated with S(a,b) data
 - 4.79 Mb of memory allocated for data

Isotopic composition (non-zero densities):

-------------------------------------------------------------------
 Nuclide    a. weight   temp      a. dens      a. frac      m. frac
-------------------------------------------------------------------
  3007.09c    7.01600  900.0  2.25328E-02  2.83976E-01  7.88253E-02    
  3006.09c    6.01507  900.0  1.08162E-06  1.36314E-05  3.24397E-06    
  9019.09c   18.99820  900.0  4.79493E-02  6.04294E-01  4.54207E-01    
  4009.09c    9.01220  900.0  5.02376E-03  6.33133E-02  2.25746E-02    
 90232.09c  232.03833  900.0  3.76782E-03  4.74850E-02  4.35923E-01    
 92233.09c  233.03964  900.0  7.28447E-05  9.18045E-04  8.46423E-03    
 94239.09c  239.05218  900.0  1.88395E-08  2.37430E-07  2.24555E-06    
       sum                    7.93476E-02  1.00000E+00  1.00000E+00
-------------------------------------------------------------------

Material "moder":

 - Material is included in majorant
 - Material is included in geometry
 - Atom density 9.2489E-02 1/barn*cm
 - Mass density 1.8430E+00 g/cm3
 - Volume 6.6068E+07 cm3
 - Mass 1.2176E+08 g
 - Photon emission rate 0.0000E+00 1/s
 - 1 nuclides in composition
 - 1 nuclides associated with S(a,b) data
 - 2.05 Mb of memory allocated for data

Isotopic composition (non-zero densities):

-------------------------------------------------------------------
 Nuclide    a. weight   temp      a. dens      a. frac      m. frac
-------------------------------------------------------------------
  6012.09s   11.99999  908.0  9.24887E-02  1.00000E+00  1.00000E+00 (s)
       sum                    9.24887E-02  1.00000E+00  1.00000E+00
-------------------------------------------------------------------

Material "hast":

 - Material is included in majorant
 - Material is included in geometry
 - Atom density 8.4475E-02 1/barn*cm
 - Mass density 8.6710E+00 g/cm3
 - Volume 3.9855E+04 cm3
 - Mass 3.4558E+05 g
 - Photon emission rate 0.0000E+00 1/s
 - 4 nuclides in composition
 - No nuclides associated with S(a,b) data
 - 2.74 Mb of memory allocated for data

Isotopic composition (non-zero densities):

-------------------------------------------------------------------
 Nuclide    a. weight   temp      a. dens      a. frac      m. frac
-------------------------------------------------------------------
 28000.06c   58.68796  600.0  6.40614E-02  7.58352E-01  7.20000E-01    
 42000.06c   95.94017  600.0  8.70828E-03  1.03088E-01  1.60000E-01    
 24000.06c   51.99587  600.0  7.02979E-03  8.32178E-02  7.00000E-02    
 26000.06c   55.84675  600.0  4.67504E-03  5.53426E-02  5.00000E-02    
       sum                    8.44745E-02  1.00000E+00  1.00000E+00
-------------------------------------------------------------------
