
 --- Table  1: Summary of nuclide data: 

 Data for 10 nuclides included in calculation:

 - 10 Transport nuclides
 - No dosimetry nuclides
 - No decay nuclides
 - 375 reaction channels
 - 121 special reactions
 - No transmutation reactions
 - No transmutation branch reactions
 - No decay reactions
 - No decay branch reactions
 - All reaction linked to target

 Columns:

  1. Index
  2. Level (first occurence in transmutation paths)
  3. Name (nuclide identifier data)
  4. Library ID
  5. Primary data type: TRA = transport
                        DOS = dosimetry
                        SAB = thermal scattering
                        DEC = only decay data
                        STR = only structural data (mass)
                        PHO = photon interaction data
  6. Z (atomic number)
  7. A (isotope number)
  8. I (isomeric state)
  9. Atomic weight
 10. Temperature (in Kelvin)
 11. Decay constant (1/s)
 12. Flags: I - nuclide is present in initial composition
            B - nuclide is involved in burnup calculation
            A - nuclide is produced as activation product
            D - nuclide is produced as decay product
            F - nuclide is produced as fission product
            B - nuclide is produced in decay or transmutation branching
            T - nuclide has neutron transport cross section data
            S - nuclide has S(a,b) data
            I - nuclide has isomeric branching reactions
            F - nuclide is fissile
            P - nuclide is a delayed neutron precursor
            D - nuclide has delayed neutron data
            U - nuclide has uses ures ptable data
            T - nuclide cross sections are adjusted by TMS
            D - nuclide has dosimetry cross section data
            R - nuclide has radioactive decay data
            N - nuclide has neutron-induced fission yield data
            S - nuclide has spontaneous fission yield data
            P - nuclide has photon transport cross section data
            T - nuclide has supplementary transmutation cross section data

    1   0  3007.12c      12c  TRA    3   7 0    7.01600  1200.0          N/A  I-----T-------------  lithium 7 (Li-7)
    2   0  5010.12c      12c  TRA    5  10 0   10.01294  1200.0          N/A  I-----T-------------  boron 10 (B-10)
    3   0  6000.12c      12c  TRA    6   0 0   12.00110  1200.0          N/A  I-----T-------------  natural carbon (C-nat)
    4   0  9019.12c      12c  TRA    9  19 0   18.99820  1200.0          N/A  I-----T-------------  fluorine 19 (F-19)
    5   0  13027.12c     12c  TRA   13  27 0   26.98154  1200.0          N/A  I-----T-------------  aluminum 27 (Al-27)
    6   0  24000.12c     12c  TRA   24   0 0   51.99587  1200.0          N/A  I-----T-------------  natural chromium (Cr-nat)
    7   0  28000.12c     12c  TRA   28   0 0   58.68796  1200.0          N/A  I-----T-------------  natural nickel (Ni-nat)
    8   0  74000.12c     12c  TRA   74   0 0  183.85642  1200.0          N/A  I-----T-------------  natural tungsten (W-nat)
    9   0  90232.12c     12c  TRA   90 232 0  232.03833  1200.0          N/A  I-----T--F-D--------  thorium 232 (Th-232)
   10   0  92233.12c     12c  TRA   92 233 0  233.03964  1200.0          N/A  I-----T--F-D--------  uranium 233 (U-233)

 --- Table  2: Reaction and decay data: 

 Nuclide    1 / 10 : 3007.12c -- lithium 7 (Li-7)

 Pointers                     : 16744 3621
 Primary type                 : Transport
 Nuclide ZAI                  : 30070
 Library ID                   : 12c
 Cross section data file      : /home/smpark/serpent2/xs/acedata/3007JEF311.ace
 Atomic weight (AW)           : 7.01600
 Atomic weight ratio (AWR)    : 6.95573
 Temperature                  : 1200.0 Kelvin
 XS temperature               : 1200.0 Kelvin
 Minimum and maximum energy   : 1.00000E-11 2.00000E+01
 Half-life                    : N/A
 Specific ingestion toxicity  : N/A
 Specific inhalation toxicity : N/A

 - Nuclide is not involved in burnup calculation
 - Nuclide has neutron transport data
 - Nuclide has no photon transport data
 - Nuclide has no S(a,b) data
 - Nuclide has no isomeric branching data
 - Nuclide is not fissile
 - Nuclide is not a delayed neutron precursor
 - Nuclide has no delayed neutron data
 - Nuclide has no ures ptable data
 - Nuclide temperature is not adjusted with TMS
 - Nuclide has no dosimetry data
 - Nuclide has no decay data
 - Nuclide has no supplementary transmutation cross section data
 - Nuclide has no NFY data
 - Nuclide has no SFY data

 - 11 reaction channels
 - 5 special reactions
 - No transmutation reactions
 - No transmutation branch reactions
 - No decay reactions
 - No decay branch reactions
 - No transmutation paths

 11 reactions channel:

   1    MT =      2  Q =  0.00000E+00 MeV  Emin = 1.00000E-11 MeV  frac = 1.00000E+00  : elastic scattering
   2    MT =     16  Q = -7.25050E+00 MeV  Emin = 8.29288E+00 MeV  frac = 1.00000E+00  : (n,2n)
   3    MT =     24  Q = -8.72400E+00 MeV  Emin = 9.97823E+00 MeV  frac = 1.00000E+00  : (n,2nalpha)
   4    MT =     25  Q = -1.09486E+01 MeV  Emin = 1.25227E+01 MeV  frac = 1.00000E+00  : (n,3nalpha)
   5    MT =     28  Q = -7.75320E+00 MeV  Emin = 8.86790E+00 MeV  frac = 1.00000E+00  : (n,np)
   6    MT =     51  Q = -4.77610E-01 MeV  Emin = 5.46277E-01 MeV  frac = 1.00000E+00  : inelastic scatt. to 1. excited state
   7    MT =     52  Q = -4.63000E+00 MeV  Emin = 5.29564E+00 MeV  frac = 1.00000E+00  : inelastic scatt. to 2. excited state
   8    MT =     53  Q = -6.68000E+00 MeV  Emin = 7.64036E+00 MeV  frac = 1.00000E+00  : inelastic scatt. to 3. excited state
   9    MT =     91  Q = -2.46670E+00 MeV  Emin = 3.14540E+00 MeV  frac = 1.00000E+00  : inelastic scattering to continuum
  10    MT =    102  Q =  2.03280E+00 MeV  Emin = 1.00000E-11 MeV  frac = 1.00000E+00  : (n,gamma)
  11    MT =    104  Q = -7.75320E+00 MeV  Emin = 8.86790E+00 MeV  frac = 1.00000E+00  : (n,d)

 5 special reactions:

   1    MT =    203  Q =  0.00000E+00 MeV  Emin = 8.86786E+00 MeV  : total proton production
   2    MT =    204  Q =  0.00000E+00 MeV  Emin = 8.86786E+00 MeV  : total deuteron production
   3    MT =    205  Q =  0.00000E+00 MeV  Emin = 5.29564E+00 MeV  : total triton production
   4    MT =    207  Q =  0.00000E+00 MeV  Emin = 5.29564E+00 MeV  : total alpha production
   5    MT =      4  Q =  0.00000E+00 MeV  Emin = 5.46277E-01 MeV  : total inelastic scattering

 Nuclide    2 / 10 : 5010.12c -- boron 10 (B-10)

 Pointers                     : 47685 4449
 Primary type                 : Transport
 Nuclide ZAI                  : 50100
 Library ID                   : 12c
 Cross section data file      : /home/smpark/serpent2/xs/acedata/5010JEF311.ace
 Atomic weight (AW)           : 10.01294
 Atomic weight ratio (AWR)    : 9.92692
 Temperature                  : 1200.0 Kelvin
 XS temperature               : 1200.0 Kelvin
 Minimum and maximum energy   : 1.00000E-11 2.00000E+01
 Half-life                    : N/A
 Specific ingestion toxicity  : N/A
 Specific inhalation toxicity : N/A

 - Nuclide is not involved in burnup calculation
 - Nuclide has neutron transport data
 - Nuclide has no photon transport data
 - Nuclide has no S(a,b) data
 - Nuclide has no isomeric branching data
 - Nuclide is not fissile
 - Nuclide is not a delayed neutron precursor
 - Nuclide has no delayed neutron data
 - Nuclide has no ures ptable data
 - Nuclide temperature is not adjusted with TMS
 - Nuclide has no dosimetry data
 - Nuclide has no decay data
 - Nuclide has no supplementary transmutation cross section data
 - Nuclide has no NFY data
 - Nuclide has no SFY data

 - 41 reaction channels
 - 13 special reactions
 - No transmutation reactions
 - No transmutation branch reactions
 - No decay reactions
 - No decay branch reactions
 - No transmutation paths

 41 reactions channel:

   1    MT =      2  Q =  0.00000E+00 MeV  Emin = 1.00000E-11 MeV  frac = 1.00000E+00  : elastic scattering
   2    MT =     51  Q = -7.18350E-01 MeV  Emin = 7.90714E-01 MeV  frac = 1.00000E+00  : inelastic scatt. to 1. excited state
   3    MT =     52  Q = -1.74015E+00 MeV  Emin = 1.91545E+00 MeV  frac = 1.00000E+00  : inelastic scatt. to 2. excited state
   4    MT =     53  Q = -2.15430E+00 MeV  Emin = 2.37132E+00 MeV  frac = 1.00000E+00  : inelastic scatt. to 3. excited state
   5    MT =     54  Q = -3.58710E+00 MeV  Emin = 3.94845E+00 MeV  frac = 1.00000E+00  : inelastic scatt. to 4. excited state
   6    MT =     55  Q = -4.77400E+00 MeV  Emin = 5.25491E+00 MeV  frac = 1.00000E+00  : inelastic scatt. to 5. excited state
   7    MT =     56  Q = -5.11030E+00 MeV  Emin = 5.62509E+00 MeV  frac = 1.00000E+00  : inelastic scatt. to 6. excited state
   8    MT =     57  Q = -5.16390E+00 MeV  Emin = 5.68409E+00 MeV  frac = 1.00000E+00  : inelastic scatt. to 7. excited state
   9    MT =     58  Q = -5.18000E+00 MeV  Emin = 5.70181E+00 MeV  frac = 1.00000E+00  : inelastic scatt. to 8. excited state
  10    MT =     59  Q = -5.91950E+00 MeV  Emin = 6.51581E+00 MeV  frac = 1.00000E+00  : inelastic scatt. to 9. excited state
  11    MT =     60  Q = -6.02500E+00 MeV  Emin = 6.63194E+00 MeV  frac = 1.00000E+00  : inelastic scatt. to 10. excited state
  12    MT =     61  Q = -6.12720E+00 MeV  Emin = 6.74443E+00 MeV  frac = 1.00000E+00  : inelastic scatt. to 11. excited state
  13    MT =     62  Q = -6.50000E+00 MeV  Emin = 7.15500E+00 MeV  frac = 1.00000E+00  : inelastic scatt. to 12. excited state
  14    MT =     63  Q = -7.00000E+00 MeV  Emin = 7.70515E+00 MeV  frac = 1.00000E+00  : inelastic scatt. to 13. excited state
  15    MT =     64  Q = -7.50000E+00 MeV  Emin = 8.25600E+00 MeV  frac = 1.00000E+00  : inelastic scatt. to 14. excited state
  16    MT =     65  Q = -8.00000E+00 MeV  Emin = 8.80600E+00 MeV  frac = 1.00000E+00  : inelastic scatt. to 15. excited state
  17    MT =     66  Q = -8.50000E+00 MeV  Emin = 9.35626E+00 MeV  frac = 1.00000E+00  : inelastic scatt. to 16. excited state
  18    MT =     67  Q = -9.00000E+00 MeV  Emin = 9.90700E+00 MeV  frac = 1.00000E+00  : inelastic scatt. to 17. excited state
  19    MT =     68  Q = -9.50000E+00 MeV  Emin = 1.04570E+01 MeV  frac = 1.00000E+00  : inelastic scatt. to 18. excited state
  20    MT =     69  Q = -1.00000E+01 MeV  Emin = 1.10074E+01 MeV  frac = 1.00000E+00  : inelastic scatt. to 19. excited state
  21    MT =     70  Q = -1.05000E+01 MeV  Emin = 1.15580E+01 MeV  frac = 1.00000E+00  : inelastic scatt. to 20. excited state
  22    MT =     71  Q = -1.10000E+01 MeV  Emin = 1.21081E+01 MeV  frac = 1.00000E+00  : inelastic scatt. to 21. excited state
  23    MT =     72  Q = -1.15000E+01 MeV  Emin = 1.26585E+01 MeV  frac = 1.00000E+00  : inelastic scatt. to 22. excited state
  24    MT =     73  Q = -1.20000E+01 MeV  Emin = 1.32090E+01 MeV  frac = 1.00000E+00  : inelastic scatt. to 23. excited state
  25    MT =     74  Q = -1.25000E+01 MeV  Emin = 1.37592E+01 MeV  frac = 1.00000E+00  : inelastic scatt. to 24. excited state
  26    MT =     75  Q = -1.30000E+01 MeV  Emin = 1.43100E+01 MeV  frac = 1.00000E+00  : inelastic scatt. to 25. excited state
  27    MT =     76  Q = -1.35000E+01 MeV  Emin = 1.48600E+01 MeV  frac = 1.00000E+00  : inelastic scatt. to 26. excited state
  28    MT =     77  Q = -1.40000E+01 MeV  Emin = 1.54103E+01 MeV  frac = 1.00000E+00  : inelastic scatt. to 27. excited state
  29    MT =     78  Q = -1.45000E+01 MeV  Emin = 1.59610E+01 MeV  frac = 1.00000E+00  : inelastic scatt. to 28. excited state
  30    MT =     79  Q = -1.50000E+01 MeV  Emin = 1.65111E+01 MeV  frac = 1.00000E+00  : inelastic scatt. to 29. excited state
  31    MT =     80  Q = -1.55000E+01 MeV  Emin = 1.70614E+01 MeV  frac = 1.00000E+00  : inelastic scatt. to 30. excited state
  32    MT =     81  Q = -1.60000E+01 MeV  Emin = 1.76120E+01 MeV  frac = 1.00000E+00  : inelastic scatt. to 31. excited state
  33    MT =     82  Q = -1.65000E+01 MeV  Emin = 1.81622E+01 MeV  frac = 1.00000E+00  : inelastic scatt. to 32. excited state
  34    MT =     83  Q = -1.70000E+01 MeV  Emin = 1.87130E+01 MeV  frac = 1.00000E+00  : inelastic scatt. to 33. excited state
  35    MT =     84  Q = -1.75000E+01 MeV  Emin = 1.92630E+01 MeV  frac = 1.00000E+00  : inelastic scatt. to 34. excited state
  36    MT =     85  Q = -1.80000E+01 MeV  Emin = 1.98133E+01 MeV  frac = 1.00000E+00  : inelastic scatt. to 35. excited state
  37    MT =    102  Q =  1.14560E+01 MeV  Emin = 1.00000E-11 MeV  frac = 1.00000E+00  : (n,gamma)
  38    MT =    103  Q =  2.26241E-01 MeV  Emin = 1.00000E-11 MeV  frac = 1.00000E+00  : (n,p)
  39    MT =    104  Q = -4.36100E+00 MeV  Emin = 4.80031E+00 MeV  frac = 1.00000E+00  : (n,d)
  40    MT =    107  Q =  2.79000E+00 MeV  Emin = 1.00000E-11 MeV  frac = 1.00000E+00  : (n,alpha)
  41    MT =    113  Q =  3.24000E-01 MeV  Emin = 1.00000E-11 MeV  frac = 1.00000E+00  : (n,t2alpha)

 13 special reactions:

   1    MT =    203  Q =  0.00000E+00 MeV  Emin = 1.00000E-11 MeV  : total proton production
   2    MT =    204  Q =  0.00000E+00 MeV  Emin = 4.80000E+00 MeV  : total deuteron production
   3    MT =    205  Q =  0.00000E+00 MeV  Emin = 1.00000E-11 MeV  : total triton production
   4    MT =    207  Q =  0.00000E+00 MeV  Emin = 1.00000E-11 MeV  : total alpha production
   5    MT =    600  Q =  2.26241E-01 MeV  Emin = 1.00000E-11 MeV  : (n,p) to ground state
   6    MT =    601  Q = -3.14179E+00 MeV  Emin = 3.45828E+00 MeV  : (n,p1)
   7    MT =    602  Q = -5.73215E+00 MeV  Emin = 6.30959E+00 MeV  : (n,p2)
   8    MT =    603  Q = -5.73366E+00 MeV  Emin = 6.31125E+00 MeV  : (n,p3)
   9    MT =    604  Q = -5.95306E+00 MeV  Emin = 6.55275E+00 MeV  : (n,p4)
  10    MT =    605  Q = -6.03706E+00 MeV  Emin = 6.64521E+00 MeV  : (n,p5)
  11    MT =    800  Q =  2.79000E+00 MeV  Emin = 1.00000E-11 MeV  : (n,alpha) to ground state
  12    MT =    801  Q =  2.31239E+00 MeV  Emin = 1.00000E-11 MeV  : (n,a1)
  13    MT =      4  Q =  0.00000E+00 MeV  Emin = 7.90714E-01 MeV  : total inelastic scattering

 Nuclide    3 / 10 : 6000.12c -- natural carbon (C-nat)

 Pointers                     : 51678 5001
 Primary type                 : Transport
 Nuclide ZAI                  : 60000
 Library ID                   : 12c
 Cross section data file      : /home/smpark/serpent2/xs/acedata/6000JEF311.ace
 Atomic weight (AW)           : 12.00110
 Atomic weight ratio (AWR)    : 11.89800
 Temperature                  : 1200.0 Kelvin
 XS temperature               : 1200.0 Kelvin
 Minimum and maximum energy   : 1.00000E-11 1.50000E+02
 Half-life                    : N/A
 Specific ingestion toxicity  : N/A
 Specific inhalation toxicity : N/A

 - Nuclide is not involved in burnup calculation
 - Nuclide has neutron transport data
 - Nuclide has no photon transport data
 - Nuclide has no S(a,b) data
 - Nuclide has no isomeric branching data
 - Nuclide is not fissile
 - Nuclide is not a delayed neutron precursor
 - Nuclide has no delayed neutron data
 - Nuclide has no ures ptable data
 - Nuclide temperature is not adjusted with TMS
 - Nuclide has no dosimetry data
 - Nuclide has no decay data
 - Nuclide has no supplementary transmutation cross section data
 - Nuclide has no NFY data
 - Nuclide has no SFY data

 - 20 reaction channels
 - 4 special reactions
 - No transmutation reactions
 - No transmutation branch reactions
 - No decay reactions
 - No decay branch reactions
 - No transmutation paths

 20 reactions channel:

   1    MT =      2  Q =  0.00000E+00 MeV  Emin = 1.00000E-11 MeV  frac = 1.00000E+00  : elastic scattering
   2    MT =      5  Q =  0.00000E+00 MeV  Emin = 2.00000E+01 MeV  frac = 1.00000E+00  : anything
   3    MT =     28  Q = -1.59570E+01 MeV  Emin = 1.72982E+01 MeV  frac = 1.00000E+00  : (n,np)
   4    MT =     51  Q = -4.43900E+00 MeV  Emin = 4.81209E+00 MeV  frac = 1.00000E+00  : inelastic scatt. to 1. excited state
   5    MT =     52  Q = -7.65300E+00 MeV  Emin = 8.29622E+00 MeV  frac = 1.00000E+00  : inelastic scatt. to 2. excited state
   6    MT =     53  Q = -9.63800E+00 MeV  Emin = 1.04481E+01 MeV  frac = 1.00000E+00  : inelastic scatt. to 3. excited state
   7    MT =     54  Q = -1.08000E+01 MeV  Emin = 1.17080E+01 MeV  frac = 1.00000E+00  : inelastic scatt. to 4. excited state
   8    MT =     55  Q = -1.18000E+01 MeV  Emin = 1.27920E+01 MeV  frac = 1.00000E+00  : inelastic scatt. to 5. excited state
   9    MT =     56  Q = -1.27000E+01 MeV  Emin = 1.37674E+01 MeV  frac = 1.00000E+00  : inelastic scatt. to 6. excited state
  10    MT =     57  Q = -1.33500E+01 MeV  Emin = 1.45000E+01 MeV  frac = 1.00000E+00  : inelastic scatt. to 7. excited state
  11    MT =     58  Q = -1.40800E+01 MeV  Emin = 1.52634E+01 MeV  frac = 1.00000E+00  : inelastic scatt. to 8. excited state
  12    MT =     59  Q = -1.50800E+01 MeV  Emin = 1.63474E+01 MeV  frac = 1.00000E+00  : inelastic scatt. to 9. excited state
  13    MT =     60  Q = -1.60800E+01 MeV  Emin = 1.74315E+01 MeV  frac = 1.00000E+00  : inelastic scatt. to 10. excited state
  14    MT =     61  Q = -1.70800E+01 MeV  Emin = 1.85160E+01 MeV  frac = 1.00000E+00  : inelastic scatt. to 11. excited state
  15    MT =     62  Q = -1.80800E+01 MeV  Emin = 1.96000E+01 MeV  frac = 1.00000E+00  : inelastic scatt. to 12. excited state
  16    MT =     91  Q = -7.27500E+00 MeV  Emin = 7.88645E+00 MeV  frac = 1.00000E+00  : inelastic scattering to continuum
  17    MT =    102  Q =  4.94700E+00 MeV  Emin = 1.00000E-11 MeV  frac = 1.00000E+00  : (n,gamma)
  18    MT =    103  Q = -1.25880E+01 MeV  Emin = 1.44720E+01 MeV  frac = 1.00000E+00  : (n,p)
  19    MT =    104  Q = -1.37330E+01 MeV  Emin = 1.52630E+01 MeV  frac = 1.00000E+00  : (n,d)
  20    MT =    107  Q = -5.70200E+00 MeV  Emin = 6.18124E+00 MeV  frac = 1.00000E+00  : (n,alpha)

 4 special reactions:

   1    MT =    203  Q =  0.00000E+00 MeV  Emin = 1.44720E+01 MeV  : total proton production
   2    MT =    204  Q =  0.00000E+00 MeV  Emin = 1.52630E+01 MeV  : total deuteron production
   3    MT =    207  Q =  0.00000E+00 MeV  Emin = 6.18124E+00 MeV  : total alpha production
   4    MT =      4  Q =  0.00000E+00 MeV  Emin = 4.81209E+00 MeV  : total inelastic scattering

 Nuclide    4 / 10 : 9019.12c -- fluorine 19 (F-19)

 Pointers                     : 18006 6657
 Primary type                 : Transport
 Nuclide ZAI                  : 90190
 Library ID                   : 12c
 Cross section data file      : /home/smpark/serpent2/xs/acedata/9019JEF311.ace
 Atomic weight (AW)           : 18.99820
 Atomic weight ratio (AWR)    : 18.83500
 Temperature                  : 1200.0 Kelvin
 XS temperature               : 1200.0 Kelvin
 Minimum and maximum energy   : 1.00000E-11 2.00000E+01
 Half-life                    : N/A
 Specific ingestion toxicity  : N/A
 Specific inhalation toxicity : N/A

 - Nuclide is not involved in burnup calculation
 - Nuclide has neutron transport data
 - Nuclide has no photon transport data
 - Nuclide has no S(a,b) data
 - Nuclide has no isomeric branching data
 - Nuclide is not fissile
 - Nuclide is not a delayed neutron precursor
 - Nuclide has no delayed neutron data
 - Nuclide has no ures ptable data
 - Nuclide temperature is not adjusted with TMS
 - Nuclide has no dosimetry data
 - Nuclide has no decay data
 - Nuclide has no supplementary transmutation cross section data
 - Nuclide has no NFY data
 - Nuclide has no SFY data

 - 31 reaction channels
 - 5 special reactions
 - No transmutation reactions
 - No transmutation branch reactions
 - No decay reactions
 - No decay branch reactions
 - No transmutation paths

 31 reactions channel:

   1    MT =      2  Q =  0.00000E+00 MeV  Emin = 1.00000E-11 MeV  frac = 1.00000E+00  : elastic scattering
   2    MT =     16  Q = -1.04310E+01 MeV  Emin = 1.10000E+01 MeV  frac = 1.00000E+00  : (n,2n)
   3    MT =     22  Q = -4.01290E+00 MeV  Emin = 4.22600E+00 MeV  frac = 1.00000E+00  : (n,nalpha)
   4    MT =     28  Q = -7.99300E+00 MeV  Emin = 8.41740E+00 MeV  frac = 1.00000E+00  : (n,np)
   5    MT =     51  Q = -1.09900E-01 MeV  Emin = 1.15840E-01 MeV  frac = 1.00000E+00  : inelastic scatt. to 1. excited state
   6    MT =     52  Q = -1.97200E-01 MeV  Emin = 2.07670E-01 MeV  frac = 1.00000E+00  : inelastic scatt. to 2. excited state
   7    MT =     53  Q = -1.34600E+00 MeV  Emin = 1.41750E+00 MeV  frac = 1.00000E+00  : inelastic scatt. to 3. excited state
   8    MT =     54  Q = -1.45900E+00 MeV  Emin = 1.53650E+00 MeV  frac = 1.00000E+00  : inelastic scatt. to 4. excited state
   9    MT =     55  Q = -1.55400E+00 MeV  Emin = 1.63651E+00 MeV  frac = 1.00000E+00  : inelastic scatt. to 5. excited state
  10    MT =     56  Q = -2.78000E+00 MeV  Emin = 2.92760E+00 MeV  frac = 1.00000E+00  : inelastic scatt. to 6. excited state
  11    MT =     57  Q = -3.90700E+00 MeV  Emin = 4.11443E+00 MeV  frac = 1.00000E+00  : inelastic scatt. to 7. excited state
  12    MT =     58  Q = -3.99900E+00 MeV  Emin = 4.21132E+00 MeV  frac = 1.00000E+00  : inelastic scatt. to 8. excited state
  13    MT =     59  Q = -4.03200E+00 MeV  Emin = 4.24610E+00 MeV  frac = 1.00000E+00  : inelastic scatt. to 9. excited state
  14    MT =     60  Q = -4.37800E+00 MeV  Emin = 4.61044E+00 MeV  frac = 1.00000E+00  : inelastic scatt. to 10. excited state
  15    MT =     61  Q = -4.54900E+00 MeV  Emin = 4.79052E+00 MeV  frac = 1.00000E+00  : inelastic scatt. to 11. excited state
  16    MT =     62  Q = -4.55800E+00 MeV  Emin = 4.80000E+00 MeV  frac = 1.00000E+00  : inelastic scatt. to 12. excited state
  17    MT =     63  Q = -4.64800E+00 MeV  Emin = 4.89480E+00 MeV  frac = 1.00000E+00  : inelastic scatt. to 13. excited state
  18    MT =     64  Q = -4.68300E+00 MeV  Emin = 4.93163E+00 MeV  frac = 1.00000E+00  : inelastic scatt. to 14. excited state
  19    MT =     65  Q = -5.10600E+00 MeV  Emin = 5.37710E+00 MeV  frac = 1.00000E+00  : inelastic scatt. to 15. excited state
  20    MT =     66  Q = -5.36600E+00 MeV  Emin = 5.65090E+00 MeV  frac = 1.00000E+00  : inelastic scatt. to 16. excited state
  21    MT =     67  Q = -5.43000E+00 MeV  Emin = 5.71830E+00 MeV  frac = 1.00000E+00  : inelastic scatt. to 17. excited state
  22    MT =     68  Q = -5.46400E+00 MeV  Emin = 5.75410E+00 MeV  frac = 1.00000E+00  : inelastic scatt. to 18. excited state
  23    MT =     69  Q = -5.49900E+00 MeV  Emin = 5.79100E+00 MeV  frac = 1.00000E+00  : inelastic scatt. to 19. excited state
  24    MT =     70  Q = -5.54000E+00 MeV  Emin = 5.83413E+00 MeV  frac = 1.00000E+00  : inelastic scatt. to 20. excited state
  25    MT =     71  Q = -5.62100E+00 MeV  Emin = 5.91944E+00 MeV  frac = 1.00000E+00  : inelastic scatt. to 21. excited state
  26    MT =     91  Q = -5.64000E+00 MeV  Emin = 5.93944E+00 MeV  frac = 1.00000E+00  : inelastic scattering to continuum
  27    MT =    102  Q =  6.60130E+00 MeV  Emin = 1.00000E-11 MeV  frac = 1.00000E+00  : (n,gamma)
  28    MT =    103  Q = -4.03600E+00 MeV  Emin = 4.25030E+00 MeV  frac = 1.00000E+00  : (n,p)
  29    MT =    104  Q = -5.76800E+00 MeV  Emin = 7.00000E+00 MeV  frac = 1.00000E+00  : (n,d)
  30    MT =    105  Q = -7.55700E+00 MeV  Emin = 9.50000E+00 MeV  frac = 1.00000E+00  : (n,t)
  31    MT =    107  Q = -1.52300E+00 MeV  Emin = 1.60390E+00 MeV  frac = 1.00000E+00  : (n,alpha)

 5 special reactions:

   1    MT =    203  Q =  0.00000E+00 MeV  Emin = 4.25030E+00 MeV  : total proton production
   2    MT =    204  Q =  0.00000E+00 MeV  Emin = 6.99870E+00 MeV  : total deuteron production
   3    MT =    205  Q =  0.00000E+00 MeV  Emin = 9.48235E+00 MeV  : total triton production
   4    MT =    207  Q =  0.00000E+00 MeV  Emin = 1.60390E+00 MeV  : total alpha production
   5    MT =      4  Q =  0.00000E+00 MeV  Emin = 1.15840E-01 MeV  : total inelastic scattering

 Nuclide    5 / 10 : 13027.12c -- aluminum 27 (Al-27)

 Pointers                     : 37716 8589
 Primary type                 : Transport
 Nuclide ZAI                  : 130270
 Library ID                   : 12c
 Cross section data file      : /home/smpark/serpent2/xs/acedata/13027JEF311.ace
 Atomic weight (AW)           : 26.98154
 Atomic weight ratio (AWR)    : 26.74975
 Temperature                  : 1200.0 Kelvin
 XS temperature               : 1200.0 Kelvin
 Minimum and maximum energy   : 1.00000E-11 1.50000E+02
 Half-life                    : N/A
 Specific ingestion toxicity  : N/A
 Specific inhalation toxicity : N/A

 - Nuclide is not involved in burnup calculation
 - Nuclide has neutron transport data
 - Nuclide has no photon transport data
 - Nuclide has no S(a,b) data
 - Nuclide has no isomeric branching data
 - Nuclide is not fissile
 - Nuclide is not a delayed neutron precursor
 - Nuclide has no delayed neutron data
 - Nuclide has no ures ptable data
 - Nuclide temperature is not adjusted with TMS
 - Nuclide has no dosimetry data
 - Nuclide has no decay data
 - Nuclide has no supplementary transmutation cross section data
 - Nuclide has no NFY data
 - Nuclide has no SFY data

 - 57 reaction channels
 - 80 special reactions
 - No transmutation reactions
 - No transmutation branch reactions
 - No decay reactions
 - No decay branch reactions
 - No transmutation paths

 57 reactions channel:

   1    MT =      2  Q =  0.00000E+00 MeV  Emin = 1.00000E-11 MeV  frac = 1.00000E+00  : elastic scattering
   2    MT =      5  Q =  0.00000E+00 MeV  Emin = 2.00000E+01 MeV  frac = 1.00000E+00  : anything
   3    MT =     16  Q = -1.30582E+01 MeV  Emin = 1.35464E+01 MeV  frac = 1.00000E+00  : (n,2n)
   4    MT =     22  Q = -1.00898E+01 MeV  Emin = 1.04670E+01 MeV  frac = 1.00000E+00  : (n,nalpha)
   5    MT =     28  Q = -8.27213E+00 MeV  Emin = 8.58137E+00 MeV  frac = 1.00000E+00  : (n,np)
   6    MT =     32  Q = -1.71402E+01 MeV  Emin = 1.77810E+01 MeV  frac = 1.00000E+00  : (n,nd)
   7    MT =     33  Q = -1.82136E+01 MeV  Emin = 1.88945E+01 MeV  frac = 1.00000E+00  : (n,nt)
   8    MT =     45  Q = -1.88839E+01 MeV  Emin = 1.95899E+01 MeV  frac = 1.00000E+00  : (n,npalpha)
   9    MT =     51  Q = -8.43750E-01 MeV  Emin = 8.75293E-01 MeV  frac = 1.00000E+00  : inelastic scatt. to 1. excited state
  10    MT =     52  Q = -1.01445E+00 MeV  Emin = 1.05238E+00 MeV  frac = 1.00000E+00  : inelastic scatt. to 2. excited state
  11    MT =     53  Q = -2.21110E+00 MeV  Emin = 2.29376E+00 MeV  frac = 1.00000E+00  : inelastic scatt. to 3. excited state
  12    MT =     54  Q = -2.73480E+00 MeV  Emin = 2.83704E+00 MeV  frac = 1.00000E+00  : inelastic scatt. to 4. excited state
  13    MT =     55  Q = -2.98110E+00 MeV  Emin = 3.09254E+00 MeV  frac = 1.00000E+00  : inelastic scatt. to 5. excited state
  14    MT =     56  Q = -3.00400E+00 MeV  Emin = 3.11630E+00 MeV  frac = 1.00000E+00  : inelastic scatt. to 6. excited state
  15    MT =     57  Q = -3.68010E+00 MeV  Emin = 3.81768E+00 MeV  frac = 1.00000E+00  : inelastic scatt. to 7. excited state
  16    MT =     58  Q = -3.95680E+00 MeV  Emin = 4.10472E+00 MeV  frac = 1.00000E+00  : inelastic scatt. to 8. excited state
  17    MT =     59  Q = -4.05430E+00 MeV  Emin = 4.20587E+00 MeV  frac = 1.00000E+00  : inelastic scatt. to 9. excited state
  18    MT =     60  Q = -4.41020E+00 MeV  Emin = 4.57507E+00 MeV  frac = 1.00000E+00  : inelastic scatt. to 10. excited state
  19    MT =     61  Q = -4.51030E+00 MeV  Emin = 4.67891E+00 MeV  frac = 1.00000E+00  : inelastic scatt. to 11. excited state
  20    MT =     62  Q = -4.58000E+00 MeV  Emin = 4.75122E+00 MeV  frac = 1.00000E+00  : inelastic scatt. to 12. excited state
  21    MT =     63  Q = -4.81170E+00 MeV  Emin = 4.99158E+00 MeV  frac = 1.00000E+00  : inelastic scatt. to 13. excited state
  22    MT =     64  Q = -5.15630E+00 MeV  Emin = 5.34906E+00 MeV  frac = 1.00000E+00  : inelastic scatt. to 14. excited state
  23    MT =     65  Q = -5.24820E+00 MeV  Emin = 5.44440E+00 MeV  frac = 1.00000E+00  : inelastic scatt. to 15. excited state
  24    MT =     66  Q = -5.41990E+00 MeV  Emin = 5.62252E+00 MeV  frac = 1.00000E+00  : inelastic scatt. to 16. excited state
  25    MT =     67  Q = -5.43280E+00 MeV  Emin = 5.63590E+00 MeV  frac = 1.00000E+00  : inelastic scatt. to 17. excited state
  26    MT =     68  Q = -5.43840E+00 MeV  Emin = 5.64171E+00 MeV  frac = 1.00000E+00  : inelastic scatt. to 18. excited state
  27    MT =     69  Q = -5.49980E+00 MeV  Emin = 5.70540E+00 MeV  frac = 1.00000E+00  : inelastic scatt. to 19. excited state
  28    MT =     70  Q = -5.55070E+00 MeV  Emin = 5.75821E+00 MeV  frac = 1.00000E+00  : inelastic scatt. to 20. excited state
  29    MT =     71  Q = -5.66700E+00 MeV  Emin = 5.87885E+00 MeV  frac = 1.00000E+00  : inelastic scatt. to 21. excited state
  30    MT =     72  Q = -5.75130E+00 MeV  Emin = 5.96631E+00 MeV  frac = 1.00000E+00  : inelastic scatt. to 22. excited state
  31    MT =     73  Q = -5.82680E+00 MeV  Emin = 6.04463E+00 MeV  frac = 1.00000E+00  : inelastic scatt. to 23. excited state
  32    MT =     74  Q = -5.95960E+00 MeV  Emin = 6.18239E+00 MeV  frac = 1.00000E+00  : inelastic scatt. to 24. excited state
  33    MT =     75  Q = -6.08000E+00 MeV  Emin = 6.30729E+00 MeV  frac = 1.00000E+00  : inelastic scatt. to 25. excited state
  34    MT =     76  Q = -6.11540E+00 MeV  Emin = 6.34402E+00 MeV  frac = 1.00000E+00  : inelastic scatt. to 26. excited state
  35    MT =     77  Q = -6.15920E+00 MeV  Emin = 6.38945E+00 MeV  frac = 1.00000E+00  : inelastic scatt. to 27. excited state
  36    MT =     78  Q = -6.28700E+00 MeV  Emin = 6.52203E+00 MeV  frac = 1.00000E+00  : inelastic scatt. to 28. excited state
  37    MT =     79  Q = -6.46400E+00 MeV  Emin = 6.70565E+00 MeV  frac = 1.00000E+00  : inelastic scatt. to 29. excited state
  38    MT =     80  Q = -6.47730E+00 MeV  Emin = 6.71945E+00 MeV  frac = 1.00000E+00  : inelastic scatt. to 30. excited state
  39    MT =     81  Q = -6.51180E+00 MeV  Emin = 6.75523E+00 MeV  frac = 1.00000E+00  : inelastic scatt. to 31. excited state
  40    MT =     82  Q = -6.53300E+00 MeV  Emin = 6.77723E+00 MeV  frac = 1.00000E+00  : inelastic scatt. to 32. excited state
  41    MT =     83  Q = -6.60530E+00 MeV  Emin = 6.85223E+00 MeV  frac = 1.00000E+00  : inelastic scatt. to 33. excited state
  42    MT =     84  Q = -6.65150E+00 MeV  Emin = 6.90016E+00 MeV  frac = 1.00000E+00  : inelastic scatt. to 34. excited state
  43    MT =     85  Q = -6.71300E+00 MeV  Emin = 6.96396E+00 MeV  frac = 1.00000E+00  : inelastic scatt. to 35. excited state
  44    MT =     86  Q = -6.76500E+00 MeV  Emin = 7.01790E+00 MeV  frac = 1.00000E+00  : inelastic scatt. to 36. excited state
  45    MT =     87  Q = -6.77540E+00 MeV  Emin = 7.02869E+00 MeV  frac = 1.00000E+00  : inelastic scatt. to 37. excited state
  46    MT =     88  Q = -6.81420E+00 MeV  Emin = 7.06894E+00 MeV  frac = 1.00000E+00  : inelastic scatt. to 38. excited state
  47    MT =     89  Q = -6.82000E+00 MeV  Emin = 7.07496E+00 MeV  frac = 1.00000E+00  : inelastic scatt. to 39. excited state
  48    MT =     91  Q = -6.82000E+00 MeV  Emin = 7.07496E+00 MeV  frac = 1.00000E+00  : inelastic scattering to continuum
  49    MT =    102  Q =  7.72520E+00 MeV  Emin = 1.00000E-11 MeV  frac = 1.00000E+00  : (n,gamma)
  50    MT =    103  Q = -1.82855E+00 MeV  Emin = 1.89691E+00 MeV  frac = 1.00000E+00  : (n,p)
  51    MT =    104  Q = -6.04754E+00 MeV  Emin = 6.27362E+00 MeV  frac = 1.00000E+00  : (n,d)
  52    MT =    105  Q = -1.08829E+01 MeV  Emin = 1.12898E+01 MeV  frac = 1.00000E+00  : (n,t)
  53    MT =    107  Q = -3.13033E+00 MeV  Emin = 3.24735E+00 MeV  frac = 1.00000E+00  : (n,alpha)
  54    MT =    108  Q = -1.39583E+01 MeV  Emin = 1.44801E+01 MeV  frac = 1.00000E+00  : (n,2alpha)
  55    MT =    111  Q = -1.67999E+01 MeV  Emin = 1.74279E+01 MeV  frac = 1.00000E+00  : (n,2p)
  56    MT =    112  Q = -1.36838E+01 MeV  Emin = 1.41954E+01 MeV  frac = 1.00000E+00  : (n,palpha)
  57    MT =    117  Q = -1.66594E+01 MeV  Emin = 1.72822E+01 MeV  frac = 1.00000E+00  : (n,dalpha)

 80 special reactions:

   1    MT =    203  Q =  0.00000E+00 MeV  Emin = 1.89691E+00 MeV  : total proton production
   2    MT =    204  Q =  0.00000E+00 MeV  Emin = 6.27362E+00 MeV  : total deuteron production
   3    MT =    205  Q =  0.00000E+00 MeV  Emin = 1.12898E+01 MeV  : total triton production
   4    MT =    207  Q =  0.00000E+00 MeV  Emin = 3.24735E+00 MeV  : total alpha production
   5    MT =    600  Q = -1.82855E+00 MeV  Emin = 1.89691E+00 MeV  : (n,p) to ground state
   6    MT =    601  Q = -2.81321E+00 MeV  Emin = 2.91838E+00 MeV  : (n,p1)
   7    MT =    602  Q = -3.52655E+00 MeV  Emin = 3.65838E+00 MeV  : (n,p2)
   8    MT =    603  Q = -3.76855E+00 MeV  Emin = 3.90943E+00 MeV  : (n,p3)
   9    MT =    604  Q = -4.93795E+00 MeV  Emin = 5.12255E+00 MeV  : (n,p4)
  10    MT =    605  Q = -5.25545E+00 MeV  Emin = 5.45192E+00 MeV  : (n,p5)
  11    MT =    606  Q = -5.30385E+00 MeV  Emin = 5.50213E+00 MeV  : (n,p6)
  12    MT =    607  Q = -5.31925E+00 MeV  Emin = 5.51810E+00 MeV  : (n,p7)
  13    MT =    608  Q = -5.38775E+00 MeV  Emin = 5.58916E+00 MeV  : (n,p8)
  14    MT =    609  Q = -5.58895E+00 MeV  Emin = 5.79788E+00 MeV  : (n,p9)
  15    MT =    610  Q = -5.61445E+00 MeV  Emin = 5.82434E+00 MeV  : (n,p10)
  16    MT =    611  Q = -5.71255E+00 MeV  Emin = 5.92610E+00 MeV  : (n,p11)
  17    MT =    612  Q = -5.97835E+00 MeV  Emin = 6.20184E+00 MeV  : (n,p12)
  18    MT =    613  Q = -6.22675E+00 MeV  Emin = 6.45953E+00 MeV  : (n,p13)
  19    MT =    614  Q = -6.38135E+00 MeV  Emin = 6.61991E+00 MeV  : (n,p14)
  20    MT =    615  Q = -6.60465E+00 MeV  Emin = 6.85156E+00 MeV  : (n,p15)
  21    MT =    616  Q = -6.65585E+00 MeV  Emin = 6.90467E+00 MeV  : (n,p16)
  22    MT =    617  Q = -6.82085E+00 MeV  Emin = 7.07584E+00 MeV  : (n,p17)
  23    MT =    618  Q = -6.85655E+00 MeV  Emin = 7.11287E+00 MeV  : (n,p18)
  24    MT =    619  Q = -7.00055E+00 MeV  Emin = 7.26226E+00 MeV  : (n,p19)
  25    MT =    649  Q = -7.00055E+00 MeV  Emin = 7.26226E+00 MeV  : (n,p) to continuum
  26    MT =    650  Q = -6.04754E+00 MeV  Emin = 6.27362E+00 MeV  : (n,d) to ground state
  27    MT =    651  Q = -7.85622E+00 MeV  Emin = 8.14992E+00 MeV  : (n,d1)
  28    MT =    652  Q = -8.98590E+00 MeV  Emin = 9.32183E+00 MeV  : (n,d2)
  29    MT =    653  Q = -9.63584E+00 MeV  Emin = 9.99607E+00 MeV  : (n,d3)
  30    MT =    654  Q = -9.98804E+00 MeV  Emin = 1.03614E+01 MeV  : (n,d4)
  31    MT =    655  Q = -1.03659E+01 MeV  Emin = 1.07535E+01 MeV  : (n,d5)
  32    MT =    656  Q = -1.03794E+01 MeV  Emin = 1.07675E+01 MeV  : (n,d6)
  33    MT =    657  Q = -1.03973E+01 MeV  Emin = 1.07860E+01 MeV  : (n,d7)
  34    MT =    658  Q = -1.08818E+01 MeV  Emin = 1.12887E+01 MeV  : (n,d8)
  35    MT =    659  Q = -1.09478E+01 MeV  Emin = 1.13571E+01 MeV  : (n,d9)
  36    MT =    660  Q = -1.10197E+01 MeV  Emin = 1.14317E+01 MeV  : (n,d10)
  37    MT =    661  Q = -1.13383E+01 MeV  Emin = 1.17622E+01 MeV  : (n,d11)
  38    MT =    662  Q = -1.15214E+01 MeV  Emin = 1.19522E+01 MeV  : (n,d12)
  39    MT =    663  Q = -1.17376E+01 MeV  Emin = 1.21764E+01 MeV  : (n,d13)
  40    MT =    664  Q = -1.17630E+01 MeV  Emin = 1.22028E+01 MeV  : (n,d14)
  41    MT =    665  Q = -1.21727E+01 MeV  Emin = 1.26278E+01 MeV  : (n,d15)
  42    MT =    666  Q = -1.23035E+01 MeV  Emin = 1.27635E+01 MeV  : (n,d16)
  43    MT =    667  Q = -1.26685E+01 MeV  Emin = 1.31421E+01 MeV  : (n,d17)
  44    MT =    668  Q = -1.27915E+01 MeV  Emin = 1.32697E+01 MeV  : (n,d18)
  45    MT =    669  Q = -1.29252E+01 MeV  Emin = 1.34084E+01 MeV  : (n,d19)
  46    MT =    699  Q = -1.29252E+01 MeV  Emin = 1.34084E+01 MeV  : (n,d) to continuum
  47    MT =    700  Q = -1.08829E+01 MeV  Emin = 1.12898E+01 MeV  : (n,t) to ground state
  48    MT =    701  Q = -1.14680E+01 MeV  Emin = 1.18968E+01 MeV  : (n,t1)
  49    MT =    702  Q = -1.18577E+01 MeV  Emin = 1.23010E+01 MeV  : (n,t2)
  50    MT =    703  Q = -1.24947E+01 MeV  Emin = 1.29618E+01 MeV  : (n,t3)
  51    MT =    704  Q = -1.28476E+01 MeV  Emin = 1.33279E+01 MeV  : (n,t4)
  52    MT =    705  Q = -1.34467E+01 MeV  Emin = 1.39494E+01 MeV  : (n,t5)
  53    MT =    706  Q = -1.36206E+01 MeV  Emin = 1.41298E+01 MeV  : (n,t6)
  54    MT =    707  Q = -1.36840E+01 MeV  Emin = 1.41956E+01 MeV  : (n,t7)
  55    MT =    708  Q = -1.42881E+01 MeV  Emin = 1.48223E+01 MeV  : (n,t8)
  56    MT =    709  Q = -1.42966E+01 MeV  Emin = 1.48311E+01 MeV  : (n,t9)
  57    MT =    710  Q = -1.47907E+01 MeV  Emin = 1.53437E+01 MeV  : (n,t10)
  58    MT =    749  Q = -1.47907E+01 MeV  Emin = 1.53437E+01 MeV  : (n,t) to continuum
  59    MT =    800  Q = -3.13033E+00 MeV  Emin = 3.24735E+00 MeV  : (n,alpha) to ground state
  60    MT =    801  Q = -3.60262E+00 MeV  Emin = 3.73730E+00 MeV  : (n,a1)
  61    MT =    802  Q = -3.69362E+00 MeV  Emin = 3.83170E+00 MeV  : (n,a2)
  62    MT =    803  Q = -4.47173E+00 MeV  Emin = 4.63890E+00 MeV  : (n,a3)
  63    MT =    804  Q = -4.47483E+00 MeV  Emin = 4.64212E+00 MeV  : (n,a4)
  64    MT =    805  Q = -4.47683E+00 MeV  Emin = 4.64419E+00 MeV  : (n,a5)
  65    MT =    806  Q = -4.64287E+00 MeV  Emin = 4.81644E+00 MeV  : (n,a6)
  66    MT =    807  Q = -4.97643E+00 MeV  Emin = 5.16247E+00 MeV  : (n,a7)
  67    MT =    808  Q = -5.01577E+00 MeV  Emin = 5.20328E+00 MeV  : (n,a8)
  68    MT =    809  Q = -5.64373E+00 MeV  Emin = 5.85471E+00 MeV  : (n,a9)
  69    MT =    810  Q = -5.69283E+00 MeV  Emin = 5.90565E+00 MeV  : (n,a10)
  70    MT =    811  Q = -6.03403E+00 MeV  Emin = 6.25960E+00 MeV  : (n,a11)
  71    MT =    812  Q = -6.10813E+00 MeV  Emin = 6.33647E+00 MeV  : (n,a12)
  72    MT =    813  Q = -6.34713E+00 MeV  Emin = 6.58441E+00 MeV  : (n,a13)
  73    MT =    814  Q = -6.50223E+00 MeV  Emin = 6.74531E+00 MeV  : (n,a14)
  74    MT =    815  Q = -6.54373E+00 MeV  Emin = 6.78836E+00 MeV  : (n,a15)
  75    MT =    816  Q = -6.71943E+00 MeV  Emin = 6.97063E+00 MeV  : (n,a16)
  76    MT =    817  Q = -6.75883E+00 MeV  Emin = 7.01150E+00 MeV  : (n,a17)
  77    MT =    818  Q = -6.78683E+00 MeV  Emin = 7.04055E+00 MeV  : (n,a18)
  78    MT =    819  Q = -6.81203E+00 MeV  Emin = 7.06669E+00 MeV  : (n,a19)
  79    MT =    849  Q = -6.81203E+00 MeV  Emin = 7.06669E+00 MeV  : (n,alpha) to continuum
  80    MT =      4  Q =  0.00000E+00 MeV  Emin = 8.75293E-01 MeV  : total inelastic scattering

 Nuclide    6 / 10 : 24000.12c -- natural chromium (Cr-nat)

 Pointers                     : 33939 18801
 Primary type                 : Transport
 Nuclide ZAI                  : 240000
 Library ID                   : 12c
 Cross section data file      : /home/smpark/serpent2/xs/acedata/24000JNDL32.ace
 Atomic weight (AW)           : 51.99587
 Atomic weight ratio (AWR)    : 51.54920
 Temperature                  : 1200.0 Kelvin
 XS temperature               : 1200.0 Kelvin
 Minimum and maximum energy   : 1.00000E-11 2.00000E+01
 Half-life                    : N/A
 Specific ingestion toxicity  : N/A
 Specific inhalation toxicity : N/A

 - Nuclide is not involved in burnup calculation
 - Nuclide has neutron transport data
 - Nuclide has no photon transport data
 - Nuclide has no S(a,b) data
 - Nuclide has no isomeric branching data
 - Nuclide is not fissile
 - Nuclide is not a delayed neutron precursor
 - Nuclide has no delayed neutron data
 - Nuclide has no ures ptable data
 - Nuclide temperature is not adjusted with TMS
 - Nuclide has no dosimetry data
 - Nuclide has no decay data
 - Nuclide has no supplementary transmutation cross section data
 - Nuclide has no NFY data
 - Nuclide has no SFY data

 - 48 reaction channels
 - 3 special reactions
 - No transmutation reactions
 - No transmutation branch reactions
 - No decay reactions
 - No decay branch reactions
 - No transmutation paths

 48 reactions channel:

   1    MT =      2  Q =  0.00000E+00 MeV  Emin = 1.00000E-11 MeV  frac = 1.00000E+00  : elastic scattering
   2    MT =     16  Q = -7.93778E+00 MeV  Emin = 8.09178E+00 MeV  frac = 1.00000E+00  : (n,2n)
   3    MT =     22  Q = -7.91819E+00 MeV  Emin = 8.07181E+00 MeV  frac = 1.00000E+00  : (n,nalpha)
   4    MT =     28  Q = -9.59630E+00 MeV  Emin = 9.78247E+00 MeV  frac = 1.00000E+00  : (n,np)
   5    MT =     51  Q = -5.63808E-01 MeV  Emin = 5.74746E-01 MeV  frac = 1.00000E+00  : inelastic scatt. to 1. excited state
   6    MT =     52  Q = -7.83882E-01 MeV  Emin = 7.99090E-01 MeV  frac = 1.00000E+00  : inelastic scatt. to 2. excited state
   7    MT =     53  Q = -8.34294E-01 MeV  Emin = 8.50480E-01 MeV  frac = 1.00000E+00  : inelastic scatt. to 3. excited state
   8    MT =     54  Q = -1.00595E+00 MeV  Emin = 1.02547E+00 MeV  frac = 1.00000E+00  : inelastic scatt. to 4. excited state
   9    MT =     55  Q = -1.28906E+00 MeV  Emin = 1.31407E+00 MeV  frac = 1.00000E+00  : inelastic scatt. to 5. excited state
  10    MT =     56  Q = -1.43398E+00 MeV  Emin = 1.46180E+00 MeV  frac = 1.00000E+00  : inelastic scatt. to 6. excited state
  11    MT =     57  Q = -1.53608E+00 MeV  Emin = 1.56588E+00 MeV  frac = 1.00000E+00  : inelastic scatt. to 7. excited state
  12    MT =     58  Q = -1.82235E+00 MeV  Emin = 1.85770E+00 MeV  frac = 1.00000E+00  : inelastic scatt. to 8. excited state
  13    MT =     59  Q = -1.88278E+00 MeV  Emin = 1.91931E+00 MeV  frac = 1.00000E+00  : inelastic scatt. to 9. excited state
  14    MT =     60  Q = -1.97283E+00 MeV  Emin = 2.01110E+00 MeV  frac = 1.00000E+00  : inelastic scatt. to 10. excited state
  15    MT =     61  Q = -2.17166E+00 MeV  Emin = 2.21379E+00 MeV  frac = 1.00000E+00  : inelastic scatt. to 11. excited state
  16    MT =     62  Q = -2.23224E+00 MeV  Emin = 2.27554E+00 MeV  frac = 1.00000E+00  : inelastic scatt. to 12. excited state
  17    MT =     63  Q = -2.32001E+00 MeV  Emin = 2.36502E+00 MeV  frac = 1.00000E+00  : inelastic scatt. to 13. excited state
  18    MT =     64  Q = -2.36953E+00 MeV  Emin = 2.41550E+00 MeV  frac = 1.00000E+00  : inelastic scatt. to 14. excited state
  19    MT =     65  Q = -2.45227E+00 MeV  Emin = 2.49984E+00 MeV  frac = 1.00000E+00  : inelastic scatt. to 15. excited state
  20    MT =     66  Q = -2.61771E+00 MeV  Emin = 2.66849E+00 MeV  frac = 1.00000E+00  : inelastic scatt. to 16. excited state
  21    MT =     67  Q = -2.64705E+00 MeV  Emin = 2.69840E+00 MeV  frac = 1.00000E+00  : inelastic scatt. to 17. excited state
  22    MT =     68  Q = -2.66859E+00 MeV  Emin = 2.72036E+00 MeV  frac = 1.00000E+00  : inelastic scatt. to 18. excited state
  23    MT =     69  Q = -2.76776E+00 MeV  Emin = 2.82145E+00 MeV  frac = 1.00000E+00  : inelastic scatt. to 19. excited state
  24    MT =     70  Q = -2.77105E+00 MeV  Emin = 2.82481E+00 MeV  frac = 1.00000E+00  : inelastic scatt. to 20. excited state
  25    MT =     71  Q = -2.82563E+00 MeV  Emin = 2.88045E+00 MeV  frac = 1.00000E+00  : inelastic scatt. to 21. excited state
  26    MT =     72  Q = -2.82735E+00 MeV  Emin = 2.88220E+00 MeV  frac = 1.00000E+00  : inelastic scatt. to 22. excited state
  27    MT =     73  Q = -2.92672E+00 MeV  Emin = 2.98350E+00 MeV  frac = 1.00000E+00  : inelastic scatt. to 23. excited state
  28    MT =     74  Q = -2.96479E+00 MeV  Emin = 3.02230E+00 MeV  frac = 1.00000E+00  : inelastic scatt. to 24. excited state
  29    MT =     75  Q = -2.99198E+00 MeV  Emin = 3.05002E+00 MeV  frac = 1.00000E+00  : inelastic scatt. to 25. excited state
  30    MT =     76  Q = -3.07171E+00 MeV  Emin = 3.13130E+00 MeV  frac = 1.00000E+00  : inelastic scatt. to 26. excited state
  31    MT =     77  Q = -3.11379E+00 MeV  Emin = 3.17420E+00 MeV  frac = 1.00000E+00  : inelastic scatt. to 27. excited state
  32    MT =     78  Q = -3.15774E+00 MeV  Emin = 3.21900E+00 MeV  frac = 1.00000E+00  : inelastic scatt. to 28. excited state
  33    MT =     79  Q = -3.16110E+00 MeV  Emin = 3.22242E+00 MeV  frac = 1.00000E+00  : inelastic scatt. to 29. excited state
  34    MT =     80  Q = -3.16167E+00 MeV  Emin = 3.22300E+00 MeV  frac = 1.00000E+00  : inelastic scatt. to 30. excited state
  35    MT =     81  Q = -3.32729E+00 MeV  Emin = 3.39184E+00 MeV  frac = 1.00000E+00  : inelastic scatt. to 31. excited state
  36    MT =     82  Q = -3.41526E+00 MeV  Emin = 3.48152E+00 MeV  frac = 1.00000E+00  : inelastic scatt. to 32. excited state
  37    MT =     83  Q = -3.47226E+00 MeV  Emin = 3.53963E+00 MeV  frac = 1.00000E+00  : inelastic scatt. to 33. excited state
  38    MT =     84  Q = -3.61586E+00 MeV  Emin = 3.68602E+00 MeV  frac = 1.00000E+00  : inelastic scatt. to 34. excited state
  39    MT =     85  Q = -3.70006E+00 MeV  Emin = 3.77185E+00 MeV  frac = 1.00000E+00  : inelastic scatt. to 35. excited state
  40    MT =     86  Q = -3.77176E+00 MeV  Emin = 3.84494E+00 MeV  frac = 1.00000E+00  : inelastic scatt. to 36. excited state
  41    MT =     87  Q = -3.94607E+00 MeV  Emin = 4.02263E+00 MeV  frac = 1.00000E+00  : inelastic scatt. to 37. excited state
  42    MT =     88  Q = -4.01547E+00 MeV  Emin = 4.09338E+00 MeV  frac = 1.00000E+00  : inelastic scatt. to 38. excited state
  43    MT =     89  Q = -4.56297E+00 MeV  Emin = 4.65150E+00 MeV  frac = 1.00000E+00  : inelastic scatt. to 39. excited state
  44    MT =     90  Q = -4.62708E+00 MeV  Emin = 4.71685E+00 MeV  frac = 1.00000E+00  : inelastic scatt. to 40. excited state
  45    MT =     91  Q = -3.04896E+00 MeV  Emin = 3.10811E+00 MeV  frac = 1.00000E+00  : inelastic scattering to continuum
  46    MT =    102  Q =  9.23569E+00 MeV  Emin = 1.00000E-11 MeV  frac = 1.00000E+00  : (n,gamma)
  47    MT =    103  Q = -2.56731E-01 MeV  Emin = 2.61711E-01 MeV  frac = 1.00000E+00  : (n,p)
  48    MT =    107  Q =  1.79655E+00 MeV  Emin = 1.57547E+00 MeV  frac = 1.00000E+00  : (n,alpha)

 3 special reactions:

   1    MT =    203  Q =  0.00000E+00 MeV  Emin = 2.61711E-01 MeV  : total proton production
   2    MT =    207  Q =  0.00000E+00 MeV  Emin = 1.57547E+00 MeV  : total alpha production
   3    MT =      4  Q =  0.00000E+00 MeV  Emin = 5.74746E-01 MeV  : total inelastic scattering

 Nuclide    7 / 10 : 28000.12c -- natural nickel (Ni-nat)

 Pointers                     : 25809 22665
 Primary type                 : Transport
 Nuclide ZAI                  : 280000
 Library ID                   : 12c
 Cross section data file      : /home/smpark/serpent2/xs/acedata/28000JNDL32.ace
 Atomic weight (AW)           : 58.68796
 Atomic weight ratio (AWR)    : 58.18380
 Temperature                  : 1200.0 Kelvin
 XS temperature               : 1200.0 Kelvin
 Minimum and maximum energy   : 1.00000E-11 2.00000E+01
 Half-life                    : N/A
 Specific ingestion toxicity  : N/A
 Specific inhalation toxicity : N/A

 - Nuclide is not involved in burnup calculation
 - Nuclide has neutron transport data
 - Nuclide has no photon transport data
 - Nuclide has no S(a,b) data
 - Nuclide has no isomeric branching data
 - Nuclide is not fissile
 - Nuclide is not a delayed neutron precursor
 - Nuclide has no delayed neutron data
 - Nuclide has no ures ptable data
 - Nuclide temperature is not adjusted with TMS
 - Nuclide has no dosimetry data
 - Nuclide has no decay data
 - Nuclide has no supplementary transmutation cross section data
 - Nuclide has no NFY data
 - Nuclide has no SFY data

 - 53 reaction channels
 - 6 special reactions
 - No transmutation reactions
 - No transmutation branch reactions
 - No decay reactions
 - No decay branch reactions
 - No transmutation paths

 53 reactions channel:

   1    MT =      2  Q =  0.00000E+00 MeV  Emin = 1.00000E-11 MeV  frac = 1.00000E+00  : elastic scattering
   2    MT =     16  Q = -7.82014E+00 MeV  Emin = 8.00000E+00 MeV  frac = 1.00000E+00  : (n,2n)
   3    MT =     17  Q = -1.64818E+01 MeV  Emin = 1.67651E+01 MeV  frac = 1.00000E+00  : (n,3n)
   4    MT =     22  Q = -6.29252E+00 MeV  Emin = 6.56896E+00 MeV  frac = 1.00000E+00  : (n,nalpha)
   5    MT =     28  Q = -8.17901E+00 MeV  Emin = 9.00000E+00 MeV  frac = 1.00000E+00  : (n,np)
   6    MT =     51  Q = -6.73580E-02 MeV  Emin = 6.85158E-02 MeV  frac = 1.00000E+00  : inelastic scatt. to 1. excited state
   7    MT =     52  Q = -2.82824E-01 MeV  Emin = 2.87685E-01 MeV  frac = 1.00000E+00  : inelastic scatt. to 2. excited state
   8    MT =     53  Q = -6.55591E-01 MeV  Emin = 6.66860E-01 MeV  frac = 1.00000E+00  : inelastic scatt. to 3. excited state
   9    MT =     54  Q = -9.08233E-01 MeV  Emin = 9.23844E-01 MeV  frac = 1.00000E+00  : inelastic scatt. to 4. excited state
  10    MT =     55  Q = -1.01437E+00 MeV  Emin = 1.03181E+00 MeV  frac = 1.00000E+00  : inelastic scatt. to 5. excited state
  11    MT =     56  Q = -1.33204E+00 MeV  Emin = 1.35494E+00 MeV  frac = 1.00000E+00  : inelastic scatt. to 6. excited state
  12    MT =     57  Q = -1.34404E+00 MeV  Emin = 1.36714E+00 MeV  frac = 1.00000E+00  : inelastic scatt. to 7. excited state
  13    MT =     58  Q = -1.45482E+00 MeV  Emin = 1.47982E+00 MeV  frac = 1.00000E+00  : inelastic scatt. to 8. excited state
  14    MT =     59  Q = -1.45710E+00 MeV  Emin = 1.48214E+00 MeV  frac = 1.00000E+00  : inelastic scatt. to 9. excited state
  15    MT =     60  Q = -1.72873E+00 MeV  Emin = 1.75844E+00 MeV  frac = 1.00000E+00  : inelastic scatt. to 10. excited state
  16    MT =     61  Q = -1.97676E+00 MeV  Emin = 2.01074E+00 MeV  frac = 1.00000E+00  : inelastic scatt. to 11. excited state
  17    MT =     62  Q = -2.00175E+00 MeV  Emin = 2.03616E+00 MeV  frac = 1.00000E+00  : inelastic scatt. to 12. excited state
  18    MT =     63  Q = -2.15804E+00 MeV  Emin = 2.19513E+00 MeV  frac = 1.00000E+00  : inelastic scatt. to 13. excited state
  19    MT =     64  Q = -2.27185E+00 MeV  Emin = 2.31090E+00 MeV  frac = 1.00000E+00  : inelastic scatt. to 14. excited state
  20    MT =     65  Q = -2.28410E+00 MeV  Emin = 2.32336E+00 MeV  frac = 1.00000E+00  : inelastic scatt. to 15. excited state
  21    MT =     66  Q = -2.29976E+00 MeV  Emin = 2.33929E+00 MeV  frac = 1.00000E+00  : inelastic scatt. to 16. excited state
  22    MT =     67  Q = -2.45964E+00 MeV  Emin = 2.50191E+00 MeV  frac = 1.00000E+00  : inelastic scatt. to 17. excited state
  23    MT =     68  Q = -2.50492E+00 MeV  Emin = 2.54797E+00 MeV  frac = 1.00000E+00  : inelastic scatt. to 18. excited state
  24    MT =     69  Q = -2.62508E+00 MeV  Emin = 2.67020E+00 MeV  frac = 1.00000E+00  : inelastic scatt. to 19. excited state
  25    MT =     70  Q = -2.77611E+00 MeV  Emin = 2.82382E+00 MeV  frac = 1.00000E+00  : inelastic scatt. to 20. excited state
  26    MT =     71  Q = -2.86103E+00 MeV  Emin = 2.91020E+00 MeV  frac = 1.00000E+00  : inelastic scatt. to 21. excited state
  27    MT =     72  Q = -2.90243E+00 MeV  Emin = 2.95232E+00 MeV  frac = 1.00000E+00  : inelastic scatt. to 22. excited state
  28    MT =     73  Q = -2.96689E+00 MeV  Emin = 3.01788E+00 MeV  frac = 1.00000E+00  : inelastic scatt. to 23. excited state
  29    MT =     74  Q = -3.03827E+00 MeV  Emin = 3.09049E+00 MeV  frac = 1.00000E+00  : inelastic scatt. to 24. excited state
  30    MT =     75  Q = -3.11871E+00 MeV  Emin = 3.17231E+00 MeV  frac = 1.00000E+00  : inelastic scatt. to 25. excited state
  31    MT =     76  Q = -3.15521E+00 MeV  Emin = 3.20944E+00 MeV  frac = 1.00000E+00  : inelastic scatt. to 26. excited state
  32    MT =     77  Q = -3.18498E+00 MeV  Emin = 3.23972E+00 MeV  frac = 1.00000E+00  : inelastic scatt. to 27. excited state
  33    MT =     78  Q = -3.25482E+00 MeV  Emin = 3.31076E+00 MeV  frac = 1.00000E+00  : inelastic scatt. to 28. excited state
  34    MT =     79  Q = -3.26412E+00 MeV  Emin = 3.32022E+00 MeV  frac = 1.00000E+00  : inelastic scatt. to 29. excited state
  35    MT =     80  Q = -3.26701E+00 MeV  Emin = 3.32316E+00 MeV  frac = 1.00000E+00  : inelastic scatt. to 30. excited state
  36    MT =     81  Q = -3.42104E+00 MeV  Emin = 3.47985E+00 MeV  frac = 1.00000E+00  : inelastic scatt. to 31. excited state
  37    MT =     82  Q = -3.45420E+00 MeV  Emin = 3.51358E+00 MeV  frac = 1.00000E+00  : inelastic scatt. to 32. excited state
  38    MT =     83  Q = -3.52476E+00 MeV  Emin = 3.58535E+00 MeV  frac = 1.00000E+00  : inelastic scatt. to 33. excited state
  39    MT =     84  Q = -3.59418E+00 MeV  Emin = 3.65596E+00 MeV  frac = 1.00000E+00  : inelastic scatt. to 34. excited state
  40    MT =     85  Q = -3.64194E+00 MeV  Emin = 3.70454E+00 MeV  frac = 1.00000E+00  : inelastic scatt. to 35. excited state
  41    MT =     86  Q = -3.77521E+00 MeV  Emin = 3.84011E+00 MeV  frac = 1.00000E+00  : inelastic scatt. to 36. excited state
  42    MT =     87  Q = -3.80271E+00 MeV  Emin = 3.86808E+00 MeV  frac = 1.00000E+00  : inelastic scatt. to 37. excited state
  43    MT =     88  Q = -3.89914E+00 MeV  Emin = 3.96617E+00 MeV  frac = 1.00000E+00  : inelastic scatt. to 38. excited state
  44    MT =     89  Q = -4.03827E+00 MeV  Emin = 4.10769E+00 MeV  frac = 1.00000E+00  : inelastic scatt. to 39. excited state
  45    MT =     90  Q = -4.47628E+00 MeV  Emin = 4.55322E+00 MeV  frac = 1.00000E+00  : inelastic scatt. to 40. excited state
  46    MT =     91  Q = -2.52800E+00 MeV  Emin = 2.57145E+00 MeV  frac = 1.00000E+00  : inelastic scattering to continuum
  47    MT =    102  Q =  1.05980E+01 MeV  Emin = 1.00000E-11 MeV  frac = 1.00000E+00  : (n,gamma)
  48    MT =    103  Q =  4.02199E-01 MeV  Emin = 1.00000E-01 MeV  frac = 1.00000E+00  : (n,p)
  49    MT =    104  Q = -5.86376E+00 MeV  Emin = 7.34895E+00 MeV  frac = 1.00000E+00  : (n,d)
  50    MT =    105  Q = -8.86164E+00 MeV  Emin = 9.01395E+00 MeV  frac = 1.00000E+00  : (n,t)
  51    MT =    106  Q = -6.47745E+00 MeV  Emin = 1.10000E+01 MeV  frac = 1.00000E+00  : (n,He-3)
  52    MT =    107  Q =  3.58690E+00 MeV  Emin = 1.00000E-11 MeV  frac = 1.00000E+00  : (n,alpha)
  53    MT =    111  Q = -6.55791E+00 MeV  Emin = 1.05000E+01 MeV  frac = 1.00000E+00  : (n,2p)

 6 special reactions:

   1    MT =    203  Q =  0.00000E+00 MeV  Emin = 1.00000E-01 MeV  : total proton production
   2    MT =    204  Q =  0.00000E+00 MeV  Emin = 7.34055E+00 MeV  : total deuteron production
   3    MT =    205  Q =  0.00000E+00 MeV  Emin = 9.00000E+00 MeV  : total triton production
   4    MT =    206  Q =  0.00000E+00 MeV  Emin = 1.10000E+01 MeV  : total He-3 production
   5    MT =    207  Q =  0.00000E+00 MeV  Emin = 1.00000E-11 MeV  : total alpha production
   6    MT =      4  Q =  0.00000E+00 MeV  Emin = 6.85158E-02 MeV  : total inelastic scattering

 Nuclide    8 / 10 : 74000.12c -- natural tungsten (W-nat)

 Pointers                     : 30162 93045
 Primary type                 : Transport
 Nuclide ZAI                  : 740000
 Library ID                   : 12c
 Cross section data file      : /home/smpark/serpent2/xs/acedata/74000ENDF68.ace
 Atomic weight (AW)           : 183.85642
 Atomic weight ratio (AWR)    : 182.27700
 Temperature                  : 1200.0 Kelvin
 XS temperature               : 1200.0 Kelvin
 Minimum and maximum energy   : 1.00000E-11 2.00000E+01
 Half-life                    : N/A
 Specific ingestion toxicity  : N/A
 Specific inhalation toxicity : N/A

 - Nuclide is not involved in burnup calculation
 - Nuclide has neutron transport data
 - Nuclide has no photon transport data
 - Nuclide has no S(a,b) data
 - Nuclide has no isomeric branching data
 - Nuclide is not fissile
 - Nuclide is not a delayed neutron precursor
 - Nuclide has no delayed neutron data
 - Nuclide has ures ptable data but it is not used
 - Nuclide temperature is not adjusted with TMS
 - Nuclide has no dosimetry data
 - Nuclide has no decay data
 - Nuclide has no supplementary transmutation cross section data
 - Nuclide has no NFY data
 - Nuclide has no SFY data

 - 48 reaction channels
 - 3 special reactions
 - No transmutation reactions
 - No transmutation branch reactions
 - No decay reactions
 - No decay branch reactions
 - No transmutation paths

 48 reactions channel:

   1    MT =      2  Q =  0.00000E+00 MeV  Emin = 1.00000E-11 MeV  frac = 1.00000E+00  : elastic scattering
   2    MT =     16  Q = -6.19040E+00 MeV  Emin = 6.22460E+00 MeV  frac = 1.00000E+00  : (n,2n)
   3    MT =     17  Q = -1.29540E+01 MeV  Emin = 1.30251E+01 MeV  frac = 1.00000E+00  : (n,3n)
   4    MT =     28  Q = -7.09200E+00 MeV  Emin = 7.13130E+00 MeV  frac = 1.00000E+00  : (n,np)
   5    MT =     51  Q = -4.70010E-02 MeV  Emin = 4.72600E-02 MeV  frac = 1.00000E+00  : inelastic scatt. to 1. excited state
   6    MT =     52  Q = -9.90040E-02 MeV  Emin = 9.95500E-02 MeV  frac = 1.00000E+00  : inelastic scatt. to 2. excited state
   7    MT =     53  Q = -1.00050E-01 MeV  Emin = 1.00600E-01 MeV  frac = 1.00000E+00  : inelastic scatt. to 3. excited state
   8    MT =     54  Q = -1.11190E-01 MeV  Emin = 1.11800E-01 MeV  frac = 1.00000E+00  : inelastic scatt. to 4. excited state
   9    MT =     55  Q = -1.22340E-01 MeV  Emin = 1.23011E-01 MeV  frac = 1.00000E+00  : inelastic scatt. to 5. excited state
  10    MT =     56  Q = -2.06960E-01 MeV  Emin = 2.08100E-01 MeV  frac = 1.00000E+00  : inelastic scatt. to 6. excited state
  11    MT =     57  Q = -2.09050E-01 MeV  Emin = 2.10200E-01 MeV  frac = 1.00000E+00  : inelastic scatt. to 7. excited state
  12    MT =     58  Q = -2.91990E-01 MeV  Emin = 2.93600E-01 MeV  frac = 1.00000E+00  : inelastic scatt. to 8. excited state
  13    MT =     59  Q = -3.09000E-01 MeV  Emin = 3.10700E-01 MeV  frac = 1.00000E+00  : inelastic scatt. to 9. excited state
  14    MT =     60  Q = -3.09490E-01 MeV  Emin = 3.11200E-01 MeV  frac = 1.00000E+00  : inelastic scatt. to 10. excited state
  15    MT =     61  Q = -3.28980E-01 MeV  Emin = 3.30800E-01 MeV  frac = 1.00000E+00  : inelastic scatt. to 11. excited state
  16    MT =     62  Q = -3.64050E-01 MeV  Emin = 3.66050E-01 MeV  frac = 1.00000E+00  : inelastic scatt. to 12. excited state
  17    MT =     63  Q = -3.96550E-01 MeV  Emin = 3.98726E-01 MeV  frac = 1.00000E+00  : inelastic scatt. to 13. excited state
  18    MT =     64  Q = -4.12030E-01 MeV  Emin = 4.14300E-01 MeV  frac = 1.00000E+00  : inelastic scatt. to 14. excited state
  19    MT =     65  Q = -4.53000E-01 MeV  Emin = 4.55500E-01 MeV  frac = 1.00000E+00  : inelastic scatt. to 15. excited state
  20    MT =     66  Q = -4.87010E-01 MeV  Emin = 4.89700E-01 MeV  frac = 1.00000E+00  : inelastic scatt. to 16. excited state
  21    MT =     67  Q = -5.54050E-01 MeV  Emin = 5.57100E-01 MeV  frac = 1.00000E+00  : inelastic scatt. to 17. excited state
  22    MT =     68  Q = -5.99990E-01 MeV  Emin = 6.03300E-01 MeV  frac = 1.00000E+00  : inelastic scatt. to 18. excited state
  23    MT =     69  Q = -6.19980E-01 MeV  Emin = 6.23400E-01 MeV  frac = 1.00000E+00  : inelastic scatt. to 19. excited state
  24    MT =     70  Q = -6.80030E-01 MeV  Emin = 6.83800E-01 MeV  frac = 1.00000E+00  : inelastic scatt. to 20. excited state
  25    MT =     71  Q = -7.37530E-01 MeV  Emin = 7.41576E-01 MeV  frac = 1.00000E+00  : inelastic scatt. to 21. excited state
  26    MT =     72  Q = -7.40020E-01 MeV  Emin = 7.44100E-01 MeV  frac = 1.00000E+00  : inelastic scatt. to 22. excited state
  27    MT =     73  Q = -7.48330E-01 MeV  Emin = 7.52436E-01 MeV  frac = 1.00000E+00  : inelastic scatt. to 23. excited state
  28    MT =     74  Q = -8.08550E-01 MeV  Emin = 8.12986E-01 MeV  frac = 1.00000E+00  : inelastic scatt. to 24. excited state
  29    MT =     75  Q = -8.61870E-01 MeV  Emin = 8.66599E-01 MeV  frac = 1.00000E+00  : inelastic scatt. to 25. excited state
  30    MT =     76  Q = -8.82060E-01 MeV  Emin = 8.86899E-01 MeV  frac = 1.00000E+00  : inelastic scatt. to 26. excited state
  31    MT =     77  Q = -9.03290E-01 MeV  Emin = 9.08246E-01 MeV  frac = 1.00000E+00  : inelastic scatt. to 27. excited state
  32    MT =     78  Q = -9.52480E-01 MeV  Emin = 9.57706E-01 MeV  frac = 1.00000E+00  : inelastic scatt. to 28. excited state
  33    MT =     79  Q = -1.00250E+00 MeV  Emin = 1.00800E+00 MeV  frac = 1.00000E+00  : inelastic scatt. to 29. excited state
  34    MT =     80  Q = -1.00560E+00 MeV  Emin = 1.01112E+00 MeV  frac = 1.00000E+00  : inelastic scatt. to 30. excited state
  35    MT =     81  Q = -1.00650E+00 MeV  Emin = 1.01202E+00 MeV  frac = 1.00000E+00  : inelastic scatt. to 31. excited state
  36    MT =     82  Q = -1.01550E+00 MeV  Emin = 1.02107E+00 MeV  frac = 1.00000E+00  : inelastic scatt. to 32. excited state
  37    MT =     83  Q = -1.03150E+00 MeV  Emin = 1.03716E+00 MeV  frac = 1.00000E+00  : inelastic scatt. to 33. excited state
  38    MT =     84  Q = -1.04540E+00 MeV  Emin = 1.05114E+00 MeV  frac = 1.00000E+00  : inelastic scatt. to 34. excited state
  39    MT =     85  Q = -1.12190E+00 MeV  Emin = 1.12806E+00 MeV  frac = 1.00000E+00  : inelastic scatt. to 35. excited state
  40    MT =     86  Q = -1.12990E+00 MeV  Emin = 1.13610E+00 MeV  frac = 1.00000E+00  : inelastic scatt. to 36. excited state
  41    MT =     87  Q = -1.13380E+00 MeV  Emin = 1.14002E+00 MeV  frac = 1.00000E+00  : inelastic scatt. to 37. excited state
  42    MT =     88  Q = -1.13570E+00 MeV  Emin = 1.14200E+00 MeV  frac = 1.00000E+00  : inelastic scatt. to 38. excited state
  43    MT =     89  Q = -1.14450E+00 MeV  Emin = 1.15080E+00 MeV  frac = 1.00000E+00  : inelastic scatt. to 39. excited state
  44    MT =     90  Q = -1.14980E+00 MeV  Emin = 1.15611E+00 MeV  frac = 1.00000E+00  : inelastic scatt. to 40. excited state
  45    MT =     91  Q = -2.98380E-01 MeV  Emin = 3.00017E-01 MeV  frac = 1.00000E+00  : inelastic scattering to continuum
  46    MT =    102  Q =  7.41140E+00 MeV  Emin = 1.00000E-11 MeV  frac = 1.00000E+00  : (n,gamma)
  47    MT =    103  Q = -2.86000E-01 MeV  Emin = 2.87600E-01 MeV  frac = 1.00000E+00  : (n,p)
  48    MT =    107  Q =  9.07850E+00 MeV  Emin = 1.00000E-11 MeV  frac = 1.00000E+00  : (n,alpha)

 3 special reactions:

   1    MT =    203  Q =  0.00000E+00 MeV  Emin = 2.87600E-01 MeV  : total proton production
   2    MT =    207  Q =  0.00000E+00 MeV  Emin = 1.00000E-11 MeV  : total alpha production
   3    MT =      4  Q =  0.00000E+00 MeV  Emin = 4.72600E-02 MeV  : total inelastic scattering

 Nuclide    9 / 10 : 90232.12c -- thorium 232 (Th-232)

 Pointers                     : 20703 104085
 Primary type                 : Transport
 Nuclide ZAI                  : 902320
 Library ID                   : 12c
 Cross section data file      : /home/smpark/serpent2/xs/acedata/90232JEF311.ace
 Atomic weight (AW)           : 232.03833
 Atomic weight ratio (AWR)    : 230.04500
 Temperature                  : 1200.0 Kelvin
 XS temperature               : 1200.0 Kelvin
 Minimum and maximum energy   : 1.00000E-11 2.00000E+01
 Half-life                    : N/A
 Specific ingestion toxicity  : N/A
 Specific inhalation toxicity : N/A
 Energy deposited per fission : 196.79 MeV

 - Nuclide is not involved in burnup calculation
 - Nuclide has neutron transport data
 - Nuclide has no photon transport data
 - Nuclide has no S(a,b) data
 - Nuclide has no isomeric branching data
 - Nuclide is fissile
 - Nuclide is not a delayed neutron precursor
 - Nuclide has delayed neutron data in 8 precursor groups
 - Nuclide has ures ptable data but it is not used
 - Nuclide temperature is not adjusted with TMS
 - Nuclide has no dosimetry data
 - Nuclide has no decay data
 - Nuclide has no supplementary transmutation cross section data
 - Nuclide has no NFY data
 - Nuclide has no SFY data

 - 41 reaction channels
 - 1 special reactions
 - No transmutation reactions
 - No transmutation branch reactions
 - No decay reactions
 - No decay branch reactions
 - No transmutation paths

 41 reactions channel:

   1    MT =      2  Q =  0.00000E+00 MeV  Emin = 1.00000E-11 MeV  frac = 1.00000E+00  : elastic scattering
   2    MT =     16  Q = -6.43900E+00 MeV  Emin = 6.46699E+00 MeV  frac = 1.00000E+00  : (n,2n)
   3    MT =     17  Q = -1.15570E+01 MeV  Emin = 1.16073E+01 MeV  frac = 1.00000E+00  : (n,3n)
   4    MT =     19  Q =  1.88470E+02 MeV  Emin = 3.98895E-03 MeV  frac = 1.00000E+00  : (n,f)
   5    MT =     20  Q =  1.88470E+02 MeV  Emin = 5.50000E+00 MeV  frac = 1.00000E+00  : (n,nf)
   6    MT =     21  Q =  1.88470E+02 MeV  Emin = 1.10000E+01 MeV  frac = 1.00000E+00  : (n,2nf)
   7    MT =     37  Q = -1.83490E+01 MeV  Emin = 1.84288E+01 MeV  frac = 1.00000E+00  : (n,4n)
   8    MT =     38  Q =  1.88470E+02 MeV  Emin = 1.60000E+01 MeV  frac = 1.00000E+00  : (n,3nf)
   9    MT =     51  Q = -4.93690E-02 MeV  Emin = 4.95836E-02 MeV  frac = 1.00000E+00  : inelastic scatt. to 1. excited state
  10    MT =     52  Q = -1.62120E-01 MeV  Emin = 1.62825E-01 MeV  frac = 1.00000E+00  : inelastic scatt. to 2. excited state
  11    MT =     53  Q = -3.33200E-01 MeV  Emin = 3.34649E-01 MeV  frac = 1.00000E+00  : inelastic scatt. to 3. excited state
  12    MT =     54  Q = -5.56900E-01 MeV  Emin = 5.59321E-01 MeV  frac = 1.00000E+00  : inelastic scatt. to 4. excited state
  13    MT =     55  Q = -7.14250E-01 MeV  Emin = 7.17355E-01 MeV  frac = 1.00000E+00  : inelastic scatt. to 5. excited state
  14    MT =     56  Q = -7.30350E-01 MeV  Emin = 7.33525E-01 MeV  frac = 1.00000E+00  : inelastic scatt. to 6. excited state
  15    MT =     57  Q = -7.74100E-01 MeV  Emin = 7.77465E-01 MeV  frac = 1.00000E+00  : inelastic scatt. to 7. excited state
  16    MT =     58  Q = -7.74400E-01 MeV  Emin = 7.77766E-01 MeV  frac = 1.00000E+00  : inelastic scatt. to 8. excited state
  17    MT =     59  Q = -7.85300E-01 MeV  Emin = 7.88714E-01 MeV  frac = 1.00000E+00  : inelastic scatt. to 9. excited state
  18    MT =     60  Q = -8.27000E-01 MeV  Emin = 9.00000E-01 MeV  frac = 1.00000E+00  : inelastic scatt. to 10. excited state
  19    MT =     61  Q = -8.29600E-01 MeV  Emin = 8.33206E-01 MeV  frac = 1.00000E+00  : inelastic scatt. to 11. excited state
  20    MT =     62  Q = -8.73000E-01 MeV  Emin = 8.76795E-01 MeV  frac = 1.00000E+00  : inelastic scatt. to 12. excited state
  21    MT =     63  Q = -8.83600E-01 MeV  Emin = 8.87441E-01 MeV  frac = 1.00000E+00  : inelastic scatt. to 13. excited state
  22    MT =     64  Q = -8.90100E-01 MeV  Emin = 8.93969E-01 MeV  frac = 1.00000E+00  : inelastic scatt. to 14. excited state
  23    MT =     65  Q = -9.60400E-01 MeV  Emin = 9.64575E-01 MeV  frac = 1.00000E+00  : inelastic scatt. to 15. excited state
  24    MT =     66  Q = -1.02310E+00 MeV  Emin = 1.02755E+00 MeV  frac = 1.00000E+00  : inelastic scatt. to 16. excited state
  25    MT =     67  Q = -1.04290E+00 MeV  Emin = 1.04743E+00 MeV  frac = 1.00000E+00  : inelastic scatt. to 17. excited state
  26    MT =     68  Q = -1.04990E+00 MeV  Emin = 1.05446E+00 MeV  frac = 1.00000E+00  : inelastic scatt. to 18. excited state
  27    MT =     69  Q = -1.05360E+00 MeV  Emin = 1.05818E+00 MeV  frac = 1.00000E+00  : inelastic scatt. to 19. excited state
  28    MT =     70  Q = -1.07290E+00 MeV  Emin = 1.07757E+00 MeV  frac = 1.00000E+00  : inelastic scatt. to 20. excited state
  29    MT =     71  Q = -1.07750E+00 MeV  Emin = 1.08218E+00 MeV  frac = 1.00000E+00  : inelastic scatt. to 21. excited state
  30    MT =     72  Q = -1.07870E+00 MeV  Emin = 1.08339E+00 MeV  frac = 1.00000E+00  : inelastic scatt. to 22. excited state
  31    MT =     73  Q = -1.09440E+00 MeV  Emin = 1.09916E+00 MeV  frac = 1.00000E+00  : inelastic scatt. to 23. excited state
  32    MT =     74  Q = -1.10570E+00 MeV  Emin = 1.11051E+00 MeV  frac = 1.00000E+00  : inelastic scatt. to 24. excited state
  33    MT =     75  Q = -1.12180E+00 MeV  Emin = 1.12668E+00 MeV  frac = 1.00000E+00  : inelastic scatt. to 25. excited state
  34    MT =     76  Q = -1.13710E+00 MeV  Emin = 1.40000E+00 MeV  frac = 1.00000E+00  : inelastic scatt. to 26. excited state
  35    MT =     77  Q = -1.14330E+00 MeV  Emin = 1.14827E+00 MeV  frac = 1.00000E+00  : inelastic scatt. to 27. excited state
  36    MT =     78  Q = -1.14600E+00 MeV  Emin = 1.15098E+00 MeV  frac = 1.00000E+00  : inelastic scatt. to 28. excited state
  37    MT =     79  Q = -1.14830E+00 MeV  Emin = 1.15329E+00 MeV  frac = 1.00000E+00  : inelastic scatt. to 29. excited state
  38    MT =     80  Q = -1.18250E+00 MeV  Emin = 1.18764E+00 MeV  frac = 1.00000E+00  : inelastic scatt. to 30. excited state
  39    MT =     81  Q = -1.20890E+00 MeV  Emin = 1.21416E+00 MeV  frac = 1.00000E+00  : inelastic scatt. to 31. excited state
  40    MT =     91  Q = -1.21000E+00 MeV  Emin = 1.21526E+00 MeV  frac = 1.00000E+00  : inelastic scattering to continuum
  41    MT =    102  Q =  4.78600E+00 MeV  Emin = 1.00000E-11 MeV  frac = 1.00000E+00  : (n,gamma)

 1 special reaction:

   1    MT =      4  Q =  0.00000E+00 MeV  Emin = 4.95836E-02 MeV  : total inelastic scattering

 Nuclide   10 / 10 : 92233.12c -- uranium 233 (U-233)

 Pointers                     : 23832 106017
 Primary type                 : Transport
 Nuclide ZAI                  : 922330
 Library ID                   : 12c
 Cross section data file      : /home/smpark/serpent2/xs/acedata/92233JEF311.ace
 Atomic weight (AW)           : 233.03964
 Atomic weight ratio (AWR)    : 231.03800
 Temperature                  : 1200.0 Kelvin
 XS temperature               : 1200.0 Kelvin
 Minimum and maximum energy   : 1.00000E-11 2.00000E+01
 Half-life                    : N/A
 Specific ingestion toxicity  : N/A
 Specific inhalation toxicity : N/A
 Energy deposited per fission : 199.27 MeV

 - Nuclide is not involved in burnup calculation
 - Nuclide has neutron transport data
 - Nuclide has no photon transport data
 - Nuclide has no S(a,b) data
 - Nuclide has no isomeric branching data
 - Nuclide is fissile
 - Nuclide is not a delayed neutron precursor
 - Nuclide has delayed neutron data in 8 precursor groups
 - Nuclide has ures ptable data but it is not used
 - Nuclide temperature is not adjusted with TMS
 - Nuclide has no dosimetry data
 - Nuclide has no decay data
 - Nuclide has no supplementary transmutation cross section data
 - Nuclide has no NFY data
 - Nuclide has no SFY data

 - 25 reaction channels
 - 1 special reactions
 - No transmutation reactions
 - No transmutation branch reactions
 - No decay reactions
 - No decay branch reactions
 - No transmutation paths

 25 reactions channel:

   1    MT =      2  Q =  0.00000E+00 MeV  Emin = 1.00000E-11 MeV  frac = 1.00000E+00  : elastic scattering
   2    MT =     16  Q = -5.75369E+00 MeV  Emin = 5.77860E+00 MeV  frac = 1.00000E+00  : (n,2n)
   3    MT =     17  Q = -1.30080E+01 MeV  Emin = 1.30645E+01 MeV  frac = 1.00000E+00  : (n,3n)
   4    MT =     18  Q =  1.90850E+02 MeV  Emin = 1.00000E-11 MeV  frac = 1.00000E+00  : total fission
   5    MT =     51  Q = -4.03999E-02 MeV  Emin = 4.05749E-02 MeV  frac = 1.00000E+00  : inelastic scatt. to 1. excited state
   6    MT =     52  Q = -9.21999E-02 MeV  Emin = 9.25991E-02 MeV  frac = 1.00000E+00  : inelastic scatt. to 2. excited state
   7    MT =     53  Q = -1.55100E-01 MeV  Emin = 1.55771E-01 MeV  frac = 1.00000E+00  : inelastic scatt. to 3. excited state
   8    MT =     54  Q = -2.28000E-01 MeV  Emin = 2.28987E-01 MeV  frac = 1.00000E+00  : inelastic scatt. to 4. excited state
   9    MT =     55  Q = -2.98800E-01 MeV  Emin = 3.00093E-01 MeV  frac = 1.00000E+00  : inelastic scatt. to 5. excited state
  10    MT =     56  Q = -3.11900E-01 MeV  Emin = 3.13250E-01 MeV  frac = 1.00000E+00  : inelastic scatt. to 6. excited state
  11    MT =     57  Q = -3.18000E-01 MeV  Emin = 3.19377E-01 MeV  frac = 1.00000E+00  : inelastic scatt. to 7. excited state
  12    MT =     58  Q = -3.20000E-01 MeV  Emin = 3.21385E-01 MeV  frac = 1.00000E+00  : inelastic scatt. to 8. excited state
  13    MT =     59  Q = -3.20800E-01 MeV  Emin = 3.22189E-01 MeV  frac = 1.00000E+00  : inelastic scatt. to 9. excited state
  14    MT =     60  Q = -3.40500E-01 MeV  Emin = 3.41974E-01 MeV  frac = 1.00000E+00  : inelastic scatt. to 10. excited state
  15    MT =     61  Q = -3.53700E-01 MeV  Emin = 3.55231E-01 MeV  frac = 1.00000E+00  : inelastic scatt. to 11. excited state
  16    MT =     62  Q = -3.96999E-01 MeV  Emin = 3.98718E-01 MeV  frac = 1.00000E+00  : inelastic scatt. to 12. excited state
  17    MT =     63  Q = -3.98499E-01 MeV  Emin = 4.00225E-01 MeV  frac = 1.00000E+00  : inelastic scatt. to 13. excited state
  18    MT =     64  Q = -4.15799E-01 MeV  Emin = 4.17600E-01 MeV  frac = 1.00000E+00  : inelastic scatt. to 14. excited state
  19    MT =     65  Q = -4.24999E-01 MeV  Emin = 4.26840E-01 MeV  frac = 1.00000E+00  : inelastic scatt. to 15. excited state
  20    MT =     66  Q = -5.03899E-01 MeV  Emin = 5.06081E-01 MeV  frac = 1.00000E+00  : inelastic scatt. to 16. excited state
  21    MT =     67  Q = -5.46699E-01 MeV  Emin = 5.49066E-01 MeV  frac = 1.00000E+00  : inelastic scatt. to 17. excited state
  22    MT =     68  Q = -5.59999E-01 MeV  Emin = 5.62424E-01 MeV  frac = 1.00000E+00  : inelastic scatt. to 18. excited state
  23    MT =     69  Q = -5.97099E-01 MeV  Emin = 5.99684E-01 MeV  frac = 1.00000E+00  : inelastic scatt. to 19. excited state
  24    MT =     91  Q = -5.99999E-01 MeV  Emin = 6.02597E-01 MeV  frac = 1.00000E+00  : inelastic scattering to continuum
  25    MT =    102  Q =  6.84380E+00 MeV  Emin = 1.00000E-11 MeV  frac = 1.00000E+00  : (n,gamma)

 1 special reaction:

   1    MT =      4  Q =  0.00000E+00 MeV  Emin = 4.05749E-02 MeV  : total inelastic scattering

 --- Table  1: Summary of material compositions: 

 4 materials included in calculation


Material "fuel":

 - Material is included in majorant
 - Material is included in geometry
 - Atom density 7.0653E-02 1/barn*cm
 - Mass density 3.9252E+00 g/cm3
 - Volume 0.0000E+00 cm3
 - Mass 0.0000E+00 g
 - Photon emission rate 0.0000E+00 1/s
 - Neutron emission rate 0.0000E+00 1/s
 - 4 nuclides in composition
 - No nuclides associated with S(a,b) data
 - 3.08 Mb of memory allocated for data

Isotopic composition (non-zero densities):

-------------------------------------------------------------------
 Nuclide    a. weight   temp      a. dens      a. frac      m. frac
-------------------------------------------------------------------
  3007.12c    7.01600 1200.0  2.04693E-02  2.89717E-01  6.07562E-02    
  9019.12c   18.99820 1200.0  4.42406E-02  6.26171E-01  3.55576E-01    
 90232.12c  232.03833 1200.0  5.22910E-03  7.40114E-02  5.13316E-01    
 92233.12c  233.03964 1200.0  7.13585E-04  1.00999E-02  7.03516E-02    
       sum                    7.06525E-02  1.00000E+00  1.00000E+00
-------------------------------------------------------------------

Material "blanket":

 - Material is included in majorant
 - Material is included in geometry
 - Atom density 7.0644E-02 1/barn*cm
 - Mass density 3.9252E+00 g/cm3
 - Volume 0.0000E+00 cm3
 - Mass 0.0000E+00 g
 - Photon emission rate 0.0000E+00 1/s
 - Neutron emission rate 0.0000E+00 1/s
 - 3 nuclides in composition
 - No nuclides associated with S(a,b) data
 - 3.08 Mb of memory allocated for data

Isotopic composition (non-zero densities):

-------------------------------------------------------------------
 Nuclide    a. weight   temp      a. dens      a. frac      m. frac
-------------------------------------------------------------------
 90232.12c  232.03833 1200.0  5.94472E-03  8.41500E-02  5.83566E-01    
  3007.12c    7.01600 1200.0  2.04329E-02  2.89237E-01  6.06484E-02    
  9019.12c   18.99820 1200.0  4.42667E-02  6.26613E-01  3.55785E-01    
       sum                    7.06443E-02  1.00000E+00  1.00000E+00
-------------------------------------------------------------------

Material "struc":

 - Material is included in majorant
 - Material is included in geometry
 - Atom density 8.6433E-02 1/barn*cm
 - Mass density 1.0000E+01 g/cm3
 - Volume 0.0000E+00 cm3
 - Mass 0.0000E+00 g
 - Photon emission rate 0.0000E+00 1/s
 - Neutron emission rate 0.0000E+00 1/s
 - 4 nuclides in composition
 - No nuclides associated with S(a,b) data
 - 1.76 Mb of memory allocated for data

Isotopic composition (non-zero densities):

-------------------------------------------------------------------
 Nuclide    a. weight   temp      a. dens      a. frac      m. frac
-------------------------------------------------------------------
 28000.12c   58.68796 1200.0  6.94678E-02  8.03717E-01  6.77000E-01    
 74000.12c  183.85642 1200.0  8.18851E-03  9.47381E-02  2.50000E-01    
 24000.12c   51.99587 1200.0  8.10724E-03  9.37978E-02  7.00000E-02    
 13027.12c   26.98154 1200.0  6.69574E-04  7.74673E-03  3.00000E-03    
       sum                    8.64331E-02  1.00000E+00  1.00000E+00
-------------------------------------------------------------------

Material "absorb":

 - Material is included in majorant
 - Material is included in geometry
 - Atom density 1.4577E-01 1/barn*cm
 - Mass density 2.5200E+00 g/cm3
 - Volume 0.0000E+00 cm3
 - Mass 0.0000E+00 g
 - Photon emission rate 0.0000E+00 1/s
 - Neutron emission rate 0.0000E+00 1/s
 - 2 nuclides in composition
 - No nuclides associated with S(a,b) data
 - 1.32 Mb of memory allocated for data

Isotopic composition (non-zero densities):

-------------------------------------------------------------------
 Nuclide    a. weight   temp      a. dens      a. frac      m. frac
-------------------------------------------------------------------
  5010.12c   10.01294 1200.0  1.16584E-01  7.99808E-01  7.69231E-01    
  6000.12c   12.00110 1200.0  2.91811E-02  2.00192E-01  2.30769E-01    
       sum                    1.45765E-01  1.00000E+00  1.00000E+00
-------------------------------------------------------------------
