
 --- Table  1: Summary of nuclide data: 

 Data for 15 nuclides included in calculation:

 - 15 Transport nuclides
 - No dosimetry nuclides
 - No decay nuclides
 - 477 reaction channels
 - 43 special reactions
 - No transmutation reactions
 - 2 transmutation branch reactions
 - No decay reactions
 - No decay branch reactions
 - All reaction linked to target

 Columns:

  1. Index
  2. Level (first occurence in transmutation paths)
  3. Name (nuclide identifier data)
  4. Library ID
  5. Primary data type: TRA = transport
                        DOS = dosimetry
                        SAB = thermal scattering
                        DEC = only decay data
                        STR = only structural data (mass)
                        PHO = photon interaction data
  6. Z (atomic number)
  7. A (isotope number)
  8. I (isomeric state)
  9. Atomic weight
 10. Temperature (in Kelvin)
 11. Decay constant (1/s)
 12. Flags: I - nuclide is present in initial composition
            B - nuclide is involved in burnup calculation
            A - nuclide is produced as activation product
            D - nuclide is produced as decay product
            F - nuclide is produced as fission product
            B - nuclide is produced in decay or transmutation branching
            T - nuclide has neutron transport cross section data
            S - nuclide has S(a,b) data
            I - nuclide has isomeric branching reactions
            F - nuclide is fissile
            P - nuclide is a delayed neutron precursor
            D - nuclide has delayed neutron data
            U - nuclide has uses ures ptable data
            T - nuclide cross sections are adjusted by TMS
            D - nuclide has dosimetry cross section data
            R - nuclide has radioactive decay data
            N - nuclide has neutron-induced fission yield data
            S - nuclide has spontaneous fission yield data
            P - nuclide has photon transport cross section data
            T - nuclide has supplementary transmutation cross section data

    1   0  3006.09c      09c  TRA    3   6 0    6.01507   993.0          N/A  I-----T-------------  lithium 6 (Li-6)
    2   0  3007.09c      09c  TRA    3   7 0    7.01600   993.0          N/A  I-----T-------------  lithium 7 (Li-7)
    3   0  4009.09c      09c  TRA    4   9 0    9.01220   993.0          N/A  I-----T-------------  beryllium 9 (Be-9)
    4   0  6012.09c      09c  TRA    6  12 0   11.99999   993.0          N/A  I-----T-------------  carbon 12 (C-12)
    5   0  6012.09s      09s  TRA    6  12 0   11.99999   993.0          N/A  I-----TS------------  carbon 12 (C-12)
    6   0  9019.09c      09c  TRA    9  19 0   18.99820   993.0          N/A  I-----T-------------  fluorine 19 (F-19)
    7   0  90232.09c     09c  TRA   90 232 0  232.03833   993.0          N/A  I-----T--F-D--------  thorium 232 (Th-232)
    8   0  93237.09c     09c  TRA   93 237 0  237.04816   993.0          N/A  I-----T--F-D--------  neptunium 237 (Np-237)
    9   0  94238.09c     09c  TRA   94 238 0  238.04947   993.0          N/A  I-----T--F-D--------  plutonium 238 (Pu-238)
   10   0  94239.09c     09c  TRA   94 239 0  239.05218   993.0          N/A  I-----T--F-D--------  plutonium 239 (Pu-239)
   11   0  94240.09c     09c  TRA   94 240 0  240.05420   993.0          N/A  I-----T--F-D--------  plutonium 240 (Pu-240)
   12   0  94241.09c     09c  TRA   94 241 0  241.04873   993.0          N/A  I-----T--F-D--------  plutonium 241 (Pu-241)
   13   0  94242.09c     09c  TRA   94 242 0  242.05841   993.0          N/A  I-----T--F-D--------  plutonium 242 (Pu-242)
   14   0  95241.09c     09c  TRA   95 241 0  241.05680   993.0          N/A  I-----T-IF-D--------  americium 241 (Am-241)
   15   0  95243.09c     09c  TRA   95 243 0  243.06143   993.0          N/A  I-----T-IF-D--------  americium 243 (Am-243)

 --- Table  2: Reaction and decay data: 

 Nuclide    1 / 15 : 3006.09c -- lithium 6 (Li-6)

 Pointers                     : 7214 4110322
 Primary type                 : Transport
 Nuclide ZAI                  : 30060
 Library ID                   : 09c
 Cross section data file      : /home/anshchaube/serpent_acelib/xsdata/endfb7/acedata/3006ENDF7.ace
 Atomic weight (AW)           : 6.01507
 Atomic weight ratio (AWR)    : 5.96340
 Temperature                  : 993.0 Kelvin
 XS temperature               : 993.0 Kelvin
 Minimum and maximum energy   : 1.00000E-11 2.00000E+01
 Half-life                    : N/A
 Specific ingestion toxicity  : N/A
 Specific inhalation toxicity : N/A

 - Nuclide is not involved in burnup calculation
 - Nuclide has neutron transport data
 - Nuclide has no photon transport data
 - Nuclide has no S(a,b) data
 - Nuclide has no isomeric branching data
 - Nuclide is not fissile
 - Nuclide is not a delayed neutron precursor
 - Nuclide has no delayed neutron data
 - Nuclide has no ures ptable data
 - Nuclide temperature is not adjusted with TMS
 - Nuclide has no dosimetry data
 - Nuclide has no decay data
 - Nuclide has no supplementary transmutation cross section data
 - Nuclide has no NFY data
 - Nuclide has no SFY data

 - 36 reaction channels
 - 5 special reactions
 - No transmutation reactions
 - No transmutation branch reactions
 - No decay reactions
 - No decay branch reactions
 - No transmutation paths

 36 reactions channel:

   1    MT =      2  Q =  0.00000E+00 MeV  Emin = 1.00000E-11 MeV  frac = 1.00000E+00  : elastic scattering
   2    MT =     24  Q = -3.69800E+00 MeV  Emin = 4.31812E+00 MeV  frac = 1.00000E+00  : (n,2nalpha)
   3    MT =     51  Q = -1.50000E+00 MeV  Emin = 1.75154E+00 MeV  frac = 1.00000E+00  : inelastic scatt. to 1. excited state
   4    MT =     52  Q = -2.00000E+00 MeV  Emin = 2.33540E+00 MeV  frac = 1.00000E+00  : inelastic scatt. to 2. excited state
   5    MT =     53  Q = -2.18500E+00 MeV  Emin = 2.55140E+00 MeV  frac = 1.00000E+00  : inelastic scatt. to 3. excited state
   6    MT =     54  Q = -2.50000E+00 MeV  Emin = 2.91922E+00 MeV  frac = 1.00000E+00  : inelastic scatt. to 4. excited state
   7    MT =     55  Q = -3.00000E+00 MeV  Emin = 3.50310E+00 MeV  frac = 1.00000E+00  : inelastic scatt. to 5. excited state
   8    MT =     56  Q = -3.50000E+00 MeV  Emin = 4.08692E+00 MeV  frac = 1.00000E+00  : inelastic scatt. to 6. excited state
   9    MT =     57  Q = -3.56200E+00 MeV  Emin = 4.15931E+00 MeV  frac = 1.00000E+00  : inelastic scatt. to 7. excited state
  10    MT =     58  Q = -4.00000E+00 MeV  Emin = 4.67080E+00 MeV  frac = 1.00000E+00  : inelastic scatt. to 8. excited state
  11    MT =     59  Q = -4.50000E+00 MeV  Emin = 5.25460E+00 MeV  frac = 1.00000E+00  : inelastic scatt. to 9. excited state
  12    MT =     60  Q = -5.00000E+00 MeV  Emin = 5.83845E+00 MeV  frac = 1.00000E+00  : inelastic scatt. to 10. excited state
  13    MT =     61  Q = -5.50000E+00 MeV  Emin = 6.42230E+00 MeV  frac = 1.00000E+00  : inelastic scatt. to 11. excited state
  14    MT =     62  Q = -6.00000E+00 MeV  Emin = 7.00614E+00 MeV  frac = 1.00000E+00  : inelastic scatt. to 12. excited state
  15    MT =     63  Q = -6.50000E+00 MeV  Emin = 7.59000E+00 MeV  frac = 1.00000E+00  : inelastic scatt. to 13. excited state
  16    MT =     64  Q = -7.00000E+00 MeV  Emin = 8.17383E+00 MeV  frac = 1.00000E+00  : inelastic scatt. to 14. excited state
  17    MT =     65  Q = -7.50000E+00 MeV  Emin = 8.75770E+00 MeV  frac = 1.00000E+00  : inelastic scatt. to 15. excited state
  18    MT =     66  Q = -8.00000E+00 MeV  Emin = 9.34152E+00 MeV  frac = 1.00000E+00  : inelastic scatt. to 16. excited state
  19    MT =     67  Q = -8.50000E+00 MeV  Emin = 9.92536E+00 MeV  frac = 1.00000E+00  : inelastic scatt. to 17. excited state
  20    MT =     68  Q = -9.00000E+00 MeV  Emin = 1.05092E+01 MeV  frac = 1.00000E+00  : inelastic scatt. to 18. excited state
  21    MT =     69  Q = -9.50000E+00 MeV  Emin = 1.10931E+01 MeV  frac = 1.00000E+00  : inelastic scatt. to 19. excited state
  22    MT =     70  Q = -1.00000E+01 MeV  Emin = 1.16770E+01 MeV  frac = 1.00000E+00  : inelastic scatt. to 20. excited state
  23    MT =     71  Q = -1.05000E+01 MeV  Emin = 1.22610E+01 MeV  frac = 1.00000E+00  : inelastic scatt. to 21. excited state
  24    MT =     72  Q = -1.10000E+01 MeV  Emin = 1.28450E+01 MeV  frac = 1.00000E+00  : inelastic scatt. to 22. excited state
  25    MT =     73  Q = -1.15000E+01 MeV  Emin = 1.34284E+01 MeV  frac = 1.00000E+00  : inelastic scatt. to 23. excited state
  26    MT =     74  Q = -1.20000E+01 MeV  Emin = 1.40123E+01 MeV  frac = 1.00000E+00  : inelastic scatt. to 24. excited state
  27    MT =     75  Q = -1.25000E+01 MeV  Emin = 1.45961E+01 MeV  frac = 1.00000E+00  : inelastic scatt. to 25. excited state
  28    MT =     76  Q = -1.30000E+01 MeV  Emin = 1.51800E+01 MeV  frac = 1.00000E+00  : inelastic scatt. to 26. excited state
  29    MT =     77  Q = -1.35000E+01 MeV  Emin = 1.57640E+01 MeV  frac = 1.00000E+00  : inelastic scatt. to 27. excited state
  30    MT =     78  Q = -1.40000E+01 MeV  Emin = 1.63480E+01 MeV  frac = 1.00000E+00  : inelastic scatt. to 28. excited state
  31    MT =     79  Q = -1.45000E+01 MeV  Emin = 1.69315E+01 MeV  frac = 1.00000E+00  : inelastic scatt. to 29. excited state
  32    MT =     80  Q = -1.50000E+01 MeV  Emin = 1.75154E+01 MeV  frac = 1.00000E+00  : inelastic scatt. to 30. excited state
  33    MT =     81  Q = -1.55000E+01 MeV  Emin = 1.80992E+01 MeV  frac = 1.00000E+00  : inelastic scatt. to 31. excited state
  34    MT =    102  Q =  7.25060E+00 MeV  Emin = 1.00000E-11 MeV  frac = 1.00000E+00  : (n,gamma)
  35    MT =    103  Q = -2.72730E+00 MeV  Emin = 3.18464E+00 MeV  frac = 1.00000E+00  : (n,p)
  36    MT =    105  Q =  4.78380E+00 MeV  Emin = 1.00000E-11 MeV  frac = 1.00000E+00  : (n,t)

 5 special reactions:

   1    MT =    203  Q =  0.00000E+00 MeV  Emin = 3.18460E+00 MeV  : total proton production
   2    MT =    204  Q =  0.00000E+00 MeV  Emin = 1.75154E+00 MeV  : total deuteron production
   3    MT =    205  Q =  0.00000E+00 MeV  Emin = 1.00000E-11 MeV  : total triton production
   4    MT =    207  Q =  0.00000E+00 MeV  Emin = 1.00000E-11 MeV  : total alpha production
   5    MT =      4  Q =  0.00000E+00 MeV  Emin = 1.75154E+00 MeV  : total inelastic scattering

 Nuclide    2 / 15 : 3007.09c -- lithium 7 (Li-7)

 Pointers                     : 10276 4141080
 Primary type                 : Transport
 Nuclide ZAI                  : 30070
 Library ID                   : 09c
 Cross section data file      : /home/anshchaube/serpent_acelib/xsdata/endfb7/acedata/3007ENDF7.ace
 Atomic weight (AW)           : 7.01600
 Atomic weight ratio (AWR)    : 6.95573
 Temperature                  : 993.0 Kelvin
 XS temperature               : 993.0 Kelvin
 Minimum and maximum energy   : 1.00000E-11 2.00000E+01
 Half-life                    : N/A
 Specific ingestion toxicity  : N/A
 Specific inhalation toxicity : N/A

 - Nuclide is not involved in burnup calculation
 - Nuclide has neutron transport data
 - Nuclide has no photon transport data
 - Nuclide has no S(a,b) data
 - Nuclide has no isomeric branching data
 - Nuclide is not fissile
 - Nuclide is not a delayed neutron precursor
 - Nuclide has no delayed neutron data
 - Nuclide has no ures ptable data
 - Nuclide temperature is not adjusted with TMS
 - Nuclide has no dosimetry data
 - Nuclide has no decay data
 - Nuclide has no supplementary transmutation cross section data
 - Nuclide has no NFY data
 - Nuclide has no SFY data

 - 38 reaction channels
 - 5 special reactions
 - No transmutation reactions
 - No transmutation branch reactions
 - No decay reactions
 - No decay branch reactions
 - No transmutation paths

 38 reactions channel:

   1    MT =      2  Q =  0.00000E+00 MeV  Emin = 1.00000E-11 MeV  frac = 1.00000E+00  : elastic scattering
   2    MT =     16  Q = -7.25050E+00 MeV  Emin = 8.29288E+00 MeV  frac = 1.00000E+00  : (n,2n)
   3    MT =     24  Q = -8.72400E+00 MeV  Emin = 9.97823E+00 MeV  frac = 1.00000E+00  : (n,2nalpha)
   4    MT =     25  Q = -1.09486E+01 MeV  Emin = 1.25227E+01 MeV  frac = 1.00000E+00  : (n,3nalpha)
   5    MT =     51  Q = -4.77610E-01 MeV  Emin = 5.46277E-01 MeV  frac = 1.00000E+00  : inelastic scatt. to 1. excited state
   6    MT =     52  Q = -2.75000E+00 MeV  Emin = 3.14540E+00 MeV  frac = 1.00000E+00  : inelastic scatt. to 2. excited state
   7    MT =     53  Q = -3.25000E+00 MeV  Emin = 3.71724E+00 MeV  frac = 1.00000E+00  : inelastic scatt. to 3. excited state
   8    MT =     54  Q = -3.75000E+00 MeV  Emin = 4.28913E+00 MeV  frac = 1.00000E+00  : inelastic scatt. to 4. excited state
   9    MT =     55  Q = -4.25000E+00 MeV  Emin = 4.86101E+00 MeV  frac = 1.00000E+00  : inelastic scatt. to 5. excited state
  10    MT =     56  Q = -4.63000E+00 MeV  Emin = 5.29564E+00 MeV  frac = 1.00000E+00  : inelastic scatt. to 6. excited state
  11    MT =     57  Q = -4.75000E+00 MeV  Emin = 5.43290E+00 MeV  frac = 1.00000E+00  : inelastic scatt. to 7. excited state
  12    MT =     58  Q = -5.25000E+00 MeV  Emin = 6.00480E+00 MeV  frac = 1.00000E+00  : inelastic scatt. to 8. excited state
  13    MT =     59  Q = -5.75000E+00 MeV  Emin = 6.57670E+00 MeV  frac = 1.00000E+00  : inelastic scatt. to 9. excited state
  14    MT =     60  Q = -6.25000E+00 MeV  Emin = 7.14854E+00 MeV  frac = 1.00000E+00  : inelastic scatt. to 10. excited state
  15    MT =     61  Q = -6.75000E+00 MeV  Emin = 7.72042E+00 MeV  frac = 1.00000E+00  : inelastic scatt. to 11. excited state
  16    MT =     62  Q = -7.25000E+00 MeV  Emin = 8.29231E+00 MeV  frac = 1.00000E+00  : inelastic scatt. to 12. excited state
  17    MT =     63  Q = -7.75000E+00 MeV  Emin = 8.86420E+00 MeV  frac = 1.00000E+00  : inelastic scatt. to 13. excited state
  18    MT =     64  Q = -8.25000E+00 MeV  Emin = 9.43610E+00 MeV  frac = 1.00000E+00  : inelastic scatt. to 14. excited state
  19    MT =     65  Q = -8.75000E+00 MeV  Emin = 1.00080E+01 MeV  frac = 1.00000E+00  : inelastic scatt. to 15. excited state
  20    MT =     66  Q = -9.25000E+00 MeV  Emin = 1.05800E+01 MeV  frac = 1.00000E+00  : inelastic scatt. to 16. excited state
  21    MT =     67  Q = -9.75000E+00 MeV  Emin = 1.11520E+01 MeV  frac = 1.00000E+00  : inelastic scatt. to 17. excited state
  22    MT =     68  Q = -1.02500E+01 MeV  Emin = 1.17240E+01 MeV  frac = 1.00000E+00  : inelastic scatt. to 18. excited state
  23    MT =     69  Q = -1.07500E+01 MeV  Emin = 1.22955E+01 MeV  frac = 1.00000E+00  : inelastic scatt. to 19. excited state
  24    MT =     70  Q = -1.12500E+01 MeV  Emin = 1.28674E+01 MeV  frac = 1.00000E+00  : inelastic scatt. to 20. excited state
  25    MT =     71  Q = -1.17500E+01 MeV  Emin = 1.34393E+01 MeV  frac = 1.00000E+00  : inelastic scatt. to 21. excited state
  26    MT =     72  Q = -1.22500E+01 MeV  Emin = 1.40112E+01 MeV  frac = 1.00000E+00  : inelastic scatt. to 22. excited state
  27    MT =     73  Q = -1.27500E+01 MeV  Emin = 1.45830E+01 MeV  frac = 1.00000E+00  : inelastic scatt. to 23. excited state
  28    MT =     74  Q = -1.32500E+01 MeV  Emin = 1.51550E+01 MeV  frac = 1.00000E+00  : inelastic scatt. to 24. excited state
  29    MT =     75  Q = -1.37500E+01 MeV  Emin = 1.57270E+01 MeV  frac = 1.00000E+00  : inelastic scatt. to 25. excited state
  30    MT =     76  Q = -1.42500E+01 MeV  Emin = 1.62990E+01 MeV  frac = 1.00000E+00  : inelastic scatt. to 26. excited state
  31    MT =     77  Q = -1.47500E+01 MeV  Emin = 1.68710E+01 MeV  frac = 1.00000E+00  : inelastic scatt. to 27. excited state
  32    MT =     78  Q = -1.52500E+01 MeV  Emin = 1.74425E+01 MeV  frac = 1.00000E+00  : inelastic scatt. to 28. excited state
  33    MT =     79  Q = -1.57500E+01 MeV  Emin = 1.80143E+01 MeV  frac = 1.00000E+00  : inelastic scatt. to 29. excited state
  34    MT =     80  Q = -1.62500E+01 MeV  Emin = 1.85862E+01 MeV  frac = 1.00000E+00  : inelastic scatt. to 30. excited state
  35    MT =     81  Q = -1.67500E+01 MeV  Emin = 1.91581E+01 MeV  frac = 1.00000E+00  : inelastic scatt. to 31. excited state
  36    MT =     82  Q = -1.72500E+01 MeV  Emin = 1.97300E+01 MeV  frac = 1.00000E+00  : inelastic scatt. to 32. excited state
  37    MT =    102  Q =  2.03280E+00 MeV  Emin = 1.00000E-11 MeV  frac = 1.00000E+00  : (n,gamma)
  38    MT =    104  Q = -7.75320E+00 MeV  Emin = 8.86786E+00 MeV  frac = 1.00000E+00  : (n,d)

 5 special reactions:

   1    MT =    203  Q =  0.00000E+00 MeV  Emin = 1.25227E+01 MeV  : total proton production
   2    MT =    204  Q =  0.00000E+00 MeV  Emin = 8.86786E+00 MeV  : total deuteron production
   3    MT =    205  Q =  0.00000E+00 MeV  Emin = 3.14540E+00 MeV  : total triton production
   4    MT =    207  Q =  0.00000E+00 MeV  Emin = 3.14540E+00 MeV  : total alpha production
   5    MT =      4  Q =  0.00000E+00 MeV  Emin = 5.46277E-01 MeV  : total inelastic scattering

 Nuclide    3 / 15 : 4009.09c -- beryllium 9 (Be-9)

 Pointers                     : 16174 4276011
 Primary type                 : Transport
 Nuclide ZAI                  : 40090
 Library ID                   : 09c
 Cross section data file      : /home/anshchaube/serpent_acelib/xsdata/endfb7/acedata/4009ENDF7.ace
 Atomic weight (AW)           : 9.01220
 Atomic weight ratio (AWR)    : 8.93478
 Temperature                  : 993.0 Kelvin
 XS temperature               : 993.0 Kelvin
 Minimum and maximum energy   : 1.00000E-11 2.00000E+01
 Half-life                    : N/A
 Specific ingestion toxicity  : N/A
 Specific inhalation toxicity : N/A

 - Nuclide is not involved in burnup calculation
 - Nuclide has neutron transport data
 - Nuclide has no photon transport data
 - Nuclide has no S(a,b) data
 - Nuclide has no isomeric branching data
 - Nuclide is not fissile
 - Nuclide is not a delayed neutron precursor
 - Nuclide has no delayed neutron data
 - Nuclide has no ures ptable data
 - Nuclide temperature is not adjusted with TMS
 - Nuclide has no dosimetry data
 - Nuclide has no decay data
 - Nuclide has no supplementary transmutation cross section data
 - Nuclide has no NFY data
 - Nuclide has no SFY data

 - 7 reaction channels
 - 9 special reactions
 - No transmutation reactions
 - No transmutation branch reactions
 - No decay reactions
 - No decay branch reactions
 - No transmutation paths

 7 reactions channel:

   1    MT =      2  Q =  0.00000E+00 MeV  Emin = 1.00000E-11 MeV  frac = 1.00000E+00  : elastic scattering
   2    MT =     16  Q = -1.57280E+00 MeV  Emin = 1.74883E+00 MeV  frac = 1.00000E+00  : (n,2n)
   3    MT =    102  Q =  6.81238E+00 MeV  Emin = 1.00000E-11 MeV  frac = 1.00000E+00  : (n,gamma)
   4    MT =    103  Q = -1.28300E+01 MeV  Emin = 1.42660E+01 MeV  frac = 1.00000E+00  : (n,p)
   5    MT =    104  Q = -1.46600E+01 MeV  Emin = 1.63008E+01 MeV  frac = 1.00000E+00  : (n,d)
   6    MT =    105  Q = -1.04400E+01 MeV  Emin = 1.16085E+01 MeV  frac = 1.00000E+00  : (n,t)
   7    MT =    107  Q = -6.00000E-01 MeV  Emin = 6.67153E-01 MeV  frac = 1.00000E+00  : (n,alpha)

 9 special reactions:

   1    MT =    203  Q =  0.00000E+00 MeV  Emin = 1.42660E+01 MeV  : total proton production
   2    MT =    204  Q =  0.00000E+00 MeV  Emin = 1.63008E+01 MeV  : total deuteron production
   3    MT =    205  Q =  0.00000E+00 MeV  Emin = 1.16085E+01 MeV  : total triton production
   4    MT =    207  Q =  0.00000E+00 MeV  Emin = 6.67153E-01 MeV  : total alpha production
   5    MT =    600  Q = -1.28300E+01 MeV  Emin = 1.42660E+01 MeV  : (n,p) to ground state
   6    MT =    650  Q = -1.46600E+01 MeV  Emin = 1.63008E+01 MeV  : (n,d) to ground state
   7    MT =    700  Q = -1.04400E+01 MeV  Emin = 1.16085E+01 MeV  : (n,t) to ground state
   8    MT =    701  Q = -1.09180E+01 MeV  Emin = 1.21400E+01 MeV  : (n,t1)
   9    MT =    800  Q = -6.00000E-01 MeV  Emin = 6.67153E-01 MeV  : (n,alpha) to ground state

 Nuclide    4 / 15 : 6012.09c -- carbon 12 (C-12)

 Pointers                     : 41022 8061170
 Primary type                 : Transport
 Nuclide ZAI                  : 60120
 Library ID                   : 09c
 Cross section data file      : /home/anshchaube/serpent_acelib/xsdata/endfb7/acedata/6012JNDL32.ace
 Atomic weight (AW)           : 11.99999
 Atomic weight ratio (AWR)    : 11.89690
 Temperature                  : 993.0 Kelvin
 XS temperature               : 993.0 Kelvin
 Minimum and maximum energy   : 1.00000E-11 2.00000E+01
 Half-life                    : N/A
 Specific ingestion toxicity  : N/A
 Specific inhalation toxicity : N/A

 - Nuclide is not involved in burnup calculation
 - Nuclide has neutron transport data
 - Nuclide has no photon transport data
 - Nuclide has no S(a,b) data
 - Nuclide has no isomeric branching data
 - Nuclide is not fissile
 - Nuclide is not a delayed neutron precursor
 - Nuclide has no delayed neutron data
 - Nuclide has no ures ptable data
 - Nuclide temperature is not adjusted with TMS
 - Nuclide has no dosimetry data
 - Nuclide has no decay data
 - Nuclide has no supplementary transmutation cross section data
 - Nuclide has no NFY data
 - Nuclide has no SFY data

 - 31 reaction channels
 - 4 special reactions
 - No transmutation reactions
 - No transmutation branch reactions
 - No decay reactions
 - No decay branch reactions
 - No transmutation paths

 31 reactions channel:

   1    MT =      2  Q =  0.00000E+00 MeV  Emin = 1.00000E-11 MeV  frac = 1.00000E+00  : elastic scattering
   2    MT =     51  Q = -4.43909E+00 MeV  Emin = 4.81222E+00 MeV  frac = 1.00000E+00  : inelastic scatt. to 1. excited state
   3    MT =     52  Q = -7.49999E+00 MeV  Emin = 8.13041E+00 MeV  frac = 1.00000E+00  : inelastic scatt. to 2. excited state
   4    MT =     53  Q = -7.64999E+00 MeV  Emin = 8.29302E+00 MeV  frac = 1.00000E+00  : inelastic scatt. to 3. excited state
   5    MT =     54  Q = -7.99999E+00 MeV  Emin = 8.67244E+00 MeV  frac = 1.00000E+00  : inelastic scatt. to 4. excited state
   6    MT =     55  Q = -8.49999E+00 MeV  Emin = 9.21447E+00 MeV  frac = 1.00000E+00  : inelastic scatt. to 5. excited state
   7    MT =     56  Q = -8.99999E+00 MeV  Emin = 9.75650E+00 MeV  frac = 1.00000E+00  : inelastic scatt. to 6. excited state
   8    MT =     57  Q = -9.49999E+00 MeV  Emin = 1.02985E+01 MeV  frac = 1.00000E+00  : inelastic scatt. to 7. excited state
   9    MT =     58  Q = -9.63999E+00 MeV  Emin = 1.04503E+01 MeV  frac = 1.00000E+00  : inelastic scatt. to 8. excited state
  10    MT =     59  Q = -1.00000E+01 MeV  Emin = 1.08406E+01 MeV  frac = 1.00000E+00  : inelastic scatt. to 9. excited state
  11    MT =     60  Q = -1.05000E+01 MeV  Emin = 1.13826E+01 MeV  frac = 1.00000E+00  : inelastic scatt. to 10. excited state
  12    MT =     61  Q = -1.10000E+01 MeV  Emin = 1.19246E+01 MeV  frac = 1.00000E+00  : inelastic scatt. to 11. excited state
  13    MT =     62  Q = -1.15000E+01 MeV  Emin = 1.24666E+01 MeV  frac = 1.00000E+00  : inelastic scatt. to 12. excited state
  14    MT =     63  Q = -1.20000E+01 MeV  Emin = 1.30087E+01 MeV  frac = 1.00000E+00  : inelastic scatt. to 13. excited state
  15    MT =     64  Q = -1.25000E+01 MeV  Emin = 1.35507E+01 MeV  frac = 1.00000E+00  : inelastic scatt. to 14. excited state
  16    MT =     65  Q = -1.30000E+01 MeV  Emin = 1.40927E+01 MeV  frac = 1.00000E+00  : inelastic scatt. to 15. excited state
  17    MT =     66  Q = -1.35000E+01 MeV  Emin = 1.46348E+01 MeV  frac = 1.00000E+00  : inelastic scatt. to 16. excited state
  18    MT =     67  Q = -1.40000E+01 MeV  Emin = 1.51768E+01 MeV  frac = 1.00000E+00  : inelastic scatt. to 17. excited state
  19    MT =     68  Q = -1.45000E+01 MeV  Emin = 1.57188E+01 MeV  frac = 1.00000E+00  : inelastic scatt. to 18. excited state
  20    MT =     69  Q = -1.50000E+01 MeV  Emin = 1.62608E+01 MeV  frac = 1.00000E+00  : inelastic scatt. to 19. excited state
  21    MT =     70  Q = -1.55000E+01 MeV  Emin = 1.68029E+01 MeV  frac = 1.00000E+00  : inelastic scatt. to 20. excited state
  22    MT =     71  Q = -1.60000E+01 MeV  Emin = 1.73449E+01 MeV  frac = 1.00000E+00  : inelastic scatt. to 21. excited state
  23    MT =     72  Q = -1.65000E+01 MeV  Emin = 1.78869E+01 MeV  frac = 1.00000E+00  : inelastic scatt. to 22. excited state
  24    MT =     73  Q = -1.70000E+01 MeV  Emin = 1.84290E+01 MeV  frac = 1.00000E+00  : inelastic scatt. to 23. excited state
  25    MT =     74  Q = -1.75000E+01 MeV  Emin = 1.89710E+01 MeV  frac = 1.00000E+00  : inelastic scatt. to 24. excited state
  26    MT =     75  Q = -1.80000E+01 MeV  Emin = 1.95130E+01 MeV  frac = 1.00000E+00  : inelastic scatt. to 25. excited state
  27    MT =     91  Q = -7.27481E+00 MeV  Emin = 7.88700E+00 MeV  frac = 1.00000E+00  : inelastic scattering to continuum
  28    MT =    102  Q =  4.94638E+00 MeV  Emin = 1.00000E-11 MeV  frac = 1.00000E+00  : (n,gamma)
  29    MT =    103  Q = -1.25871E+01 MeV  Emin = 1.36451E+01 MeV  frac = 1.00000E+00  : (n,p)
  30    MT =    104  Q = -1.37323E+01 MeV  Emin = 1.48866E+01 MeV  frac = 1.00000E+00  : (n,d)
  31    MT =    107  Q = -5.70150E+00 MeV  Emin = 6.18075E+00 MeV  frac = 1.00000E+00  : (n,alpha)

 4 special reactions:

   1    MT =    203  Q =  0.00000E+00 MeV  Emin = 1.36451E+01 MeV  : total proton production
   2    MT =    204  Q =  0.00000E+00 MeV  Emin = 1.48866E+01 MeV  : total deuteron production
   3    MT =    207  Q =  0.00000E+00 MeV  Emin = 6.18075E+00 MeV  : total alpha production
   4    MT =      4  Q =  0.00000E+00 MeV  Emin = 4.81222E+00 MeV  : total inelastic scattering

 Nuclide    5 / 15 : 6012.09s -- carbon 12 (C-12)

 Pointers                     : 44394 8061170
 Primary type                 : Transport
 Nuclide ZAI                  : 60120
 Library ID                   : 09s
 Cross section data file      : /home/anshchaube/serpent_acelib/xsdata/endfb7/acedata/6012JNDL32.ace
 Atomic weight (AW)           : 11.99999
 Atomic weight ratio (AWR)    : 11.89690
 Temperature                  : 993.0 Kelvin
 XS temperature               : 993.0 Kelvin
 Minimum and maximum energy   : 1.00000E-11 2.00000E+01
 Half-life                    : N/A
 Specific ingestion toxicity  : N/A
 Specific inhalation toxicity : N/A

 - Nuclide is not involved in burnup calculation
 - Nuclide has neutron transport data
 - Nuclide has no photon transport data
 - Nuclide has inelastic S(a,b) channel between 1.00E-11 and 3.75E-06 MeV
 - Nuclide has elastic S(a,b) channel between 1.82E-09 and 5.53E-07 MeV
 - Nuclide has no isomeric branching data
 - Nuclide is not fissile
 - Nuclide is not a delayed neutron precursor
 - Nuclide has no delayed neutron data
 - Nuclide has no ures ptable data
 - Nuclide temperature is not adjusted with TMS
 - Nuclide has no dosimetry data
 - Nuclide has no decay data
 - Nuclide has no supplementary transmutation cross section data
 - Nuclide has no NFY data
 - Nuclide has no SFY data

 - 33 reaction channels
 - 4 special reactions
 - No transmutation reactions
 - No transmutation branch reactions
 - No decay reactions
 - No decay branch reactions
 - No transmutation paths

 33 reactions channel:

   1    MT =      2  Q =  0.00000E+00 MeV  Emin = 1.00000E-11 MeV  frac = 1.00000E+00  : elastic scattering
   2    MT =     51  Q = -4.43909E+00 MeV  Emin = 4.81222E+00 MeV  frac = 1.00000E+00  : inelastic scatt. to 1. excited state
   3    MT =     52  Q = -7.49999E+00 MeV  Emin = 8.13041E+00 MeV  frac = 1.00000E+00  : inelastic scatt. to 2. excited state
   4    MT =     53  Q = -7.64999E+00 MeV  Emin = 8.29302E+00 MeV  frac = 1.00000E+00  : inelastic scatt. to 3. excited state
   5    MT =     54  Q = -7.99999E+00 MeV  Emin = 8.67244E+00 MeV  frac = 1.00000E+00  : inelastic scatt. to 4. excited state
   6    MT =     55  Q = -8.49999E+00 MeV  Emin = 9.21447E+00 MeV  frac = 1.00000E+00  : inelastic scatt. to 5. excited state
   7    MT =     56  Q = -8.99999E+00 MeV  Emin = 9.75650E+00 MeV  frac = 1.00000E+00  : inelastic scatt. to 6. excited state
   8    MT =     57  Q = -9.49999E+00 MeV  Emin = 1.02985E+01 MeV  frac = 1.00000E+00  : inelastic scatt. to 7. excited state
   9    MT =     58  Q = -9.63999E+00 MeV  Emin = 1.04503E+01 MeV  frac = 1.00000E+00  : inelastic scatt. to 8. excited state
  10    MT =     59  Q = -1.00000E+01 MeV  Emin = 1.08406E+01 MeV  frac = 1.00000E+00  : inelastic scatt. to 9. excited state
  11    MT =     60  Q = -1.05000E+01 MeV  Emin = 1.13826E+01 MeV  frac = 1.00000E+00  : inelastic scatt. to 10. excited state
  12    MT =     61  Q = -1.10000E+01 MeV  Emin = 1.19246E+01 MeV  frac = 1.00000E+00  : inelastic scatt. to 11. excited state
  13    MT =     62  Q = -1.15000E+01 MeV  Emin = 1.24666E+01 MeV  frac = 1.00000E+00  : inelastic scatt. to 12. excited state
  14    MT =     63  Q = -1.20000E+01 MeV  Emin = 1.30087E+01 MeV  frac = 1.00000E+00  : inelastic scatt. to 13. excited state
  15    MT =     64  Q = -1.25000E+01 MeV  Emin = 1.35507E+01 MeV  frac = 1.00000E+00  : inelastic scatt. to 14. excited state
  16    MT =     65  Q = -1.30000E+01 MeV  Emin = 1.40927E+01 MeV  frac = 1.00000E+00  : inelastic scatt. to 15. excited state
  17    MT =     66  Q = -1.35000E+01 MeV  Emin = 1.46348E+01 MeV  frac = 1.00000E+00  : inelastic scatt. to 16. excited state
  18    MT =     67  Q = -1.40000E+01 MeV  Emin = 1.51768E+01 MeV  frac = 1.00000E+00  : inelastic scatt. to 17. excited state
  19    MT =     68  Q = -1.45000E+01 MeV  Emin = 1.57188E+01 MeV  frac = 1.00000E+00  : inelastic scatt. to 18. excited state
  20    MT =     69  Q = -1.50000E+01 MeV  Emin = 1.62608E+01 MeV  frac = 1.00000E+00  : inelastic scatt. to 19. excited state
  21    MT =     70  Q = -1.55000E+01 MeV  Emin = 1.68029E+01 MeV  frac = 1.00000E+00  : inelastic scatt. to 20. excited state
  22    MT =     71  Q = -1.60000E+01 MeV  Emin = 1.73449E+01 MeV  frac = 1.00000E+00  : inelastic scatt. to 21. excited state
  23    MT =     72  Q = -1.65000E+01 MeV  Emin = 1.78869E+01 MeV  frac = 1.00000E+00  : inelastic scatt. to 22. excited state
  24    MT =     73  Q = -1.70000E+01 MeV  Emin = 1.84290E+01 MeV  frac = 1.00000E+00  : inelastic scatt. to 23. excited state
  25    MT =     74  Q = -1.75000E+01 MeV  Emin = 1.89710E+01 MeV  frac = 1.00000E+00  : inelastic scatt. to 24. excited state
  26    MT =     75  Q = -1.80000E+01 MeV  Emin = 1.95130E+01 MeV  frac = 1.00000E+00  : inelastic scatt. to 25. excited state
  27    MT =     91  Q = -7.27481E+00 MeV  Emin = 7.88700E+00 MeV  frac = 1.00000E+00  : inelastic scattering to continuum
  28    MT =    102  Q =  4.94638E+00 MeV  Emin = 1.00000E-11 MeV  frac = 1.00000E+00  : (n,gamma)
  29    MT =    103  Q = -1.25871E+01 MeV  Emin = 1.36451E+01 MeV  frac = 1.00000E+00  : (n,p)
  30    MT =    104  Q = -1.37323E+01 MeV  Emin = 1.48866E+01 MeV  frac = 1.00000E+00  : (n,d)
  31    MT =    107  Q = -5.70150E+00 MeV  Emin = 6.18075E+00 MeV  frac = 1.00000E+00  : (n,alpha)
  32    MT =   1004  Q =  0.00000E+00 MeV  Emin = 1.00000E-11 MeV  frac = 1.00000E+00  : S(a,b) inelastic scattering
  33    MT =   1002  Q =  0.00000E+00 MeV  Emin = 1.82233E-09 MeV  frac = 1.00000E+00  : S(a,b) elastic scattering

 4 special reactions:

   1    MT =    203  Q =  0.00000E+00 MeV  Emin = 1.36451E+01 MeV  : total proton production
   2    MT =    204  Q =  0.00000E+00 MeV  Emin = 1.48866E+01 MeV  : total deuteron production
   3    MT =    207  Q =  0.00000E+00 MeV  Emin = 6.18075E+00 MeV  : total alpha production
   4    MT =      4  Q =  0.00000E+00 MeV  Emin = 4.81222E+00 MeV  : total inelastic scattering

 Nuclide    6 / 15 : 9019.09c -- fluorine 19 (F-19)

 Pointers                     : 13477 4157540
 Primary type                 : Transport
 Nuclide ZAI                  : 90190
 Library ID                   : 09c
 Cross section data file      : /home/anshchaube/serpent_acelib/xsdata/endfb7/acedata/9019ENDF7.ace
 Atomic weight (AW)           : 18.99820
 Atomic weight ratio (AWR)    : 18.83500
 Temperature                  : 993.0 Kelvin
 XS temperature               : 993.0 Kelvin
 Minimum and maximum energy   : 1.00000E-11 2.00000E+01
 Half-life                    : N/A
 Specific ingestion toxicity  : N/A
 Specific inhalation toxicity : N/A

 - Nuclide is not involved in burnup calculation
 - Nuclide has neutron transport data
 - Nuclide has no photon transport data
 - Nuclide has no S(a,b) data
 - Nuclide has no isomeric branching data
 - Nuclide is not fissile
 - Nuclide is not a delayed neutron precursor
 - Nuclide has no delayed neutron data
 - Nuclide has no ures ptable data
 - Nuclide temperature is not adjusted with TMS
 - Nuclide has no dosimetry data
 - Nuclide has no decay data
 - Nuclide has no supplementary transmutation cross section data
 - Nuclide has no NFY data
 - Nuclide has no SFY data

 - 31 reaction channels
 - 5 special reactions
 - No transmutation reactions
 - No transmutation branch reactions
 - No decay reactions
 - No decay branch reactions
 - No transmutation paths

 31 reactions channel:

   1    MT =      2  Q =  0.00000E+00 MeV  Emin = 1.00000E-11 MeV  frac = 1.00000E+00  : elastic scattering
   2    MT =     16  Q = -1.04310E+01 MeV  Emin = 1.10000E+01 MeV  frac = 1.00000E+00  : (n,2n)
   3    MT =     22  Q = -4.01290E+00 MeV  Emin = 4.22600E+00 MeV  frac = 1.00000E+00  : (n,nalpha)
   4    MT =     28  Q = -7.99300E+00 MeV  Emin = 8.41740E+00 MeV  frac = 1.00000E+00  : (n,np)
   5    MT =     51  Q = -1.09900E-01 MeV  Emin = 1.15840E-01 MeV  frac = 1.00000E+00  : inelastic scatt. to 1. excited state
   6    MT =     52  Q = -1.97000E-01 MeV  Emin = 2.07460E-01 MeV  frac = 1.00000E+00  : inelastic scatt. to 2. excited state
   7    MT =     53  Q = -1.34600E+00 MeV  Emin = 1.41750E+00 MeV  frac = 1.00000E+00  : inelastic scatt. to 3. excited state
   8    MT =     54  Q = -1.45900E+00 MeV  Emin = 1.53650E+00 MeV  frac = 1.00000E+00  : inelastic scatt. to 4. excited state
   9    MT =     55  Q = -1.55400E+00 MeV  Emin = 1.63651E+00 MeV  frac = 1.00000E+00  : inelastic scatt. to 5. excited state
  10    MT =     56  Q = -2.78000E+00 MeV  Emin = 2.92760E+00 MeV  frac = 1.00000E+00  : inelastic scatt. to 6. excited state
  11    MT =     57  Q = -3.90700E+00 MeV  Emin = 4.11443E+00 MeV  frac = 1.00000E+00  : inelastic scatt. to 7. excited state
  12    MT =     58  Q = -3.99900E+00 MeV  Emin = 4.21132E+00 MeV  frac = 1.00000E+00  : inelastic scatt. to 8. excited state
  13    MT =     59  Q = -4.03200E+00 MeV  Emin = 4.24610E+00 MeV  frac = 1.00000E+00  : inelastic scatt. to 9. excited state
  14    MT =     60  Q = -4.37800E+00 MeV  Emin = 4.61044E+00 MeV  frac = 1.00000E+00  : inelastic scatt. to 10. excited state
  15    MT =     61  Q = -4.54900E+00 MeV  Emin = 4.79052E+00 MeV  frac = 1.00000E+00  : inelastic scatt. to 11. excited state
  16    MT =     62  Q = -4.55800E+00 MeV  Emin = 4.80000E+00 MeV  frac = 1.00000E+00  : inelastic scatt. to 12. excited state
  17    MT =     63  Q = -4.64800E+00 MeV  Emin = 4.89480E+00 MeV  frac = 1.00000E+00  : inelastic scatt. to 13. excited state
  18    MT =     64  Q = -4.68300E+00 MeV  Emin = 4.93163E+00 MeV  frac = 1.00000E+00  : inelastic scatt. to 14. excited state
  19    MT =     65  Q = -5.10600E+00 MeV  Emin = 5.37710E+00 MeV  frac = 1.00000E+00  : inelastic scatt. to 15. excited state
  20    MT =     66  Q = -5.36600E+00 MeV  Emin = 5.65090E+00 MeV  frac = 1.00000E+00  : inelastic scatt. to 16. excited state
  21    MT =     67  Q = -5.43000E+00 MeV  Emin = 5.71830E+00 MeV  frac = 1.00000E+00  : inelastic scatt. to 17. excited state
  22    MT =     68  Q = -5.46400E+00 MeV  Emin = 5.75410E+00 MeV  frac = 1.00000E+00  : inelastic scatt. to 18. excited state
  23    MT =     69  Q = -5.49900E+00 MeV  Emin = 5.79100E+00 MeV  frac = 1.00000E+00  : inelastic scatt. to 19. excited state
  24    MT =     70  Q = -5.54000E+00 MeV  Emin = 5.83413E+00 MeV  frac = 1.00000E+00  : inelastic scatt. to 20. excited state
  25    MT =     71  Q = -5.62100E+00 MeV  Emin = 5.91944E+00 MeV  frac = 1.00000E+00  : inelastic scatt. to 21. excited state
  26    MT =     91  Q = -5.64000E+00 MeV  Emin = 5.93944E+00 MeV  frac = 1.00000E+00  : inelastic scattering to continuum
  27    MT =    102  Q =  6.60130E+00 MeV  Emin = 1.00000E-11 MeV  frac = 1.00000E+00  : (n,gamma)
  28    MT =    103  Q = -4.03600E+00 MeV  Emin = 4.25030E+00 MeV  frac = 1.00000E+00  : (n,p)
  29    MT =    104  Q = -5.76800E+00 MeV  Emin = 7.00000E+00 MeV  frac = 1.00000E+00  : (n,d)
  30    MT =    105  Q = -7.55700E+00 MeV  Emin = 9.50000E+00 MeV  frac = 1.00000E+00  : (n,t)
  31    MT =    107  Q = -1.52300E+00 MeV  Emin = 1.60390E+00 MeV  frac = 1.00000E+00  : (n,alpha)

 5 special reactions:

   1    MT =    203  Q =  0.00000E+00 MeV  Emin = 4.25030E+00 MeV  : total proton production
   2    MT =    204  Q =  0.00000E+00 MeV  Emin = 6.99870E+00 MeV  : total deuteron production
   3    MT =    205  Q =  0.00000E+00 MeV  Emin = 9.50000E+00 MeV  : total triton production
   4    MT =    207  Q =  0.00000E+00 MeV  Emin = 1.60390E+00 MeV  : total alpha production
   5    MT =      4  Q =  0.00000E+00 MeV  Emin = 1.15840E-01 MeV  : total inelastic scattering

 Nuclide    7 / 15 : 90232.09c -- thorium 232 (Th-232)

 Pointers                     : 17431 4853521
 Primary type                 : Transport
 Nuclide ZAI                  : 902320
 Library ID                   : 09c
 Cross section data file      : /home/anshchaube/serpent_acelib/xsdata/endfb7/acedata/90232ENDF7.ace
 Atomic weight (AW)           : 232.03833
 Atomic weight ratio (AWR)    : 230.04500
 Temperature                  : 993.0 Kelvin
 XS temperature               : 993.0 Kelvin
 Minimum and maximum energy   : 1.00000E-11 6.00000E+01
 Half-life                    : N/A
 Specific ingestion toxicity  : N/A
 Specific inhalation toxicity : N/A
 Energy deposited per fission : 196.79 MeV

 - Nuclide is not involved in burnup calculation
 - Nuclide has neutron transport data
 - Nuclide has no photon transport data
 - Nuclide has no S(a,b) data
 - Nuclide has no isomeric branching data
 - Nuclide is fissile
 - Nuclide is not a delayed neutron precursor
 - Nuclide has delayed neutron data in 6 precursor groups
 - Nuclide has ures ptable data but it is not used
 - Nuclide temperature is not adjusted with TMS
 - Nuclide has no dosimetry data
 - Nuclide has no decay data
 - Nuclide has no supplementary transmutation cross section data
 - Nuclide has no NFY data
 - Nuclide has no SFY data

 - 54 reaction channels
 - 3 special reactions
 - No transmutation reactions
 - No transmutation branch reactions
 - No decay reactions
 - No decay branch reactions
 - No transmutation paths

 54 reactions channel:

   1    MT =      2  Q =  0.00000E+00 MeV  Emin = 1.00000E-11 MeV  frac = 1.00000E+00  : elastic scattering
   2    MT =      5  Q =  1.40700E+00 MeV  Emin = 1.30000E+01 MeV  frac = 1.00000E+00  : anything
   3    MT =     16  Q = -6.43700E+00 MeV  Emin = 6.46498E+00 MeV  frac = 1.00000E+00  : (n,2n)
   4    MT =     17  Q = -1.15550E+01 MeV  Emin = 1.16052E+01 MeV  frac = 1.00000E+00  : (n,3n)
   5    MT =     18  Q =  1.88470E+02 MeV  Emin = 3.98945E-03 MeV  frac = 1.00000E+00  : total fission
   6    MT =     22  Q =  4.08300E+00 MeV  Emin = 5.50000E+00 MeV  frac = 1.00000E+00  : (n,nalpha)
   7    MT =     24  Q = -2.22400E+00 MeV  Emin = 1.18000E+01 MeV  frac = 1.00000E+00  : (n,2nalpha)
   8    MT =     28  Q = -7.75500E+00 MeV  Emin = 1.05000E+01 MeV  frac = 1.00000E+00  : (n,np)
   9    MT =     41  Q = -1.34730E+01 MeV  Emin = 1.65000E+01 MeV  frac = 1.00000E+00  : (n,2np)
  10    MT =     51  Q = -4.93700E-02 MeV  Emin = 4.95846E-02 MeV  frac = 1.00000E+00  : inelastic scatt. to 1. excited state
  11    MT =     52  Q = -1.62120E-01 MeV  Emin = 1.62825E-01 MeV  frac = 1.00000E+00  : inelastic scatt. to 2. excited state
  12    MT =     53  Q = -3.33200E-01 MeV  Emin = 3.34649E-01 MeV  frac = 1.00000E+00  : inelastic scatt. to 3. excited state
  13    MT =     54  Q = -5.56900E-01 MeV  Emin = 5.59321E-01 MeV  frac = 1.00000E+00  : inelastic scatt. to 4. excited state
  14    MT =     55  Q = -7.14250E-01 MeV  Emin = 7.17355E-01 MeV  frac = 1.00000E+00  : inelastic scatt. to 5. excited state
  15    MT =     56  Q = -7.30350E-01 MeV  Emin = 7.33525E-01 MeV  frac = 1.00000E+00  : inelastic scatt. to 6. excited state
  16    MT =     57  Q = -7.74100E-01 MeV  Emin = 7.77465E-01 MeV  frac = 1.00000E+00  : inelastic scatt. to 7. excited state
  17    MT =     58  Q = -7.74400E-01 MeV  Emin = 7.77766E-01 MeV  frac = 1.00000E+00  : inelastic scatt. to 8. excited state
  18    MT =     59  Q = -7.85300E-01 MeV  Emin = 7.88714E-01 MeV  frac = 1.00000E+00  : inelastic scatt. to 9. excited state
  19    MT =     60  Q = -8.27000E-01 MeV  Emin = 8.30595E-01 MeV  frac = 1.00000E+00  : inelastic scatt. to 10. excited state
  20    MT =     61  Q = -8.29600E-01 MeV  Emin = 8.33206E-01 MeV  frac = 1.00000E+00  : inelastic scatt. to 11. excited state
  21    MT =     62  Q = -8.73000E-01 MeV  Emin = 8.76795E-01 MeV  frac = 1.00000E+00  : inelastic scatt. to 12. excited state
  22    MT =     63  Q = -8.83600E-01 MeV  Emin = 8.87441E-01 MeV  frac = 1.00000E+00  : inelastic scatt. to 13. excited state
  23    MT =     64  Q = -8.90100E-01 MeV  Emin = 8.93969E-01 MeV  frac = 1.00000E+00  : inelastic scatt. to 14. excited state
  24    MT =     65  Q = -9.60400E-01 MeV  Emin = 9.64575E-01 MeV  frac = 1.00000E+00  : inelastic scatt. to 15. excited state
  25    MT =     66  Q = -1.02310E+00 MeV  Emin = 1.02755E+00 MeV  frac = 1.00000E+00  : inelastic scatt. to 16. excited state
  26    MT =     67  Q = -1.04290E+00 MeV  Emin = 1.04743E+00 MeV  frac = 1.00000E+00  : inelastic scatt. to 17. excited state
  27    MT =     68  Q = -1.04990E+00 MeV  Emin = 1.05446E+00 MeV  frac = 1.00000E+00  : inelastic scatt. to 18. excited state
  28    MT =     69  Q = -1.05360E+00 MeV  Emin = 1.05818E+00 MeV  frac = 1.00000E+00  : inelastic scatt. to 19. excited state
  29    MT =     70  Q = -1.07290E+00 MeV  Emin = 1.07757E+00 MeV  frac = 1.00000E+00  : inelastic scatt. to 20. excited state
  30    MT =     71  Q = -1.07750E+00 MeV  Emin = 1.08218E+00 MeV  frac = 1.00000E+00  : inelastic scatt. to 21. excited state
  31    MT =     72  Q = -1.07870E+00 MeV  Emin = 1.08339E+00 MeV  frac = 1.00000E+00  : inelastic scatt. to 22. excited state
  32    MT =     73  Q = -1.09440E+00 MeV  Emin = 1.09916E+00 MeV  frac = 1.00000E+00  : inelastic scatt. to 23. excited state
  33    MT =     74  Q = -1.10570E+00 MeV  Emin = 1.11051E+00 MeV  frac = 1.00000E+00  : inelastic scatt. to 24. excited state
  34    MT =     75  Q = -1.12180E+00 MeV  Emin = 1.12668E+00 MeV  frac = 1.00000E+00  : inelastic scatt. to 25. excited state
  35    MT =     76  Q = -1.13710E+00 MeV  Emin = 1.14204E+00 MeV  frac = 1.00000E+00  : inelastic scatt. to 26. excited state
  36    MT =     77  Q = -1.14330E+00 MeV  Emin = 1.14827E+00 MeV  frac = 1.00000E+00  : inelastic scatt. to 27. excited state
  37    MT =     78  Q = -1.14600E+00 MeV  Emin = 1.15098E+00 MeV  frac = 1.00000E+00  : inelastic scatt. to 28. excited state
  38    MT =     79  Q = -1.14830E+00 MeV  Emin = 1.15329E+00 MeV  frac = 1.00000E+00  : inelastic scatt. to 29. excited state
  39    MT =     80  Q = -1.18250E+00 MeV  Emin = 1.18764E+00 MeV  frac = 1.00000E+00  : inelastic scatt. to 30. excited state
  40    MT =     81  Q = -1.20890E+00 MeV  Emin = 1.21416E+00 MeV  frac = 1.00000E+00  : inelastic scatt. to 31. excited state
  41    MT =     82  Q = -1.21810E+00 MeV  Emin = 1.22340E+00 MeV  frac = 1.00000E+00  : inelastic scatt. to 32. excited state
  42    MT =     83  Q = -1.22210E+00 MeV  Emin = 1.22741E+00 MeV  frac = 1.00000E+00  : inelastic scatt. to 33. excited state
  43    MT =     84  Q = -1.24960E+00 MeV  Emin = 1.25503E+00 MeV  frac = 1.00000E+00  : inelastic scatt. to 34. excited state
  44    MT =     85  Q = -1.25870E+00 MeV  Emin = 1.26417E+00 MeV  frac = 1.00000E+00  : inelastic scatt. to 35. excited state
  45    MT =     86  Q = -1.29320E+00 MeV  Emin = 1.29882E+00 MeV  frac = 1.00000E+00  : inelastic scatt. to 36. excited state
  46    MT =     87  Q = -1.32940E+00 MeV  Emin = 1.33518E+00 MeV  frac = 1.00000E+00  : inelastic scatt. to 37. excited state
  47    MT =     88  Q = -1.37000E+00 MeV  Emin = 1.37596E+00 MeV  frac = 1.00000E+00  : inelastic scatt. to 38. excited state
  48    MT =     89  Q = -1.38720E+00 MeV  Emin = 1.39323E+00 MeV  frac = 1.00000E+00  : inelastic scatt. to 39. excited state
  49    MT =     91  Q = -4.43572E-01 MeV  Emin = 4.45500E-01 MeV  frac = 1.00000E+00  : inelastic scattering to continuum
  50    MT =    102  Q =  4.78600E+00 MeV  Emin = 1.00000E-11 MeV  frac = 1.00000E+00  : (n,gamma)
  51    MT =    600  Q = -2.91800E+00 MeV  Emin = 5.75000E+00 MeV  frac = 1.00000E+00  : (n,p) to ground state
  52    MT =    649  Q = -2.91800E+00 MeV  Emin = 5.75000E+00 MeV  frac = 1.00000E+00  : (n,p) to continuum
  53    MT =    800  Q =  8.65500E+00 MeV  Emin = 1.88000E+00 MeV  frac = 1.00000E+00  : (n,alpha) to ground state
  54    MT =    849  Q =  8.65500E+00 MeV  Emin = 1.88000E+00 MeV  frac = 1.00000E+00  : (n,alpha) to continuum

 3 special reactions:

   1    MT =    203  Q =  0.00000E+00 MeV  Emin = 5.75000E+00 MeV  : total proton production
   2    MT =    207  Q =  0.00000E+00 MeV  Emin = 1.88000E+00 MeV  : total alpha production
   3    MT =      4  Q =  0.00000E+00 MeV  Emin = 4.95846E-02 MeV  : total inelastic scattering

 Nuclide    8 / 15 : 93237.09c -- neptunium 237 (Np-237)

 Pointers                     : 32749 7616637
 Primary type                 : Transport
 Nuclide ZAI                  : 932370
 Library ID                   : 09c
 Cross section data file      : /home/anshchaube/serpent_acelib/xsdata/endfb7/acedata/93237ENDF7.ace
 Atomic weight (AW)           : 237.04816
 Atomic weight ratio (AWR)    : 235.01180
 Temperature                  : 993.0 Kelvin
 XS temperature               : 993.0 Kelvin
 Minimum and maximum energy   : 1.00000E-11 2.00000E+01
 Half-life                    : N/A
 Specific ingestion toxicity  : N/A
 Specific inhalation toxicity : N/A
 Energy deposited per fission : 205.04 MeV

 - Nuclide is not involved in burnup calculation
 - Nuclide has neutron transport data
 - Nuclide has no photon transport data
 - Nuclide has no S(a,b) data
 - Nuclide has no isomeric branching data
 - Nuclide is fissile
 - Nuclide is not a delayed neutron precursor
 - Nuclide has delayed neutron data in 6 precursor groups
 - Nuclide has ures ptable data but it is not used
 - Nuclide temperature is not adjusted with TMS
 - Nuclide has no dosimetry data
 - Nuclide has no decay data
 - Nuclide has no supplementary transmutation cross section data
 - Nuclide has no NFY data
 - Nuclide has no SFY data

 - 38 reaction channels
 - 1 special reactions
 - No transmutation reactions
 - No transmutation branch reactions
 - No decay reactions
 - No decay branch reactions
 - No transmutation paths

 38 reactions channel:

   1    MT =      2  Q =  0.00000E+00 MeV  Emin = 1.00000E-11 MeV  frac = 1.00000E+00  : elastic scattering
   2    MT =     16  Q = -6.57308E+00 MeV  Emin = 6.60105E+00 MeV  frac = 1.00000E+00  : (n,2n)
   3    MT =     17  Q = -1.23137E+01 MeV  Emin = 1.23661E+01 MeV  frac = 1.00000E+00  : (n,3n)
   4    MT =     18  Q =  1.96370E+02 MeV  Emin = 1.00000E-11 MeV  frac = 1.00000E+00  : total fission
   5    MT =     37  Q = -1.92978E+01 MeV  Emin = 1.93800E+01 MeV  frac = 1.00000E+00  : (n,4n)
   6    MT =     51  Q = -3.31920E-02 MeV  Emin = 3.33333E-02 MeV  frac = 1.00000E+00  : inelastic scatt. to 1. excited state
   7    MT =     52  Q = -5.95370E-02 MeV  Emin = 5.97903E-02 MeV  frac = 1.00000E+00  : inelastic scatt. to 2. excited state
   8    MT =     53  Q = -7.58900E-02 MeV  Emin = 7.62130E-02 MeV  frac = 1.00000E+00  : inelastic scatt. to 3. excited state
   9    MT =     54  Q = -1.02960E-01 MeV  Emin = 1.03400E-01 MeV  frac = 1.00000E+00  : inelastic scatt. to 4. excited state
  10    MT =     55  Q = -1.30000E-01 MeV  Emin = 1.30553E-01 MeV  frac = 1.00000E+00  : inelastic scatt. to 5. excited state
  11    MT =     56  Q = -1.58510E-01 MeV  Emin = 1.59185E-01 MeV  frac = 1.00000E+00  : inelastic scatt. to 6. excited state
  12    MT =     57  Q = -1.91500E-01 MeV  Emin = 1.92315E-01 MeV  frac = 1.00000E+00  : inelastic scatt. to 7. excited state
  13    MT =     58  Q = -2.25960E-01 MeV  Emin = 2.26922E-01 MeV  frac = 1.00000E+00  : inelastic scatt. to 8. excited state
  14    MT =     59  Q = -2.67540E-01 MeV  Emin = 2.68680E-01 MeV  frac = 1.00000E+00  : inelastic scatt. to 9. excited state
  15    MT =     60  Q = -2.69900E-01 MeV  Emin = 2.71050E-01 MeV  frac = 1.00000E+00  : inelastic scatt. to 10. excited state
  16    MT =     61  Q = -2.81350E-01 MeV  Emin = 2.82550E-01 MeV  frac = 1.00000E+00  : inelastic scatt. to 11. excited state
  17    MT =     62  Q = -3.05060E-01 MeV  Emin = 3.06360E-01 MeV  frac = 1.00000E+00  : inelastic scatt. to 12. excited state
  18    MT =     63  Q = -3.16800E-01 MeV  Emin = 3.18150E-01 MeV  frac = 1.00000E+00  : inelastic scatt. to 13. excited state
  19    MT =     64  Q = -3.24420E-01 MeV  Emin = 3.25800E-01 MeV  frac = 1.00000E+00  : inelastic scatt. to 14. excited state
  20    MT =     65  Q = -3.32360E-01 MeV  Emin = 3.33774E-01 MeV  frac = 1.00000E+00  : inelastic scatt. to 15. excited state
  21    MT =     66  Q = -3.48500E-01 MeV  Emin = 3.49983E-01 MeV  frac = 1.00000E+00  : inelastic scatt. to 16. excited state
  22    MT =     67  Q = -3.59700E-01 MeV  Emin = 3.61231E-01 MeV  frac = 1.00000E+00  : inelastic scatt. to 17. excited state
  23    MT =     68  Q = -3.68590E-01 MeV  Emin = 3.70160E-01 MeV  frac = 1.00000E+00  : inelastic scatt. to 18. excited state
  24    MT =     69  Q = -3.70930E-01 MeV  Emin = 3.72510E-01 MeV  frac = 1.00000E+00  : inelastic scatt. to 19. excited state
  25    MT =     70  Q = -3.95520E-01 MeV  Emin = 3.97203E-01 MeV  frac = 1.00000E+00  : inelastic scatt. to 20. excited state
  26    MT =     71  Q = -4.34120E-01 MeV  Emin = 4.35970E-01 MeV  frac = 1.00000E+00  : inelastic scatt. to 21. excited state
  27    MT =     72  Q = -4.52530E-01 MeV  Emin = 4.54460E-01 MeV  frac = 1.00000E+00  : inelastic scatt. to 22. excited state
  28    MT =     73  Q = -4.54400E-01 MeV  Emin = 4.56334E-01 MeV  frac = 1.00000E+00  : inelastic scatt. to 23. excited state
  29    MT =     74  Q = -4.59680E-01 MeV  Emin = 4.61640E-01 MeV  frac = 1.00000E+00  : inelastic scatt. to 24. excited state
  30    MT =     75  Q = -4.86000E-01 MeV  Emin = 4.88070E-01 MeV  frac = 1.00000E+00  : inelastic scatt. to 25. excited state
  31    MT =     76  Q = -4.97000E-01 MeV  Emin = 4.99115E-01 MeV  frac = 1.00000E+00  : inelastic scatt. to 26. excited state
  32    MT =     77  Q = -5.14200E-01 MeV  Emin = 5.16390E-01 MeV  frac = 1.00000E+00  : inelastic scatt. to 27. excited state
  33    MT =     78  Q = -5.45600E-01 MeV  Emin = 5.47922E-01 MeV  frac = 1.00000E+00  : inelastic scatt. to 28. excited state
  34    MT =     79  Q = -5.46900E-01 MeV  Emin = 5.49230E-01 MeV  frac = 1.00000E+00  : inelastic scatt. to 29. excited state
  35    MT =     80  Q = -9.84000E-01 MeV  Emin = 9.88190E-01 MeV  frac = 1.00000E+00  : inelastic scatt. to 30. excited state
  36    MT =     81  Q = -1.01300E+00 MeV  Emin = 1.01731E+00 MeV  frac = 1.00000E+00  : inelastic scatt. to 31. excited state
  37    MT =     91  Q = -5.46900E-01 MeV  Emin = 5.49230E-01 MeV  frac = 1.00000E+00  : inelastic scattering to continuum
  38    MT =    102  Q =  5.48200E+00 MeV  Emin = 1.00000E-11 MeV  frac = 1.00000E+00  : (n,gamma)

 1 special reaction:

   1    MT =      4  Q =  0.00000E+00 MeV  Emin = 3.33333E-02 MeV  : total inelastic scattering

 Nuclide    9 / 15 : 94238.09c -- plutonium 238 (Pu-238)

 Pointers                     : 21640 6969715
 Primary type                 : Transport
 Nuclide ZAI                  : 942380
 Library ID                   : 09c
 Cross section data file      : /home/anshchaube/serpent_acelib/xsdata/endfb7/acedata/94238ENDF7.ace
 Atomic weight (AW)           : 238.04947
 Atomic weight ratio (AWR)    : 236.00450
 Temperature                  : 993.0 Kelvin
 XS temperature               : 993.0 Kelvin
 Minimum and maximum energy   : 1.00000E-11 2.00000E+01
 Half-life                    : N/A
 Specific ingestion toxicity  : N/A
 Specific inhalation toxicity : N/A
 Energy deposited per fission : 206.09 MeV

 - Nuclide is not involved in burnup calculation
 - Nuclide has neutron transport data
 - Nuclide has no photon transport data
 - Nuclide has no S(a,b) data
 - Nuclide has no isomeric branching data
 - Nuclide is fissile
 - Nuclide is not a delayed neutron precursor
 - Nuclide has delayed neutron data in 6 precursor groups
 - Nuclide has ures ptable data but it is not used
 - Nuclide temperature is not adjusted with TMS
 - Nuclide has no dosimetry data
 - Nuclide has no decay data
 - Nuclide has no supplementary transmutation cross section data
 - Nuclide has no NFY data
 - Nuclide has no SFY data

 - 22 reaction channels
 - 1 special reactions
 - No transmutation reactions
 - No transmutation branch reactions
 - No decay reactions
 - No decay branch reactions
 - No transmutation paths

 22 reactions channel:

   1    MT =      2  Q =  0.00000E+00 MeV  Emin = 1.00000E-11 MeV  frac = 1.00000E+00  : elastic scattering
   2    MT =     16  Q = -6.97050E+00 MeV  Emin = 7.00004E+00 MeV  frac = 1.00000E+00  : (n,2n)
   3    MT =     17  Q = -1.28570E+01 MeV  Emin = 1.29115E+01 MeV  frac = 1.00000E+00  : (n,3n)
   4    MT =     19  Q =  1.97380E+02 MeV  Emin = 1.00000E-11 MeV  frac = 1.00000E+00  : (n,f)
   5    MT =     20  Q =  1.97380E+02 MeV  Emin = 5.50000E+00 MeV  frac = 1.00000E+00  : (n,nf)
   6    MT =     51  Q = -4.38140E-02 MeV  Emin = 4.40000E-02 MeV  frac = 1.00000E+00  : inelastic scatt. to 1. excited state
   7    MT =     52  Q = -1.45380E-01 MeV  Emin = 1.46000E-01 MeV  frac = 1.00000E+00  : inelastic scatt. to 2. excited state
   8    MT =     53  Q = -3.02720E-01 MeV  Emin = 3.04003E-01 MeV  frac = 1.00000E+00  : inelastic scatt. to 3. excited state
   9    MT =     54  Q = -6.02450E-01 MeV  Emin = 6.05003E-01 MeV  frac = 1.00000E+00  : inelastic scatt. to 4. excited state
  10    MT =     55  Q = -6.58210E-01 MeV  Emin = 6.61000E-01 MeV  frac = 1.00000E+00  : inelastic scatt. to 5. excited state
  11    MT =     56  Q = -7.47830E-01 MeV  Emin = 7.51000E-01 MeV  frac = 1.00000E+00  : inelastic scatt. to 6. excited state
  12    MT =     57  Q = -9.38030E-01 MeV  Emin = 9.42005E-01 MeV  frac = 1.00000E+00  : inelastic scatt. to 7. excited state
  13    MT =     58  Q = -9.57940E-01 MeV  Emin = 9.62000E-01 MeV  frac = 1.00000E+00  : inelastic scatt. to 8. excited state
  14    MT =     59  Q = -9.79850E-01 MeV  Emin = 9.84002E-01 MeV  frac = 1.00000E+00  : inelastic scatt. to 9. excited state
  15    MT =     60  Q = -9.80840E-01 MeV  Emin = 9.85000E-01 MeV  frac = 1.00000E+00  : inelastic scatt. to 10. excited state
  16    MT =     61  Q = -9.82840E-01 MeV  Emin = 9.87005E-01 MeV  frac = 1.00000E+00  : inelastic scatt. to 11. excited state
  17    MT =     62  Q = -1.01570E+00 MeV  Emin = 1.02001E+00 MeV  frac = 1.00000E+00  : inelastic scatt. to 12. excited state
  18    MT =     63  Q = -1.02170E+00 MeV  Emin = 1.02603E+00 MeV  frac = 1.00000E+00  : inelastic scatt. to 13. excited state
  19    MT =     64  Q = -1.05950E+00 MeV  Emin = 1.06400E+00 MeV  frac = 1.00000E+00  : inelastic scatt. to 14. excited state
  20    MT =     65  Q = -1.06550E+00 MeV  Emin = 1.07002E+00 MeV  frac = 1.00000E+00  : inelastic scatt. to 15. excited state
  21    MT =     91  Q = -1.06550E+00 MeV  Emin = 1.07002E+00 MeV  frac = 1.00000E+00  : inelastic scattering to continuum
  22    MT =    102  Q =  4.80600E+00 MeV  Emin = 1.00000E-11 MeV  frac = 1.00000E+00  : (n,gamma)

 1 special reaction:

   1    MT =      4  Q =  0.00000E+00 MeV  Emin = 4.40000E-02 MeV  : total inelastic scattering

 Nuclide   10 / 15 : 94239.09c -- plutonium 239 (Pu-239)

 Pointers                     : 23401 7000887
 Primary type                 : Transport
 Nuclide ZAI                  : 942390
 Library ID                   : 09c
 Cross section data file      : /home/anshchaube/serpent_acelib/xsdata/endfb7/acedata/94239ENDF7.ace
 Atomic weight (AW)           : 239.05218
 Atomic weight ratio (AWR)    : 236.99860
 Temperature                  : 993.0 Kelvin
 XS temperature               : 993.0 Kelvin
 Minimum and maximum energy   : 1.00000E-11 2.00000E+01
 Half-life                    : N/A
 Specific ingestion toxicity  : N/A
 Specific inhalation toxicity : N/A
 Energy deposited per fission : 207.62 MeV

 - Nuclide is not involved in burnup calculation
 - Nuclide has neutron transport data
 - Nuclide has no photon transport data
 - Nuclide has no S(a,b) data
 - Nuclide has no isomeric branching data
 - Nuclide is fissile
 - Nuclide is not a delayed neutron precursor
 - Nuclide has delayed neutron data in 6 precursor groups
 - Nuclide has ures ptable data but it is not used
 - Nuclide temperature is not adjusted with TMS
 - Nuclide has no dosimetry data
 - Nuclide has no decay data
 - Nuclide has no supplementary transmutation cross section data
 - Nuclide has no NFY data
 - Nuclide has no SFY data

 - 47 reaction channels
 - 1 special reactions
 - No transmutation reactions
 - No transmutation branch reactions
 - No decay reactions
 - No decay branch reactions
 - No transmutation paths

 47 reactions channel:

   1    MT =      2  Q =  0.00000E+00 MeV  Emin = 1.00000E-11 MeV  frac = 1.00000E+00  : elastic scattering
   2    MT =     16  Q = -5.64670E+00 MeV  Emin = 5.67053E+00 MeV  frac = 1.00000E+00  : (n,2n)
   3    MT =     17  Q = -1.26480E+01 MeV  Emin = 1.27014E+01 MeV  frac = 1.00000E+00  : (n,3n)
   4    MT =     18  Q =  1.98844E+02 MeV  Emin = 1.00000E-11 MeV  frac = 1.00000E+00  : total fission
   5    MT =     37  Q = -1.85083E+01 MeV  Emin = 1.85864E+01 MeV  frac = 1.00000E+00  : (n,4n)
   6    MT =     51  Q = -7.86100E-03 MeV  Emin = 7.89417E-03 MeV  frac = 1.00000E+00  : inelastic scatt. to 1. excited state
   7    MT =     52  Q = -5.72760E-02 MeV  Emin = 5.75177E-02 MeV  frac = 1.00000E+00  : inelastic scatt. to 2. excited state
   8    MT =     53  Q = -7.57060E-02 MeV  Emin = 7.60254E-02 MeV  frac = 1.00000E+00  : inelastic scatt. to 3. excited state
   9    MT =     54  Q = -1.63760E-01 MeV  Emin = 1.64451E-01 MeV  frac = 1.00000E+00  : inelastic scatt. to 4. excited state
  10    MT =     55  Q = -1.92810E-01 MeV  Emin = 1.93624E-01 MeV  frac = 1.00000E+00  : inelastic scatt. to 5. excited state
  11    MT =     56  Q = -2.85460E-01 MeV  Emin = 2.86665E-01 MeV  frac = 1.00000E+00  : inelastic scatt. to 6. excited state
  12    MT =     57  Q = -3.18100E-01 MeV  Emin = 3.19442E-01 MeV  frac = 1.00000E+00  : inelastic scatt. to 7. excited state
  13    MT =     58  Q = -3.45000E-01 MeV  Emin = 3.46456E-01 MeV  frac = 1.00000E+00  : inelastic scatt. to 8. excited state
  14    MT =     59  Q = -3.89500E-01 MeV  Emin = 3.91144E-01 MeV  frac = 1.00000E+00  : inelastic scatt. to 9. excited state
  15    MT =     60  Q = -4.31500E-01 MeV  Emin = 4.33321E-01 MeV  frac = 1.00000E+00  : inelastic scatt. to 10. excited state
  16    MT =     61  Q = -4.57000E-01 MeV  Emin = 4.58928E-01 MeV  frac = 1.00000E+00  : inelastic scatt. to 11. excited state
  17    MT =     62  Q = -4.76000E-01 MeV  Emin = 4.78009E-01 MeV  frac = 1.00000E+00  : inelastic scatt. to 12. excited state
  18    MT =     63  Q = -4.90000E-01 MeV  Emin = 4.92068E-01 MeV  frac = 1.00000E+00  : inelastic scatt. to 13. excited state
  19    MT =     64  Q = -5.05500E-01 MeV  Emin = 5.07633E-01 MeV  frac = 1.00000E+00  : inelastic scatt. to 14. excited state
  20    MT =     65  Q = -5.25000E-01 MeV  Emin = 5.27215E-01 MeV  frac = 1.00000E+00  : inelastic scatt. to 15. excited state
  21    MT =     66  Q = -5.56100E-01 MeV  Emin = 5.58450E-01 MeV  frac = 1.00000E+00  : inelastic scatt. to 16. excited state
  22    MT =     67  Q = -5.74000E-01 MeV  Emin = 5.76422E-01 MeV  frac = 1.00000E+00  : inelastic scatt. to 17. excited state
  23    MT =     68  Q = -6.27000E-01 MeV  Emin = 6.29646E-01 MeV  frac = 1.00000E+00  : inelastic scatt. to 18. excited state
  24    MT =     69  Q = -9.39000E-01 MeV  Emin = 9.42962E-01 MeV  frac = 1.00000E+00  : inelastic scatt. to 19. excited state
  25    MT =     70  Q = -1.00100E+00 MeV  Emin = 1.00523E+00 MeV  frac = 1.00000E+00  : inelastic scatt. to 20. excited state
  26    MT =     71  Q = -1.13500E+00 MeV  Emin = 1.13979E+00 MeV  frac = 1.00000E+00  : inelastic scatt. to 21. excited state
  27    MT =     72  Q = -1.17000E+00 MeV  Emin = 1.17494E+00 MeV  frac = 1.00000E+00  : inelastic scatt. to 22. excited state
  28    MT =     73  Q = -1.25000E+00 MeV  Emin = 1.25527E+00 MeV  frac = 1.00000E+00  : inelastic scatt. to 23. excited state
  29    MT =     74  Q = -1.44000E+00 MeV  Emin = 1.44608E+00 MeV  frac = 1.00000E+00  : inelastic scatt. to 24. excited state
  30    MT =     75  Q = -1.59000E+00 MeV  Emin = 1.59671E+00 MeV  frac = 1.00000E+00  : inelastic scatt. to 25. excited state
  31    MT =     76  Q = -1.75000E+00 MeV  Emin = 1.75738E+00 MeV  frac = 1.00000E+00  : inelastic scatt. to 26. excited state
  32    MT =     77  Q = -1.85000E+00 MeV  Emin = 1.85781E+00 MeV  frac = 1.00000E+00  : inelastic scatt. to 27. excited state
  33    MT =     78  Q = -1.95000E+00 MeV  Emin = 1.95823E+00 MeV  frac = 1.00000E+00  : inelastic scatt. to 28. excited state
  34    MT =     79  Q = -2.15000E+00 MeV  Emin = 2.15907E+00 MeV  frac = 1.00000E+00  : inelastic scatt. to 29. excited state
  35    MT =     80  Q = -2.30000E+00 MeV  Emin = 2.30971E+00 MeV  frac = 1.00000E+00  : inelastic scatt. to 30. excited state
  36    MT =     81  Q = -2.39000E+00 MeV  Emin = 2.40008E+00 MeV  frac = 1.00000E+00  : inelastic scatt. to 31. excited state
  37    MT =     82  Q = -2.49280E+00 MeV  Emin = 2.50332E+00 MeV  frac = 1.00000E+00  : inelastic scatt. to 32. excited state
  38    MT =     83  Q = -2.94000E+00 MeV  Emin = 2.95241E+00 MeV  frac = 1.00000E+00  : inelastic scatt. to 33. excited state
  39    MT =     84  Q = -3.18900E+00 MeV  Emin = 3.20246E+00 MeV  frac = 1.00000E+00  : inelastic scatt. to 34. excited state
  40    MT =     85  Q = -3.38800E+00 MeV  Emin = 3.40230E+00 MeV  frac = 1.00000E+00  : inelastic scatt. to 35. excited state
  41    MT =     86  Q = -3.53800E+00 MeV  Emin = 3.55293E+00 MeV  frac = 1.00000E+00  : inelastic scatt. to 36. excited state
  42    MT =     87  Q = -3.63700E+00 MeV  Emin = 3.65235E+00 MeV  frac = 1.00000E+00  : inelastic scatt. to 37. excited state
  43    MT =     88  Q = -3.73700E+00 MeV  Emin = 3.75277E+00 MeV  frac = 1.00000E+00  : inelastic scatt. to 38. excited state
  44    MT =     89  Q = -3.83700E+00 MeV  Emin = 3.85319E+00 MeV  frac = 1.00000E+00  : inelastic scatt. to 39. excited state
  45    MT =     90  Q = -3.90900E+00 MeV  Emin = 3.92550E+00 MeV  frac = 1.00000E+00  : inelastic scatt. to 40. excited state
  46    MT =     91  Q = -6.34000E-01 MeV  Emin = 6.36680E-01 MeV  frac = 1.00000E+00  : inelastic scattering to continuum
  47    MT =    102  Q =  6.53370E+00 MeV  Emin = 1.00000E-11 MeV  frac = 1.00000E+00  : (n,gamma)

 1 special reaction:

   1    MT =      4  Q =  0.00000E+00 MeV  Emin = 7.89417E-03 MeV  : total inelastic scattering

 Nuclide   11 / 15 : 94240.09c -- plutonium 240 (Pu-240)

 Pointers                     : 26962 7328332
 Primary type                 : Transport
 Nuclide ZAI                  : 942400
 Library ID                   : 09c
 Cross section data file      : /home/anshchaube/serpent_acelib/xsdata/endfb7/acedata/94240ENDF7.ace
 Atomic weight (AW)           : 240.05420
 Atomic weight ratio (AWR)    : 237.99200
 Temperature                  : 993.0 Kelvin
 XS temperature               : 993.0 Kelvin
 Minimum and maximum energy   : 1.00000E-11 2.00000E+01
 Half-life                    : N/A
 Specific ingestion toxicity  : N/A
 Specific inhalation toxicity : N/A
 Energy deposited per fission : 208.27 MeV

 - Nuclide is not involved in burnup calculation
 - Nuclide has neutron transport data
 - Nuclide has no photon transport data
 - Nuclide has no S(a,b) data
 - Nuclide has no isomeric branching data
 - Nuclide is fissile
 - Nuclide is not a delayed neutron precursor
 - Nuclide has delayed neutron data in 6 precursor groups
 - Nuclide has ures ptable data but it is not used
 - Nuclide temperature is not adjusted with TMS
 - Nuclide has no dosimetry data
 - Nuclide has no decay data
 - Nuclide has no supplementary transmutation cross section data
 - Nuclide has no NFY data
 - Nuclide has no SFY data

 - 27 reaction channels
 - 1 special reactions
 - No transmutation reactions
 - No transmutation branch reactions
 - No decay reactions
 - No decay branch reactions
 - No transmutation paths

 27 reactions channel:

   1    MT =      2  Q =  0.00000E+00 MeV  Emin = 1.00000E-11 MeV  frac = 1.00000E+00  : elastic scattering
   2    MT =     16  Q = -6.53350E+00 MeV  Emin = 6.56095E+00 MeV  frac = 1.00000E+00  : (n,2n)
   3    MT =     17  Q = -1.21890E+01 MeV  Emin = 1.22402E+01 MeV  frac = 1.00000E+00  : (n,3n)
   4    MT =     19  Q =  1.99470E+02 MeV  Emin = 1.00000E-11 MeV  frac = 1.00000E+00  : (n,f)
   5    MT =     20  Q =  1.99470E+02 MeV  Emin = 5.02080E+00 MeV  frac = 1.00000E+00  : (n,nf)
   6    MT =     21  Q =  1.99470E+02 MeV  Emin = 1.30000E+01 MeV  frac = 1.00000E+00  : (n,2nf)
   7    MT =     51  Q = -4.28000E-02 MeV  Emin = 4.29800E-02 MeV  frac = 1.00000E+00  : inelastic scatt. to 1. excited state
   8    MT =     52  Q = -1.41700E-01 MeV  Emin = 1.50000E-01 MeV  frac = 1.00000E+00  : inelastic scatt. to 2. excited state
   9    MT =     53  Q = -2.94000E-01 MeV  Emin = 3.00000E-01 MeV  frac = 1.00000E+00  : inelastic scatt. to 3. excited state
  10    MT =     54  Q = -4.98000E-01 MeV  Emin = 5.00093E-01 MeV  frac = 1.00000E+00  : inelastic scatt. to 4. excited state
  11    MT =     55  Q = -5.97000E-01 MeV  Emin = 5.99510E-01 MeV  frac = 1.00000E+00  : inelastic scatt. to 5. excited state
  12    MT =     56  Q = -6.49000E-01 MeV  Emin = 6.51730E-01 MeV  frac = 1.00000E+00  : inelastic scatt. to 6. excited state
  13    MT =     57  Q = -7.42000E-01 MeV  Emin = 7.45120E-01 MeV  frac = 1.00000E+00  : inelastic scatt. to 7. excited state
  14    MT =     58  Q = -8.60700E-01 MeV  Emin = 8.64320E-01 MeV  frac = 1.00000E+00  : inelastic scatt. to 8. excited state
  15    MT =     59  Q = -9.00000E-01 MeV  Emin = 9.03782E-01 MeV  frac = 1.00000E+00  : inelastic scatt. to 9. excited state
  16    MT =     60  Q = -9.38000E-01 MeV  Emin = 9.41941E-01 MeV  frac = 1.00000E+00  : inelastic scatt. to 10. excited state
  17    MT =     61  Q = -9.59000E-01 MeV  Emin = 9.63030E-01 MeV  frac = 1.00000E+00  : inelastic scatt. to 11. excited state
  18    MT =     62  Q = -9.93000E-01 MeV  Emin = 9.97173E-01 MeV  frac = 1.00000E+00  : inelastic scatt. to 12. excited state
  19    MT =     63  Q = -1.00200E+00 MeV  Emin = 1.00621E+00 MeV  frac = 1.00000E+00  : inelastic scatt. to 13. excited state
  20    MT =     64  Q = -1.03100E+00 MeV  Emin = 1.03533E+00 MeV  frac = 1.00000E+00  : inelastic scatt. to 14. excited state
  21    MT =     65  Q = -1.03800E+00 MeV  Emin = 1.09430E+00 MeV  frac = 1.00000E+00  : inelastic scatt. to 15. excited state
  22    MT =     66  Q = -1.07600E+00 MeV  Emin = 1.08052E+00 MeV  frac = 1.00000E+00  : inelastic scatt. to 16. excited state
  23    MT =     67  Q = -1.08970E+00 MeV  Emin = 1.09430E+00 MeV  frac = 1.00000E+00  : inelastic scatt. to 17. excited state
  24    MT =     68  Q = -1.11600E+00 MeV  Emin = 1.12070E+00 MeV  frac = 1.00000E+00  : inelastic scatt. to 18. excited state
  25    MT =     69  Q = -1.13750E+00 MeV  Emin = 1.14230E+00 MeV  frac = 1.00000E+00  : inelastic scatt. to 19. excited state
  26    MT =     91  Q = -1.14000E+00 MeV  Emin = 1.14480E+00 MeV  frac = 1.00000E+00  : inelastic scattering to continuum
  27    MT =    102  Q =  5.24100E+00 MeV  Emin = 1.00000E-11 MeV  frac = 1.00000E+00  : (n,gamma)

 1 special reaction:

   1    MT =      4  Q =  0.00000E+00 MeV  Emin = 4.29800E-02 MeV  : total inelastic scattering

 Nuclide   12 / 15 : 94241.09c -- plutonium 241 (Pu-241)

 Pointers                     : 29083 7481968
 Primary type                 : Transport
 Nuclide ZAI                  : 942410
 Library ID                   : 09c
 Cross section data file      : /home/anshchaube/serpent_acelib/xsdata/endfb7/acedata/94241ENDF7.ace
 Atomic weight (AW)           : 241.04873
 Atomic weight ratio (AWR)    : 238.97800
 Temperature                  : 993.0 Kelvin
 XS temperature               : 993.0 Kelvin
 Minimum and maximum energy   : 1.00000E-11 2.00000E+01
 Half-life                    : N/A
 Specific ingestion toxicity  : N/A
 Specific inhalation toxicity : N/A
 Energy deposited per fission : 210.89 MeV

 - Nuclide is not involved in burnup calculation
 - Nuclide has neutron transport data
 - Nuclide has no photon transport data
 - Nuclide has no S(a,b) data
 - Nuclide has no isomeric branching data
 - Nuclide is fissile
 - Nuclide is not a delayed neutron precursor
 - Nuclide has delayed neutron data in 6 precursor groups
 - Nuclide has ures ptable data but it is not used
 - Nuclide temperature is not adjusted with TMS
 - Nuclide has no dosimetry data
 - Nuclide has no decay data
 - Nuclide has no supplementary transmutation cross section data
 - Nuclide has no NFY data
 - Nuclide has no SFY data

 - 21 reaction channels
 - 1 special reactions
 - No transmutation reactions
 - No transmutation branch reactions
 - No decay reactions
 - No decay branch reactions
 - No transmutation paths

 21 reactions channel:

   1    MT =      2  Q =  0.00000E+00 MeV  Emin = 1.00000E-11 MeV  frac = 1.00000E+00  : elastic scattering
   2    MT =     16  Q = -5.24804E+00 MeV  Emin = 5.27000E+00 MeV  frac = 1.00000E+00  : (n,2n)
   3    MT =     17  Q = -1.17010E+01 MeV  Emin = 1.17500E+01 MeV  frac = 1.00000E+00  : (n,3n)
   4    MT =     18  Q =  2.01980E+02 MeV  Emin = 1.00000E-11 MeV  frac = 1.00000E+00  : total fission
   5    MT =     51  Q = -4.00000E-02 MeV  Emin = 4.02000E-02 MeV  frac = 1.00000E+00  : inelastic scatt. to 1. excited state
   6    MT =     52  Q = -9.50000E-02 MeV  Emin = 9.54000E-02 MeV  frac = 1.00000E+00  : inelastic scatt. to 2. excited state
   7    MT =     53  Q = -1.63000E-01 MeV  Emin = 1.63700E-01 MeV  frac = 1.00000E+00  : inelastic scatt. to 3. excited state
   8    MT =     54  Q = -1.69000E-01 MeV  Emin = 1.74700E-01 MeV  frac = 1.00000E+00  : inelastic scatt. to 4. excited state
   9    MT =     55  Q = -1.74000E-01 MeV  Emin = 1.80000E-01 MeV  frac = 1.00000E+00  : inelastic scatt. to 5. excited state
  10    MT =     56  Q = -2.31000E-01 MeV  Emin = 2.32000E-01 MeV  frac = 1.00000E+00  : inelastic scatt. to 6. excited state
  11    MT =     57  Q = -2.45000E-01 MeV  Emin = 2.46025E-01 MeV  frac = 1.00000E+00  : inelastic scatt. to 7. excited state
  12    MT =     58  Q = -3.00000E-01 MeV  Emin = 3.01300E-01 MeV  frac = 1.00000E+00  : inelastic scatt. to 8. excited state
  13    MT =     59  Q = -3.35000E-01 MeV  Emin = 3.36402E-01 MeV  frac = 1.00000E+00  : inelastic scatt. to 9. excited state
  14    MT =     60  Q = -4.48000E-01 MeV  Emin = 4.50000E-01 MeV  frac = 1.00000E+00  : inelastic scatt. to 10. excited state
  15    MT =     61  Q = -7.53000E-01 MeV  Emin = 7.56200E-01 MeV  frac = 1.00000E+00  : inelastic scatt. to 11. excited state
  16    MT =     62  Q = -8.28000E-01 MeV  Emin = 8.31500E-01 MeV  frac = 1.00000E+00  : inelastic scatt. to 12. excited state
  17    MT =     63  Q = -8.94000E-01 MeV  Emin = 8.98000E-01 MeV  frac = 1.00000E+00  : inelastic scatt. to 13. excited state
  18    MT =     64  Q = -9.18000E-01 MeV  Emin = 9.21900E-01 MeV  frac = 1.00000E+00  : inelastic scatt. to 14. excited state
  19    MT =     65  Q = -9.41000E-01 MeV  Emin = 9.45000E-01 MeV  frac = 1.00000E+00  : inelastic scatt. to 15. excited state
  20    MT =     91  Q = -1.19500E+00 MeV  Emin = 1.20000E+00 MeV  frac = 1.00000E+00  : inelastic scattering to continuum
  21    MT =    102  Q =  6.30080E+00 MeV  Emin = 1.00000E-11 MeV  frac = 1.00000E+00  : (n,gamma)

 1 special reaction:

   1    MT =      4  Q =  0.00000E+00 MeV  Emin = 4.02000E-02 MeV  : total inelastic scattering

 Nuclide   13 / 15 : 94242.09c -- plutonium 242 (Pu-242)

 Pointers                     : 30772 7546333
 Primary type                 : Transport
 Nuclide ZAI                  : 942420
 Library ID                   : 09c
 Cross section data file      : /home/anshchaube/serpent_acelib/xsdata/endfb7/acedata/94242ENDF7.ace
 Atomic weight (AW)           : 242.05841
 Atomic weight ratio (AWR)    : 239.97900
 Temperature                  : 993.0 Kelvin
 XS temperature               : 993.0 Kelvin
 Minimum and maximum energy   : 1.00000E-11 2.00000E+01
 Half-life                    : N/A
 Specific ingestion toxicity  : N/A
 Specific inhalation toxicity : N/A
 Energy deposited per fission : 210.48 MeV

 - Nuclide is not involved in burnup calculation
 - Nuclide has neutron transport data
 - Nuclide has no photon transport data
 - Nuclide has no S(a,b) data
 - Nuclide has no isomeric branching data
 - Nuclide is fissile
 - Nuclide is not a delayed neutron precursor
 - Nuclide has delayed neutron data in 6 precursor groups
 - Nuclide has ures ptable data but it is not used
 - Nuclide temperature is not adjusted with TMS
 - Nuclide has no dosimetry data
 - Nuclide has no decay data
 - Nuclide has no supplementary transmutation cross section data
 - Nuclide has no NFY data
 - Nuclide has no SFY data

 - 25 reaction channels
 - 1 special reactions
 - No transmutation reactions
 - No transmutation branch reactions
 - No decay reactions
 - No decay branch reactions
 - No transmutation paths

 25 reactions channel:

   1    MT =      2  Q =  0.00000E+00 MeV  Emin = 1.00000E-11 MeV  frac = 1.00000E+00  : elastic scattering
   2    MT =     16  Q = -6.30080E+00 MeV  Emin = 6.32710E+00 MeV  frac = 1.00000E+00  : (n,2n)
   3    MT =     17  Q = -1.15410E+01 MeV  Emin = 1.15891E+01 MeV  frac = 1.00000E+00  : (n,3n)
   4    MT =     18  Q =  2.01580E+02 MeV  Emin = 1.00000E-11 MeV  frac = 1.00000E+00  : total fission
   5    MT =     51  Q = -4.45400E-02 MeV  Emin = 4.47260E-02 MeV  frac = 1.00000E+00  : inelastic scatt. to 1. excited state
   6    MT =     52  Q = -1.47200E-01 MeV  Emin = 1.47813E-01 MeV  frac = 1.00000E+00  : inelastic scatt. to 2. excited state
   7    MT =     53  Q = -3.05900E-01 MeV  Emin = 3.07175E-01 MeV  frac = 1.00000E+00  : inelastic scatt. to 3. excited state
   8    MT =     54  Q = -5.17600E-01 MeV  Emin = 5.19760E-01 MeV  frac = 1.00000E+00  : inelastic scatt. to 4. excited state
   9    MT =     55  Q = -7.78700E-01 MeV  Emin = 8.36400E-01 MeV  frac = 1.00000E+00  : inelastic scatt. to 5. excited state
  10    MT =     56  Q = -7.80300E-01 MeV  Emin = 7.83600E-01 MeV  frac = 1.00000E+00  : inelastic scatt. to 6. excited state
  11    MT =     57  Q = -8.32900E-01 MeV  Emin = 8.36400E-01 MeV  frac = 1.00000E+00  : inelastic scatt. to 7. excited state
  12    MT =     58  Q = -8.65000E-01 MeV  Emin = 8.68605E-01 MeV  frac = 1.00000E+00  : inelastic scatt. to 8. excited state
  13    MT =     59  Q = -9.27000E-01 MeV  Emin = 9.30900E-01 MeV  frac = 1.00000E+00  : inelastic scatt. to 9. excited state
  14    MT =     60  Q = -9.56000E-01 MeV  Emin = 9.60000E-01 MeV  frac = 1.00000E+00  : inelastic scatt. to 10. excited state
  15    MT =     61  Q = -9.85600E-01 MeV  Emin = 9.89707E-01 MeV  frac = 1.00000E+00  : inelastic scatt. to 11. excited state
  16    MT =     62  Q = -9.95000E-01 MeV  Emin = 9.99146E-01 MeV  frac = 1.00000E+00  : inelastic scatt. to 12. excited state
  17    MT =     63  Q = -1.01900E+00 MeV  Emin = 1.02325E+00 MeV  frac = 1.00000E+00  : inelastic scatt. to 13. excited state
  18    MT =     64  Q = -1.04000E+00 MeV  Emin = 1.04434E+00 MeV  frac = 1.00000E+00  : inelastic scatt. to 14. excited state
  19    MT =     65  Q = -1.06400E+00 MeV  Emin = 1.06844E+00 MeV  frac = 1.00000E+00  : inelastic scatt. to 15. excited state
  20    MT =     66  Q = -1.08700E+00 MeV  Emin = 1.25000E+00 MeV  frac = 1.00000E+00  : inelastic scatt. to 16. excited state
  21    MT =     67  Q = -1.10200E+00 MeV  Emin = 1.10660E+00 MeV  frac = 1.00000E+00  : inelastic scatt. to 17. excited state
  22    MT =     68  Q = -1.12200E+00 MeV  Emin = 1.12670E+00 MeV  frac = 1.00000E+00  : inelastic scatt. to 18. excited state
  23    MT =     69  Q = -1.15200E+00 MeV  Emin = 1.15680E+00 MeV  frac = 1.00000E+00  : inelastic scatt. to 19. excited state
  24    MT =     91  Q = -4.23240E-01 MeV  Emin = 4.25004E-01 MeV  frac = 1.00000E+00  : inelastic scattering to continuum
  25    MT =    102  Q =  5.07100E+00 MeV  Emin = 1.00000E-11 MeV  frac = 1.00000E+00  : (n,gamma)

 1 special reaction:

   1    MT =      4  Q =  0.00000E+00 MeV  Emin = 4.47260E-02 MeV  : total inelastic scattering

 Nuclide   14 / 15 : 95241.09c -- americium 241 (Am-241)

 Pointers                     : 35662 7790524
 Primary type                 : Transport
 Nuclide ZAI                  : 952410
 Library ID                   : 09c
 Cross section data file      : /home/anshchaube/serpent_acelib/xsdata/endfb7/acedata/95241ENDF7.ace
 Atomic weight (AW)           : 241.05680
 Atomic weight ratio (AWR)    : 238.98600
 Temperature                  : 993.0 Kelvin
 XS temperature               : 993.0 Kelvin
 Minimum and maximum energy   : 1.00000E-11 3.00000E+01
 Half-life                    : N/A
 Specific ingestion toxicity  : N/A
 Specific inhalation toxicity : N/A
 Energy deposited per fission : 210.87 MeV

 - Nuclide is not involved in burnup calculation
 - Nuclide has neutron transport data
 - Nuclide has no photon transport data
 - Nuclide has no S(a,b) data
 - Nuclide has isomeric branching data
 - Nuclide is fissile
 - Nuclide is not a delayed neutron precursor
 - Nuclide has delayed neutron data in 6 precursor groups
 - Nuclide has ures ptable data but it is not used
 - Nuclide temperature is not adjusted with TMS
 - Nuclide has no dosimetry data
 - Nuclide has no decay data
 - Nuclide has no supplementary transmutation cross section data
 - Nuclide has no NFY data
 - Nuclide has no SFY data

 - 47 reaction channels
 - 1 special reactions
 - No transmutation reactions
 - 1 transmutation branch reactions
 - No decay reactions
 - No decay branch reactions
 - No transmutation paths

 47 reactions channel:

   1    MT =      2  Q =  0.00000E+00 MeV  Emin = 1.00000E-11 MeV  frac = 1.00000E+00  : elastic scattering
   2    MT =     16  Q = -6.63828E+00 MeV  Emin = 6.66606E+00 MeV  frac = 1.00000E+00  : (n,2n)
   3    MT =     17  Q = -1.25967E+01 MeV  Emin = 1.26494E+01 MeV  frac = 1.00000E+00  : (n,3n)
   4    MT =     18  Q =  2.01960E+02 MeV  Emin = 1.00000E-11 MeV  frac = 1.00000E+00  : total fission
   5    MT =     37  Q = -1.97030E+01 MeV  Emin = 1.97855E+01 MeV  frac = 1.00000E+00  : (n,4n)
   6    MT =     51  Q = -4.12000E-02 MeV  Emin = 4.13724E-02 MeV  frac = 1.00000E+00  : inelastic scatt. to 1. excited state
   7    MT =     52  Q = -9.36000E-02 MeV  Emin = 9.39917E-02 MeV  frac = 1.00000E+00  : inelastic scatt. to 2. excited state
   8    MT =     53  Q = -1.58000E-01 MeV  Emin = 1.58661E-01 MeV  frac = 1.00000E+00  : inelastic scatt. to 3. excited state
   9    MT =     54  Q = -2.05900E-01 MeV  Emin = 2.06762E-01 MeV  frac = 1.00000E+00  : inelastic scatt. to 4. excited state
  10    MT =     55  Q = -2.34000E-01 MeV  Emin = 2.34979E-01 MeV  frac = 1.00000E+00  : inelastic scatt. to 5. excited state
  11    MT =     56  Q = -2.35000E-01 MeV  Emin = 2.35983E-01 MeV  frac = 1.00000E+00  : inelastic scatt. to 6. excited state
  12    MT =     57  Q = -2.72000E-01 MeV  Emin = 2.73138E-01 MeV  frac = 1.00000E+00  : inelastic scatt. to 7. excited state
  13    MT =     58  Q = -3.20000E-01 MeV  Emin = 3.21339E-01 MeV  frac = 1.00000E+00  : inelastic scatt. to 8. excited state
  14    MT =     59  Q = -3.23500E-01 MeV  Emin = 3.24854E-01 MeV  frac = 1.00000E+00  : inelastic scatt. to 9. excited state
  15    MT =     60  Q = -3.80000E-01 MeV  Emin = 3.81590E-01 MeV  frac = 1.00000E+00  : inelastic scatt. to 10. excited state
  16    MT =     61  Q = -4.23500E-01 MeV  Emin = 4.25272E-01 MeV  frac = 1.00000E+00  : inelastic scatt. to 11. excited state
  17    MT =     62  Q = -4.34700E-01 MeV  Emin = 4.36519E-01 MeV  frac = 1.00000E+00  : inelastic scatt. to 12. excited state
  18    MT =     63  Q = -4.71800E-01 MeV  Emin = 4.73774E-01 MeV  frac = 1.00000E+00  : inelastic scatt. to 13. excited state
  19    MT =     64  Q = -5.04400E-01 MeV  Emin = 5.06511E-01 MeV  frac = 1.00000E+00  : inelastic scatt. to 14. excited state
  20    MT =     65  Q = -5.05400E-01 MeV  Emin = 5.07515E-01 MeV  frac = 1.00000E+00  : inelastic scatt. to 15. excited state
  21    MT =     66  Q = -5.35300E-01 MeV  Emin = 5.37540E-01 MeV  frac = 1.00000E+00  : inelastic scatt. to 16. excited state
  22    MT =     67  Q = -5.49000E-01 MeV  Emin = 5.51297E-01 MeV  frac = 1.00000E+00  : inelastic scatt. to 17. excited state
  23    MT =     68  Q = -5.84400E-01 MeV  Emin = 5.86846E-01 MeV  frac = 1.00000E+00  : inelastic scatt. to 18. excited state
  24    MT =     69  Q = -6.08900E-01 MeV  Emin = 6.11448E-01 MeV  frac = 1.00000E+00  : inelastic scatt. to 19. excited state
  25    MT =     70  Q = -6.23100E-01 MeV  Emin = 6.25707E-01 MeV  frac = 1.00000E+00  : inelastic scatt. to 20. excited state
  26    MT =     71  Q = -6.36900E-01 MeV  Emin = 6.39565E-01 MeV  frac = 1.00000E+00  : inelastic scatt. to 21. excited state
  27    MT =     72  Q = -6.52100E-01 MeV  Emin = 6.54829E-01 MeV  frac = 1.00000E+00  : inelastic scatt. to 22. excited state
  28    MT =     73  Q = -6.53200E-01 MeV  Emin = 6.55933E-01 MeV  frac = 1.00000E+00  : inelastic scatt. to 23. excited state
  29    MT =     74  Q = -6.58800E-01 MeV  Emin = 6.61557E-01 MeV  frac = 1.00000E+00  : inelastic scatt. to 24. excited state
  30    MT =     75  Q = -6.61800E-01 MeV  Emin = 6.64569E-01 MeV  frac = 1.00000E+00  : inelastic scatt. to 25. excited state
  31    MT =     76  Q = -6.70200E-01 MeV  Emin = 6.73005E-01 MeV  frac = 1.00000E+00  : inelastic scatt. to 26. excited state
  32    MT =     77  Q = -6.71800E-01 MeV  Emin = 6.74611E-01 MeV  frac = 1.00000E+00  : inelastic scatt. to 27. excited state
  33    MT =     78  Q = -6.82000E-01 MeV  Emin = 6.84854E-01 MeV  frac = 1.00000E+00  : inelastic scatt. to 28. excited state
  34    MT =     79  Q = -6.85500E-01 MeV  Emin = 6.88369E-01 MeV  frac = 1.00000E+00  : inelastic scatt. to 29. excited state
  35    MT =     80  Q = -6.99700E-01 MeV  Emin = 7.02628E-01 MeV  frac = 1.00000E+00  : inelastic scatt. to 30. excited state
  36    MT =     81  Q = -7.21100E-01 MeV  Emin = 7.24117E-01 MeV  frac = 1.00000E+00  : inelastic scatt. to 31. excited state
  37    MT =     82  Q = -7.32000E-01 MeV  Emin = 7.35063E-01 MeV  frac = 1.00000E+00  : inelastic scatt. to 32. excited state
  38    MT =     83  Q = -7.32100E-01 MeV  Emin = 7.35164E-01 MeV  frac = 1.00000E+00  : inelastic scatt. to 33. excited state
  39    MT =     84  Q = -7.40800E-01 MeV  Emin = 7.43900E-01 MeV  frac = 1.00000E+00  : inelastic scatt. to 34. excited state
  40    MT =     85  Q = -7.47600E-01 MeV  Emin = 7.50728E-01 MeV  frac = 1.00000E+00  : inelastic scatt. to 35. excited state
  41    MT =     86  Q = -7.65600E-01 MeV  Emin = 7.68804E-01 MeV  frac = 1.00000E+00  : inelastic scatt. to 36. excited state
  42    MT =     87  Q = -7.67400E-01 MeV  Emin = 7.70611E-01 MeV  frac = 1.00000E+00  : inelastic scatt. to 37. excited state
  43    MT =     88  Q = -7.81300E-01 MeV  Emin = 7.84569E-01 MeV  frac = 1.00000E+00  : inelastic scatt. to 38. excited state
  44    MT =     89  Q = -7.93800E-01 MeV  Emin = 7.97122E-01 MeV  frac = 1.00000E+00  : inelastic scatt. to 39. excited state
  45    MT =     90  Q = -7.94100E-01 MeV  Emin = 7.97423E-01 MeV  frac = 1.00000E+00  : inelastic scatt. to 40. excited state
  46    MT =     91  Q = -7.94100E-01 MeV  Emin = 7.97423E-01 MeV  frac = 1.00000E+00  : inelastic scattering to continuum
  47    MT =    102  Q =  5.53910E+00 MeV  Emin = 1.00000E-11 MeV  frac = 1.00000E+00  : (n,gamma)

 1 additional transport branch:

   1    MT =    102  Q =  5.53910E+00 MeV  Emin = 1.00000E-11 MeV  frac = 1.00000E+00  : (n,gamma)

 1 special reaction:

   1    MT =      4  Q =  0.00000E+00 MeV  Emin = 4.13724E-02 MeV  : total inelastic scattering

 Nuclide   15 / 15 : 95243.09c -- americium 243 (Am-243)

 Pointers                     : 39314 7917790
 Primary type                 : Transport
 Nuclide ZAI                  : 952430
 Library ID                   : 09c
 Cross section data file      : /home/anshchaube/serpent_acelib/xsdata/endfb7/acedata/95243ENDF7.ace
 Atomic weight (AW)           : 243.06143
 Atomic weight ratio (AWR)    : 240.97340
 Temperature                  : 993.0 Kelvin
 XS temperature               : 993.0 Kelvin
 Minimum and maximum energy   : 1.00000E-11 3.00000E+01
 Half-life                    : N/A
 Specific ingestion toxicity  : N/A
 Specific inhalation toxicity : N/A
 Energy deposited per fission : 212.61 MeV

 - Nuclide is not involved in burnup calculation
 - Nuclide has neutron transport data
 - Nuclide has no photon transport data
 - Nuclide has no S(a,b) data
 - Nuclide has isomeric branching data
 - Nuclide is fissile
 - Nuclide is not a delayed neutron precursor
 - Nuclide has delayed neutron data in 6 precursor groups
 - Nuclide has ures ptable data but it is not used
 - Nuclide temperature is not adjusted with TMS
 - Nuclide has no dosimetry data
 - Nuclide has no decay data
 - Nuclide has no supplementary transmutation cross section data
 - Nuclide has no NFY data
 - Nuclide has no SFY data

 - 20 reaction channels
 - 1 special reactions
 - No transmutation reactions
 - 1 transmutation branch reactions
 - No decay reactions
 - No decay branch reactions
 - No transmutation paths

 20 reactions channel:

   1    MT =      2  Q =  0.00000E+00 MeV  Emin = 1.00000E-11 MeV  frac = 1.00000E+00  : elastic scattering
   2    MT =     16  Q = -6.36528E+00 MeV  Emin = 6.39170E+00 MeV  frac = 1.00000E+00  : (n,2n)
   3    MT =     17  Q = -1.19044E+01 MeV  Emin = 1.19538E+01 MeV  frac = 1.00000E+00  : (n,3n)
   4    MT =     18  Q =  2.03620E+02 MeV  Emin = 1.00000E-11 MeV  frac = 1.00000E+00  : total fission
   5    MT =     37  Q = -1.85426E+01 MeV  Emin = 1.86196E+01 MeV  frac = 1.00000E+00  : (n,4n)
   6    MT =     51  Q = -4.22000E-02 MeV  Emin = 4.23751E-02 MeV  frac = 1.00000E+00  : inelastic scatt. to 1. excited state
   7    MT =     52  Q = -8.40000E-02 MeV  Emin = 8.43486E-02 MeV  frac = 1.00000E+00  : inelastic scatt. to 2. excited state
   8    MT =     53  Q = -9.64000E-02 MeV  Emin = 9.68000E-02 MeV  frac = 1.00000E+00  : inelastic scatt. to 3. excited state
   9    MT =     54  Q = -1.09300E-01 MeV  Emin = 1.09754E-01 MeV  frac = 1.00000E+00  : inelastic scatt. to 4. excited state
  10    MT =     55  Q = -1.43500E-01 MeV  Emin = 1.44096E-01 MeV  frac = 1.00000E+00  : inelastic scatt. to 5. excited state
  11    MT =     56  Q = -1.62700E-01 MeV  Emin = 1.63375E-01 MeV  frac = 1.00000E+00  : inelastic scatt. to 6. excited state
  12    MT =     57  Q = -1.89300E-01 MeV  Emin = 1.90086E-01 MeV  frac = 1.00000E+00  : inelastic scatt. to 7. excited state
  13    MT =     58  Q = -2.41000E-01 MeV  Emin = 2.42000E-01 MeV  frac = 1.00000E+00  : inelastic scatt. to 8. excited state
  14    MT =     59  Q = -2.44000E-01 MeV  Emin = 2.45013E-01 MeV  frac = 1.00000E+00  : inelastic scatt. to 9. excited state
  15    MT =     60  Q = -2.66000E-01 MeV  Emin = 2.67104E-01 MeV  frac = 1.00000E+00  : inelastic scatt. to 10. excited state
  16    MT =     61  Q = -3.00000E-01 MeV  Emin = 3.01245E-01 MeV  frac = 1.00000E+00  : inelastic scatt. to 11. excited state
  17    MT =     62  Q = -3.45000E-01 MeV  Emin = 3.46432E-01 MeV  frac = 1.00000E+00  : inelastic scatt. to 12. excited state
  18    MT =     63  Q = -3.83000E-01 MeV  Emin = 3.84589E-01 MeV  frac = 1.00000E+00  : inelastic scatt. to 13. excited state
  19    MT =     91  Q = -3.83000E-01 MeV  Emin = 3.84589E-01 MeV  frac = 1.00000E+00  : inelastic scattering to continuum
  20    MT =    102  Q =  5.36290E+00 MeV  Emin = 1.00000E-11 MeV  frac = 1.00000E+00  : (n,gamma)

 1 additional transport branch:

   1    MT =    102  Q =  5.36290E+00 MeV  Emin = 1.00000E-11 MeV  frac = 1.00000E+00  : (n,gamma)

 1 special reaction:

   1    MT =      4  Q =  0.00000E+00 MeV  Emin = 4.23751E-02 MeV  : total inelastic scattering

 --- Table  1: Summary of material compositions: 

 2 materials included in calculation


Material "fuel":

 - Material is included in majorant
 - Material is included in geometry
 - Atom density 9.1540E-02 1/barn*cm
 - Mass density 2.6289E+00 g/cm3
 - Volume 0.0000E+00 cm3
 - Mass 0.0000E+00 g
 - Photon emission rate 0.0000E+00 1/s
 - Neutron emission rate 0.0000E+00 1/s
 - 13 nuclides in composition
 - No nuclides associated with S(a,b) data
 - 4.95 Mb of memory allocated for data

Isotopic composition (non-zero densities):

-------------------------------------------------------------------
 Nuclide    a. weight   temp      a. dens      a. frac      m. frac
-------------------------------------------------------------------
  3006.09c    6.01507  993.0  2.93243E-06  3.20345E-05  1.11417E-05    
  3007.09c    7.01600  993.0  2.51383E-02  2.74616E-01  1.11406E-01    
  9019.09c   18.99820  993.0  5.33439E-02  5.82741E-01  6.40148E-01    
  4009.09c    9.01220  993.0  1.18342E-02  1.29279E-01  6.73678E-02    
 90232.09c  232.03833  993.0  7.65347E-04  8.36082E-03  1.12176E-01    
 94238.09c  238.04947  993.0  1.46022E-05  1.59518E-04  2.19567E-03    
 94239.09c  239.05218  993.0  2.01719E-04  2.20363E-03  3.04595E-02    
 94240.09c  240.05420  993.0  9.76676E-05  1.06694E-03  1.48096E-02    
 94241.09c  241.04873  993.0  6.20826E-05  6.78205E-04  9.45274E-03    
 94242.09c  242.05841  993.0  3.61828E-05  3.95270E-04  5.53230E-03    
 93237.09c  237.04816  993.0  2.94800E-05  3.22047E-04  4.41415E-03    
 95241.09c  241.05680  993.0  2.52547E-06  2.75888E-05  3.84542E-04    
 95243.09c  243.06143  993.0  1.06986E-05  1.16874E-04  1.64258E-03    
       sum                    9.15396E-02  1.00000E+00  1.00000E+00
-------------------------------------------------------------------

Material "moder":

 - Material is included in majorant
 - Material is included in geometry
 - Atom density 9.3693E-02 1/barn*cm
 - Mass density 1.8670E+00 g/cm3
 - Volume 0.0000E+00 cm3
 - Mass 0.0000E+00 g
 - Photon emission rate 0.0000E+00 1/s
 - Neutron emission rate 0.0000E+00 1/s
 - 1 nuclides in composition
 - 1 nuclides associated with S(a,b) data
 - 2.12 Mb of memory allocated for data

Isotopic composition (non-zero densities):

-------------------------------------------------------------------
 Nuclide    a. weight   temp      a. dens      a. frac      m. frac
-------------------------------------------------------------------
  6012.09s   11.99999  993.0  9.36931E-02  1.00000E+00  1.00000E+00 (s)
       sum                    9.36931E-02  1.00000E+00  1.00000E+00
-------------------------------------------------------------------
